# JRE version: OpenJDK Runtime Environment (8.0_265-b01) (build 1.8.0_265-b01)
# Java VM: OpenJDK 64-Bit Server VM (25.265-b01 mixed mode linux-amd64 compressed oops)
Heap:
 def new generation   total 19648K, used 5395K [0x00000000fc000000, 0x00000000fd550000, 0x00000000fd550000)
  eden space 17472K,  18% used [0x00000000fc000000, 0x00000000fc324c28, 0x00000000fd110000)
  from space 2176K, 100% used [0x00000000fd110000, 0x00000000fd330000, 0x00000000fd330000)
  to   space 2176K,   0% used [0x00000000fd330000, 0x00000000fd330000, 0x00000000fd550000)
 tenured generation   total 43712K, used 2150K [0x00000000fd550000, 0x0000000100000000, 0x0000000100000000)
   the space 43712K,   4% used [0x00000000fd550000, 0x00000000fd7699b0, 0x00000000fd769a00, 0x0000000100000000)
 Metaspace       used 10716K, capacity 10884K, committed 11008K, reserved 1058816K
  class space    used 1366K, capacity 1454K, committed 1536K, reserved 1048576K
GC Heap History (4 events):
Event: 0.761 GC heap before
{Heap before GC invocations=0 (full 0):
 def new generation   total 19648K, used 17472K [0x00000000fc000000, 0x00000000fd550000, 0x00000000fd550000)
  eden space 17472K, 100% used [0x00000000fc000000, 0x00000000fd110000, 0x00000000fd110000)
  from space 2176K,   0% used [0x00000000fd110000, 0x00000000fd110000, 0x00000000fd330000)
  to   space 2176K,   0% used [0x00000000fd330000, 0x00000000fd330000, 0x00000000fd550000)
 tenured generation   total 43712K, used 0K [0x00000000fd550000, 0x0000000100000000, 0x0000000100000000)
   the space 43712K,   0% used [0x00000000fd550000, 0x00000000fd550000, 0x00000000fd550200, 0x0000000100000000)
 Metaspace       used 7134K, capacity 7300K, committed 7552K, reserved 1056768K
  class space    used 824K, capacity 882K, committed 896K, reserved 1048576K
Event: 0.767 GC heap after
Heap after GC invocations=1 (full 0):
 def new generation   total 19648K, used 2176K [0x00000000fc000000, 0x00000000fd550000, 0x00000000fd550000)
  eden space 17472K,   0% used [0x00000000fc000000, 0x00000000fc000000, 0x00000000fd110000)
  from space 2176K, 100% used [0x00000000fd330000, 0x00000000fd550000, 0x00000000fd550000)
  to   space 2176K,   0% used [0x00000000fd110000, 0x00000000fd110000, 0x00000000fd330000)
 tenured generation   total 43712K, used 514K [0x00000000fd550000, 0x0000000100000000, 0x0000000100000000)
   the space 43712K,   1% used [0x00000000fd550000, 0x00000000fd5d0980, 0x00000000fd5d0a00, 0x0000000100000000)
 Metaspace       used 7134K, capacity 7300K, committed 7552K, reserved 1056768K
  class space    used 824K, capacity 882K, committed 896K, reserved 1048576K
}
Event: 1.141 GC heap before
{Heap before GC invocations=1 (full 0):
 def new generation   total 19648K, used 19648K [0x00000000fc000000, 0x00000000fd550000, 0x00000000fd550000)
  eden space 17472K, 100% used [0x00000000fc000000, 0x00000000fd110000, 0x00000000fd110000)
  from space 2176K, 100% used [0x00000000fd330000, 0x00000000fd550000, 0x00000000fd550000)
  to   space 2176K,   0% used [0x00000000fd110000, 0x00000000fd110000, 0x00000000fd330000)
 tenured generation   total 43712K, used 514K [0x00000000fd550000, 0x0000000100000000, 0x0000000100000000)
   the space 43712K,   1% used [0x00000000fd550000, 0x00000000fd5d0980, 0x00000000fd5d0a00, 0x0000000100000000)
 Metaspace       used 10274K, capacity 10462K, committed 10752K, reserved 1058816K
  class space    used 1323K, capacity 1421K, committed 1536K, reserved 1048576K
Event: 1.148 GC heap after
Heap after GC invocations=2 (full 0):
 def new generation   total 19648K, used 2176K [0x00000000fc000000, 0x00000000fd550000, 0x00000000fd550000)
  eden space 17472K,   0% used [0x00000000fc000000, 0x00000000fc000000, 0x00000000fd110000)
  from space 2176K, 100% used [0x00000000fd110000, 0x00000000fd330000, 0x00000000fd330000)
  to   space 2176K,   0% used [0x00000000fd330000, 0x00000000fd330000, 0x00000000fd550000)
 tenured generation   total 43712K, used 2150K [0x00000000fd550000, 0x0000000100000000, 0x0000000100000000)
   the space 43712K,   4% used [0x00000000fd550000, 0x00000000fd7699b0, 0x00000000fd769a00, 0x0000000100000000)
 Metaspace       used 10274K, capacity 10462K, committed 10752K, reserved 1058816K
  class space    used 1323K, capacity 1421K, committed 1536K, reserved 1048576K
}

