# JRE version: OpenJDK Runtime Environment (8.0_265-b01) (build 1.8.0_265-b01)
# Java VM: OpenJDK 64-Bit Server VM (25.265-b01 mixed mode linux-amd64 compressed oops)
Heap:
 def new generation   total 19008K, used 11860K [0x00000000f0a00000, 0x00000000f1e90000, 0x00000000f5c00000)
  eden space 16960K,  62% used [0x00000000f0a00000, 0x00000000f146b1b0, 0x00000000f1a90000)
  from space 2048K,  58% used [0x00000000f1c90000, 0x00000000f1db9ed0, 0x00000000f1e90000)
  to   space 2048K,   0% used [0x00000000f1a90000, 0x00000000f1a90000, 0x00000000f1c90000)
 tenured generation   total 41972K, used 32452K [0x00000000f5c00000, 0x00000000f84fd000, 0x0000000100000000)
   the space 41972K,  77% used [0x00000000f5c00000, 0x00000000f7bb1338, 0x00000000f7bb1400, 0x00000000f84fd000)
 Metaspace       used 65108K, capacity 68122K, committed 68224K, reserved 1107968K
  class space    used 9000K, capacity 9509K, committed 9600K, reserved 1048576K
GC Heap History (250 events):
Event: 1.356 GC heap before
{Heap before GC invocations=7 (full 0):
 def new generation   total 4928K, used 4924K [0x00000000f0a00000, 0x00000000f0f50000, 0x00000000f5c00000)
  eden space 4416K, 100% used [0x00000000f0a00000, 0x00000000f0e50000, 0x00000000f0e50000)
  from space 512K,  99% used [0x00000000f0ed0000, 0x00000000f0f4f050, 0x00000000f0f50000)
  to   space 512K,   0% used [0x00000000f0e50000, 0x00000000f0e50000, 0x00000000f0ed0000)
 tenured generation   total 10944K, used 3586K [0x00000000f5c00000, 0x00000000f66b0000, 0x0000000100000000)
   the space 10944K,  32% used [0x00000000f5c00000, 0x00000000f5f80898, 0x00000000f5f80a00, 0x00000000f66b0000)
 Metaspace       used 10923K, capacity 11144K, committed 11392K, reserved 1058816K
  class space    used 1290K, capacity 1406K, committed 1408K, reserved 1048576K
Event: 1.358 GC heap after
Heap after GC invocations=8 (full 0):
 def new generation   total 4928K, used 439K [0x00000000f0a00000, 0x00000000f0f50000, 0x00000000f5c00000)
  eden space 4416K,   0% used [0x00000000f0a00000, 0x00000000f0a00000, 0x00000000f0e50000)
  from space 512K,  85% used [0x00000000f0e50000, 0x00000000f0ebdf20, 0x00000000f0ed0000)
  to   space 512K,   0% used [0x00000000f0ed0000, 0x00000000f0ed0000, 0x00000000f0f50000)
 tenured generation   total 10944K, used 3749K [0x00000000f5c00000, 0x00000000f66b0000, 0x0000000100000000)
   the space 10944K,  34% used [0x00000000f5c00000, 0x00000000f5fa9778, 0x00000000f5fa9800, 0x00000000f66b0000)
 Metaspace       used 10923K, capacity 11144K, committed 11392K, reserved 1058816K
  class space    used 1290K, capacity 1406K, committed 1408K, reserved 1048576K
}
Event: 1.439 GC heap before
{Heap before GC invocations=8 (full 0):
 def new generation   total 4928K, used 4855K [0x00000000f0a00000, 0x00000000f0f50000, 0x00000000f5c00000)
  eden space 4416K, 100% used [0x00000000f0a00000, 0x00000000f0e50000, 0x00000000f0e50000)
  from space 512K,  85% used [0x00000000f0e50000, 0x00000000f0ebdf20, 0x00000000f0ed0000)
  to   space 512K,   0% used [0x00000000f0ed0000, 0x00000000f0ed0000, 0x00000000f0f50000)
 tenured generation   total 10944K, used 3749K [0x00000000f5c00000, 0x00000000f66b0000, 0x0000000100000000)
   the space 10944K,  34% used [0x00000000f5c00000, 0x00000000f5fa9778, 0x00000000f5fa9800, 0x00000000f66b0000)
 Metaspace       used 11313K, capacity 11584K, committed 11776K, reserved 1058816K
  class space    used 1346K, capacity 1444K, committed 1536K, reserved 1048576K
Event: 1.440 GC heap after
Heap after GC invocations=9 (full 0):
 def new generation   total 4928K, used 385K [0x00000000f0a00000, 0x00000000f0f50000, 0x00000000f5c00000)
  eden space 4416K,   0% used [0x00000000f0a00000, 0x00000000f0a00000, 0x00000000f0e50000)
  from space 512K,  75% used [0x00000000f0ed0000, 0x00000000f0f305b0, 0x00000000f0f50000)
  to   space 512K,   0% used [0x00000000f0e50000, 0x00000000f0e50000, 0x00000000f0ed0000)
 tenured generation   total 10944K, used 3910K [0x00000000f5c00000, 0x00000000f66b0000, 0x0000000100000000)
   the space 10944K,  35% used [0x00000000f5c00000, 0x00000000f5fd1970, 0x00000000f5fd1a00, 0x00000000f66b0000)
 Metaspace       used 11313K, capacity 11584K, committed 11776K, reserved 1058816K
  class space    used 1346K, capacity 1444K, committed 1536K, reserved 1048576K
}
Event: 1.536 GC heap before
{Heap before GC invocations=9 (full 0):
 def new generation   total 4928K, used 4801K [0x00000000f0a00000, 0x00000000f0f50000, 0x00000000f5c00000)
  eden space 4416K, 100% used [0x00000000f0a00000, 0x00000000f0e50000, 0x00000000f0e50000)
  from space 512K,  75% used [0x00000000f0ed0000, 0x00000000f0f305b0, 0x00000000f0f50000)
  to   space 512K,   0% used [0x00000000f0e50000, 0x00000000f0e50000, 0x00000000f0ed0000)
 tenured generation   total 10944K, used 3910K [0x00000000f5c00000, 0x00000000f66b0000, 0x0000000100000000)
   the space 10944K,  35% used [0x00000000f5c00000, 0x00000000f5fd1970, 0x00000000f5fd1a00, 0x00000000f66b0000)
 Metaspace       used 11840K, capacity 12064K, committed 12288K, reserved 1060864K
  class space    used 1409K, capacity 1518K, committed 1536K, reserved 1048576K
Event: 1.538 GC heap after
Heap after GC invocations=10 (full 0):
 def new generation   total 4928K, used 469K [0x00000000f0a00000, 0x00000000f0f50000, 0x00000000f5c00000)
  eden space 4416K,   0% used [0x00000000f0a00000, 0x00000000f0a00000, 0x00000000f0e50000)
  from space 512K,  91% used [0x00000000f0e50000, 0x00000000f0ec5748, 0x00000000f0ed0000)
  to   space 512K,   0% used [0x00000000f0ed0000, 0x00000000f0ed0000, 0x00000000f0f50000)
 tenured generation   total 10944K, used 4003K [0x00000000f5c00000, 0x00000000f66b0000, 0x0000000100000000)
   the space 10944K,  36% used [0x00000000f5c00000, 0x00000000f5fe8c80, 0x00000000f5fe8e00, 0x00000000f66b0000)
 Metaspace       used 11840K, capacity 12064K, committed 12288K, reserved 1060864K
  class space    used 1409K, capacity 1518K, committed 1536K, reserved 1048576K
}
Event: 1.620 GC heap before
{Heap before GC invocations=10 (full 0):
 def new generation   total 4928K, used 4885K [0x00000000f0a00000, 0x00000000f0f50000, 0x00000000f5c00000)
  eden space 4416K, 100% used [0x00000000f0a00000, 0x00000000f0e50000, 0x00000000f0e50000)
  from space 512K,  91% used [0x00000000f0e50000, 0x00000000f0ec5748, 0x00000000f0ed0000)
  to   space 512K,   0% used [0x00000000f0ed0000, 0x00000000f0ed0000, 0x00000000f0f50000)
 tenured generation   total 10944K, used 4003K [0x00000000f5c00000, 0x00000000f66b0000, 0x0000000100000000)
   the space 10944K,  36% used [0x00000000f5c00000, 0x00000000f5fe8c80, 0x00000000f5fe8e00, 0x00000000f66b0000)
 Metaspace       used 12236K, capacity 12512K, committed 12672K, reserved 1060864K
  class space    used 1467K, capacity 1558K, committed 1664K, reserved 1048576K
Event: 1.622 GC heap after
Heap after GC invocations=11 (full 0):
 def new generation   total 4928K, used 420K [0x00000000f0a00000, 0x00000000f0f50000, 0x00000000f5c00000)
  eden space 4416K,   0% used [0x00000000f0a00000, 0x00000000f0a00000, 0x00000000f0e50000)
  from space 512K,  82% used [0x00000000f0ed0000, 0x00000000f0f393a8, 0x00000000f0f50000)
  to   space 512K,   0% used [0x00000000f0e50000, 0x00000000f0e50000, 0x00000000f0ed0000)
 tenured generation   total 10944K, used 4173K [0x00000000f5c00000, 0x00000000f66b0000, 0x0000000100000000)
   the space 10944K,  38% used [0x00000000f5c00000, 0x00000000f6013640, 0x00000000f6013800, 0x00000000f66b0000)
 Metaspace       used 12236K, capacity 12512K, committed 12672K, reserved 1060864K
  class space    used 1467K, capacity 1558K, committed 1664K, reserved 1048576K
}
Event: 1.704 GC heap before
{Heap before GC invocations=11 (full 0):
 def new generation   total 4928K, used 4836K [0x00000000f0a00000, 0x00000000f0f50000, 0x00000000f5c00000)
  eden space 4416K, 100% used [0x00000000f0a00000, 0x00000000f0e50000, 0x00000000f0e50000)
  from space 512K,  82% used [0x00000000f0ed0000, 0x00000000f0f393a8, 0x00000000f0f50000)
  to   space 512K,   0% used [0x00000000f0e50000, 0x00000000f0e50000, 0x00000000f0ed0000)
 tenured generation   total 10944K, used 4173K [0x00000000f5c00000, 0x00000000f66b0000, 0x0000000100000000)
   the space 10944K,  38% used [0x00000000f5c00000, 0x00000000f6013640, 0x00000000f6013800, 0x00000000f66b0000)
 Metaspace       used 12814K, capacity 13126K, committed 13184K, reserved 1060864K
  class space    used 1525K, capacity 1655K, committed 1664K, reserved 1048576K
Event: 1.706 GC heap after
Heap after GC invocations=12 (full 0):
 def new generation   total 4928K, used 403K [0x00000000f0a00000, 0x00000000f0f50000, 0x00000000f5c00000)
  eden space 4416K,   0% used [0x00000000f0a00000, 0x00000000f0a00000, 0x00000000f0e50000)
  from space 512K,  78% used [0x00000000f0e50000, 0x00000000f0eb4dd8, 0x00000000f0ed0000)
  to   space 512K,   0% used [0x00000000f0ed0000, 0x00000000f0ed0000, 0x00000000f0f50000)
 tenured generation   total 10944K, used 4250K [0x00000000f5c00000, 0x00000000f66b0000, 0x0000000100000000)
   the space 10944K,  38% used [0x00000000f5c00000, 0x00000000f6026bd8, 0x00000000f6026c00, 0x00000000f66b0000)
 Metaspace       used 12814K, capacity 13126K, committed 13184K, reserved 1060864K
  class space    used 1525K, capacity 1655K, committed 1664K, reserved 1048576K
}
Event: 1.795 GC heap before
{Heap before GC invocations=12 (full 0):
 def new generation   total 4928K, used 4819K [0x00000000f0a00000, 0x00000000f0f50000, 0x00000000f5c00000)
  eden space 4416K, 100% used [0x00000000f0a00000, 0x00000000f0e50000, 0x00000000f0e50000)
  from space 512K,  78% used [0x00000000f0e50000, 0x00000000f0eb4dd8, 0x00000000f0ed0000)
  to   space 512K,   0% used [0x00000000f0ed0000, 0x00000000f0ed0000, 0x00000000f0f50000)
 tenured generation   total 10944K, used 4250K [0x00000000f5c00000, 0x00000000f66b0000, 0x0000000100000000)
   the space 10944K,  38% used [0x00000000f5c00000, 0x00000000f6026bd8, 0x00000000f6026c00, 0x00000000f66b0000)
 Metaspace       used 13596K, capacity 13872K, committed 14080K, reserved 1060864K
  class space    used 1617K, capacity 1730K, committed 1792K, reserved 1048576K
Event: 1.796 GC heap after
Heap after GC invocations=13 (full 0):
 def new generation   total 4928K, used 436K [0x00000000f0a00000, 0x00000000f0f50000, 0x00000000f5c00000)
  eden space 4416K,   0% used [0x00000000f0a00000, 0x00000000f0a00000, 0x00000000f0e50000)
  from space 512K,  85% used [0x00000000f0ed0000, 0x00000000f0f3d190, 0x00000000f0f50000)
  to   space 512K,   0% used [0x00000000f0e50000, 0x00000000f0e50000, 0x00000000f0ed0000)
 tenured generation   total 10944K, used 4408K [0x00000000f5c00000, 0x00000000f66b0000, 0x0000000100000000)
   the space 10944K,  40% used [0x00000000f5c00000, 0x00000000f604e100, 0x00000000f604e200, 0x00000000f66b0000)
 Metaspace       used 13596K, capacity 13872K, committed 14080K, reserved 1060864K
  class space    used 1617K, capacity 1730K, committed 1792K, reserved 1048576K
}
Event: 1.874 GC heap before
{Heap before GC invocations=13 (full 0):
 def new generation   total 4928K, used 4852K [0x00000000f0a00000, 0x00000000f0f50000, 0x00000000f5c00000)
  eden space 4416K, 100% used [0x00000000f0a00000, 0x00000000f0e50000, 0x00000000f0e50000)
  from space 512K,  85% used [0x00000000f0ed0000, 0x00000000f0f3d190, 0x00000000f0f50000)
  to   space 512K,   0% used [0x00000000f0e50000, 0x00000000f0e50000, 0x00000000f0ed0000)
 tenured generation   total 10944K, used 4408K [0x00000000f5c00000, 0x00000000f66b0000, 0x0000000100000000)
   the space 10944K,  40% used [0x00000000f5c00000, 0x00000000f604e100, 0x00000000f604e200, 0x00000000f66b0000)
 Metaspace       used 13956K, capacity 14290K, committed 14336K, reserved 1062912K
  class space    used 1665K, capacity 1763K, committed 1792K, reserved 1048576K
Event: 1.875 GC heap after
Heap after GC invocations=14 (full 0):
 def new generation   total 4928K, used 398K [0x00000000f0a00000, 0x00000000f0f50000, 0x00000000f5c00000)
  eden space 4416K,   0% used [0x00000000f0a00000, 0x00000000f0a00000, 0x00000000f0e50000)
  from space 512K,  77% used [0x00000000f0e50000, 0x00000000f0eb3b38, 0x00000000f0ed0000)
  to   space 512K,   0% used [0x00000000f0ed0000, 0x00000000f0ed0000, 0x00000000f0f50000)
 tenured generation   total 10944K, used 4573K [0x00000000f5c00000, 0x00000000f66b0000, 0x0000000100000000)
   the space 10944K,  41% used [0x00000000f5c00000, 0x00000000f60776e0, 0x00000000f6077800, 0x00000000f66b0000)
 Metaspace       used 13956K, capacity 14290K, committed 14336K, reserved 1062912K
  class space    used 1665K, capacity 1763K, committed 1792K, reserved 1048576K
}
Event: 1.967 GC heap before
{Heap before GC invocations=14 (full 0):
 def new generation   total 4928K, used 4814K [0x00000000f0a00000, 0x00000000f0f50000, 0x00000000f5c00000)
  eden space 4416K, 100% used [0x00000000f0a00000, 0x00000000f0e50000, 0x00000000f0e50000)
  from space 512K,  77% used [0x00000000f0e50000, 0x00000000f0eb3b38, 0x00000000f0ed0000)
  to   space 512K,   0% used [0x00000000f0ed0000, 0x00000000f0ed0000, 0x00000000f0f50000)
 tenured generation   total 10944K, used 4573K [0x00000000f5c00000, 0x00000000f66b0000, 0x0000000100000000)
   the space 10944K,  41% used [0x00000000f5c00000, 0x00000000f60776e0, 0x00000000f6077800, 0x00000000f66b0000)
 Metaspace       used 14511K, capacity 14860K, committed 14976K, reserved 1062912K
  class space    used 1753K, capacity 1866K, committed 1920K, reserved 1048576K
Event: 1.969 GC heap after
Heap after GC invocations=15 (full 0):
 def new generation   total 4928K, used 490K [0x00000000f0a00000, 0x00000000f0f50000, 0x00000000f5c00000)
  eden space 4416K,   0% used [0x00000000f0a00000, 0x00000000f0a00000, 0x00000000f0e50000)
  from space 512K,  95% used [0x00000000f0ed0000, 0x00000000f0f4aa38, 0x00000000f0f50000)
  to   space 512K,   0% used [0x00000000f0e50000, 0x00000000f0e50000, 0x00000000f0ed0000)
 tenured generation   total 10944K, used 4675K [0x00000000f5c00000, 0x00000000f66b0000, 0x0000000100000000)
   the space 10944K,  42% used [0x00000000f5c00000, 0x00000000f6090c58, 0x00000000f6090e00, 0x00000000f66b0000)
 Metaspace       used 14511K, capacity 14860K, committed 14976K, reserved 1062912K
  class space    used 1753K, capacity 1866K, committed 1920K, reserved 1048576K
}
Event: 2.049 GC heap before
{Heap before GC invocations=15 (full 0):
 def new generation   total 4928K, used 4906K [0x00000000f0a00000, 0x00000000f0f50000, 0x00000000f5c00000)
  eden space 4416K, 100% used [0x00000000f0a00000, 0x00000000f0e50000, 0x00000000f0e50000)
  from space 512K,  95% used [0x00000000f0ed0000, 0x00000000f0f4aa38, 0x00000000f0f50000)
  to   space 512K,   0% used [0x00000000f0e50000, 0x00000000f0e50000, 0x00000000f0ed0000)
 tenured generation   total 10944K, used 4675K [0x00000000f5c00000, 0x00000000f66b0000, 0x0000000100000000)
   the space 10944K,  42% used [0x00000000f5c00000, 0x00000000f6090c58, 0x00000000f6090e00, 0x00000000f66b0000)
 Metaspace       used 15030K, capacity 15386K, committed 15488K, reserved 1062912K
  class space    used 1813K, capacity 1915K, committed 1920K, reserved 1048576K
Event: 2.051 GC heap after
Heap after GC invocations=16 (full 0):
 def new generation   total 4928K, used 490K [0x00000000f0a00000, 0x00000000f0f50000, 0x00000000f5c00000)
  eden space 4416K,   0% used [0x00000000f0a00000, 0x00000000f0a00000, 0x00000000f0e50000)
  from space 512K,  95% used [0x00000000f0e50000, 0x00000000f0eca930, 0x00000000f0ed0000)
  to   space 512K,   0% used [0x00000000f0ed0000, 0x00000000f0ed0000, 0x00000000f0f50000)
 tenured generation   total 10944K, used 4814K [0x00000000f5c00000, 0x00000000f66b0000, 0x0000000100000000)
   the space 10944K,  43% used [0x00000000f5c00000, 0x00000000f60b3b68, 0x00000000f60b3c00, 0x00000000f66b0000)
 Metaspace       used 15030K, capacity 15386K, committed 15488K, reserved 1062912K
  class space    used 1813K, capacity 1915K, committed 1920K, reserved 1048576K
}
Event: 2.129 GC heap before
{Heap before GC invocations=16 (full 0):
 def new generation   total 4928K, used 4906K [0x00000000f0a00000, 0x00000000f0f50000, 0x00000000f5c00000)
  eden space 4416K, 100% used [0x00000000f0a00000, 0x00000000f0e50000, 0x00000000f0e50000)
  from space 512K,  95% used [0x00000000f0e50000, 0x00000000f0eca930, 0x00000000f0ed0000)
  to   space 512K,   0% used [0x00000000f0ed0000, 0x00000000f0ed0000, 0x00000000f0f50000)
 tenured generation   total 10944K, used 4814K [0x00000000f5c00000, 0x00000000f66b0000, 0x0000000100000000)
   the space 10944K,  43% used [0x00000000f5c00000, 0x00000000f60b3b68, 0x00000000f60b3c00, 0x00000000f66b0000)
 Metaspace       used 15701K, capacity 16110K, committed 16128K, reserved 1062912K
  class space    used 1894K, capacity 2039K, committed 2048K, reserved 1048576K
Event: 2.131 GC heap after
Heap after GC invocations=17 (full 0):
 def new generation   total 4928K, used 350K [0x00000000f0a00000, 0x00000000f0f50000, 0x00000000f5c00000)
  eden space 4416K,   0% used [0x00000000f0a00000, 0x00000000f0a00000, 0x00000000f0e50000)
  from space 512K,  68% used [0x00000000f0ed0000, 0x00000000f0f27910, 0x00000000f0f50000)
  to   space 512K,   0% used [0x00000000f0e50000, 0x00000000f0e50000, 0x00000000f0ed0000)
 tenured generation   total 10944K, used 4947K [0x00000000f5c00000, 0x00000000f66b0000, 0x0000000100000000)
   the space 10944K,  45% used [0x00000000f5c00000, 0x00000000f60d4c50, 0x00000000f60d4e00, 0x00000000f66b0000)
 Metaspace       used 15701K, capacity 16110K, committed 16128K, reserved 1062912K
  class space    used 1894K, capacity 2039K, committed 2048K, reserved 1048576K
}
Event: 2.200 GC heap before
{Heap before GC invocations=17 (full 0):
 def new generation   total 4928K, used 4766K [0x00000000f0a00000, 0x00000000f0f50000, 0x00000000f5c00000)
  eden space 4416K, 100% used [0x00000000f0a00000, 0x00000000f0e50000, 0x00000000f0e50000)
  from space 512K,  68% used [0x00000000f0ed0000, 0x00000000f0f27910, 0x00000000f0f50000)
  to   space 512K,   0% used [0x00000000f0e50000, 0x00000000f0e50000, 0x00000000f0ed0000)
 tenured generation   total 10944K, used 4947K [0x00000000f5c00000, 0x00000000f66b0000, 0x0000000100000000)
   the space 10944K,  45% used [0x00000000f5c00000, 0x00000000f60d4c50, 0x00000000f60d4e00, 0x00000000f66b0000)
 Metaspace       used 16034K, capacity 16446K, committed 16768K, reserved 1064960K
  class space    used 1965K, capacity 2107K, committed 2176K, reserved 1048576K
Event: 2.202 GC heap after
Heap after GC invocations=18 (full 0):
 def new generation   total 4928K, used 324K [0x00000000f0a00000, 0x00000000f0f50000, 0x00000000f5c00000)
  eden space 4416K,   0% used [0x00000000f0a00000, 0x00000000f0a00000, 0x00000000f0e50000)
  from space 512K,  63% used [0x00000000f0e50000, 0x00000000f0ea1198, 0x00000000f0ed0000)
  to   space 512K,   0% used [0x00000000f0ed0000, 0x00000000f0ed0000, 0x00000000f0f50000)
 tenured generation   total 10944K, used 5071K [0x00000000f5c00000, 0x00000000f66b0000, 0x0000000100000000)
   the space 10944K,  46% used [0x00000000f5c00000, 0x00000000f60f3da8, 0x00000000f60f3e00, 0x00000000f66b0000)
 Metaspace       used 16034K, capacity 16446K, committed 16768K, reserved 1064960K
  class space    used 1965K, capacity 2107K, committed 2176K, reserved 1048576K
}
Event: 2.235 GC heap before
{Heap before GC invocations=18 (full 0):
 def new generation   total 4928K, used 4740K [0x00000000f0a00000, 0x00000000f0f50000, 0x00000000f5c00000)
  eden space 4416K, 100% used [0x00000000f0a00000, 0x00000000f0e50000, 0x00000000f0e50000)
  from space 512K,  63% used [0x00000000f0e50000, 0x00000000f0ea1198, 0x00000000f0ed0000)
  to   space 512K,   0% used [0x00000000f0ed0000, 0x00000000f0ed0000, 0x00000000f0f50000)
 tenured generation   total 10944K, used 5071K [0x00000000f5c00000, 0x00000000f66b0000, 0x0000000100000000)
   the space 10944K,  46% used [0x00000000f5c00000, 0x00000000f60f3da8, 0x00000000f60f3e00, 0x00000000f66b0000)
 Metaspace       used 16116K, capacity 16578K, committed 16768K, reserved 1064960K
  class space    used 1974K, capacity 2107K, committed 2176K, reserved 1048576K
Event: 2.237 GC heap after
Heap after GC invocations=19 (full 0):
 def new generation   total 4928K, used 129K [0x00000000f0a00000, 0x00000000f0f50000, 0x00000000f5c00000)
  eden space 4416K,   0% used [0x00000000f0a00000, 0x00000000f0a00000, 0x00000000f0e50000)
  from space 512K,  25% used [0x00000000f0ed0000, 0x00000000f0ef0750, 0x00000000f0f50000)
  to   space 512K,   0% used [0x00000000f0e50000, 0x00000000f0e50000, 0x00000000f0ed0000)
 tenured generation   total 10944K, used 5192K [0x00000000f5c00000, 0x00000000f66b0000, 0x0000000100000000)
   the space 10944K,  47% used [0x00000000f5c00000, 0x00000000f61123b0, 0x00000000f6112400, 0x00000000f66b0000)
 Metaspace       used 16116K, capacity 16578K, committed 16768K, reserved 1064960K
  class space    used 1974K, capacity 2107K, committed 2176K, reserved 1048576K
}
Event: 2.305 GC heap before
{Heap before GC invocations=19 (full 0):
 def new generation   total 4928K, used 4545K [0x00000000f0a00000, 0x00000000f0f50000, 0x00000000f5c00000)
  eden space 4416K, 100% used [0x00000000f0a00000, 0x00000000f0e50000, 0x00000000f0e50000)
  from space 512K,  25% used [0x00000000f0ed0000, 0x00000000f0ef0750, 0x00000000f0f50000)
  to   space 512K,   0% used [0x00000000f0e50000, 0x00000000f0e50000, 0x00000000f0ed0000)
 tenured generation   total 10944K, used 5192K [0x00000000f5c00000, 0x00000000f66b0000, 0x0000000100000000)
   the space 10944K,  47% used [0x00000000f5c00000, 0x00000000f61123b0, 0x00000000f6112400, 0x00000000f66b0000)
 Metaspace       used 16569K, capacity 17084K, committed 17408K, reserved 1064960K
  class space    used 2040K, capacity 2186K, committed 2304K, reserved 1048576K
Event: 2.306 GC heap after
Heap after GC invocations=20 (full 0):
 def new generation   total 4928K, used 315K [0x00000000f0a00000, 0x00000000f0f50000, 0x00000000f5c00000)
  eden space 4416K,   0% used [0x00000000f0a00000, 0x00000000f0a00000, 0x00000000f0e50000)
  from space 512K,  61% used [0x00000000f0e50000, 0x00000000f0e9ed68, 0x00000000f0ed0000)
  to   space 512K,   0% used [0x00000000f0ed0000, 0x00000000f0ed0000, 0x00000000f0f50000)
 tenured generation   total 10944K, used 5192K [0x00000000f5c00000, 0x00000000f66b0000, 0x0000000100000000)
   the space 10944K,  47% used [0x00000000f5c00000, 0x00000000f61123b0, 0x00000000f6112400, 0x00000000f66b0000)
 Metaspace       used 16569K, capacity 17084K, committed 17408K, reserved 1064960K
  class space    used 2040K, capacity 2186K, committed 2304K, reserved 1048576K
}
Event: 2.377 GC heap before
{Heap before GC invocations=20 (full 0):
 def new generation   total 4928K, used 4731K [0x00000000f0a00000, 0x00000000f0f50000, 0x00000000f5c00000)
  eden space 4416K, 100% used [0x00000000f0a00000, 0x00000000f0e50000, 0x00000000f0e50000)
  from space 512K,  61% used [0x00000000f0e50000, 0x00000000f0e9ed68, 0x00000000f0ed0000)
  to   space 512K,   0% used [0x00000000f0ed0000, 0x00000000f0ed0000, 0x00000000f0f50000)
 tenured generation   total 10944K, used 5192K [0x00000000f5c00000, 0x00000000f66b0000, 0x0000000100000000)
   the space 10944K,  47% used [0x00000000f5c00000, 0x00000000f61123b0, 0x00000000f6112400, 0x00000000f66b0000)
 Metaspace       used 16999K, capacity 17498K, committed 17664K, reserved 1064960K
  class space    used 2106K, capacity 2259K, committed 2304K, reserved 1048576K
Event: 2.379 GC heap after
Heap after GC invocations=21 (full 0):
 def new generation   total 4928K, used 448K [0x00000000f0a00000, 0x00000000f0f50000, 0x00000000f5c00000)
  eden space 4416K,   0% used [0x00000000f0a00000, 0x00000000f0a00000, 0x00000000f0e50000)
  from space 512K,  87% used [0x00000000f0ed0000, 0x00000000f0f40320, 0x00000000f0f50000)
  to   space 512K,   0% used [0x00000000f0e50000, 0x00000000f0e50000, 0x00000000f0ed0000)
 tenured generation   total 10944K, used 5251K [0x00000000f5c00000, 0x00000000f66b0000, 0x0000000100000000)
   the space 10944K,  47% used [0x00000000f5c00000, 0x00000000f6120c68, 0x00000000f6120e00, 0x00000000f66b0000)
 Metaspace       used 16999K, capacity 17498K, committed 17664K, reserved 1064960K
  class space    used 2106K, capacity 2259K, committed 2304K, reserved 1048576K
}
Event: 2.412 GC heap before
{Heap before GC invocations=21 (full 0):
 def new generation   total 4928K, used 4864K [0x00000000f0a00000, 0x00000000f0f50000, 0x00000000f5c00000)
  eden space 4416K, 100% used [0x00000000f0a00000, 0x00000000f0e50000, 0x00000000f0e50000)
  from space 512K,  87% used [0x00000000f0ed0000, 0x00000000f0f40320, 0x00000000f0f50000)
  to   space 512K,   0% used [0x00000000f0e50000, 0x00000000f0e50000, 0x00000000f0ed0000)
 tenured generation   total 10944K, used 5251K [0x00000000f5c00000, 0x00000000f66b0000, 0x0000000100000000)
   the space 10944K,  47% used [0x00000000f5c00000, 0x00000000f6120c68, 0x00000000f6120e00, 0x00000000f66b0000)
 Metaspace       used 17169K, capacity 17702K, committed 18048K, reserved 1064960K
  class space    used 2160K, capacity 2325K, committed 2432K, reserved 1048576K
Event: 2.414 GC heap after
Heap after GC invocations=22 (full 0):
 def new generation   total 4928K, used 272K [0x00000000f0a00000, 0x00000000f0f50000, 0x00000000f5c00000)
  eden space 4416K,   0% used [0x00000000f0a00000, 0x00000000f0a00000, 0x00000000f0e50000)
  from space 512K,  53% used [0x00000000f0e50000, 0x00000000f0e942d0, 0x00000000f0ed0000)
  to   space 512K,   0% used [0x00000000f0ed0000, 0x00000000f0ed0000, 0x00000000f0f50000)
 tenured generation   total 10944K, used 5430K [0x00000000f5c00000, 0x00000000f66b0000, 0x0000000100000000)
   the space 10944K,  49% used [0x00000000f5c00000, 0x00000000f614d998, 0x00000000f614da00, 0x00000000f66b0000)
 Metaspace       used 17169K, capacity 17702K, committed 18048K, reserved 1064960K
  class space    used 2160K, capacity 2325K, committed 2432K, reserved 1048576K
}
Event: 2.470 GC heap before
{Heap before GC invocations=22 (full 0):
 def new generation   total 4928K, used 4688K [0x00000000f0a00000, 0x00000000f0f50000, 0x00000000f5c00000)
  eden space 4416K, 100% used [0x00000000f0a00000, 0x00000000f0e50000, 0x00000000f0e50000)
  from space 512K,  53% used [0x00000000f0e50000, 0x00000000f0e942d0, 0x00000000f0ed0000)
  to   space 512K,   0% used [0x00000000f0ed0000, 0x00000000f0ed0000, 0x00000000f0f50000)
 tenured generation   total 10944K, used 5430K [0x00000000f5c00000, 0x00000000f66b0000, 0x0000000100000000)
   the space 10944K,  49% used [0x00000000f5c00000, 0x00000000f614d998, 0x00000000f614da00, 0x00000000f66b0000)
 Metaspace       used 17453K, capacity 17952K, committed 18048K, reserved 1064960K
  class space    used 2214K, capacity 2362K, committed 2432K, reserved 1048576K
Event: 2.472 GC heap after
Heap after GC invocations=23 (full 0):
 def new generation   total 4928K, used 340K [0x00000000f0a00000, 0x00000000f0f50000, 0x00000000f5c00000)
  eden space 4416K,   0% used [0x00000000f0a00000, 0x00000000f0a00000, 0x00000000f0e50000)
  from space 512K,  66% used [0x00000000f0ed0000, 0x00000000f0f25318, 0x00000000f0f50000)
  to   space 512K,   0% used [0x00000000f0e50000, 0x00000000f0e50000, 0x00000000f0ed0000)
 tenured generation   total 10944K, used 5526K [0x00000000f5c00000, 0x00000000f66b0000, 0x0000000100000000)
   the space 10944K,  50% used [0x00000000f5c00000, 0x00000000f6165a00, 0x00000000f6165a00, 0x00000000f66b0000)
 Metaspace       used 17453K, capacity 17952K, committed 18048K, reserved 1064960K
  class space    used 2214K, capacity 2362K, committed 2432K, reserved 1048576K
}
Event: 2.520 GC heap before
{Heap before GC invocations=23 (full 0):
 def new generation   total 4928K, used 4767K [0x00000000f0a00000, 0x00000000f0f50000, 0x00000000f5c00000)
  eden space 4416K, 100% used [0x00000000f0a00000, 0x00000000f0e50000, 0x00000000f0e50000)
  from space 512K,  68% used [0x00000000f0ed0000, 0x00000000f0f27fd8, 0x00000000f0f50000)
  to   space 512K,   0% used [0x00000000f0e50000, 0x00000000f0e50000, 0x00000000f0ed0000)
 tenured generation   total 10944K, used 5526K [0x00000000f5c00000, 0x00000000f66b0000, 0x0000000100000000)
   the space 10944K,  50% used [0x00000000f5c00000, 0x00000000f6165a00, 0x00000000f6165a00, 0x00000000f66b0000)
 Metaspace       used 17752K, capacity 18272K, committed 18304K, reserved 1064960K
  class space    used 2259K, capacity 2426K, committed 2432K, reserved 1048576K
Event: 2.522 GC heap after
Heap after GC invocations=24 (full 0):
 def new generation   total 4928K, used 512K [0x00000000f0a00000, 0x00000000f0f50000, 0x00000000f5c00000)
  eden space 4416K,   0% used [0x00000000f0a00000, 0x00000000f0a00000, 0x00000000f0e50000)
  from space 512K, 100% used [0x00000000f0e50000, 0x00000000f0ed0000, 0x00000000f0ed0000)
  to   space 512K,   0% used [0x00000000f0ed0000, 0x00000000f0ed0000, 0x00000000f0f50000)
 tenured generation   total 10944K, used 5772K [0x00000000f5c00000, 0x00000000f66b0000, 0x0000000100000000)
   the space 10944K,  52% used [0x00000000f5c00000, 0x00000000f61a3200, 0x00000000f61a3200, 0x00000000f66b0000)
 Metaspace       used 17752K, capacity 18272K, committed 18304K, reserved 1064960K
  class space    used 2259K, capacity 2426K, committed 2432K, reserved 1048576K
}
Event: 2.566 GC heap before
{Heap before GC invocations=24 (full 0):
 def new generation   total 4928K, used 4928K [0x00000000f0a00000, 0x00000000f0f50000, 0x00000000f5c00000)
  eden space 4416K, 100% used [0x00000000f0a00000, 0x00000000f0e50000, 0x00000000f0e50000)
  from space 512K, 100% used [0x00000000f0e50000, 0x00000000f0ed0000, 0x00000000f0ed0000)
  to   space 512K,   0% used [0x00000000f0ed0000, 0x00000000f0ed0000, 0x00000000f0f50000)
 tenured generation   total 10944K, used 5772K [0x00000000f5c00000, 0x00000000f66b0000, 0x0000000100000000)
   the space 10944K,  52% used [0x00000000f5c00000, 0x00000000f61a3200, 0x00000000f61a3200, 0x00000000f66b0000)
 Metaspace       used 18027K, capacity 18592K, committed 18688K, reserved 1064960K
  class space    used 2324K, capacity 2490K, committed 2560K, reserved 1048576K
Event: 2.567 GC heap after
Heap after GC invocations=25 (full 0):
 def new generation   total 4928K, used 316K [0x00000000f0a00000, 0x00000000f0f50000, 0x00000000f5c00000)
  eden space 4416K,   0% used [0x00000000f0a00000, 0x00000000f0a00000, 0x00000000f0e50000)
  from space 512K,  61% used [0x00000000f0ed0000, 0x00000000f0f1f070, 0x00000000f0f50000)
  to   space 512K,   0% used [0x00000000f0e50000, 0x00000000f0e50000, 0x00000000f0ed0000)
 tenured generation   total 10944K, used 5902K [0x00000000f5c00000, 0x00000000f66b0000, 0x0000000100000000)
   the space 10944K,  53% used [0x00000000f5c00000, 0x00000000f61c3b78, 0x00000000f61c3c00, 0x00000000f66b0000)
 Metaspace       used 18027K, capacity 18592K, committed 18688K, reserved 1064960K
  class space    used 2324K, capacity 2490K, committed 2560K, reserved 1048576K
}
Event: 2.608 GC heap before
{Heap before GC invocations=25 (full 0):
 def new generation   total 4928K, used 4732K [0x00000000f0a00000, 0x00000000f0f50000, 0x00000000f5c00000)
  eden space 4416K, 100% used [0x00000000f0a00000, 0x00000000f0e50000, 0x00000000f0e50000)
  from space 512K,  61% used [0x00000000f0ed0000, 0x00000000f0f1f070, 0x00000000f0f50000)
  to   space 512K,   0% used [0x00000000f0e50000, 0x00000000f0e50000, 0x00000000f0ed0000)
 tenured generation   total 10944K, used 5902K [0x00000000f5c00000, 0x00000000f66b0000, 0x0000000100000000)
   the space 10944K,  53% used [0x00000000f5c00000, 0x00000000f61c3b78, 0x00000000f61c3c00, 0x00000000f66b0000)
 Metaspace       used 18341K, capacity 18880K, committed 18944K, reserved 1064960K
  class space    used 2377K, capacity 2522K, committed 2560K, reserved 1048576K
Event: 2.609 GC heap after
Heap after GC invocations=26 (full 0):
 def new generation   total 4928K, used 407K [0x00000000f0a00000, 0x00000000f0f50000, 0x00000000f5c00000)
  eden space 4416K,   0% used [0x00000000f0a00000, 0x00000000f0a00000, 0x00000000f0e50000)
  from space 512K,  79% used [0x00000000f0e50000, 0x00000000f0eb5c20, 0x00000000f0ed0000)
  to   space 512K,   0% used [0x00000000f0ed0000, 0x00000000f0ed0000, 0x00000000f0f50000)
 tenured generation   total 10944K, used 6000K [0x00000000f5c00000, 0x00000000f66b0000, 0x0000000100000000)
   the space 10944K,  54% used [0x00000000f5c00000, 0x00000000f61dc1c8, 0x00000000f61dc200, 0x00000000f66b0000)
 Metaspace       used 18341K, capacity 18880K, committed 18944K, reserved 1064960K
  class space    used 2377K, capacity 2522K, committed 2560K, reserved 1048576K
}
Event: 2.668 GC heap before
{Heap before GC invocations=26 (full 0):
 def new generation   total 4928K, used 4823K [0x00000000f0a00000, 0x00000000f0f50000, 0x00000000f5c00000)
  eden space 4416K, 100% used [0x00000000f0a00000, 0x00000000f0e50000, 0x00000000f0e50000)
  from space 512K,  79% used [0x00000000f0e50000, 0x00000000f0eb5c20, 0x00000000f0ed0000)
  to   space 512K,   0% used [0x00000000f0ed0000, 0x00000000f0ed0000, 0x00000000f0f50000)
 tenured generation   total 10944K, used 6000K [0x00000000f5c00000, 0x00000000f66b0000, 0x0000000100000000)
   the space 10944K,  54% used [0x00000000f5c00000, 0x00000000f61dc1c8, 0x00000000f61dc200, 0x00000000f66b0000)
 Metaspace       used 18718K, capacity 19180K, committed 19200K, reserved 1067008K
  class space    used 2429K, capacity 2556K, committed 2560K, reserved 1048576K
Event: 2.670 GC heap after
Heap after GC invocations=27 (full 0):
 def new generation   total 4928K, used 388K [0x00000000f0a00000, 0x00000000f0f50000, 0x00000000f5c00000)
  eden space 4416K,   0% used [0x00000000f0a00000, 0x00000000f0a00000, 0x00000000f0e50000)
  from space 512K,  75% used [0x00000000f0ed0000, 0x00000000f0f31348, 0x00000000f0f50000)
  to   space 512K,   0% used [0x00000000f0e50000, 0x00000000f0e50000, 0x00000000f0ed0000)
 tenured generation   total 10944K, used 6094K [0x00000000f5c00000, 0x00000000f66b0000, 0x0000000100000000)
   the space 10944K,  55% used [0x00000000f5c00000, 0x00000000f61f39a0, 0x00000000f61f3a00, 0x00000000f66b0000)
 Metaspace       used 18718K, capacity 19180K, committed 19200K, reserved 1067008K
  class space    used 2429K, capacity 2556K, committed 2560K, reserved 1048576K
}
Event: 2.728 GC heap before
{Heap before GC invocations=27 (full 0):
 def new generation   total 4928K, used 4804K [0x00000000f0a00000, 0x00000000f0f50000, 0x00000000f5c00000)
  eden space 4416K, 100% used [0x00000000f0a00000, 0x00000000f0e50000, 0x00000000f0e50000)
  from space 512K,  75% used [0x00000000f0ed0000, 0x00000000f0f31348, 0x00000000f0f50000)
  to   space 512K,   0% used [0x00000000f0e50000, 0x00000000f0e50000, 0x00000000f0ed0000)
 tenured generation   total 10944K, used 6094K [0x00000000f5c00000, 0x00000000f66b0000, 0x0000000100000000)
   the space 10944K,  55% used [0x00000000f5c00000, 0x00000000f61f39a0, 0x00000000f61f3a00, 0x00000000f66b0000)
 Metaspace       used 19093K, capacity 19596K, committed 19840K, reserved 1067008K
  class space    used 2480K, capacity 2628K, committed 2688K, reserved 1048576K
Event: 2.730 GC heap after
Heap after GC invocations=28 (full 0):
 def new generation   total 4928K, used 445K [0x00000000f0a00000, 0x00000000f0f50000, 0x00000000f5c00000)
  eden space 4416K,   0% used [0x00000000f0a00000, 0x00000000f0a00000, 0x00000000f0e50000)
  from space 512K,  87% used [0x00000000f0e50000, 0x00000000f0ebf7b8, 0x00000000f0ed0000)
  to   space 512K,   0% used [0x00000000f0ed0000, 0x00000000f0ed0000, 0x00000000f0f50000)
 tenured generation   total 10944K, used 6170K [0x00000000f5c00000, 0x00000000f66b0000, 0x0000000100000000)
   the space 10944K,  56% used [0x00000000f5c00000, 0x00000000f62069d0, 0x00000000f6206a00, 0x00000000f66b0000)
 Metaspace       used 19093K, capacity 19596K, committed 19840K, reserved 1067008K
  class space    used 2480K, capacity 2628K, committed 2688K, reserved 1048576K
}
Event: 2.780 GC heap before
{Heap before GC invocations=28 (full 0):
 def new generation   total 4928K, used 4861K [0x00000000f0a00000, 0x00000000f0f50000, 0x00000000f5c00000)
  eden space 4416K, 100% used [0x00000000f0a00000, 0x00000000f0e50000, 0x00000000f0e50000)
  from space 512K,  87% used [0x00000000f0e50000, 0x00000000f0ebf7b8, 0x00000000f0ed0000)
  to   space 512K,   0% used [0x00000000f0ed0000, 0x00000000f0ed0000, 0x00000000f0f50000)
 tenured generation   total 10944K, used 6170K [0x00000000f5c00000, 0x00000000f66b0000, 0x0000000100000000)
   the space 10944K,  56% used [0x00000000f5c00000, 0x00000000f62069d0, 0x00000000f6206a00, 0x00000000f66b0000)
 Metaspace       used 19432K, capacity 20006K, committed 20224K, reserved 1067008K
  class space    used 2525K, capacity 2699K, committed 2816K, reserved 1048576K
Event: 2.782 GC heap after
Heap after GC invocations=29 (full 0):
 def new generation   total 4928K, used 403K [0x00000000f0a00000, 0x00000000f0f50000, 0x00000000f5c00000)
  eden space 4416K,   0% used [0x00000000f0a00000, 0x00000000f0a00000, 0x00000000f0e50000)
  from space 512K,  78% used [0x00000000f0ed0000, 0x00000000f0f34ee0, 0x00000000f0f50000)
  to   space 512K,   0% used [0x00000000f0e50000, 0x00000000f0e50000, 0x00000000f0ed0000)
 tenured generation   total 10944K, used 6260K [0x00000000f5c00000, 0x00000000f66b0000, 0x0000000100000000)
   the space 10944K,  57% used [0x00000000f5c00000, 0x00000000f621d178, 0x00000000f621d200, 0x00000000f66b0000)
 Metaspace       used 19432K, capacity 20006K, committed 20224K, reserved 1067008K
  class space    used 2525K, capacity 2699K, committed 2816K, reserved 1048576K
}
Event: 2.838 GC heap before
{Heap before GC invocations=29 (full 0):
 def new generation   total 4928K, used 4814K [0x00000000f0a00000, 0x00000000f0f50000, 0x00000000f5c00000)
  eden space 4416K,  99% used [0x00000000f0a00000, 0x00000000f0e4eb20, 0x00000000f0e50000)
  from space 512K,  78% used [0x00000000f0ed0000, 0x00000000f0f34ee0, 0x00000000f0f50000)
  to   space 512K,   0% used [0x00000000f0e50000, 0x00000000f0e50000, 0x00000000f0ed0000)
 tenured generation   total 10944K, used 6260K [0x00000000f5c00000, 0x00000000f66b0000, 0x0000000100000000)
   the space 10944K,  57% used [0x00000000f5c00000, 0x00000000f621d178, 0x00000000f621d200, 0x00000000f66b0000)
 Metaspace       used 19828K, capacity 20386K, committed 20480K, reserved 1067008K
  class space    used 2581K, capacity 2735K, committed 2816K, reserved 1048576K
Event: 2.840 GC heap after
Heap after GC invocations=30 (full 0):
 def new generation   total 4928K, used 413K [0x00000000f0a00000, 0x00000000f0f50000, 0x00000000f5c00000)
  eden space 4416K,   0% used [0x00000000f0a00000, 0x00000000f0a00000, 0x00000000f0e50000)
  from space 512K,  80% used [0x00000000f0e50000, 0x00000000f0eb77d0, 0x00000000f0ed0000)
  to   space 512K,   0% used [0x00000000f0ed0000, 0x00000000f0ed0000, 0x00000000f0f50000)
 tenured generation   total 10944K, used 6332K [0x00000000f5c00000, 0x00000000f66b0000, 0x0000000100000000)
   the space 10944K,  57% used [0x00000000f5c00000, 0x00000000f622f0d8, 0x00000000f622f200, 0x00000000f66b0000)
 Metaspace       used 19828K, capacity 20386K, committed 20480K, reserved 1067008K
  class space    used 2581K, capacity 2735K, committed 2816K, reserved 1048576K
}
Event: 2.909 GC heap before
{Heap before GC invocations=30 (full 0):
 def new generation   total 4928K, used 4829K [0x00000000f0a00000, 0x00000000f0f50000, 0x00000000f5c00000)
  eden space 4416K, 100% used [0x00000000f0a00000, 0x00000000f0e50000, 0x00000000f0e50000)
  from space 512K,  80% used [0x00000000f0e50000, 0x00000000f0eb77d0, 0x00000000f0ed0000)
  to   space 512K,   0% used [0x00000000f0ed0000, 0x00000000f0ed0000, 0x00000000f0f50000)
 tenured generation   total 10944K, used 6332K [0x00000000f5c00000, 0x00000000f66b0000, 0x0000000100000000)
   the space 10944K,  57% used [0x00000000f5c00000, 0x00000000f622f0d8, 0x00000000f622f200, 0x00000000f66b0000)
 Metaspace       used 20471K, capacity 21058K, committed 21296K, reserved 1067008K
  class space    used 2669K, capacity 2851K, committed 2944K, reserved 1048576K
Event: 2.911 GC heap after
Heap after GC invocations=31 (full 0):
 def new generation   total 4928K, used 455K [0x00000000f0a00000, 0x00000000f0f50000, 0x00000000f5c00000)
  eden space 4416K,   0% used [0x00000000f0a00000, 0x00000000f0a00000, 0x00000000f0e50000)
  from space 512K,  88% used [0x00000000f0ed0000, 0x00000000f0f41c58, 0x00000000f0f50000)
  to   space 512K,   0% used [0x00000000f0e50000, 0x00000000f0e50000, 0x00000000f0ed0000)
 tenured generation   total 10944K, used 6421K [0x00000000f5c00000, 0x00000000f66b0000, 0x0000000100000000)
   the space 10944K,  58% used [0x00000000f5c00000, 0x00000000f6245548, 0x00000000f6245600, 0x00000000f66b0000)
 Metaspace       used 20471K, capacity 21058K, committed 21296K, reserved 1067008K
  class space    used 2669K, capacity 2851K, committed 2944K, reserved 1048576K
}
Event: 2.932 GC heap before
{Heap before GC invocations=31 (full 0):
 def new generation   total 4928K, used 2015K [0x00000000f0a00000, 0x00000000f0f50000, 0x00000000f5c00000)
  eden space 4416K,  35% used [0x00000000f0a00000, 0x00000000f0b85fc8, 0x00000000f0e50000)
  from space 512K,  88% used [0x00000000f0ed0000, 0x00000000f0f41c58, 0x00000000f0f50000)
  to   space 512K,   0% used [0x00000000f0e50000, 0x00000000f0e50000, 0x00000000f0ed0000)
 tenured generation   total 10944K, used 6421K [0x00000000f5c00000, 0x00000000f66b0000, 0x0000000100000000)
   the space 10944K,  58% used [0x00000000f5c00000, 0x00000000f6245548, 0x00000000f6245600, 0x00000000f66b0000)
 Metaspace       used 20626K, capacity 21186K, committed 21296K, reserved 1067008K
  class space    used 2683K, capacity 2851K, committed 2944K, reserved 1048576K
Event: 2.962 GC heap after
Heap after GC invocations=32 (full 1):
 def new generation   total 4992K, used 0K [0x00000000f0a00000, 0x00000000f0f60000, 0x00000000f5c00000)
  eden space 4480K,   0% used [0x00000000f0a00000, 0x00000000f0a00000, 0x00000000f0e60000)
  from space 512K,   0% used [0x00000000f0e60000, 0x00000000f0e60000, 0x00000000f0ee0000)
  to   space 512K,   0% used [0x00000000f0ee0000, 0x00000000f0ee0000, 0x00000000f0f60000)
 tenured generation   total 10944K, used 6292K [0x00000000f5c00000, 0x00000000f66b0000, 0x0000000100000000)
   the space 10944K,  57% used [0x00000000f5c00000, 0x00000000f62251f8, 0x00000000f6225200, 0x00000000f66b0000)
 Metaspace       used 20626K, capacity 21186K, committed 21296K, reserved 1067008K
  class space    used 2683K, capacity 2851K, committed 2944K, reserved 1048576K
}
Event: 3.019 GC heap before
{Heap before GC invocations=32 (full 1):
 def new generation   total 4992K, used 4446K [0x00000000f0a00000, 0x00000000f0f60000, 0x00000000f5c00000)
  eden space 4480K,  99% used [0x00000000f0a00000, 0x00000000f0e57b48, 0x00000000f0e60000)
  from space 512K,   0% used [0x00000000f0e60000, 0x00000000f0e60000, 0x00000000f0ee0000)
  to   space 512K,   0% used [0x00000000f0ee0000, 0x00000000f0ee0000, 0x00000000f0f60000)
 tenured generation   total 10944K, used 6292K [0x00000000f5c00000, 0x00000000f66b0000, 0x0000000100000000)
   the space 10944K,  57% used [0x00000000f5c00000, 0x00000000f62251f8, 0x00000000f6225200, 0x00000000f66b0000)
 Metaspace       used 21143K, capacity 21776K, committed 21888K, reserved 1069056K
  class space    used 2744K, capacity 2920K, committed 2944K, reserved 1048576K
Event: 3.022 GC heap after
Heap after GC invocations=33 (full 1):
 def new generation   total 4992K, used 510K [0x00000000f0a00000, 0x00000000f0f60000, 0x00000000f5c00000)
  eden space 4480K,   0% used [0x00000000f0a00000, 0x00000000f0a00000, 0x00000000f0e60000)
  from space 512K,  99% used [0x00000000f0ee0000, 0x00000000f0f5fb78, 0x00000000f0f60000)
  to   space 512K,   0% used [0x00000000f0e60000, 0x00000000f0e60000, 0x00000000f0ee0000)
 tenured generation   total 10944K, used 6292K [0x00000000f5c00000, 0x00000000f66b0000, 0x0000000100000000)
   the space 10944K,  57% used [0x00000000f5c00000, 0x00000000f62251f8, 0x00000000f6225200, 0x00000000f66b0000)
 Metaspace       used 21143K, capacity 21776K, committed 21888K, reserved 1069056K
  class space    used 2744K, capacity 2920K, committed 2944K, reserved 1048576K
}
Event: 3.067 GC heap before
{Heap before GC invocations=33 (full 1):
 def new generation   total 4992K, used 4990K [0x00000000f0a00000, 0x00000000f0f60000, 0x00000000f5c00000)
  eden space 4480K, 100% used [0x00000000f0a00000, 0x00000000f0e60000, 0x00000000f0e60000)
  from space 512K,  99% used [0x00000000f0ee0000, 0x00000000f0f5fb78, 0x00000000f0f60000)
  to   space 512K,   0% used [0x00000000f0e60000, 0x00000000f0e60000, 0x00000000f0ee0000)
 tenured generation   total 10944K, used 6292K [0x00000000f5c00000, 0x00000000f66b0000, 0x0000000100000000)
   the space 10944K,  57% used [0x00000000f5c00000, 0x00000000f62251f8, 0x00000000f6225200, 0x00000000f66b0000)
 Metaspace       used 21581K, capacity 22194K, committed 22528K, reserved 1069056K
  class space    used 2783K, capacity 2953K, committed 3072K, reserved 1048576K
Event: 3.068 GC heap after
Heap after GC invocations=34 (full 1):
 def new generation   total 4992K, used 511K [0x00000000f0a00000, 0x00000000f0f60000, 0x00000000f5c00000)
  eden space 4480K,   0% used [0x00000000f0a00000, 0x00000000f0a00000, 0x00000000f0e60000)
  from space 512K,  99% used [0x00000000f0e60000, 0x00000000f0edfe20, 0x00000000f0ee0000)
  to   space 512K,   0% used [0x00000000f0ee0000, 0x00000000f0ee0000, 0x00000000f0f60000)
 tenured generation   total 10944K, used 6365K [0x00000000f5c00000, 0x00000000f66b0000, 0x0000000100000000)
   the space 10944K,  58% used [0x00000000f5c00000, 0x00000000f6237768, 0x00000000f6237800, 0x00000000f66b0000)
 Metaspace       used 21581K, capacity 22194K, committed 22528K, reserved 1069056K
  class space    used 2783K, capacity 2953K, committed 3072K, reserved 1048576K
}
Event: 3.135 GC heap before
{Heap before GC invocations=34 (full 1):
 def new generation   total 4992K, used 4991K [0x00000000f0a00000, 0x00000000f0f60000, 0x00000000f5c00000)
  eden space 4480K, 100% used [0x00000000f0a00000, 0x00000000f0e60000, 0x00000000f0e60000)
  from space 512K,  99% used [0x00000000f0e60000, 0x00000000f0edfe20, 0x00000000f0ee0000)
  to   space 512K,   0% used [0x00000000f0ee0000, 0x00000000f0ee0000, 0x00000000f0f60000)
 tenured generation   total 10944K, used 6365K [0x00000000f5c00000, 0x00000000f66b0000, 0x0000000100000000)
   the space 10944K,  58% used [0x00000000f5c00000, 0x00000000f6237768, 0x00000000f6237800, 0x00000000f66b0000)
 Metaspace       used 22000K, capacity 22622K, committed 22784K, reserved 1069056K
  class space    used 2823K, capacity 2987K, committed 3072K, reserved 1048576K
Event: 3.138 GC heap after
Heap after GC invocations=35 (full 1):
 def new generation   total 4992K, used 490K [0x00000000f0a00000, 0x00000000f0f60000, 0x00000000f5c00000)
  eden space 4480K,   0% used [0x00000000f0a00000, 0x00000000f0a00000, 0x00000000f0e60000)
  from space 512K,  95% used [0x00000000f0ee0000, 0x00000000f0f5a8b8, 0x00000000f0f60000)
  to   space 512K,   0% used [0x00000000f0e60000, 0x00000000f0e60000, 0x00000000f0ee0000)
 tenured generation   total 10944K, used 6537K [0x00000000f5c00000, 0x00000000f66b0000, 0x0000000100000000)
   the space 10944K,  59% used [0x00000000f5c00000, 0x00000000f62626e8, 0x00000000f6262800, 0x00000000f66b0000)
 Metaspace       used 22000K, capacity 22622K, committed 22784K, reserved 1069056K
  class space    used 2823K, capacity 2987K, committed 3072K, reserved 1048576K
}
Event: 3.200 GC heap before
{Heap before GC invocations=35 (full 1):
 def new generation   total 4992K, used 4970K [0x00000000f0a00000, 0x00000000f0f60000, 0x00000000f5c00000)
  eden space 4480K, 100% used [0x00000000f0a00000, 0x00000000f0e60000, 0x00000000f0e60000)
  from space 512K,  95% used [0x00000000f0ee0000, 0x00000000f0f5a8b8, 0x00000000f0f60000)
  to   space 512K,   0% used [0x00000000f0e60000, 0x00000000f0e60000, 0x00000000f0ee0000)
 tenured generation   total 10944K, used 6537K [0x00000000f5c00000, 0x00000000f66b0000, 0x0000000100000000)
   the space 10944K,  59% used [0x00000000f5c00000, 0x00000000f62626e8, 0x00000000f6262800, 0x00000000f66b0000)
 Metaspace       used 22549K, capacity 23140K, committed 23296K, reserved 1069056K
  class space    used 2872K, capacity 3052K, committed 3072K, reserved 1048576K
Event: 3.202 GC heap after
Heap after GC invocations=36 (full 1):
 def new generation   total 4992K, used 502K [0x00000000f0a00000, 0x00000000f0f60000, 0x00000000f5c00000)
  eden space 4480K,   0% used [0x00000000f0a00000, 0x00000000f0a00000, 0x00000000f0e60000)
  from space 512K,  98% used [0x00000000f0e60000, 0x00000000f0edd950, 0x00000000f0ee0000)
  to   space 512K,   0% used [0x00000000f0ee0000, 0x00000000f0ee0000, 0x00000000f0f60000)
 tenured generation   total 10944K, used 6680K [0x00000000f5c00000, 0x00000000f66b0000, 0x0000000100000000)
   the space 10944K,  61% used [0x00000000f5c00000, 0x00000000f6286358, 0x00000000f6286400, 0x00000000f66b0000)
 Metaspace       used 22549K, capacity 23140K, committed 23296K, reserved 1069056K
  class space    used 2872K, capacity 3052K, committed 3072K, reserved 1048576K
}
Event: 3.287 GC heap before
{Heap before GC invocations=36 (full 1):
 def new generation   total 4992K, used 4982K [0x00000000f0a00000, 0x00000000f0f60000, 0x00000000f5c00000)
  eden space 4480K, 100% used [0x00000000f0a00000, 0x00000000f0e60000, 0x00000000f0e60000)
  from space 512K,  98% used [0x00000000f0e60000, 0x00000000f0edd950, 0x00000000f0ee0000)
  to   space 512K,   0% used [0x00000000f0ee0000, 0x00000000f0ee0000, 0x00000000f0f60000)
 tenured generation   total 10944K, used 6680K [0x00000000f5c00000, 0x00000000f66b0000, 0x0000000100000000)
   the space 10944K,  61% used [0x00000000f5c00000, 0x00000000f6286358, 0x00000000f6286400, 0x00000000f66b0000)
 Metaspace       used 22918K, capacity 23492K, committed 23680K, reserved 1069056K
  class space    used 2922K, capacity 3084K, committed 3200K, reserved 1048576K
Event: 3.289 GC heap after
Heap after GC invocations=37 (full 1):
 def new generation   total 4992K, used 379K [0x00000000f0a00000, 0x00000000f0f60000, 0x00000000f5c00000)
  eden space 4480K,   0% used [0x00000000f0a00000, 0x00000000f0a00000, 0x00000000f0e60000)
  from space 512K,  74% used [0x00000000f0ee0000, 0x00000000f0f3ed58, 0x00000000f0f60000)
  to   space 512K,   0% used [0x00000000f0e60000, 0x00000000f0e60000, 0x00000000f0ee0000)
 tenured generation   total 10944K, used 6781K [0x00000000f5c00000, 0x00000000f66b0000, 0x0000000100000000)
   the space 10944K,  61% used [0x00000000f5c00000, 0x00000000f629f438, 0x00000000f629f600, 0x00000000f66b0000)
 Metaspace       used 22918K, capacity 23492K, committed 23680K, reserved 1069056K
  class space    used 2922K, capacity 3084K, committed 3200K, reserved 1048576K
}
Event: 3.362 GC heap before
{Heap before GC invocations=37 (full 1):
 def new generation   total 4992K, used 4859K [0x00000000f0a00000, 0x00000000f0f60000, 0x00000000f5c00000)
  eden space 4480K, 100% used [0x00000000f0a00000, 0x00000000f0e60000, 0x00000000f0e60000)
  from space 512K,  74% used [0x00000000f0ee0000, 0x00000000f0f3ed58, 0x00000000f0f60000)
  to   space 512K,   0% used [0x00000000f0e60000, 0x00000000f0e60000, 0x00000000f0ee0000)
 tenured generation   total 10944K, used 6781K [0x00000000f5c00000, 0x00000000f66b0000, 0x0000000100000000)
   the space 10944K,  61% used [0x00000000f5c00000, 0x00000000f629f438, 0x00000000f629f600, 0x00000000f66b0000)
 Metaspace       used 23242K, capacity 23850K, committed 24192K, reserved 1071104K
  class space    used 2965K, capacity 3117K, committed 3200K, reserved 1048576K
Event: 3.365 GC heap after
Heap after GC invocations=38 (full 1):
 def new generation   total 4992K, used 511K [0x00000000f0a00000, 0x00000000f0f60000, 0x00000000f5c00000)
  eden space 4480K,   0% used [0x00000000f0a00000, 0x00000000f0a00000, 0x00000000f0e60000)
  from space 512K,  99% used [0x00000000f0e60000, 0x00000000f0edffa8, 0x00000000f0ee0000)
  to   space 512K,   0% used [0x00000000f0ee0000, 0x00000000f0ee0000, 0x00000000f0f60000)
 tenured generation   total 10944K, used 6991K [0x00000000f5c00000, 0x00000000f66b0000, 0x0000000100000000)
   the space 10944K,  63% used [0x00000000f5c00000, 0x00000000f62d3c88, 0x00000000f62d3e00, 0x00000000f66b0000)
 Metaspace       used 23242K, capacity 23850K, committed 24192K, reserved 1071104K
  class space    used 2965K, capacity 3117K, committed 3200K, reserved 1048576K
}
Event: 3.412 GC heap before
{Heap before GC invocations=38 (full 1):
 def new generation   total 4992K, used 4991K [0x00000000f0a00000, 0x00000000f0f60000, 0x00000000f5c00000)
  eden space 4480K, 100% used [0x00000000f0a00000, 0x00000000f0e60000, 0x00000000f0e60000)
  from space 512K,  99% used [0x00000000f0e60000, 0x00000000f0edffa8, 0x00000000f0ee0000)
  to   space 512K,   0% used [0x00000000f0ee0000, 0x00000000f0ee0000, 0x00000000f0f60000)
 tenured generation   total 10944K, used 6991K [0x00000000f5c00000, 0x00000000f66b0000, 0x0000000100000000)
   the space 10944K,  63% used [0x00000000f5c00000, 0x00000000f62d3c88, 0x00000000f62d3e00, 0x00000000f66b0000)
 Metaspace       used 23522K, capacity 24148K, committed 24448K, reserved 1071104K
  class space    used 2995K, capacity 3150K, committed 3200K, reserved 1048576K
Event: 3.414 GC heap after
Heap after GC invocations=39 (full 1):
 def new generation   total 4992K, used 427K [0x00000000f0a00000, 0x00000000f0f60000, 0x00000000f5c00000)
  eden space 4480K,   0% used [0x00000000f0a00000, 0x00000000f0a00000, 0x00000000f0e60000)
  from space 512K,  83% used [0x00000000f0ee0000, 0x00000000f0f4ae00, 0x00000000f0f60000)
  to   space 512K,   0% used [0x00000000f0e60000, 0x00000000f0e60000, 0x00000000f0ee0000)
 tenured generation   total 10944K, used 7186K [0x00000000f5c00000, 0x00000000f66b0000, 0x0000000100000000)
   the space 10944K,  65% used [0x00000000f5c00000, 0x00000000f6304b40, 0x00000000f6304c00, 0x00000000f66b0000)
 Metaspace       used 23522K, capacity 24148K, committed 24448K, reserved 1071104K
  class space    used 2995K, capacity 3150K, committed 3200K, reserved 1048576K
}
Event: 3.464 GC heap before
{Heap before GC invocations=39 (full 1):
 def new generation   total 4992K, used 4907K [0x00000000f0a00000, 0x00000000f0f60000, 0x00000000f5c00000)
  eden space 4480K, 100% used [0x00000000f0a00000, 0x00000000f0e60000, 0x00000000f0e60000)
  from space 512K,  83% used [0x00000000f0ee0000, 0x00000000f0f4ae00, 0x00000000f0f60000)
  to   space 512K,   0% used [0x00000000f0e60000, 0x00000000f0e60000, 0x00000000f0ee0000)
 tenured generation   total 10944K, used 7186K [0x00000000f5c00000, 0x00000000f66b0000, 0x0000000100000000)
   the space 10944K,  65% used [0x00000000f5c00000, 0x00000000f6304b40, 0x00000000f6304c00, 0x00000000f66b0000)
 Metaspace       used 23846K, capacity 24436K, committed 24704K, reserved 1071104K
  class space    used 3028K, capacity 3182K, committed 3200K, reserved 1048576K
Event: 3.466 GC heap after
Heap after GC invocations=40 (full 1):
 def new generation   total 4992K, used 509K [0x00000000f0a00000, 0x00000000f0f60000, 0x00000000f5c00000)
  eden space 4480K,   0% used [0x00000000f0a00000, 0x00000000f0a00000, 0x00000000f0e60000)
  from space 512K,  99% used [0x00000000f0e60000, 0x00000000f0edf708, 0x00000000f0ee0000)
  to   space 512K,   0% used [0x00000000f0ee0000, 0x00000000f0ee0000, 0x00000000f0f60000)
 tenured generation   total 10944K, used 7332K [0x00000000f5c00000, 0x00000000f66b0000, 0x0000000100000000)
   the space 10944K,  66% used [0x00000000f5c00000, 0x00000000f6329140, 0x00000000f6329200, 0x00000000f66b0000)
 Metaspace       used 23846K, capacity 24436K, committed 24704K, reserved 1071104K
  class space    used 3028K, capacity 3182K, committed 3200K, reserved 1048576K
}
Event: 3.519 GC heap before
{Heap before GC invocations=40 (full 1):
 def new generation   total 4992K, used 4989K [0x00000000f0a00000, 0x00000000f0f60000, 0x00000000f5c00000)
  eden space 4480K, 100% used [0x00000000f0a00000, 0x00000000f0e60000, 0x00000000f0e60000)
  from space 512K,  99% used [0x00000000f0e60000, 0x00000000f0edf708, 0x00000000f0ee0000)
  to   space 512K,   0% used [0x00000000f0ee0000, 0x00000000f0ee0000, 0x00000000f0f60000)
 tenured generation   total 10944K, used 7332K [0x00000000f5c00000, 0x00000000f66b0000, 0x0000000100000000)
   the space 10944K,  66% used [0x00000000f5c00000, 0x00000000f6329140, 0x00000000f6329200, 0x00000000f66b0000)
 Metaspace       used 24161K, capacity 24764K, committed 25088K, reserved 1071104K
  class space    used 3090K, capacity 3258K, committed 3328K, reserved 1048576K
Event: 3.522 GC heap after
Heap after GC invocations=41 (full 1):
 def new generation   total 4992K, used 511K [0x00000000f0a00000, 0x00000000f0f60000, 0x00000000f5c00000)
  eden space 4480K,   0% used [0x00000000f0a00000, 0x00000000f0a00000, 0x00000000f0e60000)
  from space 512K,  99% used [0x00000000f0ee0000, 0x00000000f0f5fff0, 0x00000000f0f60000)
  to   space 512K,   0% used [0x00000000f0e60000, 0x00000000f0e60000, 0x00000000f0ee0000)
 tenured generation   total 10944K, used 7541K [0x00000000f5c00000, 0x00000000f66b0000, 0x0000000100000000)
   the space 10944K,  68% used [0x00000000f5c00000, 0x00000000f635d5f0, 0x00000000f635d600, 0x00000000f66b0000)
 Metaspace       used 24161K, capacity 24764K, committed 25088K, reserved 1071104K
  class space    used 3090K, capacity 3258K, committed 3328K, reserved 1048576K
}
Event: 3.579 GC heap before
{Heap before GC invocations=41 (full 1):
 def new generation   total 4992K, used 4991K [0x00000000f0a00000, 0x00000000f0f60000, 0x00000000f5c00000)
  eden space 4480K, 100% used [0x00000000f0a00000, 0x00000000f0e60000, 0x00000000f0e60000)
  from space 512K,  99% used [0x00000000f0ee0000, 0x00000000f0f5fff0, 0x00000000f0f60000)
  to   space 512K,   0% used [0x00000000f0e60000, 0x00000000f0e60000, 0x00000000f0ee0000)
 tenured generation   total 10944K, used 7541K [0x00000000f5c00000, 0x00000000f66b0000, 0x0000000100000000)
   the space 10944K,  68% used [0x00000000f5c00000, 0x00000000f635d5f0, 0x00000000f635d600, 0x00000000f66b0000)
 Metaspace       used 24486K, capacity 25188K, committed 25472K, reserved 1071104K
  class space    used 3138K, capacity 3338K, committed 3456K, reserved 1048576K
Event: 3.581 GC heap after
Heap after GC invocations=42 (full 1):
 def new generation   total 4992K, used 426K [0x00000000f0a00000, 0x00000000f0f60000, 0x00000000f5c00000)
  eden space 4480K,   0% used [0x00000000f0a00000, 0x00000000f0a00000, 0x00000000f0e60000)
  from space 512K,  83% used [0x00000000f0e60000, 0x00000000f0ecaaf8, 0x00000000f0ee0000)
  to   space 512K,   0% used [0x00000000f0ee0000, 0x00000000f0ee0000, 0x00000000f0f60000)
 tenured generation   total 10944K, used 7810K [0x00000000f5c00000, 0x00000000f66b0000, 0x0000000100000000)
   the space 10944K,  71% used [0x00000000f5c00000, 0x00000000f63a0b18, 0x00000000f63a0c00, 0x00000000f66b0000)
 Metaspace       used 24486K, capacity 25188K, committed 25472K, reserved 1071104K
  class space    used 3138K, capacity 3338K, committed 3456K, reserved 1048576K
}
Event: 3.604 GC heap before
{Heap before GC invocations=42 (full 1):
 def new generation   total 4992K, used 4906K [0x00000000f0a00000, 0x00000000f0f60000, 0x00000000f5c00000)
  eden space 4480K, 100% used [0x00000000f0a00000, 0x00000000f0e60000, 0x00000000f0e60000)
  from space 512K,  83% used [0x00000000f0e60000, 0x00000000f0ecaaf8, 0x00000000f0ee0000)
  to   space 512K,   0% used [0x00000000f0ee0000, 0x00000000f0ee0000, 0x00000000f0f60000)
 tenured generation   total 10944K, used 7810K [0x00000000f5c00000, 0x00000000f66b0000, 0x0000000100000000)
   the space 10944K,  71% used [0x00000000f5c00000, 0x00000000f63a0b18, 0x00000000f63a0c00, 0x00000000f66b0000)
 Metaspace       used 24607K, capacity 25274K, committed 25472K, reserved 1071104K
  class space    used 3155K, capacity 3349K, committed 3456K, reserved 1048576K
Event: 3.606 GC heap after
Heap after GC invocations=43 (full 1):
 def new generation   total 4992K, used 189K [0x00000000f0a00000, 0x00000000f0f60000, 0x00000000f5c00000)
  eden space 4480K,   0% used [0x00000000f0a00000, 0x00000000f0a00000, 0x00000000f0e60000)
  from space 512K,  36% used [0x00000000f0ee0000, 0x00000000f0f0f558, 0x00000000f0f60000)
  to   space 512K,   0% used [0x00000000f0e60000, 0x00000000f0e60000, 0x00000000f0ee0000)
 tenured generation   total 10944K, used 7973K [0x00000000f5c00000, 0x00000000f66b0000, 0x0000000100000000)
   the space 10944K,  72% used [0x00000000f5c00000, 0x00000000f63c9778, 0x00000000f63c9800, 0x00000000f66b0000)
 Metaspace       used 24607K, capacity 25274K, committed 25472K, reserved 1071104K
  class space    used 3155K, capacity 3349K, committed 3456K, reserved 1048576K
}
Event: 3.611 GC heap before
{Heap before GC invocations=43 (full 1):
 def new generation   total 4992K, used 4669K [0x00000000f0a00000, 0x00000000f0f60000, 0x00000000f5c00000)
  eden space 4480K, 100% used [0x00000000f0a00000, 0x00000000f0e60000, 0x00000000f0e60000)
  from space 512K,  36% used [0x00000000f0ee0000, 0x00000000f0f0f558, 0x00000000f0f60000)
  to   space 512K,   0% used [0x00000000f0e60000, 0x00000000f0e60000, 0x00000000f0ee0000)
 tenured generation   total 10944K, used 7973K [0x00000000f5c00000, 0x00000000f66b0000, 0x0000000100000000)
   the space 10944K,  72% used [0x00000000f5c00000, 0x00000000f63c9778, 0x00000000f63c9800, 0x00000000f66b0000)
 Metaspace       used 24626K, capacity 25274K, committed 25472K, reserved 1071104K
  class space    used 3158K, capacity 3349K, committed 3456K, reserved 1048576K
Event: 3.612 GC heap after
Heap after GC invocations=44 (full 1):
 def new generation   total 4992K, used 138K [0x00000000f0a00000, 0x00000000f0f60000, 0x00000000f5c00000)
  eden space 4480K,   0% used [0x00000000f0a00000, 0x00000000f0a00000, 0x00000000f0e60000)
  from space 512K,  26% used [0x00000000f0e60000, 0x00000000f0e828f0, 0x00000000f0ee0000)
  to   space 512K,   0% used [0x00000000f0ee0000, 0x00000000f0ee0000, 0x00000000f0f60000)
 tenured generation   total 10944K, used 7973K [0x00000000f5c00000, 0x00000000f66b0000, 0x0000000100000000)
   the space 10944K,  72% used [0x00000000f5c00000, 0x00000000f63c9778, 0x00000000f63c9800, 0x00000000f66b0000)
 Metaspace       used 24626K, capacity 25274K, committed 25472K, reserved 1071104K
  class space    used 3158K, capacity 3349K, committed 3456K, reserved 1048576K
}
Event: 3.619 GC heap before
{Heap before GC invocations=44 (full 1):
 def new generation   total 4992K, used 4617K [0x00000000f0a00000, 0x00000000f0f60000, 0x00000000f5c00000)
  eden space 4480K,  99% used [0x00000000f0a00000, 0x00000000f0e5fc68, 0x00000000f0e60000)
  from space 512K,  26% used [0x00000000f0e60000, 0x00000000f0e828f0, 0x00000000f0ee0000)
  to   space 512K,   0% used [0x00000000f0ee0000, 0x00000000f0ee0000, 0x00000000f0f60000)
 tenured generation   total 10944K, used 7973K [0x00000000f5c00000, 0x00000000f66b0000, 0x0000000100000000)
   the space 10944K,  72% used [0x00000000f5c00000, 0x00000000f63c9778, 0x00000000f63c9800, 0x00000000f66b0000)
 Metaspace       used 24660K, capacity 25338K, committed 25472K, reserved 1071104K
  class space    used 3161K, capacity 3349K, committed 3456K, reserved 1048576K
Event: 3.620 GC heap after
Heap after GC invocations=45 (full 1):
 def new generation   total 4992K, used 279K [0x00000000f0a00000, 0x00000000f0f60000, 0x00000000f5c00000)
  eden space 4480K,   0% used [0x00000000f0a00000, 0x00000000f0a00000, 0x00000000f0e60000)
  from space 512K,  54% used [0x00000000f0ee0000, 0x00000000f0f25db0, 0x00000000f0f60000)
  to   space 512K,   0% used [0x00000000f0e60000, 0x00000000f0e60000, 0x00000000f0ee0000)
 tenured generation   total 10944K, used 7973K [0x00000000f5c00000, 0x00000000f66b0000, 0x0000000100000000)
   the space 10944K,  72% used [0x00000000f5c00000, 0x00000000f63c9778, 0x00000000f63c9800, 0x00000000f66b0000)
 Metaspace       used 24660K, capacity 25338K, committed 25472K, reserved 1071104K
  class space    used 3161K, capacity 3349K, committed 3456K, reserved 1048576K
}
Event: 3.629 GC heap before
{Heap before GC invocations=45 (full 1):
 def new generation   total 4992K, used 4724K [0x00000000f0a00000, 0x00000000f0f60000, 0x00000000f5c00000)
  eden space 4480K,  99% used [0x00000000f0a00000, 0x00000000f0e574b0, 0x00000000f0e60000)
  from space 512K,  54% used [0x00000000f0ee0000, 0x00000000f0f25db0, 0x00000000f0f60000)
  to   space 512K,   0% used [0x00000000f0e60000, 0x00000000f0e60000, 0x00000000f0ee0000)
 tenured generation   total 10944K, used 7973K [0x00000000f5c00000, 0x00000000f66b0000, 0x0000000100000000)
   the space 10944K,  72% used [0x00000000f5c00000, 0x00000000f63c9778, 0x00000000f63c9800, 0x00000000f66b0000)
 Metaspace       used 24737K, capacity 25434K, committed 25728K, reserved 1071104K
  class space    used 3170K, capacity 3381K, committed 3456K, reserved 1048576K
Event: 3.630 GC heap after
Heap after GC invocations=46 (full 1):
 def new generation   total 4992K, used 247K [0x00000000f0a00000, 0x00000000f0f60000, 0x00000000f5c00000)
  eden space 4480K,   0% used [0x00000000f0a00000, 0x00000000f0a00000, 0x00000000f0e60000)
  from space 512K,  48% used [0x00000000f0e60000, 0x00000000f0e9deb8, 0x00000000f0ee0000)
  to   space 512K,   0% used [0x00000000f0ee0000, 0x00000000f0ee0000, 0x00000000f0f60000)
 tenured generation   total 10944K, used 8073K [0x00000000f5c00000, 0x00000000f66b0000, 0x0000000100000000)
   the space 10944K,  73% used [0x00000000f5c00000, 0x00000000f63e26c8, 0x00000000f63e2800, 0x00000000f66b0000)
 Metaspace       used 24737K, capacity 25434K, committed 25728K, reserved 1071104K
  class space    used 3170K, capacity 3381K, committed 3456K, reserved 1048576K
}
Event: 3.636 GC heap before
{Heap before GC invocations=46 (full 1):
 def new generation   total 4992K, used 4695K [0x00000000f0a00000, 0x00000000f0f60000, 0x00000000f5c00000)
  eden space 4480K,  99% used [0x00000000f0a00000, 0x00000000f0e57e80, 0x00000000f0e60000)
  from space 512K,  48% used [0x00000000f0e60000, 0x00000000f0e9deb8, 0x00000000f0ee0000)
  to   space 512K,   0% used [0x00000000f0ee0000, 0x00000000f0ee0000, 0x00000000f0f60000)
 tenured generation   total 10944K, used 8073K [0x00000000f5c00000, 0x00000000f66b0000, 0x0000000100000000)
   the space 10944K,  73% used [0x00000000f5c00000, 0x00000000f63e26c8, 0x00000000f63e2800, 0x00000000f66b0000)
 Metaspace       used 24774K, capacity 25434K, committed 25728K, reserved 1071104K
  class space    used 3180K, capacity 3381K, committed 3456K, reserved 1048576K
Event: 3.637 GC heap after
Heap after GC invocations=47 (full 1):
 def new generation   total 4992K, used 255K [0x00000000f0a00000, 0x00000000f0f60000, 0x00000000f5c00000)
  eden space 4480K,   0% used [0x00000000f0a00000, 0x00000000f0a00000, 0x00000000f0e60000)
  from space 512K,  49% used [0x00000000f0ee0000, 0x00000000f0f1fc48, 0x00000000f0f60000)
  to   space 512K,   0% used [0x00000000f0e60000, 0x00000000f0e60000, 0x00000000f0ee0000)
 tenured generation   total 10944K, used 8073K [0x00000000f5c00000, 0x00000000f66b0000, 0x0000000100000000)
   the space 10944K,  73% used [0x00000000f5c00000, 0x00000000f63e26c8, 0x00000000f63e2800, 0x00000000f66b0000)
 Metaspace       used 24774K, capacity 25434K, committed 25728K, reserved 1071104K
  class space    used 3180K, capacity 3381K, committed 3456K, reserved 1048576K
}
Event: 3.640 GC heap before
{Heap before GC invocations=47 (full 1):
 def new generation   total 4992K, used 4701K [0x00000000f0a00000, 0x00000000f0f60000, 0x00000000f5c00000)
  eden space 4480K,  99% used [0x00000000f0a00000, 0x00000000f0e578d0, 0x00000000f0e60000)
  from space 512K,  49% used [0x00000000f0ee0000, 0x00000000f0f1fc48, 0x00000000f0f60000)
  to   space 512K,   0% used [0x00000000f0e60000, 0x00000000f0e60000, 0x00000000f0ee0000)
 tenured generation   total 10944K, used 8073K [0x00000000f5c00000, 0x00000000f66b0000, 0x0000000100000000)
   the space 10944K,  73% used [0x00000000f5c00000, 0x00000000f63e26c8, 0x00000000f63e2800, 0x00000000f66b0000)
 Metaspace       used 24777K, capacity 25434K, committed 25728K, reserved 1071104K
  class space    used 3180K, capacity 3381K, committed 3456K, reserved 1048576K
Event: 3.641 GC heap after
Heap after GC invocations=48 (full 1):
 def new generation   total 4992K, used 261K [0x00000000f0a00000, 0x00000000f0f60000, 0x00000000f5c00000)
  eden space 4480K,   0% used [0x00000000f0a00000, 0x00000000f0a00000, 0x00000000f0e60000)
  from space 512K,  51% used [0x00000000f0e60000, 0x00000000f0ea14d0, 0x00000000f0ee0000)
  to   space 512K,   0% used [0x00000000f0ee0000, 0x00000000f0ee0000, 0x00000000f0f60000)
 tenured generation   total 10944K, used 8073K [0x00000000f5c00000, 0x00000000f66b0000, 0x0000000100000000)
   the space 10944K,  73% used [0x00000000f5c00000, 0x00000000f63e26c8, 0x00000000f63e2800, 0x00000000f66b0000)
 Metaspace       used 24777K, capacity 25434K, committed 25728K, reserved 1071104K
  class space    used 3180K, capacity 3381K, committed 3456K, reserved 1048576K
}
Event: 3.651 GC heap before
{Heap before GC invocations=48 (full 1):
 def new generation   total 4992K, used 4728K [0x00000000f0a00000, 0x00000000f0f60000, 0x00000000f5c00000)
  eden space 4480K,  99% used [0x00000000f0a00000, 0x00000000f0e5ce68, 0x00000000f0e60000)
  from space 512K,  51% used [0x00000000f0e60000, 0x00000000f0ea14d0, 0x00000000f0ee0000)
  to   space 512K,   0% used [0x00000000f0ee0000, 0x00000000f0ee0000, 0x00000000f0f60000)
 tenured generation   total 10944K, used 8073K [0x00000000f5c00000, 0x00000000f66b0000, 0x0000000100000000)
   the space 10944K,  73% used [0x00000000f5c00000, 0x00000000f63e26c8, 0x00000000f63e2800, 0x00000000f66b0000)
 Metaspace       used 24840K, capacity 25582K, committed 25728K, reserved 1071104K
  class space    used 3189K, capacity 3385K, committed 3456K, reserved 1048576K
Event: 3.653 GC heap after
Heap after GC invocations=49 (full 1):
 def new generation   total 4992K, used 219K [0x00000000f0a00000, 0x00000000f0f60000, 0x00000000f5c00000)
  eden space 4480K,   0% used [0x00000000f0a00000, 0x00000000f0a00000, 0x00000000f0e60000)
  from space 512K,  42% used [0x00000000f0ee0000, 0x00000000f0f16e68, 0x00000000f0f60000)
  to   space 512K,   0% used [0x00000000f0e60000, 0x00000000f0e60000, 0x00000000f0ee0000)
 tenured generation   total 10944K, used 8171K [0x00000000f5c00000, 0x00000000f66b0000, 0x0000000100000000)
   the space 10944K,  74% used [0x00000000f5c00000, 0x00000000f63fae98, 0x00000000f63fb000, 0x00000000f66b0000)
 Metaspace       used 24840K, capacity 25582K, committed 25728K, reserved 1071104K
  class space    used 3189K, capacity 3385K, committed 3456K, reserved 1048576K
}
Event: 3.657 GC heap before
{Heap before GC invocations=49 (full 1):
 def new generation   total 4992K, used 4662K [0x00000000f0a00000, 0x00000000f0f60000, 0x00000000f5c00000)
  eden space 4480K,  99% used [0x00000000f0a00000, 0x00000000f0e56aa0, 0x00000000f0e60000)
  from space 512K,  42% used [0x00000000f0ee0000, 0x00000000f0f16e68, 0x00000000f0f60000)
  to   space 512K,   0% used [0x00000000f0e60000, 0x00000000f0e60000, 0x00000000f0ee0000)
 tenured generation   total 10944K, used 8171K [0x00000000f5c00000, 0x00000000f66b0000, 0x0000000100000000)
   the space 10944K,  74% used [0x00000000f5c00000, 0x00000000f63fae98, 0x00000000f63fb000, 0x00000000f66b0000)
 Metaspace       used 24840K, capacity 25582K, committed 25728K, reserved 1071104K
  class space    used 3189K, capacity 3385K, committed 3456K, reserved 1048576K
Event: 3.657 GC heap after
Heap after GC invocations=50 (full 1):
 def new generation   total 4992K, used 224K [0x00000000f0a00000, 0x00000000f0f60000, 0x00000000f5c00000)
  eden space 4480K,   0% used [0x00000000f0a00000, 0x00000000f0a00000, 0x00000000f0e60000)
  from space 512K,  43% used [0x00000000f0e60000, 0x00000000f0e982a0, 0x00000000f0ee0000)
  to   space 512K,   0% used [0x00000000f0ee0000, 0x00000000f0ee0000, 0x00000000f0f60000)
 tenured generation   total 10944K, used 8171K [0x00000000f5c00000, 0x00000000f66b0000, 0x0000000100000000)
   the space 10944K,  74% used [0x00000000f5c00000, 0x00000000f63fae98, 0x00000000f63fb000, 0x00000000f66b0000)
 Metaspace       used 24840K, capacity 25582K, committed 25728K, reserved 1071104K
  class space    used 3189K, capacity 3385K, committed 3456K, reserved 1048576K
}
Event: 3.685 GC heap before
{Heap before GC invocations=50 (full 1):
 def new generation   total 4992K, used 4704K [0x00000000f0a00000, 0x00000000f0f60000, 0x00000000f5c00000)
  eden space 4480K, 100% used [0x00000000f0a00000, 0x00000000f0e60000, 0x00000000f0e60000)
  from space 512K,  43% used [0x00000000f0e60000, 0x00000000f0e982a0, 0x00000000f0ee0000)
  to   space 512K,   0% used [0x00000000f0ee0000, 0x00000000f0ee0000, 0x00000000f0f60000)
 tenured generation   total 10944K, used 8171K [0x00000000f5c00000, 0x00000000f66b0000, 0x0000000100000000)
   the space 10944K,  74% used [0x00000000f5c00000, 0x00000000f63fae98, 0x00000000f63fb000, 0x00000000f66b0000)
 Metaspace       used 25118K, capacity 25870K, committed 25984K, reserved 1071104K
  class space    used 3212K, capacity 3417K, committed 3456K, reserved 1048576K
Event: 3.687 GC heap after
Heap after GC invocations=51 (full 1):
 def new generation   total 4992K, used 376K [0x00000000f0a00000, 0x00000000f0f60000, 0x00000000f5c00000)
  eden space 4480K,   0% used [0x00000000f0a00000, 0x00000000f0a00000, 0x00000000f0e60000)
  from space 512K,  73% used [0x00000000f0ee0000, 0x00000000f0f3e040, 0x00000000f0f60000)
  to   space 512K,   0% used [0x00000000f0e60000, 0x00000000f0e60000, 0x00000000f0ee0000)
 tenured generation   total 10944K, used 8171K [0x00000000f5c00000, 0x00000000f66b0000, 0x0000000100000000)
   the space 10944K,  74% used [0x00000000f5c00000, 0x00000000f63fae98, 0x00000000f63fb000, 0x00000000f66b0000)
 Metaspace       used 25118K, capacity 25870K, committed 25984K, reserved 1071104K
  class space    used 3212K, capacity 3417K, committed 3456K, reserved 1048576K
}
Event: 3.743 GC heap before
{Heap before GC invocations=51 (full 1):
 def new generation   total 4992K, used 4856K [0x00000000f0a00000, 0x00000000f0f60000, 0x00000000f5c00000)
  eden space 4480K, 100% used [0x00000000f0a00000, 0x00000000f0e60000, 0x00000000f0e60000)
  from space 512K,  73% used [0x00000000f0ee0000, 0x00000000f0f3e040, 0x00000000f0f60000)
  to   space 512K,   0% used [0x00000000f0e60000, 0x00000000f0e60000, 0x00000000f0ee0000)
 tenured generation   total 10944K, used 8171K [0x00000000f5c00000, 0x00000000f66b0000, 0x0000000100000000)
   the space 10944K,  74% used [0x00000000f5c00000, 0x00000000f63fae98, 0x00000000f63fb000, 0x00000000f66b0000)
 Metaspace       used 25633K, capacity 26382K, committed 26624K, reserved 1073152K
  class space    used 3280K, capacity 3481K, committed 3584K, reserved 1048576K
Event: 3.745 GC heap after
Heap after GC invocations=52 (full 1):
 def new generation   total 4992K, used 437K [0x00000000f0a00000, 0x00000000f0f60000, 0x00000000f5c00000)
  eden space 4480K,   0% used [0x00000000f0a00000, 0x00000000f0a00000, 0x00000000f0e60000)
  from space 512K,  85% used [0x00000000f0e60000, 0x00000000f0ecd4c0, 0x00000000f0ee0000)
  to   space 512K,   0% used [0x00000000f0ee0000, 0x00000000f0ee0000, 0x00000000f0f60000)
 tenured generation   total 10944K, used 8401K [0x00000000f5c00000, 0x00000000f66b0000, 0x0000000100000000)
   the space 10944K,  76% used [0x00000000f5c00000, 0x00000000f64346e0, 0x00000000f6434800, 0x00000000f66b0000)
 Metaspace       used 25633K, capacity 26382K, committed 26624K, reserved 1073152K
  class space    used 3280K, capacity 3481K, committed 3584K, reserved 1048576K
}
Event: 3.874 GC heap before
{Heap before GC invocations=52 (full 1):
 def new generation   total 4992K, used 4917K [0x00000000f0a00000, 0x00000000f0f60000, 0x00000000f5c00000)
  eden space 4480K, 100% used [0x00000000f0a00000, 0x00000000f0e60000, 0x00000000f0e60000)
  from space 512K,  85% used [0x00000000f0e60000, 0x00000000f0ecd4c0, 0x00000000f0ee0000)
  to   space 512K,   0% used [0x00000000f0ee0000, 0x00000000f0ee0000, 0x00000000f0f60000)
 tenured generation   total 10944K, used 8401K [0x00000000f5c00000, 0x00000000f66b0000, 0x0000000100000000)
   the space 10944K,  76% used [0x00000000f5c00000, 0x00000000f64346e0, 0x00000000f6434800, 0x00000000f66b0000)
 Metaspace       used 26580K, capacity 27314K, committed 27520K, reserved 1073152K
  class space    used 3392K, capacity 3593K, committed 3712K, reserved 1048576K
Event: 3.877 GC heap after
Heap after GC invocations=53 (full 1):
 def new generation   total 4992K, used 512K [0x00000000f0a00000, 0x00000000f0f60000, 0x00000000f5c00000)
  eden space 4480K,   0% used [0x00000000f0a00000, 0x00000000f0a00000, 0x00000000f0e60000)
  from space 512K, 100% used [0x00000000f0ee0000, 0x00000000f0f60000, 0x00000000f0f60000)
  to   space 512K,   0% used [0x00000000f0e60000, 0x00000000f0e60000, 0x00000000f0ee0000)
 tenured generation   total 10944K, used 8595K [0x00000000f5c00000, 0x00000000f66b0000, 0x0000000100000000)
   the space 10944K,  78% used [0x00000000f5c00000, 0x00000000f6464f38, 0x00000000f6465000, 0x00000000f66b0000)
 Metaspace       used 26580K, capacity 27314K, committed 27520K, reserved 1073152K
  class space    used 3392K, capacity 3593K, committed 3712K, reserved 1048576K
}
Event: 3.983 GC heap before
{Heap before GC invocations=53 (full 1):
 def new generation   total 4992K, used 4992K [0x00000000f0a00000, 0x00000000f0f60000, 0x00000000f5c00000)
  eden space 4480K, 100% used [0x00000000f0a00000, 0x00000000f0e60000, 0x00000000f0e60000)
  from space 512K, 100% used [0x00000000f0ee0000, 0x00000000f0f60000, 0x00000000f0f60000)
  to   space 512K,   0% used [0x00000000f0e60000, 0x00000000f0e60000, 0x00000000f0ee0000)
 tenured generation   total 10944K, used 8595K [0x00000000f5c00000, 0x00000000f66b0000, 0x0000000100000000)
   the space 10944K,  78% used [0x00000000f5c00000, 0x00000000f6464f38, 0x00000000f6465000, 0x00000000f66b0000)
 Metaspace       used 26809K, capacity 27566K, committed 27776K, reserved 1073152K
  class space    used 3412K, capacity 3603K, committed 3712K, reserved 1048576K
Event: 3.986 GC heap after
Heap after GC invocations=54 (full 1):
 def new generation   total 4992K, used 432K [0x00000000f0a00000, 0x00000000f0f60000, 0x00000000f5c00000)
  eden space 4480K,   0% used [0x00000000f0a00000, 0x00000000f0a00000, 0x00000000f0e60000)
  from space 512K,  84% used [0x00000000f0e60000, 0x00000000f0ecc218, 0x00000000f0ee0000)
  to   space 512K,   0% used [0x00000000f0ee0000, 0x00000000f0ee0000, 0x00000000f0f60000)
 tenured generation   total 10944K, used 8954K [0x00000000f5c00000, 0x00000000f66b0000, 0x0000000100000000)
   the space 10944K,  81% used [0x00000000f5c00000, 0x00000000f64bead8, 0x00000000f64bec00, 0x00000000f66b0000)
 Metaspace       used 26809K, capacity 27566K, committed 27776K, reserved 1073152K
  class space    used 3412K, capacity 3603K, committed 3712K, reserved 1048576K
}
Event: 4.079 GC heap before
{Heap before GC invocations=54 (full 1):
 def new generation   total 4992K, used 4912K [0x00000000f0a00000, 0x00000000f0f60000, 0x00000000f5c00000)
  eden space 4480K, 100% used [0x00000000f0a00000, 0x00000000f0e60000, 0x00000000f0e60000)
  from space 512K,  84% used [0x00000000f0e60000, 0x00000000f0ecc218, 0x00000000f0ee0000)
  to   space 512K,   0% used [0x00000000f0ee0000, 0x00000000f0ee0000, 0x00000000f0f60000)
 tenured generation   total 10944K, used 8954K [0x00000000f5c00000, 0x00000000f66b0000, 0x0000000100000000)
   the space 10944K,  81% used [0x00000000f5c00000, 0x00000000f64bead8, 0x00000000f64bec00, 0x00000000f66b0000)
 Metaspace       used 26955K, capacity 27716K, committed 28032K, reserved 1073152K
  class space    used 3431K, capacity 3644K, committed 3712K, reserved 1048576K
Event: 4.082 GC heap after
Heap after GC invocations=55 (full 1):
 def new generation   total 4992K, used 460K [0x00000000f0a00000, 0x00000000f0f60000, 0x00000000f5c00000)
  eden space 4480K,   0% used [0x00000000f0a00000, 0x00000000f0a00000, 0x00000000f0e60000)
  from space 512K,  89% used [0x00000000f0ee0000, 0x00000000f0f53060, 0x00000000f0f60000)
  to   space 512K,   0% used [0x00000000f0e60000, 0x00000000f0e60000, 0x00000000f0ee0000)
 tenured generation   total 10944K, used 9213K [0x00000000f5c00000, 0x00000000f66b0000, 0x0000000100000000)
   the space 10944K,  84% used [0x00000000f5c00000, 0x00000000f64ff4a8, 0x00000000f64ff600, 0x00000000f66b0000)
 Metaspace       used 26955K, capacity 27716K, committed 28032K, reserved 1073152K
  class space    used 3431K, capacity 3644K, committed 3712K, reserved 1048576K
}
Event: 4.175 GC heap before
{Heap before GC invocations=55 (full 1):
 def new generation   total 4992K, used 4940K [0x00000000f0a00000, 0x00000000f0f60000, 0x00000000f5c00000)
  eden space 4480K, 100% used [0x00000000f0a00000, 0x00000000f0e60000, 0x00000000f0e60000)
  from space 512K,  89% used [0x00000000f0ee0000, 0x00000000f0f53060, 0x00000000f0f60000)
  to   space 512K,   0% used [0x00000000f0e60000, 0x00000000f0e60000, 0x00000000f0ee0000)
 tenured generation   total 10944K, used 9213K [0x00000000f5c00000, 0x00000000f66b0000, 0x0000000100000000)
   the space 10944K,  84% used [0x00000000f5c00000, 0x00000000f64ff4a8, 0x00000000f64ff600, 0x00000000f66b0000)
 Metaspace       used 27064K, capacity 27860K, committed 28032K, reserved 1073152K
  class space    used 3439K, capacity 3648K, committed 3712K, reserved 1048576K
Event: 4.178 GC heap after
Heap after GC invocations=56 (full 1):
 def new generation   total 4992K, used 493K [0x00000000f0a00000, 0x00000000f0f60000, 0x00000000f5c00000)
  eden space 4480K,   0% used [0x00000000f0a00000, 0x00000000f0a00000, 0x00000000f0e60000)
  from space 512K,  96% used [0x00000000f0e60000, 0x00000000f0edb5a0, 0x00000000f0ee0000)
  to   space 512K,   0% used [0x00000000f0ee0000, 0x00000000f0ee0000, 0x00000000f0f60000)
 tenured generation   total 10944K, used 9461K [0x00000000f5c00000, 0x00000000f66b0000, 0x0000000100000000)
   the space 10944K,  86% used [0x00000000f5c00000, 0x00000000f653d7d8, 0x00000000f653d800, 0x00000000f66b0000)
 Metaspace       used 27064K, capacity 27860K, committed 28032K, reserved 1073152K
  class space    used 3439K, capacity 3648K, committed 3712K, reserved 1048576K
}
Event: 4.272 GC heap before
{Heap before GC invocations=56 (full 1):
 def new generation   total 4992K, used 4973K [0x00000000f0a00000, 0x00000000f0f60000, 0x00000000f5c00000)
  eden space 4480K, 100% used [0x00000000f0a00000, 0x00000000f0e60000, 0x00000000f0e60000)
  from space 512K,  96% used [0x00000000f0e60000, 0x00000000f0edb5a0, 0x00000000f0ee0000)
  to   space 512K,   0% used [0x00000000f0ee0000, 0x00000000f0ee0000, 0x00000000f0f60000)
 tenured generation   total 10944K, used 9461K [0x00000000f5c00000, 0x00000000f66b0000, 0x0000000100000000)
   the space 10944K,  86% used [0x00000000f5c00000, 0x00000000f653d7d8, 0x00000000f653d800, 0x00000000f66b0000)
 Metaspace       used 27331K, capacity 28172K, committed 28288K, reserved 1073152K
  class space    used 3467K, capacity 3684K, committed 3712K, reserved 1048576K
Event: 4.275 GC heap after
Heap after GC invocations=57 (full 1):
 def new generation   total 4992K, used 412K [0x00000000f0a00000, 0x00000000f0f60000, 0x00000000f5c00000)
  eden space 4480K,   0% used [0x00000000f0a00000, 0x00000000f0a00000, 0x00000000f0e60000)
  from space 512K,  80% used [0x00000000f0ee0000, 0x00000000f0f47318, 0x00000000f0f60000)
  to   space 512K,   0% used [0x00000000f0e60000, 0x00000000f0e60000, 0x00000000f0ee0000)
 tenured generation   total 10944K, used 9748K [0x00000000f5c00000, 0x00000000f66b0000, 0x0000000100000000)
   the space 10944K,  89% used [0x00000000f5c00000, 0x00000000f6585250, 0x00000000f6585400, 0x00000000f66b0000)
 Metaspace       used 27331K, capacity 28172K, committed 28288K, reserved 1073152K
  class space    used 3467K, capacity 3684K, committed 3712K, reserved 1048576K
}
Event: 4.362 GC heap before
{Heap before GC invocations=57 (full 1):
 def new generation   total 4992K, used 4892K [0x00000000f0a00000, 0x00000000f0f60000, 0x00000000f5c00000)
  eden space 4480K, 100% used [0x00000000f0a00000, 0x00000000f0e60000, 0x00000000f0e60000)
  from space 512K,  80% used [0x00000000f0ee0000, 0x00000000f0f47318, 0x00000000f0f60000)
  to   space 512K,   0% used [0x00000000f0e60000, 0x00000000f0e60000, 0x00000000f0ee0000)
 tenured generation   total 10944K, used 9748K [0x00000000f5c00000, 0x00000000f66b0000, 0x0000000100000000)
   the space 10944K,  89% used [0x00000000f5c00000, 0x00000000f6585250, 0x00000000f6585400, 0x00000000f66b0000)
 Metaspace       used 27935K, capacity 28754K, committed 28928K, reserved 1075200K
  class space    used 3545K, capacity 3749K, committed 3840K, reserved 1048576K
Event: 4.365 GC heap after
Heap after GC invocations=58 (full 1):
 def new generation   total 4992K, used 511K [0x00000000f0a00000, 0x00000000f0f60000, 0x00000000f5c00000)
  eden space 4480K,   0% used [0x00000000f0a00000, 0x00000000f0a00000, 0x00000000f0e60000)
  from space 512K,  99% used [0x00000000f0e60000, 0x00000000f0edff30, 0x00000000f0ee0000)
  to   space 512K,   0% used [0x00000000f0ee0000, 0x00000000f0ee0000, 0x00000000f0f60000)
 tenured generation   total 10944K, used 9979K [0x00000000f5c00000, 0x00000000f66b0000, 0x0000000100000000)
   the space 10944K,  91% used [0x00000000f5c00000, 0x00000000f65bee50, 0x00000000f65bf000, 0x00000000f66b0000)
 Metaspace       used 27935K, capacity 28754K, committed 28928K, reserved 1075200K
  class space    used 3545K, capacity 3749K, committed 3840K, reserved 1048576K
}
Event: 4.443 GC heap before
{Heap before GC invocations=58 (full 1):
 def new generation   total 4992K, used 4991K [0x00000000f0a00000, 0x00000000f0f60000, 0x00000000f5c00000)
  eden space 4480K, 100% used [0x00000000f0a00000, 0x00000000f0e60000, 0x00000000f0e60000)
  from space 512K,  99% used [0x00000000f0e60000, 0x00000000f0edff30, 0x00000000f0ee0000)
  to   space 512K,   0% used [0x00000000f0ee0000, 0x00000000f0ee0000, 0x00000000f0f60000)
 tenured generation   total 10944K, used 9979K [0x00000000f5c00000, 0x00000000f66b0000, 0x0000000100000000)
   the space 10944K,  91% used [0x00000000f5c00000, 0x00000000f65bee50, 0x00000000f65bf000, 0x00000000f66b0000)
 Metaspace       used 28268K, capacity 29048K, committed 29184K, reserved 1075200K
  class space    used 3589K, capacity 3782K, committed 3840K, reserved 1048576K
Event: 4.446 GC heap after
Heap after GC invocations=59 (full 1):
 def new generation   total 4992K, used 488K [0x00000000f0a00000, 0x00000000f0f60000, 0x00000000f5c00000)
  eden space 4480K,   0% used [0x00000000f0a00000, 0x00000000f0a00000, 0x00000000f0e60000)
  from space 512K,  95% used [0x00000000f0ee0000, 0x00000000f0f5a198, 0x00000000f0f60000)
  to   space 512K,   0% used [0x00000000f0e60000, 0x00000000f0e60000, 0x00000000f0ee0000)
 tenured generation   total 10944K, used 10306K [0x00000000f5c00000, 0x00000000f66b0000, 0x0000000100000000)
   the space 10944K,  94% used [0x00000000f5c00000, 0x00000000f6610ae0, 0x00000000f6610c00, 0x00000000f66b0000)
 Metaspace       used 28268K, capacity 29048K, committed 29184K, reserved 1075200K
  class space    used 3589K, capacity 3782K, committed 3840K, reserved 1048576K
}
Event: 4.529 GC heap before
{Heap before GC invocations=59 (full 1):
 def new generation   total 4992K, used 4968K [0x00000000f0a00000, 0x00000000f0f60000, 0x00000000f5c00000)
  eden space 4480K, 100% used [0x00000000f0a00000, 0x00000000f0e60000, 0x00000000f0e60000)
  from space 512K,  95% used [0x00000000f0ee0000, 0x00000000f0f5a198, 0x00000000f0f60000)
  to   space 512K,   0% used [0x00000000f0e60000, 0x00000000f0e60000, 0x00000000f0ee0000)
 tenured generation   total 10944K, used 10306K [0x00000000f5c00000, 0x00000000f66b0000, 0x0000000100000000)
   the space 10944K,  94% used [0x00000000f5c00000, 0x00000000f6610ae0, 0x00000000f6610c00, 0x00000000f66b0000)
 Metaspace       used 28383K, capacity 29212K, committed 29440K, reserved 1075200K
  class space    used 3607K, capacity 3830K, committed 3840K, reserved 1048576K
Event: 4.532 GC heap after
Heap after GC invocations=60 (full 1):
 def new generation   total 4992K, used 376K [0x00000000f0a00000, 0x00000000f0f60000, 0x00000000f5c00000)
  eden space 4480K,   0% used [0x00000000f0a00000, 0x00000000f0a00000, 0x00000000f0e60000)
  from space 512K,  73% used [0x00000000f0e60000, 0x00000000f0ebe300, 0x00000000f0ee0000)
  to   space 512K,   0% used [0x00000000f0ee0000, 0x00000000f0ee0000, 0x00000000f0f60000)
 tenured generation   total 10944K, used 10670K [0x00000000f5c00000, 0x00000000f66b0000, 0x0000000100000000)
   the space 10944K,  97% used [0x00000000f5c00000, 0x00000000f666bae8, 0x00000000f666bc00, 0x00000000f66b0000)
 Metaspace       used 28383K, capacity 29212K, committed 29440K, reserved 1075200K
  class space    used 3607K, capacity 3830K, committed 3840K, reserved 1048576K
}
Event: 4.602 GC heap before
{Heap before GC invocations=60 (full 1):
 def new generation   total 4992K, used 4856K [0x00000000f0a00000, 0x00000000f0f60000, 0x00000000f5c00000)
  eden space 4480K, 100% used [0x00000000f0a00000, 0x00000000f0e60000, 0x00000000f0e60000)
  from space 512K,  73% used [0x00000000f0e60000, 0x00000000f0ebe300, 0x00000000f0ee0000)
  to   space 512K,   0% used [0x00000000f0ee0000, 0x00000000f0ee0000, 0x00000000f0f60000)
 tenured generation   total 10944K, used 10670K [0x00000000f5c00000, 0x00000000f66b0000, 0x0000000100000000)
   the space 10944K,  97% used [0x00000000f5c00000, 0x00000000f666bae8, 0x00000000f666bc00, 0x00000000f66b0000)
 Metaspace       used 28474K, capacity 29346K, committed 29568K, reserved 1075200K
  class space    used 3626K, capacity 3847K, committed 3968K, reserved 1048576K
Event: 4.605 GC heap after
Heap after GC invocations=61 (full 1):
 def new generation   total 4992K, used 334K [0x00000000f0a00000, 0x00000000f0f60000, 0x00000000f5c00000)
  eden space 4480K,   0% used [0x00000000f0a00000, 0x00000000f0a00000, 0x00000000f0e60000)
  from space 512K,  65% used [0x00000000f0ee0000, 0x00000000f0f33808, 0x00000000f0f60000)
  to   space 512K,   0% used [0x00000000f0e60000, 0x00000000f0e60000, 0x00000000f0ee0000)
 tenured generation   total 10944K, used 10895K [0x00000000f5c00000, 0x00000000f66b0000, 0x0000000100000000)
   the space 10944K,  99% used [0x00000000f5c00000, 0x00000000f66a3dd8, 0x00000000f66a3e00, 0x00000000f66b0000)
 Metaspace       used 28474K, capacity 29346K, committed 29568K, reserved 1075200K
  class space    used 3626K, capacity 3847K, committed 3968K, reserved 1048576K
}
Event: 4.673 GC heap before
{Heap before GC invocations=61 (full 1):
 def new generation   total 4992K, used 4814K [0x00000000f0a00000, 0x00000000f0f60000, 0x00000000f5c00000)
  eden space 4480K, 100% used [0x00000000f0a00000, 0x00000000f0e60000, 0x00000000f0e60000)
  from space 512K,  65% used [0x00000000f0ee0000, 0x00000000f0f33808, 0x00000000f0f60000)
  to   space 512K,   0% used [0x00000000f0e60000, 0x00000000f0e60000, 0x00000000f0ee0000)
 tenured generation   total 10944K, used 10895K [0x00000000f5c00000, 0x00000000f66b0000, 0x0000000100000000)
   the space 10944K,  99% used [0x00000000f5c00000, 0x00000000f66a3dd8, 0x00000000f66a3e00, 0x00000000f66b0000)
 Metaspace       used 28625K, capacity 29542K, committed 29824K, reserved 1075200K
  class space    used 3651K, capacity 3887K, committed 3968K, reserved 1048576K
Event: 4.716 GC heap after
Heap after GC invocations=62 (full 2):
 def new generation   total 7488K, used 0K [0x00000000f0a00000, 0x00000000f1220000, 0x00000000f5c00000)
  eden space 6656K,   0% used [0x00000000f0a00000, 0x00000000f0a00000, 0x00000000f1080000)
  from space 832K,   0% used [0x00000000f1080000, 0x00000000f1080000, 0x00000000f1150000)
  to   space 832K,   0% used [0x00000000f1150000, 0x00000000f1150000, 0x00000000f1220000)
 tenured generation   total 16472K, used 9881K [0x00000000f5c00000, 0x00000000f6c16000, 0x0000000100000000)
   the space 16472K,  59% used [0x00000000f5c00000, 0x00000000f65a66a8, 0x00000000f65a6800, 0x00000000f6c16000)
 Metaspace       used 28625K, capacity 29542K, committed 29824K, reserved 1075200K
  class space    used 3651K, capacity 3887K, committed 3968K, reserved 1048576K
}
Event: 4.843 GC heap before
{Heap before GC invocations=62 (full 2):
 def new generation   total 7488K, used 6656K [0x00000000f0a00000, 0x00000000f1220000, 0x00000000f5c00000)
  eden space 6656K, 100% used [0x00000000f0a00000, 0x00000000f1080000, 0x00000000f1080000)
  from space 832K,   0% used [0x00000000f1080000, 0x00000000f1080000, 0x00000000f1150000)
  to   space 832K,   0% used [0x00000000f1150000, 0x00000000f1150000, 0x00000000f1220000)
 tenured generation   total 16472K, used 9881K [0x00000000f5c00000, 0x00000000f6c16000, 0x0000000100000000)
   the space 16472K,  59% used [0x00000000f5c00000, 0x00000000f65a66a8, 0x00000000f65a6800, 0x00000000f6c16000)
 Metaspace       used 29001K, capacity 29948K, committed 30208K, reserved 1075200K
  class space    used 3721K, capacity 3972K, committed 4096K, reserved 1048576K
Event: 4.847 GC heap after
Heap after GC invocations=63 (full 2):
 def new generation   total 7488K, used 692K [0x00000000f0a00000, 0x00000000f1220000, 0x00000000f5c00000)
  eden space 6656K,   0% used [0x00000000f0a00000, 0x00000000f0a00000, 0x00000000f1080000)
  from space 832K,  83% used [0x00000000f1150000, 0x00000000f11fd120, 0x00000000f1220000)
  to   space 832K,   0% used [0x00000000f1080000, 0x00000000f1080000, 0x00000000f1150000)
 tenured generation   total 16472K, used 9881K [0x00000000f5c00000, 0x00000000f6c16000, 0x0000000100000000)
   the space 16472K,  59% used [0x00000000f5c00000, 0x00000000f65a66a8, 0x00000000f65a6800, 0x00000000f6c16000)
 Metaspace       used 29001K, capacity 29948K, committed 30208K, reserved 1075200K
  class space    used 3721K, capacity 3972K, committed 4096K, reserved 1048576K
}
Event: 4.960 GC heap before
{Heap before GC invocations=63 (full 2):
 def new generation   total 7488K, used 7348K [0x00000000f0a00000, 0x00000000f1220000, 0x00000000f5c00000)
  eden space 6656K, 100% used [0x00000000f0a00000, 0x00000000f1080000, 0x00000000f1080000)
  from space 832K,  83% used [0x00000000f1150000, 0x00000000f11fd120, 0x00000000f1220000)
  to   space 832K,   0% used [0x00000000f1080000, 0x00000000f1080000, 0x00000000f1150000)
 tenured generation   total 16472K, used 9881K [0x00000000f5c00000, 0x00000000f6c16000, 0x0000000100000000)
   the space 16472K,  59% used [0x00000000f5c00000, 0x00000000f65a66a8, 0x00000000f65a6800, 0x00000000f6c16000)
 Metaspace       used 29591K, capacity 30598K, committed 30720K, reserved 1075200K
  class space    used 3790K, capacity 4037K, committed 4096K, reserved 1048576K
Event: 4.967 GC heap after
Heap after GC invocations=64 (full 2):
 def new generation   total 7488K, used 831K [0x00000000f0a00000, 0x00000000f1220000, 0x00000000f5c00000)
  eden space 6656K,   0% used [0x00000000f0a00000, 0x00000000f0a00000, 0x00000000f1080000)
  from space 832K,  99% used [0x00000000f1080000, 0x00000000f114ff00, 0x00000000f1150000)
  to   space 832K,   0% used [0x00000000f1150000, 0x00000000f1150000, 0x00000000f1220000)
 tenured generation   total 16472K, used 10199K [0x00000000f5c00000, 0x00000000f6c16000, 0x0000000100000000)
   the space 16472K,  61% used [0x00000000f5c00000, 0x00000000f65f5d40, 0x00000000f65f5e00, 0x00000000f6c16000)
 Metaspace       used 29591K, capacity 30598K, committed 30720K, reserved 1075200K
  class space    used 3790K, capacity 4037K, committed 4096K, reserved 1048576K
}
Event: 5.112 GC heap before
{Heap before GC invocations=64 (full 2):
 def new generation   total 7488K, used 7487K [0x00000000f0a00000, 0x00000000f1220000, 0x00000000f5c00000)
  eden space 6656K, 100% used [0x00000000f0a00000, 0x00000000f1080000, 0x00000000f1080000)
  from space 832K,  99% used [0x00000000f1080000, 0x00000000f114ff00, 0x00000000f1150000)
  to   space 832K,   0% used [0x00000000f1150000, 0x00000000f1150000, 0x00000000f1220000)
 tenured generation   total 16472K, used 10199K [0x00000000f5c00000, 0x00000000f6c16000, 0x0000000100000000)
   the space 16472K,  61% used [0x00000000f5c00000, 0x00000000f65f5d40, 0x00000000f65f5e00, 0x00000000f6c16000)
 Metaspace       used 30009K, capacity 31022K, committed 31360K, reserved 1077248K
  class space    used 3856K, capacity 4111K, committed 4224K, reserved 1048576K
Event: 5.115 GC heap after
Heap after GC invocations=65 (full 2):
 def new generation   total 7488K, used 647K [0x00000000f0a00000, 0x00000000f1220000, 0x00000000f5c00000)
  eden space 6656K,   0% used [0x00000000f0a00000, 0x00000000f0a00000, 0x00000000f1080000)
  from space 832K,  77% used [0x00000000f1150000, 0x00000000f11f1d90, 0x00000000f1220000)
  to   space 832K,   0% used [0x00000000f1080000, 0x00000000f1080000, 0x00000000f1150000)
 tenured generation   total 16472K, used 10442K [0x00000000f5c00000, 0x00000000f6c16000, 0x0000000100000000)
   the space 16472K,  63% used [0x00000000f5c00000, 0x00000000f6632a90, 0x00000000f6632c00, 0x00000000f6c16000)
 Metaspace       used 30009K, capacity 31022K, committed 31360K, reserved 1077248K
  class space    used 3856K, capacity 4111K, committed 4224K, reserved 1048576K
}
Event: 5.275 GC heap before
{Heap before GC invocations=65 (full 2):
 def new generation   total 7488K, used 7303K [0x00000000f0a00000, 0x00000000f1220000, 0x00000000f5c00000)
  eden space 6656K, 100% used [0x00000000f0a00000, 0x00000000f1080000, 0x00000000f1080000)
  from space 832K,  77% used [0x00000000f1150000, 0x00000000f11f1d90, 0x00000000f1220000)
  to   space 832K,   0% used [0x00000000f1080000, 0x00000000f1080000, 0x00000000f1150000)
 tenured generation   total 16472K, used 10442K [0x00000000f5c00000, 0x00000000f6c16000, 0x0000000100000000)
   the space 16472K,  63% used [0x00000000f5c00000, 0x00000000f6632a90, 0x00000000f6632c00, 0x00000000f6c16000)
 Metaspace       used 30512K, capacity 31634K, committed 31872K, reserved 1077248K
  class space    used 3928K, capacity 4183K, committed 4224K, reserved 1048576K
Event: 5.278 GC heap after
Heap after GC invocations=66 (full 2):
 def new generation   total 7488K, used 518K [0x00000000f0a00000, 0x00000000f1220000, 0x00000000f5c00000)
  eden space 6656K,   0% used [0x00000000f0a00000, 0x00000000f0a00000, 0x00000000f1080000)
  from space 832K,  62% used [0x00000000f1080000, 0x00000000f1101bd0, 0x00000000f1150000)
  to   space 832K,   0% used [0x00000000f1150000, 0x00000000f1150000, 0x00000000f1220000)
 tenured generation   total 16472K, used 10671K [0x00000000f5c00000, 0x00000000f6c16000, 0x0000000100000000)
   the space 16472K,  64% used [0x00000000f5c00000, 0x00000000f666bdd0, 0x00000000f666be00, 0x00000000f6c16000)
 Metaspace       used 30512K, capacity 31634K, committed 31872K, reserved 1077248K
  class space    used 3928K, capacity 4183K, committed 4224K, reserved 1048576K
}
Event: 5.444 GC heap before
{Heap before GC invocations=66 (full 2):
 def new generation   total 7488K, used 7174K [0x00000000f0a00000, 0x00000000f1220000, 0x00000000f5c00000)
  eden space 6656K, 100% used [0x00000000f0a00000, 0x00000000f1080000, 0x00000000f1080000)
  from space 832K,  62% used [0x00000000f1080000, 0x00000000f1101bd0, 0x00000000f1150000)
  to   space 832K,   0% used [0x00000000f1150000, 0x00000000f1150000, 0x00000000f1220000)
 tenured generation   total 16472K, used 10671K [0x00000000f5c00000, 0x00000000f6c16000, 0x0000000100000000)
   the space 16472K,  64% used [0x00000000f5c00000, 0x00000000f666bdd0, 0x00000000f666be00, 0x00000000f6c16000)
 Metaspace       used 30847K, capacity 32006K, committed 32256K, reserved 1077248K
  class space    used 3987K, capacity 4267K, committed 4352K, reserved 1048576K
Event: 5.447 GC heap after
Heap after GC invocations=67 (full 2):
 def new generation   total 7488K, used 588K [0x00000000f0a00000, 0x00000000f1220000, 0x00000000f5c00000)
  eden space 6656K,   0% used [0x00000000f0a00000, 0x00000000f0a00000, 0x00000000f1080000)
  from space 832K,  70% used [0x00000000f1150000, 0x00000000f11e3238, 0x00000000f1220000)
  to   space 832K,   0% used [0x00000000f1080000, 0x00000000f1080000, 0x00000000f1150000)
 tenured generation   total 16472K, used 10846K [0x00000000f5c00000, 0x00000000f6c16000, 0x0000000100000000)
   the space 16472K,  65% used [0x00000000f5c00000, 0x00000000f6697910, 0x00000000f6697a00, 0x00000000f6c16000)
 Metaspace       used 30847K, capacity 32006K, committed 32256K, reserved 1077248K
  class space    used 3987K, capacity 4267K, committed 4352K, reserved 1048576K
}
Event: 5.593 GC heap before
{Heap before GC invocations=67 (full 2):
 def new generation   total 7488K, used 7244K [0x00000000f0a00000, 0x00000000f1220000, 0x00000000f5c00000)
  eden space 6656K, 100% used [0x00000000f0a00000, 0x00000000f1080000, 0x00000000f1080000)
  from space 832K,  70% used [0x00000000f1150000, 0x00000000f11e3238, 0x00000000f1220000)
  to   space 832K,   0% used [0x00000000f1080000, 0x00000000f1080000, 0x00000000f1150000)
 tenured generation   total 16472K, used 10846K [0x00000000f5c00000, 0x00000000f6c16000, 0x0000000100000000)
   the space 16472K,  65% used [0x00000000f5c00000, 0x00000000f6697910, 0x00000000f6697a00, 0x00000000f6c16000)
 Metaspace       used 31194K, capacity 32358K, committed 32512K, reserved 1077248K
  class space    used 4037K, capacity 4299K, committed 4352K, reserved 1048576K
Event: 5.597 GC heap after
Heap after GC invocations=68 (full 2):
 def new generation   total 7488K, used 625K [0x00000000f0a00000, 0x00000000f1220000, 0x00000000f5c00000)
  eden space 6656K,   0% used [0x00000000f0a00000, 0x00000000f0a00000, 0x00000000f1080000)
  from space 832K,  75% used [0x00000000f1080000, 0x00000000f111c5a8, 0x00000000f1150000)
  to   space 832K,   0% used [0x00000000f1150000, 0x00000000f1150000, 0x00000000f1220000)
 tenured generation   total 16472K, used 11152K [0x00000000f5c00000, 0x00000000f6c16000, 0x0000000100000000)
   the space 16472K,  67% used [0x00000000f5c00000, 0x00000000f66e4330, 0x00000000f66e4400, 0x00000000f6c16000)
 Metaspace       used 31194K, capacity 32358K, committed 32512K, reserved 1077248K
  class space    used 4037K, capacity 4299K, committed 4352K, reserved 1048576K
}
Event: 5.724 GC heap before
{Heap before GC invocations=68 (full 2):
 def new generation   total 7488K, used 7281K [0x00000000f0a00000, 0x00000000f1220000, 0x00000000f5c00000)
  eden space 6656K, 100% used [0x00000000f0a00000, 0x00000000f1080000, 0x00000000f1080000)
  from space 832K,  75% used [0x00000000f1080000, 0x00000000f111c5a8, 0x00000000f1150000)
  to   space 832K,   0% used [0x00000000f1150000, 0x00000000f1150000, 0x00000000f1220000)
 tenured generation   total 16472K, used 11152K [0x00000000f5c00000, 0x00000000f6c16000, 0x0000000100000000)
   the space 16472K,  67% used [0x00000000f5c00000, 0x00000000f66e4330, 0x00000000f66e4400, 0x00000000f6c16000)
 Metaspace       used 31793K, capacity 33030K, committed 33152K, reserved 1077248K
  class space    used 4121K, capacity 4395K, committed 4480K, reserved 1048576K
Event: 5.728 GC heap after
Heap after GC invocations=69 (full 2):
 def new generation   total 7488K, used 692K [0x00000000f0a00000, 0x00000000f1220000, 0x00000000f5c00000)
  eden space 6656K,   0% used [0x00000000f0a00000, 0x00000000f0a00000, 0x00000000f1080000)
  from space 832K,  83% used [0x00000000f1150000, 0x00000000f11fd228, 0x00000000f1220000)
  to   space 832K,   0% used [0x00000000f1080000, 0x00000000f1080000, 0x00000000f1150000)
 tenured generation   total 16472K, used 11380K [0x00000000f5c00000, 0x00000000f6c16000, 0x0000000100000000)
   the space 16472K,  69% used [0x00000000f5c00000, 0x00000000f671d2f0, 0x00000000f671d400, 0x00000000f6c16000)
 Metaspace       used 31793K, capacity 33030K, committed 33152K, reserved 1077248K
  class space    used 4121K, capacity 4395K, committed 4480K, reserved 1048576K
}
Event: 5.932 GC heap before
{Heap before GC invocations=69 (full 2):
 def new generation   total 7488K, used 7348K [0x00000000f0a00000, 0x00000000f1220000, 0x00000000f5c00000)
  eden space 6656K, 100% used [0x00000000f0a00000, 0x00000000f1080000, 0x00000000f1080000)
  from space 832K,  83% used [0x00000000f1150000, 0x00000000f11fd228, 0x00000000f1220000)
  to   space 832K,   0% used [0x00000000f1080000, 0x00000000f1080000, 0x00000000f1150000)
 tenured generation   total 16472K, used 11380K [0x00000000f5c00000, 0x00000000f6c16000, 0x0000000100000000)
   the space 16472K,  69% used [0x00000000f5c00000, 0x00000000f671d2f0, 0x00000000f671d400, 0x00000000f6c16000)
 Metaspace       used 32301K, capacity 33462K, committed 33664K, reserved 1079296K
  class space    used 4174K, capacity 4429K, committed 4480K, reserved 1048576K
Event: 5.935 GC heap after
Heap after GC invocations=70 (full 2):
 def new generation   total 7488K, used 672K [0x00000000f0a00000, 0x00000000f1220000, 0x00000000f5c00000)
  eden space 6656K,   0% used [0x00000000f0a00000, 0x00000000f0a00000, 0x00000000f1080000)
  from space 832K,  80% used [0x00000000f1080000, 0x00000000f11281d8, 0x00000000f1150000)
  to   space 832K,   0% used [0x00000000f1150000, 0x00000000f1150000, 0x00000000f1220000)
 tenured generation   total 16472K, used 11570K [0x00000000f5c00000, 0x00000000f6c16000, 0x0000000100000000)
   the space 16472K,  70% used [0x00000000f5c00000, 0x00000000f674cbd0, 0x00000000f674cc00, 0x00000000f6c16000)
 Metaspace       used 32301K, capacity 33462K, committed 33664K, reserved 1079296K
  class space    used 4174K, capacity 4429K, committed 4480K, reserved 1048576K
}
Event: 6.088 GC heap before
{Heap before GC invocations=70 (full 2):
 def new generation   total 7488K, used 7328K [0x00000000f0a00000, 0x00000000f1220000, 0x00000000f5c00000)
  eden space 6656K, 100% used [0x00000000f0a00000, 0x00000000f1080000, 0x00000000f1080000)
  from space 832K,  80% used [0x00000000f1080000, 0x00000000f11281d8, 0x00000000f1150000)
  to   space 832K,   0% used [0x00000000f1150000, 0x00000000f1150000, 0x00000000f1220000)
 tenured generation   total 16472K, used 11570K [0x00000000f5c00000, 0x00000000f6c16000, 0x0000000100000000)
   the space 16472K,  70% used [0x00000000f5c00000, 0x00000000f674cbd0, 0x00000000f674cc00, 0x00000000f6c16000)
 Metaspace       used 32651K, capacity 33814K, committed 33920K, reserved 1079296K
  class space    used 4205K, capacity 4461K, committed 4480K, reserved 1048576K
Event: 6.091 GC heap after
Heap after GC invocations=71 (full 2):
 def new generation   total 7488K, used 329K [0x00000000f0a00000, 0x00000000f1220000, 0x00000000f5c00000)
  eden space 6656K,   0% used [0x00000000f0a00000, 0x00000000f0a00000, 0x00000000f1080000)
  from space 832K,  39% used [0x00000000f1150000, 0x00000000f11a2708, 0x00000000f1220000)
  to   space 832K,   0% used [0x00000000f1080000, 0x00000000f1080000, 0x00000000f1150000)
 tenured generation   total 16472K, used 11822K [0x00000000f5c00000, 0x00000000f6c16000, 0x0000000100000000)
   the space 16472K,  71% used [0x00000000f5c00000, 0x00000000f678bb48, 0x00000000f678bc00, 0x00000000f6c16000)
 Metaspace       used 32651K, capacity 33814K, committed 33920K, reserved 1079296K
  class space    used 4205K, capacity 4461K, committed 4480K, reserved 1048576K
}
Event: 6.235 GC heap before
{Heap before GC invocations=71 (full 2):
 def new generation   total 7488K, used 6985K [0x00000000f0a00000, 0x00000000f1220000, 0x00000000f5c00000)
  eden space 6656K, 100% used [0x00000000f0a00000, 0x00000000f1080000, 0x00000000f1080000)
  from space 832K,  39% used [0x00000000f1150000, 0x00000000f11a2708, 0x00000000f1220000)
  to   space 832K,   0% used [0x00000000f1080000, 0x00000000f1080000, 0x00000000f1150000)
 tenured generation   total 16472K, used 11822K [0x00000000f5c00000, 0x00000000f6c16000, 0x0000000100000000)
   the space 16472K,  71% used [0x00000000f5c00000, 0x00000000f678bb48, 0x00000000f678bc00, 0x00000000f6c16000)
 Metaspace       used 32985K, capacity 34150K, committed 34304K, reserved 1079296K
  class space    used 4242K, capacity 4501K, committed 4608K, reserved 1048576K
Event: 6.238 GC heap after
Heap after GC invocations=72 (full 2):
 def new generation   total 7488K, used 831K [0x00000000f0a00000, 0x00000000f1220000, 0x00000000f5c00000)
  eden space 6656K,   0% used [0x00000000f0a00000, 0x00000000f0a00000, 0x00000000f1080000)
  from space 832K,  99% used [0x00000000f1080000, 0x00000000f114ffd8, 0x00000000f1150000)
  to   space 832K,   0% used [0x00000000f1150000, 0x00000000f1150000, 0x00000000f1220000)
 tenured generation   total 16472K, used 11839K [0x00000000f5c00000, 0x00000000f6c16000, 0x0000000100000000)
   the space 16472K,  71% used [0x00000000f5c00000, 0x00000000f678ff28, 0x00000000f6790000, 0x00000000f6c16000)
 Metaspace       used 32985K, capacity 34150K, committed 34304K, reserved 1079296K
  class space    used 4242K, capacity 4501K, committed 4608K, reserved 1048576K
}
Event: 6.374 GC heap before
{Heap before GC invocations=72 (full 2):
 def new generation   total 7488K, used 7487K [0x00000000f0a00000, 0x00000000f1220000, 0x00000000f5c00000)
  eden space 6656K, 100% used [0x00000000f0a00000, 0x00000000f1080000, 0x00000000f1080000)
  from space 832K,  99% used [0x00000000f1080000, 0x00000000f114ffd8, 0x00000000f1150000)
  to   space 832K,   0% used [0x00000000f1150000, 0x00000000f1150000, 0x00000000f1220000)
 tenured generation   total 16472K, used 11839K [0x00000000f5c00000, 0x00000000f6c16000, 0x0000000100000000)
   the space 16472K,  71% used [0x00000000f5c00000, 0x00000000f678ff28, 0x00000000f6790000, 0x00000000f6c16000)
 Metaspace       used 33286K, capacity 34530K, committed 34816K, reserved 1079296K
  class space    used 4284K, capacity 4547K, committed 4608K, reserved 1048576K
Event: 6.380 GC heap after
Heap after GC invocations=73 (full 2):
 def new generation   total 7488K, used 823K [0x00000000f0a00000, 0x00000000f1220000, 0x00000000f5c00000)
  eden space 6656K,   0% used [0x00000000f0a00000, 0x00000000f0a00000, 0x00000000f1080000)
  from space 832K,  98% used [0x00000000f1150000, 0x00000000f121de68, 0x00000000f1220000)
  to   space 832K,   0% used [0x00000000f1080000, 0x00000000f1080000, 0x00000000f1150000)
 tenured generation   total 16472K, used 12523K [0x00000000f5c00000, 0x00000000f6c16000, 0x0000000100000000)
   the space 16472K,  76% used [0x00000000f5c00000, 0x00000000f683ae88, 0x00000000f683b000, 0x00000000f6c16000)
 Metaspace       used 33286K, capacity 34530K, committed 34816K, reserved 1079296K
  class space    used 4284K, capacity 4547K, committed 4608K, reserved 1048576K
}
Event: 6.472 GC heap before
{Heap before GC invocations=73 (full 2):
 def new generation   total 7488K, used 7479K [0x00000000f0a00000, 0x00000000f1220000, 0x00000000f5c00000)
  eden space 6656K, 100% used [0x00000000f0a00000, 0x00000000f1080000, 0x00000000f1080000)
  from space 832K,  98% used [0x00000000f1150000, 0x00000000f121de68, 0x00000000f1220000)
  to   space 832K,   0% used [0x00000000f1080000, 0x00000000f1080000, 0x00000000f1150000)
 tenured generation   total 16472K, used 12523K [0x00000000f5c00000, 0x00000000f6c16000, 0x0000000100000000)
   the space 16472K,  76% used [0x00000000f5c00000, 0x00000000f683ae88, 0x00000000f683b000, 0x00000000f6c16000)
 Metaspace       used 33471K, capacity 34708K, committed 34816K, reserved 1079296K
  class space    used 4318K, capacity 4584K, committed 4608K, reserved 1048576K
Event: 6.477 GC heap after
Heap after GC invocations=74 (full 2):
 def new generation   total 7488K, used 323K [0x00000000f0a00000, 0x00000000f1220000, 0x00000000f5c00000)
  eden space 6656K,   0% used [0x00000000f0a00000, 0x00000000f0a00000, 0x00000000f1080000)
  from space 832K,  38% used [0x00000000f1080000, 0x00000000f10d0cb8, 0x00000000f1150000)
  to   space 832K,   0% used [0x00000000f1150000, 0x00000000f1150000, 0x00000000f1220000)
 tenured generation   total 16472K, used 13161K [0x00000000f5c00000, 0x00000000f6c16000, 0x0000000100000000)
   the space 16472K,  79% used [0x00000000f5c00000, 0x00000000f68da630, 0x00000000f68da800, 0x00000000f6c16000)
 Metaspace       used 33471K, capacity 34708K, committed 34816K, reserved 1079296K
  class space    used 4318K, capacity 4584K, committed 4608K, reserved 1048576K
}
Event: 6.562 GC heap before
{Heap before GC invocations=74 (full 2):
 def new generation   total 7488K, used 6979K [0x00000000f0a00000, 0x00000000f1220000, 0x00000000f5c00000)
  eden space 6656K, 100% used [0x00000000f0a00000, 0x00000000f1080000, 0x00000000f1080000)
  from space 832K,  38% used [0x00000000f1080000, 0x00000000f10d0cb8, 0x00000000f1150000)
  to   space 832K,   0% used [0x00000000f1150000, 0x00000000f1150000, 0x00000000f1220000)
 tenured generation   total 16472K, used 13161K [0x00000000f5c00000, 0x00000000f6c16000, 0x0000000100000000)
   the space 16472K,  79% used [0x00000000f5c00000, 0x00000000f68da630, 0x00000000f68da800, 0x00000000f6c16000)
 Metaspace       used 33579K, capacity 34880K, committed 35200K, reserved 1079296K
  class space    used 4334K, capacity 4618K, committed 4736K, reserved 1048576K
Event: 6.565 GC heap after
Heap after GC invocations=75 (full 2):
 def new generation   total 7488K, used 375K [0x00000000f0a00000, 0x00000000f1220000, 0x00000000f5c00000)
  eden space 6656K,   0% used [0x00000000f0a00000, 0x00000000f0a00000, 0x00000000f1080000)
  from space 832K,  45% used [0x00000000f1150000, 0x00000000f11adce8, 0x00000000f1220000)
  to   space 832K,   0% used [0x00000000f1080000, 0x00000000f1080000, 0x00000000f1150000)
 tenured generation   total 16472K, used 13161K [0x00000000f5c00000, 0x00000000f6c16000, 0x0000000100000000)
   the space 16472K,  79% used [0x00000000f5c00000, 0x00000000f68da630, 0x00000000f68da800, 0x00000000f6c16000)
 Metaspace       used 33579K, capacity 34880K, committed 35200K, reserved 1079296K
  class space    used 4334K, capacity 4618K, committed 4736K, reserved 1048576K
}
Event: 6.686 GC heap before
{Heap before GC invocations=75 (full 2):
 def new generation   total 7488K, used 7031K [0x00000000f0a00000, 0x00000000f1220000, 0x00000000f5c00000)
  eden space 6656K, 100% used [0x00000000f0a00000, 0x00000000f1080000, 0x00000000f1080000)
  from space 832K,  45% used [0x00000000f1150000, 0x00000000f11adce8, 0x00000000f1220000)
  to   space 832K,   0% used [0x00000000f1080000, 0x00000000f1080000, 0x00000000f1150000)
 tenured generation   total 16472K, used 13161K [0x00000000f5c00000, 0x00000000f6c16000, 0x0000000100000000)
   the space 16472K,  79% used [0x00000000f5c00000, 0x00000000f68da630, 0x00000000f68da800, 0x00000000f6c16000)
 Metaspace       used 33703K, capacity 34972K, committed 35200K, reserved 1079296K
  class space    used 4354K, capacity 4622K, committed 4736K, reserved 1048576K
Event: 6.689 GC heap after
Heap after GC invocations=76 (full 2):
 def new generation   total 7488K, used 660K [0x00000000f0a00000, 0x00000000f1220000, 0x00000000f5c00000)
  eden space 6656K,   0% used [0x00000000f0a00000, 0x00000000f0a00000, 0x00000000f1080000)
  from space 832K,  79% used [0x00000000f1080000, 0x00000000f1125118, 0x00000000f1150000)
  to   space 832K,   0% used [0x00000000f1150000, 0x00000000f1150000, 0x00000000f1220000)
 tenured generation   total 16472K, used 13161K [0x00000000f5c00000, 0x00000000f6c16000, 0x0000000100000000)
   the space 16472K,  79% used [0x00000000f5c00000, 0x00000000f68da630, 0x00000000f68da800, 0x00000000f6c16000)
 Metaspace       used 33703K, capacity 34972K, committed 35200K, reserved 1079296K
  class space    used 4354K, capacity 4622K, committed 4736K, reserved 1048576K
}
Event: 6.796 GC heap before
{Heap before GC invocations=76 (full 2):
 def new generation   total 7488K, used 7316K [0x00000000f0a00000, 0x00000000f1220000, 0x00000000f5c00000)
  eden space 6656K, 100% used [0x00000000f0a00000, 0x00000000f1080000, 0x00000000f1080000)
  from space 832K,  79% used [0x00000000f1080000, 0x00000000f1125118, 0x00000000f1150000)
  to   space 832K,   0% used [0x00000000f1150000, 0x00000000f1150000, 0x00000000f1220000)
 tenured generation   total 16472K, used 13161K [0x00000000f5c00000, 0x00000000f6c16000, 0x0000000100000000)
   the space 16472K,  79% used [0x00000000f5c00000, 0x00000000f68da630, 0x00000000f68da800, 0x00000000f6c16000)
 Metaspace       used 33877K, capacity 35132K, committed 35456K, reserved 1079296K
  class space    used 4382K, capacity 4654K, committed 4736K, reserved 1048576K
Event: 6.801 GC heap after
Heap after GC invocations=77 (full 2):
 def new generation   total 7488K, used 649K [0x00000000f0a00000, 0x00000000f1220000, 0x00000000f5c00000)
  eden space 6656K,   0% used [0x00000000f0a00000, 0x00000000f0a00000, 0x00000000f1080000)
  from space 832K,  78% used [0x00000000f1150000, 0x00000000f11f24d8, 0x00000000f1220000)
  to   space 832K,   0% used [0x00000000f1080000, 0x00000000f1080000, 0x00000000f1150000)
 tenured generation   total 16472K, used 13470K [0x00000000f5c00000, 0x00000000f6c16000, 0x0000000100000000)
   the space 16472K,  81% used [0x00000000f5c00000, 0x00000000f6927818, 0x00000000f6927a00, 0x00000000f6c16000)
 Metaspace       used 33877K, capacity 35132K, committed 35456K, reserved 1079296K
  class space    used 4382K, capacity 4654K, committed 4736K, reserved 1048576K
}
Event: 6.999 GC heap before
{Heap before GC invocations=77 (full 2):
 def new generation   total 7488K, used 7305K [0x00000000f0a00000, 0x00000000f1220000, 0x00000000f5c00000)
  eden space 6656K, 100% used [0x00000000f0a00000, 0x00000000f1080000, 0x00000000f1080000)
  from space 832K,  78% used [0x00000000f1150000, 0x00000000f11f24d8, 0x00000000f1220000)
  to   space 832K,   0% used [0x00000000f1080000, 0x00000000f1080000, 0x00000000f1150000)
 tenured generation   total 16472K, used 13470K [0x00000000f5c00000, 0x00000000f6c16000, 0x0000000100000000)
   the space 16472K,  81% used [0x00000000f5c00000, 0x00000000f6927818, 0x00000000f6927a00, 0x00000000f6c16000)
 Metaspace       used 34272K, capacity 35636K, committed 35712K, reserved 1081344K
  class space    used 4423K, capacity 4730K, committed 4736K, reserved 1048576K
Event: 7.004 GC heap after
Heap after GC invocations=78 (full 2):
 def new generation   total 7488K, used 831K [0x00000000f0a00000, 0x00000000f1220000, 0x00000000f5c00000)
  eden space 6656K,   0% used [0x00000000f0a00000, 0x00000000f0a00000, 0x00000000f1080000)
  from space 832K,  99% used [0x00000000f1080000, 0x00000000f114fe80, 0x00000000f1150000)
  to   space 832K,   0% used [0x00000000f1150000, 0x00000000f1150000, 0x00000000f1220000)
 tenured generation   total 16472K, used 13775K [0x00000000f5c00000, 0x00000000f6c16000, 0x0000000100000000)
   the space 16472K,  83% used [0x00000000f5c00000, 0x00000000f6973fd0, 0x00000000f6974000, 0x00000000f6c16000)
 Metaspace       used 34272K, capacity 35636K, committed 35712K, reserved 1081344K
  class space    used 4423K, capacity 4730K, committed 4736K, reserved 1048576K
}
Event: 7.121 GC heap before
{Heap before GC invocations=78 (full 2):
 def new generation   total 7488K, used 7487K [0x00000000f0a00000, 0x00000000f1220000, 0x00000000f5c00000)
  eden space 6656K, 100% used [0x00000000f0a00000, 0x00000000f1080000, 0x00000000f1080000)
  from space 832K,  99% used [0x00000000f1080000, 0x00000000f114fe80, 0x00000000f1150000)
  to   space 832K,   0% used [0x00000000f1150000, 0x00000000f1150000, 0x00000000f1220000)
 tenured generation   total 16472K, used 13775K [0x00000000f5c00000, 0x00000000f6c16000, 0x0000000100000000)
   the space 16472K,  83% used [0x00000000f5c00000, 0x00000000f6973fd0, 0x00000000f6974000, 0x00000000f6c16000)
 Metaspace       used 34398K, capacity 35728K, committed 35968K, reserved 1081344K
  class space    used 4443K, capacity 4736K, committed 4736K, reserved 1048576K
Event: 7.126 GC heap after
Heap after GC invocations=79 (full 2):
 def new generation   total 7488K, used 198K [0x00000000f0a00000, 0x00000000f1220000, 0x00000000f5c00000)
  eden space 6656K,   0% used [0x00000000f0a00000, 0x00000000f0a00000, 0x00000000f1080000)
  from space 832K,  23% used [0x00000000f1150000, 0x00000000f11818f0, 0x00000000f1220000)
  to   space 832K,   0% used [0x00000000f1080000, 0x00000000f1080000, 0x00000000f1150000)
 tenured generation   total 16472K, used 14484K [0x00000000f5c00000, 0x00000000f6c16000, 0x0000000100000000)
   the space 16472K,  87% used [0x00000000f5c00000, 0x00000000f6a25220, 0x00000000f6a25400, 0x00000000f6c16000)
 Metaspace       used 34398K, capacity 35728K, committed 35968K, reserved 1081344K
  class space    used 4443K, capacity 4736K, committed 4736K, reserved 1048576K
}
Event: 7.256 GC heap before
{Heap before GC invocations=79 (full 2):
 def new generation   total 7488K, used 6854K [0x00000000f0a00000, 0x00000000f1220000, 0x00000000f5c00000)
  eden space 6656K, 100% used [0x00000000f0a00000, 0x00000000f1080000, 0x00000000f1080000)
  from space 832K,  23% used [0x00000000f1150000, 0x00000000f11818f0, 0x00000000f1220000)
  to   space 832K,   0% used [0x00000000f1080000, 0x00000000f1080000, 0x00000000f1150000)
 tenured generation   total 16472K, used 14484K [0x00000000f5c00000, 0x00000000f6c16000, 0x0000000100000000)
   the space 16472K,  87% used [0x00000000f5c00000, 0x00000000f6a25220, 0x00000000f6a25400, 0x00000000f6c16000)
 Metaspace       used 35783K, capacity 37176K, committed 37504K, reserved 1081344K
  class space    used 4586K, capacity 4898K, committed 4992K, reserved 1048576K
Event: 7.260 GC heap after
Heap after GC invocations=80 (full 2):
 def new generation   total 7488K, used 832K [0x00000000f0a00000, 0x00000000f1220000, 0x00000000f5c00000)
  eden space 6656K,   0% used [0x00000000f0a00000, 0x00000000f0a00000, 0x00000000f1080000)
  from space 832K, 100% used [0x00000000f1080000, 0x00000000f1150000, 0x00000000f1150000)
  to   space 832K,   0% used [0x00000000f1150000, 0x00000000f1150000, 0x00000000f1220000)
 tenured generation   total 16472K, used 14866K [0x00000000f5c00000, 0x00000000f6c16000, 0x0000000100000000)
   the space 16472K,  90% used [0x00000000f5c00000, 0x00000000f6a84928, 0x00000000f6a84a00, 0x00000000f6c16000)
 Metaspace       used 35783K, capacity 37176K, committed 37504K, reserved 1081344K
  class space    used 4586K, capacity 4898K, committed 4992K, reserved 1048576K
}
Event: 7.440 GC heap before
{Heap before GC invocations=80 (full 2):
 def new generation   total 7488K, used 7488K [0x00000000f0a00000, 0x00000000f1220000, 0x00000000f5c00000)
  eden space 6656K, 100% used [0x00000000f0a00000, 0x00000000f1080000, 0x00000000f1080000)
  from space 832K, 100% used [0x00000000f1080000, 0x00000000f1150000, 0x00000000f1150000)
  to   space 832K,   0% used [0x00000000f1150000, 0x00000000f1150000, 0x00000000f1220000)
 tenured generation   total 16472K, used 14866K [0x00000000f5c00000, 0x00000000f6c16000, 0x0000000100000000)
   the space 16472K,  90% used [0x00000000f5c00000, 0x00000000f6a84928, 0x00000000f6a84a00, 0x00000000f6c16000)
 Metaspace       used 37205K, capacity 38584K, committed 38912K, reserved 1083392K
  class space    used 4734K, capacity 5026K, committed 5120K, reserved 1048576K
Event: 7.445 GC heap after
Heap after GC invocations=81 (full 2):
 def new generation   total 7488K, used 831K [0x00000000f0a00000, 0x00000000f1220000, 0x00000000f5c00000)
  eden space 6656K,   0% used [0x00000000f0a00000, 0x00000000f0a00000, 0x00000000f1080000)
  from space 832K,  99% used [0x00000000f1150000, 0x00000000f121fff8, 0x00000000f1220000)
  to   space 832K,   0% used [0x00000000f1080000, 0x00000000f1080000, 0x00000000f1150000)
 tenured generation   total 16472K, used 16016K [0x00000000f5c00000, 0x00000000f6c16000, 0x0000000100000000)
   the space 16472K,  97% used [0x00000000f5c00000, 0x00000000f6ba40c8, 0x00000000f6ba4200, 0x00000000f6c16000)
 Metaspace       used 37205K, capacity 38584K, committed 38912K, reserved 1083392K
  class space    used 4734K, capacity 5026K, committed 5120K, reserved 1048576K
}
Event: 7.625 GC heap before
{Heap before GC invocations=81 (full 2):
 def new generation   total 7488K, used 7487K [0x00000000f0a00000, 0x00000000f1220000, 0x00000000f5c00000)
  eden space 6656K, 100% used [0x00000000f0a00000, 0x00000000f1080000, 0x00000000f1080000)
  from space 832K,  99% used [0x00000000f1150000, 0x00000000f121fff8, 0x00000000f1220000)
  to   space 832K,   0% used [0x00000000f1080000, 0x00000000f1080000, 0x00000000f1150000)
 tenured generation   total 16472K, used 16016K [0x00000000f5c00000, 0x00000000f6c16000, 0x0000000100000000)
   the space 16472K,  97% used [0x00000000f5c00000, 0x00000000f6ba40c8, 0x00000000f6ba4200, 0x00000000f6c16000)
 Metaspace       used 38101K, capacity 39430K, committed 39808K, reserved 1083392K
  class space    used 4844K, capacity 5131K, committed 5248K, reserved 1048576K
Event: 7.698 GC heap after
Heap after GC invocations=82 (full 3):
 def new generation   total 11904K, used 0K [0x00000000f0a00000, 0x00000000f16e0000, 0x00000000f5c00000)
  eden space 10624K,   0% used [0x00000000f0a00000, 0x00000000f0a00000, 0x00000000f1460000)
  from space 1280K,   0% used [0x00000000f1460000, 0x00000000f1460000, 0x00000000f15a0000)
  to   space 1280K,   0% used [0x00000000f15a0000, 0x00000000f15a0000, 0x00000000f16e0000)
 tenured generation   total 26324K, used 15792K [0x00000000f5c00000, 0x00000000f75b5000, 0x0000000100000000)
   the space 26324K,  59% used [0x00000000f5c00000, 0x00000000f6b6c268, 0x00000000f6b6c400, 0x00000000f75b5000)
 Metaspace       used 38101K, capacity 39430K, committed 39808K, reserved 1083392K
  class space    used 4844K, capacity 5131K, committed 5248K, reserved 1048576K
}
Event: 7.895 GC heap before
{Heap before GC invocations=82 (full 3):
 def new generation   total 11904K, used 10624K [0x00000000f0a00000, 0x00000000f16e0000, 0x00000000f5c00000)
  eden space 10624K, 100% used [0x00000000f0a00000, 0x00000000f1460000, 0x00000000f1460000)
  from space 1280K,   0% used [0x00000000f1460000, 0x00000000f1460000, 0x00000000f15a0000)
  to   space 1280K,   0% used [0x00000000f15a0000, 0x00000000f15a0000, 0x00000000f16e0000)
 tenured generation   total 26324K, used 15792K [0x00000000f5c00000, 0x00000000f75b5000, 0x0000000100000000)
   the space 26324K,  59% used [0x00000000f5c00000, 0x00000000f6b6c268, 0x00000000f6b6c400, 0x00000000f75b5000)
 Metaspace       used 39078K, capacity 40468K, committed 40704K, reserved 1085440K
  class space    used 4954K, capacity 5262K, committed 5376K, reserved 1048576K
Event: 7.899 GC heap after
Heap after GC invocations=83 (full 3):
 def new generation   total 11904K, used 925K [0x00000000f0a00000, 0x00000000f16e0000, 0x00000000f5c00000)
  eden space 10624K,   0% used [0x00000000f0a00000, 0x00000000f0a00000, 0x00000000f1460000)
  from space 1280K,  72% used [0x00000000f15a0000, 0x00000000f1687760, 0x00000000f16e0000)
  to   space 1280K,   0% used [0x00000000f1460000, 0x00000000f1460000, 0x00000000f15a0000)
 tenured generation   total 26324K, used 15792K [0x00000000f5c00000, 0x00000000f75b5000, 0x0000000100000000)
   the space 26324K,  59% used [0x00000000f5c00000, 0x00000000f6b6c268, 0x00000000f6b6c400, 0x00000000f75b5000)
 Metaspace       used 39078K, capacity 40468K, committed 40704K, reserved 1085440K
  class space    used 4954K, capacity 5262K, committed 5376K, reserved 1048576K
}
Event: 8.045 GC heap before
{Heap before GC invocations=83 (full 3):
 def new generation   total 11904K, used 11549K [0x00000000f0a00000, 0x00000000f16e0000, 0x00000000f5c00000)
  eden space 10624K, 100% used [0x00000000f0a00000, 0x00000000f1460000, 0x00000000f1460000)
  from space 1280K,  72% used [0x00000000f15a0000, 0x00000000f1687760, 0x00000000f16e0000)
  to   space 1280K,   0% used [0x00000000f1460000, 0x00000000f1460000, 0x00000000f15a0000)
 tenured generation   total 26324K, used 15792K [0x00000000f5c00000, 0x00000000f75b5000, 0x0000000100000000)
   the space 26324K,  59% used [0x00000000f5c00000, 0x00000000f6b6c268, 0x00000000f6b6c400, 0x00000000f75b5000)
 Metaspace       used 39879K, capacity 41268K, committed 41600K, reserved 1085440K
  class space    used 5124K, capacity 5422K, committed 5504K, reserved 1048576K
Event: 8.049 GC heap after
Heap after GC invocations=84 (full 3):
 def new generation   total 11904K, used 929K [0x00000000f0a00000, 0x00000000f16e0000, 0x00000000f5c00000)
  eden space 10624K,   0% used [0x00000000f0a00000, 0x00000000f0a00000, 0x00000000f1460000)
  from space 1280K,  72% used [0x00000000f1460000, 0x00000000f15487a0, 0x00000000f15a0000)
  to   space 1280K,   0% used [0x00000000f15a0000, 0x00000000f15a0000, 0x00000000f16e0000)
 tenured generation   total 26324K, used 16158K [0x00000000f5c00000, 0x00000000f75b5000, 0x0000000100000000)
   the space 26324K,  61% used [0x00000000f5c00000, 0x00000000f6bc7ba0, 0x00000000f6bc7c00, 0x00000000f75b5000)
 Metaspace       used 39879K, capacity 41268K, committed 41600K, reserved 1085440K
  class space    used 5124K, capacity 5422K, committed 5504K, reserved 1048576K
}
Event: 8.147 GC heap before
{Heap before GC invocations=84 (full 3):
 def new generation   total 11904K, used 11553K [0x00000000f0a00000, 0x00000000f16e0000, 0x00000000f5c00000)
  eden space 10624K, 100% used [0x00000000f0a00000, 0x00000000f1460000, 0x00000000f1460000)
  from space 1280K,  72% used [0x00000000f1460000, 0x00000000f15487a0, 0x00000000f15a0000)
  to   space 1280K,   0% used [0x00000000f15a0000, 0x00000000f15a0000, 0x00000000f16e0000)
 tenured generation   total 26324K, used 16158K [0x00000000f5c00000, 0x00000000f75b5000, 0x0000000100000000)
   the space 26324K,  61% used [0x00000000f5c00000, 0x00000000f6bc7ba0, 0x00000000f6bc7c00, 0x00000000f75b5000)
 Metaspace       used 40603K, capacity 42038K, committed 42240K, reserved 1085440K
  class space    used 5264K, capacity 5551K, committed 5632K, reserved 1048576K
Event: 8.151 GC heap after
Heap after GC invocations=85 (full 3):
 def new generation   total 11904K, used 723K [0x00000000f0a00000, 0x00000000f16e0000, 0x00000000f5c00000)
  eden space 10624K,   0% used [0x00000000f0a00000, 0x00000000f0a00000, 0x00000000f1460000)
  from space 1280K,  56% used [0x00000000f15a0000, 0x00000000f1654e58, 0x00000000f16e0000)
  to   space 1280K,   0% used [0x00000000f1460000, 0x00000000f1460000, 0x00000000f15a0000)
 tenured generation   total 26324K, used 16301K [0x00000000f5c00000, 0x00000000f75b5000, 0x0000000100000000)
   the space 26324K,  61% used [0x00000000f5c00000, 0x00000000f6beb5e8, 0x00000000f6beb600, 0x00000000f75b5000)
 Metaspace       used 40603K, capacity 42038K, committed 42240K, reserved 1085440K
  class space    used 5264K, capacity 5551K, committed 5632K, reserved 1048576K
}
Event: 8.247 GC heap before
{Heap before GC invocations=85 (full 3):
 def new generation   total 11904K, used 11347K [0x00000000f0a00000, 0x00000000f16e0000, 0x00000000f5c00000)
  eden space 10624K, 100% used [0x00000000f0a00000, 0x00000000f1460000, 0x00000000f1460000)
  from space 1280K,  56% used [0x00000000f15a0000, 0x00000000f1654e58, 0x00000000f16e0000)
  to   space 1280K,   0% used [0x00000000f1460000, 0x00000000f1460000, 0x00000000f15a0000)
 tenured generation   total 26324K, used 16301K [0x00000000f5c00000, 0x00000000f75b5000, 0x0000000100000000)
   the space 26324K,  61% used [0x00000000f5c00000, 0x00000000f6beb5e8, 0x00000000f6beb600, 0x00000000f75b5000)
 Metaspace       used 41241K, capacity 42626K, committed 42880K, reserved 1087488K
  class space    used 5381K, capacity 5681K, committed 5760K, reserved 1048576K
Event: 8.250 GC heap after
Heap after GC invocations=86 (full 3):
 def new generation   total 11904K, used 721K [0x00000000f0a00000, 0x00000000f16e0000, 0x00000000f5c00000)
  eden space 10624K,   0% used [0x00000000f0a00000, 0x00000000f0a00000, 0x00000000f1460000)
  from space 1280K,  56% used [0x00000000f1460000, 0x00000000f1514790, 0x00000000f15a0000)
  to   space 1280K,   0% used [0x00000000f15a0000, 0x00000000f15a0000, 0x00000000f16e0000)
 tenured generation   total 26324K, used 16392K [0x00000000f5c00000, 0x00000000f75b5000, 0x0000000100000000)
   the space 26324K,  62% used [0x00000000f5c00000, 0x00000000f6c02398, 0x00000000f6c02400, 0x00000000f75b5000)
 Metaspace       used 41241K, capacity 42626K, committed 42880K, reserved 1087488K
  class space    used 5381K, capacity 5681K, committed 5760K, reserved 1048576K
}
Event: 8.412 GC heap before
{Heap before GC invocations=86 (full 3):
 def new generation   total 11904K, used 11345K [0x00000000f0a00000, 0x00000000f16e0000, 0x00000000f5c00000)
  eden space 10624K, 100% used [0x00000000f0a00000, 0x00000000f1460000, 0x00000000f1460000)
  from space 1280K,  56% used [0x00000000f1460000, 0x00000000f1514790, 0x00000000f15a0000)
  to   space 1280K,   0% used [0x00000000f15a0000, 0x00000000f15a0000, 0x00000000f16e0000)
 tenured generation   total 26324K, used 16392K [0x00000000f5c00000, 0x00000000f75b5000, 0x0000000100000000)
   the space 26324K,  62% used [0x00000000f5c00000, 0x00000000f6c02398, 0x00000000f6c02400, 0x00000000f75b5000)
 Metaspace       used 42255K, capacity 43638K, committed 43904K, reserved 1087488K
  class space    used 5613K, capacity 5913K, committed 6016K, reserved 1048576K
Event: 8.416 GC heap after
Heap after GC invocations=87 (full 3):
 def new generation   total 11904K, used 1070K [0x00000000f0a00000, 0x00000000f16e0000, 0x00000000f5c00000)
  eden space 10624K,   0% used [0x00000000f0a00000, 0x00000000f0a00000, 0x00000000f1460000)
  from space 1280K,  83% used [0x00000000f15a0000, 0x00000000f16ab8d0, 0x00000000f16e0000)
  to   space 1280K,   0% used [0x00000000f1460000, 0x00000000f1460000, 0x00000000f15a0000)
 tenured generation   total 26324K, used 16529K [0x00000000f5c00000, 0x00000000f75b5000, 0x0000000100000000)
   the space 26324K,  62% used [0x00000000f5c00000, 0x00000000f6c244a8, 0x00000000f6c24600, 0x00000000f75b5000)
 Metaspace       used 42255K, capacity 43638K, committed 43904K, reserved 1087488K
  class space    used 5613K, capacity 5913K, committed 6016K, reserved 1048576K
}
Event: 8.558 GC heap before
{Heap before GC invocations=87 (full 3):
 def new generation   total 11904K, used 11694K [0x00000000f0a00000, 0x00000000f16e0000, 0x00000000f5c00000)
  eden space 10624K, 100% used [0x00000000f0a00000, 0x00000000f1460000, 0x00000000f1460000)
  from space 1280K,  83% used [0x00000000f15a0000, 0x00000000f16ab8d0, 0x00000000f16e0000)
  to   space 1280K,   0% used [0x00000000f1460000, 0x00000000f1460000, 0x00000000f15a0000)
 tenured generation   total 26324K, used 16529K [0x00000000f5c00000, 0x00000000f75b5000, 0x0000000100000000)
   the space 26324K,  62% used [0x00000000f5c00000, 0x00000000f6c244a8, 0x00000000f6c24600, 0x00000000f75b5000)
 Metaspace       used 43261K, capacity 44676K, committed 45056K, reserved 1087488K
  class space    used 5757K, capacity 6044K, committed 6144K, reserved 1048576K
Event: 8.561 GC heap after
Heap after GC invocations=88 (full 3):
 def new generation   total 11904K, used 940K [0x00000000f0a00000, 0x00000000f16e0000, 0x00000000f5c00000)
  eden space 10624K,   0% used [0x00000000f0a00000, 0x00000000f0a00000, 0x00000000f1460000)
  from space 1280K,  73% used [0x00000000f1460000, 0x00000000f154b038, 0x00000000f15a0000)
  to   space 1280K,   0% used [0x00000000f15a0000, 0x00000000f15a0000, 0x00000000f16e0000)
 tenured generation   total 26324K, used 16812K [0x00000000f5c00000, 0x00000000f75b5000, 0x0000000100000000)
   the space 26324K,  63% used [0x00000000f5c00000, 0x00000000f6c6b120, 0x00000000f6c6b200, 0x00000000f75b5000)
 Metaspace       used 43261K, capacity 44676K, committed 45056K, reserved 1087488K
  class space    used 5757K, capacity 6044K, committed 6144K, reserved 1048576K
}
Event: 8.820 GC heap before
{Heap before GC invocations=88 (full 3):
 def new generation   total 11904K, used 11564K [0x00000000f0a00000, 0x00000000f16e0000, 0x00000000f5c00000)
  eden space 10624K, 100% used [0x00000000f0a00000, 0x00000000f1460000, 0x00000000f1460000)
  from space 1280K,  73% used [0x00000000f1460000, 0x00000000f154b038, 0x00000000f15a0000)
  to   space 1280K,   0% used [0x00000000f15a0000, 0x00000000f15a0000, 0x00000000f16e0000)
 tenured generation   total 26324K, used 16812K [0x00000000f5c00000, 0x00000000f75b5000, 0x0000000100000000)
   the space 26324K,  63% used [0x00000000f5c00000, 0x00000000f6c6b120, 0x00000000f6c6b200, 0x00000000f75b5000)
 Metaspace       used 44590K, capacity 45994K, committed 46208K, reserved 1089536K
  class space    used 5925K, capacity 6205K, committed 6272K, reserved 1048576K
Event: 8.824 GC heap after
Heap after GC invocations=89 (full 3):
 def new generation   total 11904K, used 1279K [0x00000000f0a00000, 0x00000000f16e0000, 0x00000000f5c00000)
  eden space 10624K,   0% used [0x00000000f0a00000, 0x00000000f0a00000, 0x00000000f1460000)
  from space 1280K,  99% used [0x00000000f15a0000, 0x00000000f16dfff8, 0x00000000f16e0000)
  to   space 1280K,   0% used [0x00000000f1460000, 0x00000000f1460000, 0x00000000f15a0000)
 tenured generation   total 26324K, used 16996K [0x00000000f5c00000, 0x00000000f75b5000, 0x0000000100000000)
   the space 26324K,  64% used [0x00000000f5c00000, 0x00000000f6c990e8, 0x00000000f6c99200, 0x00000000f75b5000)
 Metaspace       used 44590K, capacity 45994K, committed 46208K, reserved 1089536K
  class space    used 5925K, capacity 6205K, committed 6272K, reserved 1048576K
}
Event: 9.006 GC heap before
{Heap before GC invocations=89 (full 3):
 def new generation   total 11904K, used 11903K [0x00000000f0a00000, 0x00000000f16e0000, 0x00000000f5c00000)
  eden space 10624K, 100% used [0x00000000f0a00000, 0x00000000f1460000, 0x00000000f1460000)
  from space 1280K,  99% used [0x00000000f15a0000, 0x00000000f16dfff8, 0x00000000f16e0000)
  to   space 1280K,   0% used [0x00000000f1460000, 0x00000000f1460000, 0x00000000f15a0000)
 tenured generation   total 26324K, used 16996K [0x00000000f5c00000, 0x00000000f75b5000, 0x0000000100000000)
   the space 26324K,  64% used [0x00000000f5c00000, 0x00000000f6c990e8, 0x00000000f6c99200, 0x00000000f75b5000)
 Metaspace       used 45481K, capacity 46890K, committed 47104K, reserved 1089536K
  class space    used 6050K, capacity 6333K, committed 6400K, reserved 1048576K
Event: 9.011 GC heap after
Heap after GC invocations=90 (full 3):
 def new generation   total 11904K, used 819K [0x00000000f0a00000, 0x00000000f16e0000, 0x00000000f5c00000)
  eden space 10624K,   0% used [0x00000000f0a00000, 0x00000000f0a00000, 0x00000000f1460000)
  from space 1280K,  63% used [0x00000000f1460000, 0x00000000f152cc18, 0x00000000f15a0000)
  to   space 1280K,   0% used [0x00000000f15a0000, 0x00000000f15a0000, 0x00000000f16e0000)
 tenured generation   total 26324K, used 17404K [0x00000000f5c00000, 0x00000000f75b5000, 0x0000000100000000)
   the space 26324K,  66% used [0x00000000f5c00000, 0x00000000f6cff160, 0x00000000f6cff200, 0x00000000f75b5000)
 Metaspace       used 45481K, capacity 46890K, committed 47104K, reserved 1089536K
  class space    used 6050K, capacity 6333K, committed 6400K, reserved 1048576K
}
Event: 9.161 GC heap before
{Heap before GC invocations=90 (full 3):
 def new generation   total 11904K, used 11443K [0x00000000f0a00000, 0x00000000f16e0000, 0x00000000f5c00000)
  eden space 10624K, 100% used [0x00000000f0a00000, 0x00000000f1460000, 0x00000000f1460000)
  from space 1280K,  63% used [0x00000000f1460000, 0x00000000f152cc18, 0x00000000f15a0000)
  to   space 1280K,   0% used [0x00000000f15a0000, 0x00000000f15a0000, 0x00000000f16e0000)
 tenured generation   total 26324K, used 17404K [0x00000000f5c00000, 0x00000000f75b5000, 0x0000000100000000)
   the space 26324K,  66% used [0x00000000f5c00000, 0x00000000f6cff160, 0x00000000f6cff200, 0x00000000f75b5000)
 Metaspace       used 46424K, capacity 47830K, committed 48000K, reserved 1091584K
  class space    used 6181K, capacity 6495K, committed 6528K, reserved 1048576K
Event: 9.165 GC heap after
Heap after GC invocations=91 (full 3):
 def new generation   total 11904K, used 988K [0x00000000f0a00000, 0x00000000f16e0000, 0x00000000f5c00000)
  eden space 10624K,   0% used [0x00000000f0a00000, 0x00000000f0a00000, 0x00000000f1460000)
  from space 1280K,  77% used [0x00000000f15a0000, 0x00000000f1697300, 0x00000000f16e0000)
  to   space 1280K,   0% used [0x00000000f1460000, 0x00000000f1460000, 0x00000000f15a0000)
 tenured generation   total 26324K, used 17527K [0x00000000f5c00000, 0x00000000f75b5000, 0x0000000100000000)
   the space 26324K,  66% used [0x00000000f5c00000, 0x00000000f6d1dc38, 0x00000000f6d1de00, 0x00000000f75b5000)
 Metaspace       used 46424K, capacity 47830K, committed 48000K, reserved 1091584K
  class space    used 6181K, capacity 6495K, committed 6528K, reserved 1048576K
}
Event: 9.317 GC heap before
{Heap before GC invocations=91 (full 3):
 def new generation   total 11904K, used 11612K [0x00000000f0a00000, 0x00000000f16e0000, 0x00000000f5c00000)
  eden space 10624K, 100% used [0x00000000f0a00000, 0x00000000f1460000, 0x00000000f1460000)
  from space 1280K,  77% used [0x00000000f15a0000, 0x00000000f1697300, 0x00000000f16e0000)
  to   space 1280K,   0% used [0x00000000f1460000, 0x00000000f1460000, 0x00000000f15a0000)
 tenured generation   total 26324K, used 17527K [0x00000000f5c00000, 0x00000000f75b5000, 0x0000000100000000)
   the space 26324K,  66% used [0x00000000f5c00000, 0x00000000f6d1dc38, 0x00000000f6d1de00, 0x00000000f75b5000)
 Metaspace       used 47158K, capacity 48598K, committed 48896K, reserved 1091584K
  class space    used 6282K, capacity 6597K, committed 6656K, reserved 1048576K
Event: 9.321 GC heap after
Heap after GC invocations=92 (full 3):
 def new generation   total 11904K, used 896K [0x00000000f0a00000, 0x00000000f16e0000, 0x00000000f5c00000)
  eden space 10624K,   0% used [0x00000000f0a00000, 0x00000000f0a00000, 0x00000000f1460000)
  from space 1280K,  70% used [0x00000000f1460000, 0x00000000f15402e0, 0x00000000f15a0000)
  to   space 1280K,   0% used [0x00000000f15a0000, 0x00000000f15a0000, 0x00000000f16e0000)
 tenured generation   total 26324K, used 17711K [0x00000000f5c00000, 0x00000000f75b5000, 0x0000000100000000)
   the space 26324K,  67% used [0x00000000f5c00000, 0x00000000f6d4bda8, 0x00000000f6d4be00, 0x00000000f75b5000)
 Metaspace       used 47158K, capacity 48598K, committed 48896K, reserved 1091584K
  class space    used 6282K, capacity 6597K, committed 6656K, reserved 1048576K
}
Event: 9.448 GC heap before
{Heap before GC invocations=92 (full 3):
 def new generation   total 11904K, used 11520K [0x00000000f0a00000, 0x00000000f16e0000, 0x00000000f5c00000)
  eden space 10624K, 100% used [0x00000000f0a00000, 0x00000000f1460000, 0x00000000f1460000)
  from space 1280K,  70% used [0x00000000f1460000, 0x00000000f15402e0, 0x00000000f15a0000)
  to   space 1280K,   0% used [0x00000000f15a0000, 0x00000000f15a0000, 0x00000000f16e0000)
 tenured generation   total 26324K, used 17711K [0x00000000f5c00000, 0x00000000f75b5000, 0x0000000100000000)
   the space 26324K,  67% used [0x00000000f5c00000, 0x00000000f6d4bda8, 0x00000000f6d4be00, 0x00000000f75b5000)
 Metaspace       used 48100K, capacity 49588K, committed 49792K, reserved 1091584K
  class space    used 6422K, capacity 6734K, committed 6784K, reserved 1048576K
Event: 9.453 GC heap after
Heap after GC invocations=93 (full 3):
 def new generation   total 11904K, used 827K [0x00000000f0a00000, 0x00000000f16e0000, 0x00000000f5c00000)
  eden space 10624K,   0% used [0x00000000f0a00000, 0x00000000f0a00000, 0x00000000f1460000)
  from space 1280K,  64% used [0x00000000f15a0000, 0x00000000f166ee90, 0x00000000f16e0000)
  to   space 1280K,   0% used [0x00000000f1460000, 0x00000000f1460000, 0x00000000f15a0000)
 tenured generation   total 26324K, used 18006K [0x00000000f5c00000, 0x00000000f75b5000, 0x0000000100000000)
   the space 26324K,  68% used [0x00000000f5c00000, 0x00000000f6d95900, 0x00000000f6d95a00, 0x00000000f75b5000)
 Metaspace       used 48100K, capacity 49588K, committed 49792K, reserved 1091584K
  class space    used 6422K, capacity 6734K, committed 6784K, reserved 1048576K
}
Event: 9.553 GC heap before
{Heap before GC invocations=93 (full 3):
 def new generation   total 11904K, used 11451K [0x00000000f0a00000, 0x00000000f16e0000, 0x00000000f5c00000)
  eden space 10624K, 100% used [0x00000000f0a00000, 0x00000000f1460000, 0x00000000f1460000)
  from space 1280K,  64% used [0x00000000f15a0000, 0x00000000f166ee90, 0x00000000f16e0000)
  to   space 1280K,   0% used [0x00000000f1460000, 0x00000000f1460000, 0x00000000f15a0000)
 tenured generation   total 26324K, used 18006K [0x00000000f5c00000, 0x00000000f75b5000, 0x0000000100000000)
   the space 26324K,  68% used [0x00000000f5c00000, 0x00000000f6d95900, 0x00000000f6d95a00, 0x00000000f75b5000)
 Metaspace       used 48795K, capacity 50304K, committed 50560K, reserved 1093632K
  class space    used 6599K, capacity 6928K, committed 7040K, reserved 1048576K
Event: 9.556 GC heap after
Heap after GC invocations=94 (full 3):
 def new generation   total 11904K, used 775K [0x00000000f0a00000, 0x00000000f16e0000, 0x00000000f5c00000)
  eden space 10624K,   0% used [0x00000000f0a00000, 0x00000000f0a00000, 0x00000000f1460000)
  from space 1280K,  60% used [0x00000000f1460000, 0x00000000f1521ec8, 0x00000000f15a0000)
  to   space 1280K,   0% used [0x00000000f15a0000, 0x00000000f15a0000, 0x00000000f16e0000)
 tenured generation   total 26324K, used 18131K [0x00000000f5c00000, 0x00000000f75b5000, 0x0000000100000000)
   the space 26324K,  68% used [0x00000000f5c00000, 0x00000000f6db4e08, 0x00000000f6db5000, 0x00000000f75b5000)
 Metaspace       used 48795K, capacity 50304K, committed 50560K, reserved 1093632K
  class space    used 6599K, capacity 6928K, committed 7040K, reserved 1048576K
}
Event: 9.686 GC heap before
{Heap before GC invocations=94 (full 3):
 def new generation   total 11904K, used 11399K [0x00000000f0a00000, 0x00000000f16e0000, 0x00000000f5c00000)
  eden space 10624K, 100% used [0x00000000f0a00000, 0x00000000f1460000, 0x00000000f1460000)
  from space 1280K,  60% used [0x00000000f1460000, 0x00000000f1521ec8, 0x00000000f15a0000)
  to   space 1280K,   0% used [0x00000000f15a0000, 0x00000000f15a0000, 0x00000000f16e0000)
 tenured generation   total 26324K, used 18131K [0x00000000f5c00000, 0x00000000f75b5000, 0x0000000100000000)
   the space 26324K,  68% used [0x00000000f5c00000, 0x00000000f6db4e08, 0x00000000f6db5000, 0x00000000f75b5000)
 Metaspace       used 49530K, capacity 51018K, committed 51328K, reserved 1093632K
  class space    used 6717K, capacity 7031K, committed 7040K, reserved 1048576K
Event: 9.689 GC heap after
Heap after GC invocations=95 (full 3):
 def new generation   total 11904K, used 820K [0x00000000f0a00000, 0x00000000f16e0000, 0x00000000f5c00000)
  eden space 10624K,   0% used [0x00000000f0a00000, 0x00000000f0a00000, 0x00000000f1460000)
  from space 1280K,  64% used [0x00000000f15a0000, 0x00000000f166d330, 0x00000000f16e0000)
  to   space 1280K,   0% used [0x00000000f1460000, 0x00000000f1460000, 0x00000000f15a0000)
 tenured generation   total 26324K, used 18231K [0x00000000f5c00000, 0x00000000f75b5000, 0x0000000100000000)
   the space 26324K,  69% used [0x00000000f5c00000, 0x00000000f6dcdd78, 0x00000000f6dcde00, 0x00000000f75b5000)
 Metaspace       used 49530K, capacity 51018K, committed 51328K, reserved 1093632K
  class space    used 6717K, capacity 7031K, committed 7040K, reserved 1048576K
}
Event: 9.831 GC heap before
{Heap before GC invocations=95 (full 3):
 def new generation   total 11904K, used 11444K [0x00000000f0a00000, 0x00000000f16e0000, 0x00000000f5c00000)
  eden space 10624K, 100% used [0x00000000f0a00000, 0x00000000f1460000, 0x00000000f1460000)
  from space 1280K,  64% used [0x00000000f15a0000, 0x00000000f166d330, 0x00000000f16e0000)
  to   space 1280K,   0% used [0x00000000f1460000, 0x00000000f1460000, 0x00000000f15a0000)
 tenured generation   total 26324K, used 18231K [0x00000000f5c00000, 0x00000000f75b5000, 0x0000000100000000)
   the space 26324K,  69% used [0x00000000f5c00000, 0x00000000f6dcdd78, 0x00000000f6dcde00, 0x00000000f75b5000)
 Metaspace       used 50350K, capacity 51796K, committed 51968K, reserved 1093632K
  class space    used 6857K, capacity 7162K, committed 7168K, reserved 1048576K
Event: 9.835 GC heap after
Heap after GC invocations=96 (full 3):
 def new generation   total 11904K, used 915K [0x00000000f0a00000, 0x00000000f16e0000, 0x00000000f5c00000)
  eden space 10624K,   0% used [0x00000000f0a00000, 0x00000000f0a00000, 0x00000000f1460000)
  from space 1280K,  71% used [0x00000000f1460000, 0x00000000f1544c98, 0x00000000f15a0000)
  to   space 1280K,   0% used [0x00000000f15a0000, 0x00000000f15a0000, 0x00000000f16e0000)
 tenured generation   total 26324K, used 18311K [0x00000000f5c00000, 0x00000000f75b5000, 0x0000000100000000)
   the space 26324K,  69% used [0x00000000f5c00000, 0x00000000f6de1df0, 0x00000000f6de1e00, 0x00000000f75b5000)
 Metaspace       used 50350K, capacity 51796K, committed 51968K, reserved 1093632K
  class space    used 6857K, capacity 7162K, committed 7168K, reserved 1048576K
}
Event: 9.971 GC heap before
{Heap before GC invocations=96 (full 3):
 def new generation   total 11904K, used 11539K [0x00000000f0a00000, 0x00000000f16e0000, 0x00000000f5c00000)
  eden space 10624K, 100% used [0x00000000f0a00000, 0x00000000f1460000, 0x00000000f1460000)
  from space 1280K,  71% used [0x00000000f1460000, 0x00000000f1544c98, 0x00000000f15a0000)
  to   space 1280K,   0% used [0x00000000f15a0000, 0x00000000f15a0000, 0x00000000f16e0000)
 tenured generation   total 26324K, used 18311K [0x00000000f5c00000, 0x00000000f75b5000, 0x0000000100000000)
   the space 26324K,  69% used [0x00000000f5c00000, 0x00000000f6de1df0, 0x00000000f6de1e00, 0x00000000f75b5000)
 Metaspace       used 51132K, capacity 52642K, committed 52864K, reserved 1095680K
  class space    used 6973K, capacity 7293K, committed 7296K, reserved 1048576K
Event: 9.976 GC heap after
Heap after GC invocations=97 (full 3):
 def new generation   total 11904K, used 902K [0x00000000f0a00000, 0x00000000f16e0000, 0x00000000f5c00000)
  eden space 10624K,   0% used [0x00000000f0a00000, 0x00000000f0a00000, 0x00000000f1460000)
  from space 1280K,  70% used [0x00000000f15a0000, 0x00000000f16819d8, 0x00000000f16e0000)
  to   space 1280K,   0% used [0x00000000f1460000, 0x00000000f1460000, 0x00000000f15a0000)
 tenured generation   total 26324K, used 18529K [0x00000000f5c00000, 0x00000000f75b5000, 0x0000000100000000)
   the space 26324K,  70% used [0x00000000f5c00000, 0x00000000f6e185e0, 0x00000000f6e18600, 0x00000000f75b5000)
 Metaspace       used 51132K, capacity 52642K, committed 52864K, reserved 1095680K
  class space    used 6973K, capacity 7293K, committed 7296K, reserved 1048576K
}
Event: 10.102 GC heap before
{Heap before GC invocations=97 (full 3):
 def new generation   total 11904K, used 11526K [0x00000000f0a00000, 0x00000000f16e0000, 0x00000000f5c00000)
  eden space 10624K, 100% used [0x00000000f0a00000, 0x00000000f1460000, 0x00000000f1460000)
  from space 1280K,  70% used [0x00000000f15a0000, 0x00000000f16819d8, 0x00000000f16e0000)
  to   space 1280K,   0% used [0x00000000f1460000, 0x00000000f1460000, 0x00000000f15a0000)
 tenured generation   total 26324K, used 18529K [0x00000000f5c00000, 0x00000000f75b5000, 0x0000000100000000)
   the space 26324K,  70% used [0x00000000f5c00000, 0x00000000f6e185e0, 0x00000000f6e18600, 0x00000000f75b5000)
 Metaspace       used 51270K, capacity 52778K, committed 53120K, reserved 1095680K
  class space    used 6988K, capacity 7295K, committed 7296K, reserved 1048576K
Event: 10.107 GC heap after
Heap after GC invocations=98 (full 3):
 def new generation   total 11904K, used 751K [0x00000000f0a00000, 0x00000000f16e0000, 0x00000000f5c00000)
  eden space 10624K,   0% used [0x00000000f0a00000, 0x00000000f0a00000, 0x00000000f1460000)
  from space 1280K,  58% used [0x00000000f1460000, 0x00000000f151be78, 0x00000000f15a0000)
  to   space 1280K,   0% used [0x00000000f15a0000, 0x00000000f15a0000, 0x00000000f16e0000)
 tenured generation   total 26324K, used 18768K [0x00000000f5c00000, 0x00000000f75b5000, 0x0000000100000000)
   the space 26324K,  71% used [0x00000000f5c00000, 0x00000000f6e542e8, 0x00000000f6e54400, 0x00000000f75b5000)
 Metaspace       used 51270K, capacity 52778K, committed 53120K, reserved 1095680K
  class space    used 6988K, capacity 7295K, committed 7296K, reserved 1048576K
}
Event: 10.327 GC heap before
{Heap before GC invocations=98 (full 3):
 def new generation   total 11904K, used 11375K [0x00000000f0a00000, 0x00000000f16e0000, 0x00000000f5c00000)
  eden space 10624K, 100% used [0x00000000f0a00000, 0x00000000f1460000, 0x00000000f1460000)
  from space 1280K,  58% used [0x00000000f1460000, 0x00000000f151be78, 0x00000000f15a0000)
  to   space 1280K,   0% used [0x00000000f15a0000, 0x00000000f15a0000, 0x00000000f16e0000)
 tenured generation   total 26324K, used 18768K [0x00000000f5c00000, 0x00000000f75b5000, 0x0000000100000000)
   the space 26324K,  71% used [0x00000000f5c00000, 0x00000000f6e542e8, 0x00000000f6e54400, 0x00000000f75b5000)
 Metaspace       used 52407K, capacity 53922K, committed 54400K, reserved 1095680K
  class space    used 7115K, capacity 7437K, committed 7552K, reserved 1048576K
Event: 10.334 GC heap after
Heap after GC invocations=99 (full 3):
 def new generation   total 11904K, used 1008K [0x00000000f0a00000, 0x00000000f16e0000, 0x00000000f5c00000)
  eden space 10624K,   0% used [0x00000000f0a00000, 0x00000000f0a00000, 0x00000000f1460000)
  from space 1280K,  78% used [0x00000000f15a0000, 0x00000000f169c190, 0x00000000f16e0000)
  to   space 1280K,   0% used [0x00000000f1460000, 0x00000000f1460000, 0x00000000f15a0000)
 tenured generation   total 26324K, used 19441K [0x00000000f5c00000, 0x00000000f75b5000, 0x0000000100000000)
   the space 26324K,  73% used [0x00000000f5c00000, 0x00000000f6efc6a8, 0x00000000f6efc800, 0x00000000f75b5000)
 Metaspace       used 52407K, capacity 53922K, committed 54400K, reserved 1095680K
  class space    used 7115K, capacity 7437K, committed 7552K, reserved 1048576K
}
Event: 10.589 GC heap before
{Heap before GC invocations=99 (full 3):
 def new generation   total 11904K, used 11632K [0x00000000f0a00000, 0x00000000f16e0000, 0x00000000f5c00000)
  eden space 10624K, 100% used [0x00000000f0a00000, 0x00000000f1460000, 0x00000000f1460000)
  from space 1280K,  78% used [0x00000000f15a0000, 0x00000000f169c190, 0x00000000f16e0000)
  to   space 1280K,   0% used [0x00000000f1460000, 0x00000000f1460000, 0x00000000f15a0000)
 tenured generation   total 26324K, used 19441K [0x00000000f5c00000, 0x00000000f75b5000, 0x0000000100000000)
   the space 26324K,  73% used [0x00000000f5c00000, 0x00000000f6efc6a8, 0x00000000f6efc800, 0x00000000f75b5000)
 Metaspace       used 53502K, capacity 55430K, committed 55680K, reserved 1097728K
  class space    used 7299K, capacity 7691K, committed 7808K, reserved 1048576K
Event: 10.596 GC heap after
Heap after GC invocations=100 (full 3):
 def new generation   total 11904K, used 1053K [0x00000000f0a00000, 0x00000000f16e0000, 0x00000000f5c00000)
  eden space 10624K,   0% used [0x00000000f0a00000, 0x00000000f0a00000, 0x00000000f1460000)
  from space 1280K,  82% used [0x00000000f1460000, 0x00000000f1567508, 0x00000000f15a0000)
  to   space 1280K,   0% used [0x00000000f15a0000, 0x00000000f15a0000, 0x00000000f16e0000)
 tenured generation   total 26324K, used 19686K [0x00000000f5c00000, 0x00000000f75b5000, 0x0000000100000000)
   the space 26324K,  74% used [0x00000000f5c00000, 0x00000000f6f39ac0, 0x00000000f6f39c00, 0x00000000f75b5000)
 Metaspace       used 53502K, capacity 55430K, committed 55680K, reserved 1097728K
  class space    used 7299K, capacity 7691K, committed 7808K, reserved 1048576K
}
Event: 10.762 GC heap before
{Heap before GC invocations=100 (full 3):
 def new generation   total 11904K, used 11677K [0x00000000f0a00000, 0x00000000f16e0000, 0x00000000f5c00000)
  eden space 10624K, 100% used [0x00000000f0a00000, 0x00000000f1460000, 0x00000000f1460000)
  from space 1280K,  82% used [0x00000000f1460000, 0x00000000f1567508, 0x00000000f15a0000)
  to   space 1280K,   0% used [0x00000000f15a0000, 0x00000000f15a0000, 0x00000000f16e0000)
 tenured generation   total 26324K, used 19686K [0x00000000f5c00000, 0x00000000f75b5000, 0x0000000100000000)
   the space 26324K,  74% used [0x00000000f5c00000, 0x00000000f6f39ac0, 0x00000000f6f39c00, 0x00000000f75b5000)
 Metaspace       used 54487K, capacity 56492K, committed 56832K, reserved 1097728K
  class space    used 7442K, capacity 7818K, committed 7936K, reserved 1048576K
Event: 10.773 GC heap after
Heap after GC invocations=101 (full 3):
 def new generation   total 11904K, used 1068K [0x00000000f0a00000, 0x00000000f16e0000, 0x00000000f5c00000)
  eden space 10624K,   0% used [0x00000000f0a00000, 0x00000000f0a00000, 0x00000000f1460000)
  from space 1280K,  83% used [0x00000000f15a0000, 0x00000000f16ab330, 0x00000000f16e0000)
  to   space 1280K,   0% used [0x00000000f1460000, 0x00000000f1460000, 0x00000000f15a0000)
 tenured generation   total 26324K, used 20127K [0x00000000f5c00000, 0x00000000f75b5000, 0x0000000100000000)
   the space 26324K,  76% used [0x00000000f5c00000, 0x00000000f6fa7e80, 0x00000000f6fa8000, 0x00000000f75b5000)
 Metaspace       used 54487K, capacity 56492K, committed 56832K, reserved 1097728K
  class space    used 7442K, capacity 7818K, committed 7936K, reserved 1048576K
}
Event: 10.929 GC heap before
{Heap before GC invocations=101 (full 3):
 def new generation   total 11904K, used 11692K [0x00000000f0a00000, 0x00000000f16e0000, 0x00000000f5c00000)
  eden space 10624K, 100% used [0x00000000f0a00000, 0x00000000f1460000, 0x00000000f1460000)
  from space 1280K,  83% used [0x00000000f15a0000, 0x00000000f16ab330, 0x00000000f16e0000)
  to   space 1280K,   0% used [0x00000000f1460000, 0x00000000f1460000, 0x00000000f15a0000)
 tenured generation   total 26324K, used 20127K [0x00000000f5c00000, 0x00000000f75b5000, 0x0000000100000000)
   the space 26324K,  76% used [0x00000000f5c00000, 0x00000000f6fa7e80, 0x00000000f6fa8000, 0x00000000f75b5000)
 Metaspace       used 54641K, capacity 56632K, committed 56832K, reserved 1097728K
  class space    used 7460K, capacity 7820K, committed 7936K, reserved 1048576K
Event: 10.934 GC heap after
Heap after GC invocations=102 (full 3):
 def new generation   total 11904K, used 503K [0x00000000f0a00000, 0x00000000f16e0000, 0x00000000f5c00000)
  eden space 10624K,   0% used [0x00000000f0a00000, 0x00000000f0a00000, 0x00000000f1460000)
  from space 1280K,  39% used [0x00000000f1460000, 0x00000000f14ddf88, 0x00000000f15a0000)
  to   space 1280K,   0% used [0x00000000f15a0000, 0x00000000f15a0000, 0x00000000f16e0000)
 tenured generation   total 26324K, used 20565K [0x00000000f5c00000, 0x00000000f75b5000, 0x0000000100000000)
   the space 26324K,  78% used [0x00000000f5c00000, 0x00000000f7015510, 0x00000000f7015600, 0x00000000f75b5000)
 Metaspace       used 54641K, capacity 56632K, committed 56832K, reserved 1097728K
  class space    used 7460K, capacity 7820K, committed 7936K, reserved 1048576K
}
Event: 11.078 GC heap before
{Heap before GC invocations=102 (full 3):
 def new generation   total 11904K, used 11127K [0x00000000f0a00000, 0x00000000f16e0000, 0x00000000f5c00000)
  eden space 10624K, 100% used [0x00000000f0a00000, 0x00000000f1460000, 0x00000000f1460000)
  from space 1280K,  39% used [0x00000000f1460000, 0x00000000f14ddf88, 0x00000000f15a0000)
  to   space 1280K,   0% used [0x00000000f15a0000, 0x00000000f15a0000, 0x00000000f16e0000)
 tenured generation   total 26324K, used 20565K [0x00000000f5c00000, 0x00000000f75b5000, 0x0000000100000000)
   the space 26324K,  78% used [0x00000000f5c00000, 0x00000000f7015510, 0x00000000f7015600, 0x00000000f75b5000)
 Metaspace       used 54846K, capacity 56958K, committed 57088K, reserved 1097728K
  class space    used 7494K, capacity 7913K, committed 7936K, reserved 1048576K
Event: 11.083 GC heap after
Heap after GC invocations=103 (full 3):
 def new generation   total 11904K, used 779K [0x00000000f0a00000, 0x00000000f16e0000, 0x00000000f5c00000)
  eden space 10624K,   0% used [0x00000000f0a00000, 0x00000000f0a00000, 0x00000000f1460000)
  from space 1280K,  60% used [0x00000000f15a0000, 0x00000000f1662d38, 0x00000000f16e0000)
  to   space 1280K,   0% used [0x00000000f1460000, 0x00000000f1460000, 0x00000000f15a0000)
 tenured generation   total 26324K, used 20565K [0x00000000f5c00000, 0x00000000f75b5000, 0x0000000100000000)
   the space 26324K,  78% used [0x00000000f5c00000, 0x00000000f7015510, 0x00000000f7015600, 0x00000000f75b5000)
 Metaspace       used 54846K, capacity 56958K, committed 57088K, reserved 1097728K
  class space    used 7494K, capacity 7913K, committed 7936K, reserved 1048576K
}
Event: 11.265 GC heap before
{Heap before GC invocations=103 (full 3):
 def new generation   total 11904K, used 11403K [0x00000000f0a00000, 0x00000000f16e0000, 0x00000000f5c00000)
  eden space 10624K, 100% used [0x00000000f0a00000, 0x00000000f1460000, 0x00000000f1460000)
  from space 1280K,  60% used [0x00000000f15a0000, 0x00000000f1662d38, 0x00000000f16e0000)
  to   space 1280K,   0% used [0x00000000f1460000, 0x00000000f1460000, 0x00000000f15a0000)
 tenured generation   total 26324K, used 20565K [0x00000000f5c00000, 0x00000000f75b5000, 0x0000000100000000)
   the space 26324K,  78% used [0x00000000f5c00000, 0x00000000f7015510, 0x00000000f7015600, 0x00000000f75b5000)
 Metaspace       used 55249K, capacity 57406K, committed 57728K, reserved 1099776K
  class space    used 7547K, capacity 7959K, committed 8064K, reserved 1048576K
Event: 11.270 GC heap after
Heap after GC invocations=104 (full 3):
 def new generation   total 11904K, used 831K [0x00000000f0a00000, 0x00000000f16e0000, 0x00000000f5c00000)
  eden space 10624K,   0% used [0x00000000f0a00000, 0x00000000f0a00000, 0x00000000f1460000)
  from space 1280K,  64% used [0x00000000f1460000, 0x00000000f152fc98, 0x00000000f15a0000)
  to   space 1280K,   0% used [0x00000000f15a0000, 0x00000000f15a0000, 0x00000000f16e0000)
 tenured generation   total 26324K, used 20905K [0x00000000f5c00000, 0x00000000f75b5000, 0x0000000100000000)
   the space 26324K,  79% used [0x00000000f5c00000, 0x00000000f706a510, 0x00000000f706a600, 0x00000000f75b5000)
 Metaspace       used 55249K, capacity 57406K, committed 57728K, reserved 1099776K
  class space    used 7547K, capacity 7959K, committed 8064K, reserved 1048576K
}
Event: 11.425 GC heap before
{Heap before GC invocations=104 (full 3):
 def new generation   total 11904K, used 11455K [0x00000000f0a00000, 0x00000000f16e0000, 0x00000000f5c00000)
  eden space 10624K, 100% used [0x00000000f0a00000, 0x00000000f1460000, 0x00000000f1460000)
  from space 1280K,  64% used [0x00000000f1460000, 0x00000000f152fc98, 0x00000000f15a0000)
  to   space 1280K,   0% used [0x00000000f15a0000, 0x00000000f15a0000, 0x00000000f16e0000)
 tenured generation   total 26324K, used 20905K [0x00000000f5c00000, 0x00000000f75b5000, 0x0000000100000000)
   the space 26324K,  79% used [0x00000000f5c00000, 0x00000000f706a510, 0x00000000f706a600, 0x00000000f75b5000)
 Metaspace       used 56433K, capacity 58640K, committed 58880K, reserved 1099776K
  class space    used 7678K, capacity 8090K, committed 8192K, reserved 1048576K
Event: 11.431 GC heap after
Heap after GC invocations=105 (full 3):
 def new generation   total 11904K, used 1279K [0x00000000f0a00000, 0x00000000f16e0000, 0x00000000f5c00000)
  eden space 10624K,   0% used [0x00000000f0a00000, 0x00000000f0a00000, 0x00000000f1460000)
  from space 1280K,  99% used [0x00000000f15a0000, 0x00000000f16dfff0, 0x00000000f16e0000)
  to   space 1280K,   0% used [0x00000000f1460000, 0x00000000f1460000, 0x00000000f15a0000)
 tenured generation   total 26324K, used 21384K [0x00000000f5c00000, 0x00000000f75b5000, 0x0000000100000000)
   the space 26324K,  81% used [0x00000000f5c00000, 0x00000000f70e2060, 0x00000000f70e2200, 0x00000000f75b5000)
 Metaspace       used 56433K, capacity 58640K, committed 58880K, reserved 1099776K
  class space    used 7678K, capacity 8090K, committed 8192K, reserved 1048576K
}
Event: 11.621 GC heap before
{Heap before GC invocations=105 (full 3):
 def new generation   total 11904K, used 11903K [0x00000000f0a00000, 0x00000000f16e0000, 0x00000000f5c00000)
  eden space 10624K, 100% used [0x00000000f0a00000, 0x00000000f1460000, 0x00000000f1460000)
  from space 1280K,  99% used [0x00000000f15a0000, 0x00000000f16dfff0, 0x00000000f16e0000)
  to   space 1280K,   0% used [0x00000000f1460000, 0x00000000f1460000, 0x00000000f15a0000)
 tenured generation   total 26324K, used 21384K [0x00000000f5c00000, 0x00000000f75b5000, 0x0000000100000000)
   the space 26324K,  81% used [0x00000000f5c00000, 0x00000000f70e2060, 0x00000000f70e2200, 0x00000000f75b5000)
 Metaspace       used 56739K, capacity 58934K, committed 59136K, reserved 1099776K
  class space    used 7719K, capacity 8123K, committed 8192K, reserved 1048576K
Event: 11.626 GC heap after
Heap after GC invocations=106 (full 3):
 def new generation   total 11904K, used 646K [0x00000000f0a00000, 0x00000000f16e0000, 0x00000000f5c00000)
  eden space 10624K,   0% used [0x00000000f0a00000, 0x00000000f0a00000, 0x00000000f1460000)
  from space 1280K,  50% used [0x00000000f1460000, 0x00000000f1501938, 0x00000000f15a0000)
  to   space 1280K,   0% used [0x00000000f15a0000, 0x00000000f15a0000, 0x00000000f16e0000)
 tenured generation   total 26324K, used 22044K [0x00000000f5c00000, 0x00000000f75b5000, 0x0000000100000000)
   the space 26324K,  83% used [0x00000000f5c00000, 0x00000000f71873b0, 0x00000000f7187400, 0x00000000f75b5000)
 Metaspace       used 56739K, capacity 58934K, committed 59136K, reserved 1099776K
  class space    used 7719K, capacity 8123K, committed 8192K, reserved 1048576K
}
Event: 11.807 GC heap before
{Heap before GC invocations=106 (full 3):
 def new generation   total 11904K, used 11270K [0x00000000f0a00000, 0x00000000f16e0000, 0x00000000f5c00000)
  eden space 10624K, 100% used [0x00000000f0a00000, 0x00000000f1460000, 0x00000000f1460000)
  from space 1280K,  50% used [0x00000000f1460000, 0x00000000f1501938, 0x00000000f15a0000)
  to   space 1280K,   0% used [0x00000000f15a0000, 0x00000000f15a0000, 0x00000000f16e0000)
 tenured generation   total 26324K, used 22044K [0x00000000f5c00000, 0x00000000f75b5000, 0x0000000100000000)
   the space 26324K,  83% used [0x00000000f5c00000, 0x00000000f71873b0, 0x00000000f7187400, 0x00000000f75b5000)
 Metaspace       used 57494K, capacity 59710K, committed 60032K, reserved 1101824K
  class space    used 7827K, capacity 8253K, committed 8320K, reserved 1048576K
Event: 11.814 GC heap after
Heap after GC invocations=107 (full 3):
 def new generation   total 11904K, used 1100K [0x00000000f0a00000, 0x00000000f16e0000, 0x00000000f5c00000)
  eden space 10624K,   0% used [0x00000000f0a00000, 0x00000000f0a00000, 0x00000000f1460000)
  from space 1280K,  85% used [0x00000000f15a0000, 0x00000000f16b3140, 0x00000000f16e0000)
  to   space 1280K,   0% used [0x00000000f1460000, 0x00000000f1460000, 0x00000000f15a0000)
 tenured generation   total 26324K, used 22445K [0x00000000f5c00000, 0x00000000f75b5000, 0x0000000100000000)
   the space 26324K,  85% used [0x00000000f5c00000, 0x00000000f71eb548, 0x00000000f71eb600, 0x00000000f75b5000)
 Metaspace       used 57494K, capacity 59710K, committed 60032K, reserved 1101824K
  class space    used 7827K, capacity 8253K, committed 8320K, reserved 1048576K
}
Event: 11.947 GC heap before
{Heap before GC invocations=107 (full 3):
 def new generation   total 11904K, used 11724K [0x00000000f0a00000, 0x00000000f16e0000, 0x00000000f5c00000)
  eden space 10624K, 100% used [0x00000000f0a00000, 0x00000000f1460000, 0x00000000f1460000)
  from space 1280K,  85% used [0x00000000f15a0000, 0x00000000f16b3140, 0x00000000f16e0000)
  to   space 1280K,   0% used [0x00000000f1460000, 0x00000000f1460000, 0x00000000f15a0000)
 tenured generation   total 26324K, used 22445K [0x00000000f5c00000, 0x00000000f75b5000, 0x0000000100000000)
   the space 26324K,  85% used [0x00000000f5c00000, 0x00000000f71eb548, 0x00000000f71eb600, 0x00000000f75b5000)
 Metaspace       used 57998K, capacity 60182K, committed 60416K, reserved 1101824K
  class space    used 7914K, capacity 8325K, committed 8448K, reserved 1048576K
Event: 11.952 GC heap after
Heap after GC invocations=108 (full 3):
 def new generation   total 11904K, used 768K [0x00000000f0a00000, 0x00000000f16e0000, 0x00000000f5c00000)
  eden space 10624K,   0% used [0x00000000f0a00000, 0x00000000f0a00000, 0x00000000f1460000)
  from space 1280K,  60% used [0x00000000f1460000, 0x00000000f1520188, 0x00000000f15a0000)
  to   space 1280K,   0% used [0x00000000f15a0000, 0x00000000f15a0000, 0x00000000f16e0000)
 tenured generation   total 26324K, used 22674K [0x00000000f5c00000, 0x00000000f75b5000, 0x0000000100000000)
   the space 26324K,  86% used [0x00000000f5c00000, 0x00000000f7224808, 0x00000000f7224a00, 0x00000000f75b5000)
 Metaspace       used 57998K, capacity 60182K, committed 60416K, reserved 1101824K
  class space    used 7914K, capacity 8325K, committed 8448K, reserved 1048576K
}
Event: 12.047 GC heap before
{Heap before GC invocations=108 (full 3):
 def new generation   total 11904K, used 11392K [0x00000000f0a00000, 0x00000000f16e0000, 0x00000000f5c00000)
  eden space 10624K, 100% used [0x00000000f0a00000, 0x00000000f1460000, 0x00000000f1460000)
  from space 1280K,  60% used [0x00000000f1460000, 0x00000000f1520188, 0x00000000f15a0000)
  to   space 1280K,   0% used [0x00000000f15a0000, 0x00000000f15a0000, 0x00000000f16e0000)
 tenured generation   total 26324K, used 22674K [0x00000000f5c00000, 0x00000000f75b5000, 0x0000000100000000)
   the space 26324K,  86% used [0x00000000f5c00000, 0x00000000f7224808, 0x00000000f7224a00, 0x00000000f75b5000)
 Metaspace       used 58052K, capacity 60278K, committed 60672K, reserved 1101824K
  class space    used 7921K, capacity 8357K, committed 8448K, reserved 1048576K
Event: 12.051 GC heap after
Heap after GC invocations=109 (full 3):
 def new generation   total 11904K, used 287K [0x00000000f0a00000, 0x00000000f16e0000, 0x00000000f5c00000)
  eden space 10624K,   0% used [0x00000000f0a00000, 0x00000000f0a00000, 0x00000000f1460000)
  from space 1280K,  22% used [0x00000000f15a0000, 0x00000000f15e7df0, 0x00000000f16e0000)
  to   space 1280K,   0% used [0x00000000f1460000, 0x00000000f1460000, 0x00000000f15a0000)
 tenured generation   total 26324K, used 22956K [0x00000000f5c00000, 0x00000000f75b5000, 0x0000000100000000)
   the space 26324K,  87% used [0x00000000f5c00000, 0x00000000f726b130, 0x00000000f726b200, 0x00000000f75b5000)
 Metaspace       used 58052K, capacity 60278K, committed 60672K, reserved 1101824K
  class space    used 7921K, capacity 8357K, committed 8448K, reserved 1048576K
}
Event: 12.140 GC heap before
{Heap before GC invocations=109 (full 3):
 def new generation   total 11904K, used 10911K [0x00000000f0a00000, 0x00000000f16e0000, 0x00000000f5c00000)
  eden space 10624K, 100% used [0x00000000f0a00000, 0x00000000f1460000, 0x00000000f1460000)
  from space 1280K,  22% used [0x00000000f15a0000, 0x00000000f15e7df0, 0x00000000f16e0000)
  to   space 1280K,   0% used [0x00000000f1460000, 0x00000000f1460000, 0x00000000f15a0000)
 tenured generation   total 26324K, used 22956K [0x00000000f5c00000, 0x00000000f75b5000, 0x0000000100000000)
   the space 26324K,  87% used [0x00000000f5c00000, 0x00000000f726b130, 0x00000000f726b200, 0x00000000f75b5000)
 Metaspace       used 58179K, capacity 60368K, committed 60672K, reserved 1101824K
  class space    used 7948K, capacity 8362K, committed 8448K, reserved 1048576K
Event: 12.144 GC heap after
Heap after GC invocations=110 (full 3):
 def new generation   total 11904K, used 678K [0x00000000f0a00000, 0x00000000f16e0000, 0x00000000f5c00000)
  eden space 10624K,   0% used [0x00000000f0a00000, 0x00000000f0a00000, 0x00000000f1460000)
  from space 1280K,  52% used [0x00000000f1460000, 0x00000000f1509900, 0x00000000f15a0000)
  to   space 1280K,   0% used [0x00000000f15a0000, 0x00000000f15a0000, 0x00000000f16e0000)
 tenured generation   total 26324K, used 22956K [0x00000000f5c00000, 0x00000000f75b5000, 0x0000000100000000)
   the space 26324K,  87% used [0x00000000f5c00000, 0x00000000f726b130, 0x00000000f726b200, 0x00000000f75b5000)
 Metaspace       used 58179K, capacity 60368K, committed 60672K, reserved 1101824K
  class space    used 7948K, capacity 8362K, committed 8448K, reserved 1048576K
}
Event: 12.234 GC heap before
{Heap before GC invocations=110 (full 3):
 def new generation   total 11904K, used 11302K [0x00000000f0a00000, 0x00000000f16e0000, 0x00000000f5c00000)
  eden space 10624K, 100% used [0x00000000f0a00000, 0x00000000f1460000, 0x00000000f1460000)
  from space 1280K,  52% used [0x00000000f1460000, 0x00000000f1509900, 0x00000000f15a0000)
  to   space 1280K,   0% used [0x00000000f15a0000, 0x00000000f15a0000, 0x00000000f16e0000)
 tenured generation   total 26324K, used 22956K [0x00000000f5c00000, 0x00000000f75b5000, 0x0000000100000000)
   the space 26324K,  87% used [0x00000000f5c00000, 0x00000000f726b130, 0x00000000f726b200, 0x00000000f75b5000)
 Metaspace       used 58302K, capacity 60528K, committed 60672K, reserved 1101824K
  class space    used 7962K, capacity 8394K, committed 8448K, reserved 1048576K
Event: 12.238 GC heap after
Heap after GC invocations=111 (full 3):
 def new generation   total 11904K, used 634K [0x00000000f0a00000, 0x00000000f16e0000, 0x00000000f5c00000)
  eden space 10624K,   0% used [0x00000000f0a00000, 0x00000000f0a00000, 0x00000000f1460000)
  from space 1280K,  49% used [0x00000000f15a0000, 0x00000000f163ea40, 0x00000000f16e0000)
  to   space 1280K,   0% used [0x00000000f1460000, 0x00000000f1460000, 0x00000000f15a0000)
 tenured generation   total 26324K, used 23207K [0x00000000f5c00000, 0x00000000f75b5000, 0x0000000100000000)
   the space 26324K,  88% used [0x00000000f5c00000, 0x00000000f72a9fa0, 0x00000000f72aa000, 0x00000000f75b5000)
 Metaspace       used 58302K, capacity 60528K, committed 60672K, reserved 1101824K
  class space    used 7962K, capacity 8394K, committed 8448K, reserved 1048576K
}
Event: 12.379 GC heap before
{Heap before GC invocations=111 (full 3):
 def new generation   total 11904K, used 11258K [0x00000000f0a00000, 0x00000000f16e0000, 0x00000000f5c00000)
  eden space 10624K, 100% used [0x00000000f0a00000, 0x00000000f1460000, 0x00000000f1460000)
  from space 1280K,  49% used [0x00000000f15a0000, 0x00000000f163ea40, 0x00000000f16e0000)
  to   space 1280K,   0% used [0x00000000f1460000, 0x00000000f1460000, 0x00000000f15a0000)
 tenured generation   total 26324K, used 23207K [0x00000000f5c00000, 0x00000000f75b5000, 0x0000000100000000)
   the space 26324K,  88% used [0x00000000f5c00000, 0x00000000f72a9fa0, 0x00000000f72aa000, 0x00000000f75b5000)
 Metaspace       used 58720K, capacity 60944K, committed 61184K, reserved 1101824K
  class space    used 8007K, capacity 8426K, committed 8448K, reserved 1048576K
Event: 12.388 GC heap after
Heap after GC invocations=112 (full 3):
 def new generation   total 11904K, used 1279K [0x00000000f0a00000, 0x00000000f16e0000, 0x00000000f5c00000)
  eden space 10624K,   0% used [0x00000000f0a00000, 0x00000000f0a00000, 0x00000000f1460000)
  from space 1280K,  99% used [0x00000000f1460000, 0x00000000f159fff8, 0x00000000f15a0000)
  to   space 1280K,   0% used [0x00000000f15a0000, 0x00000000f15a0000, 0x00000000f16e0000)
 tenured generation   total 26324K, used 23242K [0x00000000f5c00000, 0x00000000f75b5000, 0x0000000100000000)
   the space 26324K,  88% used [0x00000000f5c00000, 0x00000000f72b2b10, 0x00000000f72b2c00, 0x00000000f75b5000)
 Metaspace       used 58720K, capacity 60944K, committed 61184K, reserved 1101824K
  class space    used 8007K, capacity 8426K, committed 8448K, reserved 1048576K
}
Event: 12.541 GC heap before
{Heap before GC invocations=112 (full 3):
 def new generation   total 11904K, used 11903K [0x00000000f0a00000, 0x00000000f16e0000, 0x00000000f5c00000)
  eden space 10624K, 100% used [0x00000000f0a00000, 0x00000000f1460000, 0x00000000f1460000)
  from space 1280K,  99% used [0x00000000f1460000, 0x00000000f159fff8, 0x00000000f15a0000)
  to   space 1280K,   0% used [0x00000000f15a0000, 0x00000000f15a0000, 0x00000000f16e0000)
 tenured generation   total 26324K, used 23242K [0x00000000f5c00000, 0x00000000f75b5000, 0x0000000100000000)
   the space 26324K,  88% used [0x00000000f5c00000, 0x00000000f72b2b10, 0x00000000f72b2c00, 0x00000000f75b5000)
 Metaspace       used 59009K, capacity 61544K, committed 61824K, reserved 1101824K
  class space    used 8067K, capacity 8540K, committed 8576K, reserved 1048576K
Event: 12.547 GC heap after
Heap after GC invocations=113 (full 3):
 def new generation   total 11904K, used 367K [0x00000000f0a00000, 0x00000000f16e0000, 0x00000000f5c00000)
  eden space 10624K,   0% used [0x00000000f0a00000, 0x00000000f0a00000, 0x00000000f1460000)
  from space 1280K,  28% used [0x00000000f15a0000, 0x00000000f15fbf58, 0x00000000f16e0000)
  to   space 1280K,   0% used [0x00000000f1460000, 0x00000000f1460000, 0x00000000f15a0000)
 tenured generation   total 26324K, used 24322K [0x00000000f5c00000, 0x00000000f75b5000, 0x0000000100000000)
   the space 26324K,  92% used [0x00000000f5c00000, 0x00000000f73c0b50, 0x00000000f73c0c00, 0x00000000f75b5000)
 Metaspace       used 59009K, capacity 61544K, committed 61824K, reserved 1101824K
  class space    used 8067K, capacity 8540K, committed 8576K, reserved 1048576K
}
Event: 12.662 GC heap before
{Heap before GC invocations=113 (full 3):
 def new generation   total 11904K, used 10991K [0x00000000f0a00000, 0x00000000f16e0000, 0x00000000f5c00000)
  eden space 10624K,  99% used [0x00000000f0a00000, 0x00000000f145fff0, 0x00000000f1460000)
  from space 1280K,  28% used [0x00000000f15a0000, 0x00000000f15fbf58, 0x00000000f16e0000)
  to   space 1280K,   0% used [0x00000000f1460000, 0x00000000f1460000, 0x00000000f15a0000)
 tenured generation   total 26324K, used 24322K [0x00000000f5c00000, 0x00000000f75b5000, 0x0000000100000000)
   the space 26324K,  92% used [0x00000000f5c00000, 0x00000000f73c0b50, 0x00000000f73c0c00, 0x00000000f75b5000)
 Metaspace       used 59151K, capacity 61672K, committed 61824K, reserved 1101824K
  class space    used 8091K, capacity 8540K, committed 8576K, reserved 1048576K
Event: 12.667 GC heap after
Heap after GC invocations=114 (full 3):
 def new generation   total 11904K, used 821K [0x00000000f0a00000, 0x00000000f16e0000, 0x00000000f5c00000)
  eden space 10624K,   0% used [0x00000000f0a00000, 0x00000000f0a00000, 0x00000000f1460000)
  from space 1280K,  64% used [0x00000000f1460000, 0x00000000f152d4b8, 0x00000000f15a0000)
  to   space 1280K,   0% used [0x00000000f15a0000, 0x00000000f15a0000, 0x00000000f16e0000)
 tenured generation   total 26324K, used 24322K [0x00000000f5c00000, 0x00000000f75b5000, 0x0000000100000000)
   the space 26324K,  92% used [0x00000000f5c00000, 0x00000000f73c0b50, 0x00000000f73c0c00, 0x00000000f75b5000)
 Metaspace       used 59151K, capacity 61672K, committed 61824K, reserved 1101824K
  class space    used 8091K, capacity 8540K, committed 8576K, reserved 1048576K
}
Event: 12.792 GC heap before
{Heap before GC invocations=114 (full 3):
 def new generation   total 11904K, used 11445K [0x00000000f0a00000, 0x00000000f16e0000, 0x00000000f5c00000)
  eden space 10624K, 100% used [0x00000000f0a00000, 0x00000000f1460000, 0x00000000f1460000)
  from space 1280K,  64% used [0x00000000f1460000, 0x00000000f152d4b8, 0x00000000f15a0000)
  to   space 1280K,   0% used [0x00000000f15a0000, 0x00000000f15a0000, 0x00000000f16e0000)
 tenured generation   total 26324K, used 24322K [0x00000000f5c00000, 0x00000000f75b5000, 0x0000000100000000)
   the space 26324K,  92% used [0x00000000f5c00000, 0x00000000f73c0b50, 0x00000000f73c0c00, 0x00000000f75b5000)
 Metaspace       used 59268K, capacity 61782K, committed 61824K, reserved 1101824K
  class space    used 8105K, capacity 8575K, committed 8576K, reserved 1048576K
Event: 12.797 GC heap after
Heap after GC invocations=115 (full 3):
 def new generation   total 11904K, used 882K [0x00000000f0a00000, 0x00000000f16e0000, 0x00000000f5c00000)
  eden space 10624K,   0% used [0x00000000f0a00000, 0x00000000f0a00000, 0x00000000f1460000)
  from space 1280K,  68% used [0x00000000f15a0000, 0x00000000f167c918, 0x00000000f16e0000)
  to   space 1280K,   0% used [0x00000000f1460000, 0x00000000f1460000, 0x00000000f15a0000)
 tenured generation   total 26324K, used 24636K [0x00000000f5c00000, 0x00000000f75b5000, 0x0000000100000000)
   the space 26324K,  93% used [0x00000000f5c00000, 0x00000000f740f110, 0x00000000f740f200, 0x00000000f75b5000)
 Metaspace       used 59268K, capacity 61782K, committed 61824K, reserved 1101824K
  class space    used 8105K, capacity 8575K, committed 8576K, reserved 1048576K
}
Event: 12.916 GC heap before
{Heap before GC invocations=115 (full 3):
 def new generation   total 11904K, used 11506K [0x00000000f0a00000, 0x00000000f16e0000, 0x00000000f5c00000)
  eden space 10624K, 100% used [0x00000000f0a00000, 0x00000000f1460000, 0x00000000f1460000)
  from space 1280K,  68% used [0x00000000f15a0000, 0x00000000f167c918, 0x00000000f16e0000)
  to   space 1280K,   0% used [0x00000000f1460000, 0x00000000f1460000, 0x00000000f15a0000)
 tenured generation   total 26324K, used 24636K [0x00000000f5c00000, 0x00000000f75b5000, 0x0000000100000000)
   the space 26324K,  93% used [0x00000000f5c00000, 0x00000000f740f110, 0x00000000f740f200, 0x00000000f75b5000)
 Metaspace       used 59471K, capacity 62002K, committed 62208K, reserved 1103872K
  class space    used 8131K, capacity 8581K, committed 8704K, reserved 1048576K
Event: 12.922 GC heap after
Heap after GC invocations=116 (full 3):
 def new generation   total 11904K, used 977K [0x00000000f0a00000, 0x00000000f16e0000, 0x00000000f5c00000)
  eden space 10624K,   0% used [0x00000000f0a00000, 0x00000000f0a00000, 0x00000000f1460000)
  from space 1280K,  76% used [0x00000000f1460000, 0x00000000f1554530, 0x00000000f15a0000)
  to   space 1280K,   0% used [0x00000000f15a0000, 0x00000000f15a0000, 0x00000000f16e0000)
 tenured generation   total 26324K, used 25055K [0x00000000f5c00000, 0x00000000f75b5000, 0x0000000100000000)
   the space 26324K,  95% used [0x00000000f5c00000, 0x00000000f7477c00, 0x00000000f7477c00, 0x00000000f75b5000)
 Metaspace       used 59471K, capacity 62002K, committed 62208K, reserved 1103872K
  class space    used 8131K, capacity 8581K, committed 8704K, reserved 1048576K
}
Event: 13.030 GC heap before
{Heap before GC invocations=116 (full 3):
 def new generation   total 11904K, used 11601K [0x00000000f0a00000, 0x00000000f16e0000, 0x00000000f5c00000)
  eden space 10624K, 100% used [0x00000000f0a00000, 0x00000000f1460000, 0x00000000f1460000)
  from space 1280K,  76% used [0x00000000f1460000, 0x00000000f1554530, 0x00000000f15a0000)
  to   space 1280K,   0% used [0x00000000f15a0000, 0x00000000f15a0000, 0x00000000f16e0000)
 tenured generation   total 26324K, used 25055K [0x00000000f5c00000, 0x00000000f75b5000, 0x0000000100000000)
   the space 26324K,  95% used [0x00000000f5c00000, 0x00000000f7477c00, 0x00000000f7477c00, 0x00000000f75b5000)
 Metaspace       used 59618K, capacity 62182K, committed 62464K, reserved 1103872K
  class space    used 8150K, capacity 8617K, committed 8704K, reserved 1048576K
Event: 13.036 GC heap after
Heap after GC invocations=117 (full 3):
 def new generation   total 11904K, used 812K [0x00000000f0a00000, 0x00000000f16e0000, 0x00000000f5c00000)
  eden space 10624K,   0% used [0x00000000f0a00000, 0x00000000f0a00000, 0x00000000f1460000)
  from space 1280K,  63% used [0x00000000f15a0000, 0x00000000f166b260, 0x00000000f16e0000)
  to   space 1280K,   0% used [0x00000000f1460000, 0x00000000f1460000, 0x00000000f15a0000)
 tenured generation   total 26324K, used 25468K [0x00000000f5c00000, 0x00000000f75b5000, 0x0000000100000000)
   the space 26324K,  96% used [0x00000000f5c00000, 0x00000000f74df238, 0x00000000f74df400, 0x00000000f75b5000)
 Metaspace       used 59618K, capacity 62182K, committed 62464K, reserved 1103872K
  class space    used 8150K, capacity 8617K, committed 8704K, reserved 1048576K
}
Event: 13.164 GC heap before
{Heap before GC invocations=117 (full 3):
 def new generation   total 11904K, used 11436K [0x00000000f0a00000, 0x00000000f16e0000, 0x00000000f5c00000)
  eden space 10624K, 100% used [0x00000000f0a00000, 0x00000000f1460000, 0x00000000f1460000)
  from space 1280K,  63% used [0x00000000f15a0000, 0x00000000f166b260, 0x00000000f16e0000)
  to   space 1280K,   0% used [0x00000000f1460000, 0x00000000f1460000, 0x00000000f15a0000)
 tenured generation   total 26324K, used 25468K [0x00000000f5c00000, 0x00000000f75b5000, 0x0000000100000000)
   the space 26324K,  96% used [0x00000000f5c00000, 0x00000000f74df238, 0x00000000f74df400, 0x00000000f75b5000)
 Metaspace       used 59852K, capacity 62412K, committed 62720K, reserved 1103872K
  class space    used 8179K, capacity 8650K, committed 8704K, reserved 1048576K
Event: 13.170 GC heap after
Heap after GC invocations=118 (full 3):
 def new generation   total 11904K, used 1275K [0x00000000f0a00000, 0x00000000f16e0000, 0x00000000f5c00000)
  eden space 10624K,   0% used [0x00000000f0a00000, 0x00000000f0a00000, 0x00000000f1460000)
  from space 1280K,  99% used [0x00000000f1460000, 0x00000000f159efd8, 0x00000000f15a0000)
  to   space 1280K,   0% used [0x00000000f15a0000, 0x00000000f15a0000, 0x00000000f16e0000)
 tenured generation   total 26324K, used 25823K [0x00000000f5c00000, 0x00000000f75b5000, 0x0000000100000000)
   the space 26324K,  98% used [0x00000000f5c00000, 0x00000000f7537e50, 0x00000000f7538000, 0x00000000f75b5000)
 Metaspace       used 59852K, capacity 62412K, committed 62720K, reserved 1103872K
  class space    used 8179K, capacity 8650K, committed 8704K, reserved 1048576K
}
Event: 13.319 GC heap before
{Heap before GC invocations=118 (full 3):
 def new generation   total 11904K, used 11899K [0x00000000f0a00000, 0x00000000f16e0000, 0x00000000f5c00000)
  eden space 10624K, 100% used [0x00000000f0a00000, 0x00000000f1460000, 0x00000000f1460000)
  from space 1280K,  99% used [0x00000000f1460000, 0x00000000f159efd8, 0x00000000f15a0000)
  to   space 1280K,   0% used [0x00000000f15a0000, 0x00000000f15a0000, 0x00000000f16e0000)
 tenured generation   total 26324K, used 25823K [0x00000000f5c00000, 0x00000000f75b5000, 0x0000000100000000)
   the space 26324K,  98% used [0x00000000f5c00000, 0x00000000f7537e50, 0x00000000f7538000, 0x00000000f75b5000)
 Metaspace       used 60264K, capacity 62800K, committed 63104K, reserved 1103872K
  class space    used 8256K, capacity 8716K, committed 8832K, reserved 1048576K
Event: 13.462 GC heap after
Heap after GC invocations=119 (full 4):
 def new generation   total 19008K, used 0K [0x00000000f0a00000, 0x00000000f1e90000, 0x00000000f5c00000)
  eden space 16960K,   0% used [0x00000000f0a00000, 0x00000000f0a00000, 0x00000000f1a90000)
  from space 2048K,   0% used [0x00000000f1a90000, 0x00000000f1a90000, 0x00000000f1c90000)
  to   space 2048K,   0% used [0x00000000f1c90000, 0x00000000f1c90000, 0x00000000f1e90000)
 tenured generation   total 41972K, used 25182K [0x00000000f5c00000, 0x00000000f84fd000, 0x0000000100000000)
   the space 41972K,  59% used [0x00000000f5c00000, 0x00000000f7497b20, 0x00000000f7497c00, 0x00000000f84fd000)
 Metaspace       used 60264K, capacity 62800K, committed 63104K, reserved 1103872K
  class space    used 8256K, capacity 8716K, committed 8832K, reserved 1048576K
}
Event: 13.693 GC heap before
{Heap before GC invocations=119 (full 4):
 def new generation   total 19008K, used 16960K [0x00000000f0a00000, 0x00000000f1e90000, 0x00000000f5c00000)
  eden space 16960K, 100% used [0x00000000f0a00000, 0x00000000f1a90000, 0x00000000f1a90000)
  from space 2048K,   0% used [0x00000000f1a90000, 0x00000000f1a90000, 0x00000000f1c90000)
  to   space 2048K,   0% used [0x00000000f1c90000, 0x00000000f1c90000, 0x00000000f1e90000)
 tenured generation   total 41972K, used 25182K [0x00000000f5c00000, 0x00000000f84fd000, 0x0000000100000000)
   the space 41972K,  59% used [0x00000000f5c00000, 0x00000000f7497b20, 0x00000000f7497c00, 0x00000000f84fd000)
 Metaspace       used 60597K, capacity 63210K, committed 63360K, reserved 1103872K
  class space    used 8330K, capacity 8795K, committed 8832K, reserved 1048576K
Event: 13.698 GC heap after
Heap after GC invocations=120 (full 4):
 def new generation   total 19008K, used 1122K [0x00000000f0a00000, 0x00000000f1e90000, 0x00000000f5c00000)
  eden space 16960K,   0% used [0x00000000f0a00000, 0x00000000f0a00000, 0x00000000f1a90000)
  from space 2048K,  54% used [0x00000000f1c90000, 0x00000000f1da8a58, 0x00000000f1e90000)
  to   space 2048K,   0% used [0x00000000f1a90000, 0x00000000f1a90000, 0x00000000f1c90000)
 tenured generation   total 41972K, used 25182K [0x00000000f5c00000, 0x00000000f84fd000, 0x0000000100000000)
   the space 41972K,  59% used [0x00000000f5c00000, 0x00000000f7497b20, 0x00000000f7497c00, 0x00000000f84fd000)
 Metaspace       used 60597K, capacity 63210K, committed 63360K, reserved 1103872K
  class space    used 8330K, capacity 8795K, committed 8832K, reserved 1048576K
}
Event: 13.916 GC heap before
{Heap before GC invocations=120 (full 4):
 def new generation   total 19008K, used 18082K [0x00000000f0a00000, 0x00000000f1e90000, 0x00000000f5c00000)
  eden space 16960K, 100% used [0x00000000f0a00000, 0x00000000f1a90000, 0x00000000f1a90000)
  from space 2048K,  54% used [0x00000000f1c90000, 0x00000000f1da8a58, 0x00000000f1e90000)
  to   space 2048K,   0% used [0x00000000f1a90000, 0x00000000f1a90000, 0x00000000f1c90000)
 tenured generation   total 41972K, used 25182K [0x00000000f5c00000, 0x00000000f84fd000, 0x0000000100000000)
   the space 41972K,  59% used [0x00000000f5c00000, 0x00000000f7497b20, 0x00000000f7497c00, 0x00000000f84fd000)
 Metaspace       used 60925K, capacity 63634K, committed 63744K, reserved 1103872K
  class space    used 8371K, capacity 8851K, committed 8960K, reserved 1048576K
Event: 13.927 GC heap after
Heap after GC invocations=121 (full 4):
 def new generation   total 19008K, used 805K [0x00000000f0a00000, 0x00000000f1e90000, 0x00000000f5c00000)
  eden space 16960K,   0% used [0x00000000f0a00000, 0x00000000f0a00000, 0x00000000f1a90000)
  from space 2048K,  39% used [0x00000000f1a90000, 0x00000000f1b59440, 0x00000000f1c90000)
  to   space 2048K,   0% used [0x00000000f1c90000, 0x00000000f1c90000, 0x00000000f1e90000)
 tenured generation   total 41972K, used 25800K [0x00000000f5c00000, 0x00000000f84fd000, 0x0000000100000000)
   the space 41972K,  61% used [0x00000000f5c00000, 0x00000000f7532380, 0x00000000f7532400, 0x00000000f84fd000)
 Metaspace       used 60925K, capacity 63634K, committed 63744K, reserved 1103872K
  class space    used 8371K, capacity 8851K, committed 8960K, reserved 1048576K
}
Event: 14.112 GC heap before
{Heap before GC invocations=121 (full 4):
 def new generation   total 19008K, used 17765K [0x00000000f0a00000, 0x00000000f1e90000, 0x00000000f5c00000)
  eden space 16960K, 100% used [0x00000000f0a00000, 0x00000000f1a90000, 0x00000000f1a90000)
  from space 2048K,  39% used [0x00000000f1a90000, 0x00000000f1b59440, 0x00000000f1c90000)
  to   space 2048K,   0% used [0x00000000f1c90000, 0x00000000f1c90000, 0x00000000f1e90000)
 tenured generation   total 41972K, used 25800K [0x00000000f5c00000, 0x00000000f84fd000, 0x0000000100000000)
   the space 41972K,  61% used [0x00000000f5c00000, 0x00000000f7532380, 0x00000000f7532400, 0x00000000f84fd000)
 Metaspace       used 61158K, capacity 63876K, committed 64000K, reserved 1103872K
  class space    used 8406K, capacity 8886K, committed 8960K, reserved 1048576K
Event: 14.118 GC heap after
Heap after GC invocations=122 (full 4):
 def new generation   total 19008K, used 1344K [0x00000000f0a00000, 0x00000000f1e90000, 0x00000000f5c00000)
  eden space 16960K,   0% used [0x00000000f0a00000, 0x00000000f0a00000, 0x00000000f1a90000)
  from space 2048K,  65% used [0x00000000f1c90000, 0x00000000f1de00c8, 0x00000000f1e90000)
  to   space 2048K,   0% used [0x00000000f1a90000, 0x00000000f1a90000, 0x00000000f1c90000)
 tenured generation   total 41972K, used 25800K [0x00000000f5c00000, 0x00000000f84fd000, 0x0000000100000000)
   the space 41972K,  61% used [0x00000000f5c00000, 0x00000000f7532380, 0x00000000f7532400, 0x00000000f84fd000)
 Metaspace       used 61158K, capacity 63876K, committed 64000K, reserved 1103872K
  class space    used 8406K, capacity 8886K, committed 8960K, reserved 1048576K
}
Event: 14.248 GC heap before
{Heap before GC invocations=122 (full 4):
 def new generation   total 19008K, used 18304K [0x00000000f0a00000, 0x00000000f1e90000, 0x00000000f5c00000)
  eden space 16960K, 100% used [0x00000000f0a00000, 0x00000000f1a90000, 0x00000000f1a90000)
  from space 2048K,  65% used [0x00000000f1c90000, 0x00000000f1de00c8, 0x00000000f1e90000)
  to   space 2048K,   0% used [0x00000000f1a90000, 0x00000000f1a90000, 0x00000000f1c90000)
 tenured generation   total 41972K, used 25800K [0x00000000f5c00000, 0x00000000f84fd000, 0x0000000100000000)
   the space 41972K,  61% used [0x00000000f5c00000, 0x00000000f7532380, 0x00000000f7532400, 0x00000000f84fd000)
 Metaspace       used 61236K, capacity 63946K, committed 64256K, reserved 1103872K
  class space    used 8417K, capacity 8887K, committed 8960K, reserved 1048576K
Event: 14.255 GC heap after
Heap after GC invocations=123 (full 4):
 def new generation   total 19008K, used 1044K [0x00000000f0a00000, 0x00000000f1e90000, 0x00000000f5c00000)
  eden space 16960K,   0% used [0x00000000f0a00000, 0x00000000f0a00000, 0x00000000f1a90000)
  from space 2048K,  51% used [0x00000000f1a90000, 0x00000000f1b95220, 0x00000000f1c90000)
  to   space 2048K,   0% used [0x00000000f1c90000, 0x00000000f1c90000, 0x00000000f1e90000)
 tenured generation   total 41972K, used 26423K [0x00000000f5c00000, 0x00000000f84fd000, 0x0000000100000000)
   the space 41972K,  62% used [0x00000000f5c00000, 0x00000000f75cdc28, 0x00000000f75cde00, 0x00000000f84fd000)
 Metaspace       used 61236K, capacity 63946K, committed 64256K, reserved 1103872K
  class space    used 8417K, capacity 8887K, committed 8960K, reserved 1048576K
}
Event: 14.399 GC heap before
{Heap before GC invocations=123 (full 4):
 def new generation   total 19008K, used 18004K [0x00000000f0a00000, 0x00000000f1e90000, 0x00000000f5c00000)
  eden space 16960K, 100% used [0x00000000f0a00000, 0x00000000f1a90000, 0x00000000f1a90000)
  from space 2048K,  51% used [0x00000000f1a90000, 0x00000000f1b95220, 0x00000000f1c90000)
  to   space 2048K,   0% used [0x00000000f1c90000, 0x00000000f1c90000, 0x00000000f1e90000)
 tenured generation   total 41972K, used 26423K [0x00000000f5c00000, 0x00000000f84fd000, 0x0000000100000000)
   the space 41972K,  62% used [0x00000000f5c00000, 0x00000000f75cdc28, 0x00000000f75cde00, 0x00000000f84fd000)
 Metaspace       used 61341K, capacity 64034K, committed 64256K, reserved 1103872K
  class space    used 8428K, capacity 8891K, committed 8960K, reserved 1048576K
Event: 14.408 GC heap after
Heap after GC invocations=124 (full 4):
 def new generation   total 19008K, used 1134K [0x00000000f0a00000, 0x00000000f1e90000, 0x00000000f5c00000)
  eden space 16960K,   0% used [0x00000000f0a00000, 0x00000000f0a00000, 0x00000000f1a90000)
  from space 2048K,  55% used [0x00000000f1c90000, 0x00000000f1daba58, 0x00000000f1e90000)
  to   space 2048K,   0% used [0x00000000f1a90000, 0x00000000f1a90000, 0x00000000f1c90000)
 tenured generation   total 41972K, used 26991K [0x00000000f5c00000, 0x00000000f84fd000, 0x0000000100000000)
   the space 41972K,  64% used [0x00000000f5c00000, 0x00000000f765be38, 0x00000000f765c000, 0x00000000f84fd000)
 Metaspace       used 61341K, capacity 64034K, committed 64256K, reserved 1103872K
  class space    used 8428K, capacity 8891K, committed 8960K, reserved 1048576K
}
Event: 14.552 GC heap before
{Heap before GC invocations=124 (full 4):
 def new generation   total 19008K, used 18094K [0x00000000f0a00000, 0x00000000f1e90000, 0x00000000f5c00000)
  eden space 16960K, 100% used [0x00000000f0a00000, 0x00000000f1a90000, 0x00000000f1a90000)
  from space 2048K,  55% used [0x00000000f1c90000, 0x00000000f1daba58, 0x00000000f1e90000)
  to   space 2048K,   0% used [0x00000000f1a90000, 0x00000000f1a90000, 0x00000000f1c90000)
 tenured generation   total 41972K, used 26991K [0x00000000f5c00000, 0x00000000f84fd000, 0x0000000100000000)
   the space 41972K,  64% used [0x00000000f5c00000, 0x00000000f765be38, 0x00000000f765c000, 0x00000000f84fd000)
 Metaspace       used 61437K, capacity 64134K, committed 64256K, reserved 1103872K
  class space    used 8444K, capacity 8925K, committed 8960K, reserved 1048576K
Event: 14.563 GC heap after
Heap after GC invocations=125 (full 4):
 def new generation   total 19008K, used 1430K [0x00000000f0a00000, 0x00000000f1e90000, 0x00000000f5c00000)
  eden space 16960K,   0% used [0x00000000f0a00000, 0x00000000f0a00000, 0x00000000f1a90000)
  from space 2048K,  69% used [0x00000000f1a90000, 0x00000000f1bf5ab0, 0x00000000f1c90000)
  to   space 2048K,   0% used [0x00000000f1c90000, 0x00000000f1c90000, 0x00000000f1e90000)
 tenured generation   total 41972K, used 27412K [0x00000000f5c00000, 0x00000000f84fd000, 0x0000000100000000)
   the space 41972K,  65% used [0x00000000f5c00000, 0x00000000f76c50e0, 0x00000000f76c5200, 0x00000000f84fd000)
 Metaspace       used 61437K, capacity 64134K, committed 64256K, reserved 1103872K
  class space    used 8444K, capacity 8925K, committed 8960K, reserved 1048576K
}
Event: 14.803 GC heap before
{Heap before GC invocations=125 (full 4):
 def new generation   total 19008K, used 18390K [0x00000000f0a00000, 0x00000000f1e90000, 0x00000000f5c00000)
  eden space 16960K, 100% used [0x00000000f0a00000, 0x00000000f1a90000, 0x00000000f1a90000)
  from space 2048K,  69% used [0x00000000f1a90000, 0x00000000f1bf5ab0, 0x00000000f1c90000)
  to   space 2048K,   0% used [0x00000000f1c90000, 0x00000000f1c90000, 0x00000000f1e90000)
 tenured generation   total 41972K, used 27412K [0x00000000f5c00000, 0x00000000f84fd000, 0x0000000100000000)
   the space 41972K,  65% used [0x00000000f5c00000, 0x00000000f76c50e0, 0x00000000f76c5200, 0x00000000f84fd000)
 Metaspace       used 61777K, capacity 64562K, committed 64896K, reserved 1105920K
  class space    used 8486K, capacity 8971K, committed 9088K, reserved 1048576K
Event: 14.814 GC heap after
Heap after GC invocations=126 (full 4):
 def new generation   total 19008K, used 1492K [0x00000000f0a00000, 0x00000000f1e90000, 0x00000000f5c00000)
  eden space 16960K,   0% used [0x00000000f0a00000, 0x00000000f0a00000, 0x00000000f1a90000)
  from space 2048K,  72% used [0x00000000f1c90000, 0x00000000f1e051c0, 0x00000000f1e90000)
  to   space 2048K,   0% used [0x00000000f1a90000, 0x00000000f1a90000, 0x00000000f1c90000)
 tenured generation   total 41972K, used 28060K [0x00000000f5c00000, 0x00000000f84fd000, 0x0000000100000000)
   the space 41972K,  66% used [0x00000000f5c00000, 0x00000000f7767158, 0x00000000f7767200, 0x00000000f84fd000)
 Metaspace       used 61777K, capacity 64562K, committed 64896K, reserved 1105920K
  class space    used 8486K, capacity 8971K, committed 9088K, reserved 1048576K
}
Event: 15.164 GC heap before
{Heap before GC invocations=126 (full 4):
 def new generation   total 19008K, used 18452K [0x00000000f0a00000, 0x00000000f1e90000, 0x00000000f5c00000)
  eden space 16960K, 100% used [0x00000000f0a00000, 0x00000000f1a90000, 0x00000000f1a90000)
  from space 2048K,  72% used [0x00000000f1c90000, 0x00000000f1e051c0, 0x00000000f1e90000)
  to   space 2048K,   0% used [0x00000000f1a90000, 0x00000000f1a90000, 0x00000000f1c90000)
 tenured generation   total 41972K, used 28060K [0x00000000f5c00000, 0x00000000f84fd000, 0x0000000100000000)
   the space 41972K,  66% used [0x00000000f5c00000, 0x00000000f7767158, 0x00000000f7767200, 0x00000000f84fd000)
 Metaspace       used 62140K, capacity 64928K, committed 65152K, reserved 1105920K
  class space    used 8531K, capacity 9020K, committed 9088K, reserved 1048576K
Event: 15.171 GC heap after
Heap after GC invocations=127 (full 4):
 def new generation   total 19008K, used 991K [0x00000000f0a00000, 0x00000000f1e90000, 0x00000000f5c00000)
  eden space 16960K,   0% used [0x00000000f0a00000, 0x00000000f0a00000, 0x00000000f1a90000)
  from space 2048K,  48% used [0x00000000f1a90000, 0x00000000f1b87eb0, 0x00000000f1c90000)
  to   space 2048K,   0% used [0x00000000f1c90000, 0x00000000f1c90000, 0x00000000f1e90000)
 tenured generation   total 41972K, used 28496K [0x00000000f5c00000, 0x00000000f84fd000, 0x0000000100000000)
   the space 41972K,  67% used [0x00000000f5c00000, 0x00000000f77d4148, 0x00000000f77d4200, 0x00000000f84fd000)
 Metaspace       used 62140K, capacity 64928K, committed 65152K, reserved 1105920K
  class space    used 8531K, capacity 9020K, committed 9088K, reserved 1048576K
}
Event: 15.640 GC heap before
{Heap before GC invocations=127 (full 4):
 def new generation   total 19008K, used 17944K [0x00000000f0a00000, 0x00000000f1e90000, 0x00000000f5c00000)
  eden space 16960K,  99% used [0x00000000f0a00000, 0x00000000f1a8e2f0, 0x00000000f1a90000)
  from space 2048K,  48% used [0x00000000f1a90000, 0x00000000f1b87eb0, 0x00000000f1c90000)
  to   space 2048K,   0% used [0x00000000f1c90000, 0x00000000f1c90000, 0x00000000f1e90000)
 tenured generation   total 41972K, used 28496K [0x00000000f5c00000, 0x00000000f84fd000, 0x0000000100000000)
   the space 41972K,  67% used [0x00000000f5c00000, 0x00000000f77d4148, 0x00000000f77d4200, 0x00000000f84fd000)
 Metaspace       used 63685K, capacity 66690K, committed 66944K, reserved 1107968K
  class space    used 8772K, capacity 9275K, committed 9344K, reserved 1048576K
Event: 15.654 GC heap after
Heap after GC invocations=128 (full 4):
 def new generation   total 19008K, used 2047K [0x00000000f0a00000, 0x00000000f1e90000, 0x00000000f5c00000)
  eden space 16960K,   0% used [0x00000000f0a00000, 0x00000000f0a00000, 0x00000000f1a90000)
  from space 2048K,  99% used [0x00000000f1c90000, 0x00000000f1e8fff0, 0x00000000f1e90000)
  to   space 2048K,   0% used [0x00000000f1a90000, 0x00000000f1a90000, 0x00000000f1c90000)
 tenured generation   total 41972K, used 28999K [0x00000000f5c00000, 0x00000000f84fd000, 0x0000000100000000)
   the space 41972K,  69% used [0x00000000f5c00000, 0x00000000f7851fe8, 0x00000000f7852000, 0x00000000f84fd000)
 Metaspace       used 63685K, capacity 66690K, committed 66944K, reserved 1107968K
  class space    used 8772K, capacity 9275K, committed 9344K, reserved 1048576K
}
Event: 16.020 GC heap before
{Heap before GC invocations=128 (full 4):
 def new generation   total 19008K, used 19007K [0x00000000f0a00000, 0x00000000f1e90000, 0x00000000f5c00000)
  eden space 16960K, 100% used [0x00000000f0a00000, 0x00000000f1a90000, 0x00000000f1a90000)
  from space 2048K,  99% used [0x00000000f1c90000, 0x00000000f1e8fff0, 0x00000000f1e90000)
  to   space 2048K,   0% used [0x00000000f1a90000, 0x00000000f1a90000, 0x00000000f1c90000)
 tenured generation   total 41972K, used 28999K [0x00000000f5c00000, 0x00000000f84fd000, 0x0000000100000000)
   the space 41972K,  69% used [0x00000000f5c00000, 0x00000000f7851fe8, 0x00000000f7852000, 0x00000000f84fd000)
 Metaspace       used 64883K, capacity 67874K, committed 68224K, reserved 1107968K
  class space    used 8980K, capacity 9499K, committed 9600K, reserved 1048576K
Event: 16.037 GC heap after
Heap after GC invocations=129 (full 4):
 def new generation   total 19008K, used 1163K [0x00000000f0a00000, 0x00000000f1e90000, 0x00000000f5c00000)
  eden space 16960K,   0% used [0x00000000f0a00000, 0x00000000f0a00000, 0x00000000f1a90000)
  from space 2048K,  56% used [0x00000000f1a90000, 0x00000000f1bb2de0, 0x00000000f1c90000)
  to   space 2048K,   0% used [0x00000000f1c90000, 0x00000000f1c90000, 0x00000000f1e90000)
 tenured generation   total 41972K, used 30476K [0x00000000f5c00000, 0x00000000f84fd000, 0x0000000100000000)
   the space 41972K,  72% used [0x00000000f5c00000, 0x00000000f79c3178, 0x00000000f79c3200, 0x00000000f84fd000)
 Metaspace       used 64883K, capacity 67874K, committed 68224K, reserved 1107968K
  class space    used 8980K, capacity 9499K, committed 9600K, reserved 1048576K
}
Event: 16.253 GC heap before
{Heap before GC invocations=129 (full 4):
 def new generation   total 19008K, used 18123K [0x00000000f0a00000, 0x00000000f1e90000, 0x00000000f5c00000)
  eden space 16960K, 100% used [0x00000000f0a00000, 0x00000000f1a90000, 0x00000000f1a90000)
  from space 2048K,  56% used [0x00000000f1a90000, 0x00000000f1bb2de0, 0x00000000f1c90000)
  to   space 2048K,   0% used [0x00000000f1c90000, 0x00000000f1c90000, 0x00000000f1e90000)
 tenured generation   total 41972K, used 30476K [0x00000000f5c00000, 0x00000000f84fd000, 0x0000000100000000)
   the space 41972K,  72% used [0x00000000f5c00000, 0x00000000f79c3178, 0x00000000f79c3200, 0x00000000f84fd000)
 Metaspace       used 64997K, capacity 67984K, committed 68224K, reserved 1107968K
  class space    used 8998K, capacity 9508K, committed 9600K, reserved 1048576K
Event: 16.264 GC heap after
Heap after GC invocations=130 (full 4):
 def new generation   total 19008K, used 1163K [0x00000000f0a00000, 0x00000000f1e90000, 0x00000000f5c00000)
  eden space 16960K,   0% used [0x00000000f0a00000, 0x00000000f0a00000, 0x00000000f1a90000)
  from space 2048K,  56% used [0x00000000f1c90000, 0x00000000f1db2c10, 0x00000000f1e90000)
  to   space 2048K,   0% used [0x00000000f1a90000, 0x00000000f1a90000, 0x00000000f1c90000)
 tenured generation   total 41972K, used 30663K [0x00000000f5c00000, 0x00000000f84fd000, 0x0000000100000000)
   the space 41972K,  73% used [0x00000000f5c00000, 0x00000000f79f1f40, 0x00000000f79f2000, 0x00000000f84fd000)
 Metaspace       used 64997K, capacity 67984K, committed 68224K, reserved 1107968K
  class space    used 8998K, capacity 9508K, committed 9600K, reserved 1048576K
}
Event: 16.468 GC heap before
{Heap before GC invocations=130 (full 4):
 def new generation   total 19008K, used 18123K [0x00000000f0a00000, 0x00000000f1e90000, 0x00000000f5c00000)
  eden space 16960K, 100% used [0x00000000f0a00000, 0x00000000f1a90000, 0x00000000f1a90000)
  from space 2048K,  56% used [0x00000000f1c90000, 0x00000000f1db2c10, 0x00000000f1e90000)
  to   space 2048K,   0% used [0x00000000f1a90000, 0x00000000f1a90000, 0x00000000f1c90000)
 tenured generation   total 41972K, used 30663K [0x00000000f5c00000, 0x00000000f84fd000, 0x0000000100000000)
   the space 41972K,  73% used [0x00000000f5c00000, 0x00000000f79f1f40, 0x00000000f79f2000, 0x00000000f84fd000)
 Metaspace       used 65031K, capacity 67990K, committed 68224K, reserved 1107968K
  class space    used 8998K, capacity 9509K, committed 9600K, reserved 1048576K
Event: 16.475 GC heap after
Heap after GC invocations=131 (full 4):
 def new generation   total 19008K, used 1374K [0x00000000f0a00000, 0x00000000f1e90000, 0x00000000f5c00000)
  eden space 16960K,   0% used [0x00000000f0a00000, 0x00000000f0a00000, 0x00000000f1a90000)
  from space 2048K,  67% used [0x00000000f1a90000, 0x00000000f1be7a40, 0x00000000f1c90000)
  to   space 2048K,   0% used [0x00000000f1c90000, 0x00000000f1c90000, 0x00000000f1e90000)
 tenured generation   total 41972K, used 31579K [0x00000000f5c00000, 0x00000000f84fd000, 0x0000000100000000)
   the space 41972K,  75% used [0x00000000f5c00000, 0x00000000f7ad6d78, 0x00000000f7ad6e00, 0x00000000f84fd000)
 Metaspace       used 65031K, capacity 67990K, committed 68224K, reserved 1107968K
  class space    used 8998K, capacity 9509K, committed 9600K, reserved 1048576K
}
Event: 16.685 GC heap before
{Heap before GC invocations=131 (full 4):
 def new generation   total 19008K, used 18334K [0x00000000f0a00000, 0x00000000f1e90000, 0x00000000f5c00000)
  eden space 16960K, 100% used [0x00000000f0a00000, 0x00000000f1a90000, 0x00000000f1a90000)
  from space 2048K,  67% used [0x00000000f1a90000, 0x00000000f1be7a40, 0x00000000f1c90000)
  to   space 2048K,   0% used [0x00000000f1c90000, 0x00000000f1c90000, 0x00000000f1e90000)
 tenured generation   total 41972K, used 31579K [0x00000000f5c00000, 0x00000000f84fd000, 0x0000000100000000)
   the space 41972K,  75% used [0x00000000f5c00000, 0x00000000f7ad6d78, 0x00000000f7ad6e00, 0x00000000f84fd000)
 Metaspace       used 65085K, capacity 68122K, committed 68224K, reserved 1107968K
  class space    used 8998K, capacity 9509K, committed 9600K, reserved 1048576K
Event: 16.732 GC heap after
Heap after GC invocations=132 (full 4):
 def new generation   total 19008K, used 1191K [0x00000000f0a00000, 0x00000000f1e90000, 0x00000000f5c00000)
  eden space 16960K,   0% used [0x00000000f0a00000, 0x00000000f0a00000, 0x00000000f1a90000)
  from space 2048K,  58% used [0x00000000f1c90000, 0x00000000f1db9ed0, 0x00000000f1e90000)
  to   space 2048K,   0% used [0x00000000f1a90000, 0x00000000f1a90000, 0x00000000f1c90000)
 tenured generation   total 41972K, used 32452K [0x00000000f5c00000, 0x00000000f84fd000, 0x0000000100000000)
   the space 41972K,  77% used [0x00000000f5c00000, 0x00000000f7bb1338, 0x00000000f7bb1400, 0x00000000f84fd000)
 Metaspace       used 65085K, capacity 68122K, committed 68224K, reserved 1107968K
  class space    used 8998K, capacity 9509K, committed 9600K, reserved 1048576K
}

