# JRE version: OpenJDK Runtime Environment (8.0_265-b01) (build 1.8.0_265-b01)
# Java VM: OpenJDK 64-Bit Server VM (25.265-b01 mixed mode linux-amd64 compressed oops)
Heap:
 def new generation   total 19008K, used 8343K [0x00000000f0a00000, 0x00000000f1e90000, 0x00000000f5c00000)
  eden space 16960K,  42% used [0x00000000f0a00000, 0x00000000f10f4ee8, 0x00000000f1a90000)
  from space 2048K,  59% used [0x00000000f1a90000, 0x00000000f1bc1038, 0x00000000f1c90000)
  to   space 2048K,   0% used [0x00000000f1c90000, 0x00000000f1c90000, 0x00000000f1e90000)
 tenured generation   total 41964K, used 30536K [0x00000000f5c00000, 0x00000000f84fb000, 0x0000000100000000)
   the space 41964K,  72% used [0x00000000f5c00000, 0x00000000f79d23e8, 0x00000000f79d2400, 0x00000000f84fb000)
 Metaspace       used 64983K, capacity 67988K, committed 68224K, reserved 1107968K
  class space    used 8997K, capacity 9508K, committed 9600K, reserved 1048576K
GC Heap History (250 events):
Event: 1.075 GC heap before
{Heap before GC invocations=3 (full 0):
 def new generation   total 4928K, used 4928K [0x00000000f0a00000, 0x00000000f0f50000, 0x00000000f5c00000)
  eden space 4416K, 100% used [0x00000000f0a00000, 0x00000000f0e50000, 0x00000000f0e50000)
  from space 512K, 100% used [0x00000000f0ed0000, 0x00000000f0f50000, 0x00000000f0f50000)
  to   space 512K,   0% used [0x00000000f0e50000, 0x00000000f0e50000, 0x00000000f0ed0000)
 tenured generation   total 10944K, used 2257K [0x00000000f5c00000, 0x00000000f66b0000, 0x0000000100000000)
   the space 10944K,  20% used [0x00000000f5c00000, 0x00000000f5e34510, 0x00000000f5e34600, 0x00000000f66b0000)
 Metaspace       used 8454K, capacity 8702K, committed 8832K, reserved 1056768K
  class space    used 1004K, capacity 1103K, committed 1152K, reserved 1048576K
Event: 1.077 GC heap after
Heap after GC invocations=4 (full 0):
 def new generation   total 4928K, used 511K [0x00000000f0a00000, 0x00000000f0f50000, 0x00000000f5c00000)
  eden space 4416K,   0% used [0x00000000f0a00000, 0x00000000f0a00000, 0x00000000f0e50000)
  from space 512K,  99% used [0x00000000f0e50000, 0x00000000f0ecfff8, 0x00000000f0ed0000)
  to   space 512K,   0% used [0x00000000f0ed0000, 0x00000000f0ed0000, 0x00000000f0f50000)
 tenured generation   total 10944K, used 2651K [0x00000000f5c00000, 0x00000000f66b0000, 0x0000000100000000)
   the space 10944K,  24% used [0x00000000f5c00000, 0x00000000f5e96ec8, 0x00000000f5e97000, 0x00000000f66b0000)
 Metaspace       used 8454K, capacity 8702K, committed 8832K, reserved 1056768K
  class space    used 1004K, capacity 1103K, committed 1152K, reserved 1048576K
}
Event: 1.152 GC heap before
{Heap before GC invocations=4 (full 0):
 def new generation   total 4928K, used 4927K [0x00000000f0a00000, 0x00000000f0f50000, 0x00000000f5c00000)
  eden space 4416K, 100% used [0x00000000f0a00000, 0x00000000f0e50000, 0x00000000f0e50000)
  from space 512K,  99% used [0x00000000f0e50000, 0x00000000f0ecfff8, 0x00000000f0ed0000)
  to   space 512K,   0% used [0x00000000f0ed0000, 0x00000000f0ed0000, 0x00000000f0f50000)
 tenured generation   total 10944K, used 2651K [0x00000000f5c00000, 0x00000000f66b0000, 0x0000000100000000)
   the space 10944K,  24% used [0x00000000f5c00000, 0x00000000f5e96ec8, 0x00000000f5e97000, 0x00000000f66b0000)
 Metaspace       used 8820K, capacity 9118K, committed 9344K, reserved 1056768K
  class space    used 1047K, capacity 1135K, committed 1152K, reserved 1048576K
Event: 1.153 GC heap after
Heap after GC invocations=5 (full 0):
 def new generation   total 4928K, used 357K [0x00000000f0a00000, 0x00000000f0f50000, 0x00000000f5c00000)
  eden space 4416K,   0% used [0x00000000f0a00000, 0x00000000f0a00000, 0x00000000f0e50000)
  from space 512K,  69% used [0x00000000f0ed0000, 0x00000000f0f296c8, 0x00000000f0f50000)
  to   space 512K,   0% used [0x00000000f0e50000, 0x00000000f0e50000, 0x00000000f0ed0000)
 tenured generation   total 10944K, used 2900K [0x00000000f5c00000, 0x00000000f66b0000, 0x0000000100000000)
   the space 10944K,  26% used [0x00000000f5c00000, 0x00000000f5ed5290, 0x00000000f5ed5400, 0x00000000f66b0000)
 Metaspace       used 8820K, capacity 9118K, committed 9344K, reserved 1056768K
  class space    used 1047K, capacity 1135K, committed 1152K, reserved 1048576K
}
Event: 1.276 GC heap before
{Heap before GC invocations=5 (full 0):
 def new generation   total 4928K, used 4773K [0x00000000f0a00000, 0x00000000f0f50000, 0x00000000f5c00000)
  eden space 4416K, 100% used [0x00000000f0a00000, 0x00000000f0e50000, 0x00000000f0e50000)
  from space 512K,  69% used [0x00000000f0ed0000, 0x00000000f0f296c8, 0x00000000f0f50000)
  to   space 512K,   0% used [0x00000000f0e50000, 0x00000000f0e50000, 0x00000000f0ed0000)
 tenured generation   total 10944K, used 2900K [0x00000000f5c00000, 0x00000000f66b0000, 0x0000000100000000)
   the space 10944K,  26% used [0x00000000f5c00000, 0x00000000f5ed5290, 0x00000000f5ed5400, 0x00000000f66b0000)
 Metaspace       used 9987K, capacity 10248K, committed 10624K, reserved 1058816K
  class space    used 1179K, capacity 1300K, committed 1408K, reserved 1048576K
Event: 1.278 GC heap after
Heap after GC invocations=6 (full 0):
 def new generation   total 4928K, used 511K [0x00000000f0a00000, 0x00000000f0f50000, 0x00000000f5c00000)
  eden space 4416K,   0% used [0x00000000f0a00000, 0x00000000f0a00000, 0x00000000f0e50000)
  from space 512K,  99% used [0x00000000f0e50000, 0x00000000f0ecfff8, 0x00000000f0ed0000)
  to   space 512K,   0% used [0x00000000f0ed0000, 0x00000000f0ed0000, 0x00000000f0f50000)
 tenured generation   total 10944K, used 3200K [0x00000000f5c00000, 0x00000000f66b0000, 0x0000000100000000)
   the space 10944K,  29% used [0x00000000f5c00000, 0x00000000f5f201b8, 0x00000000f5f20200, 0x00000000f66b0000)
 Metaspace       used 9987K, capacity 10248K, committed 10624K, reserved 1058816K
  class space    used 1179K, capacity 1300K, committed 1408K, reserved 1048576K
}
Event: 1.361 GC heap before
{Heap before GC invocations=6 (full 0):
 def new generation   total 4928K, used 4924K [0x00000000f0a00000, 0x00000000f0f50000, 0x00000000f5c00000)
  eden space 4416K,  99% used [0x00000000f0a00000, 0x00000000f0e4f200, 0x00000000f0e50000)
  from space 512K,  99% used [0x00000000f0e50000, 0x00000000f0ecfff8, 0x00000000f0ed0000)
  to   space 512K,   0% used [0x00000000f0ed0000, 0x00000000f0ed0000, 0x00000000f0f50000)
 tenured generation   total 10944K, used 3200K [0x00000000f5c00000, 0x00000000f66b0000, 0x0000000100000000)
   the space 10944K,  29% used [0x00000000f5c00000, 0x00000000f5f201b8, 0x00000000f5f20200, 0x00000000f66b0000)
 Metaspace       used 10546K, capacity 10732K, committed 10880K, reserved 1058816K
  class space    used 1239K, capacity 1334K, committed 1408K, reserved 1048576K
Event: 1.363 GC heap after
Heap after GC invocations=7 (full 0):
 def new generation   total 4928K, used 511K [0x00000000f0a00000, 0x00000000f0f50000, 0x00000000f5c00000)
  eden space 4416K,   0% used [0x00000000f0a00000, 0x00000000f0a00000, 0x00000000f0e50000)
  from space 512K,  99% used [0x00000000f0ed0000, 0x00000000f0f4feb0, 0x00000000f0f50000)
  to   space 512K,   0% used [0x00000000f0e50000, 0x00000000f0e50000, 0x00000000f0ed0000)
 tenured generation   total 10944K, used 3588K [0x00000000f5c00000, 0x00000000f66b0000, 0x0000000100000000)
   the space 10944K,  32% used [0x00000000f5c00000, 0x00000000f5f81328, 0x00000000f5f81400, 0x00000000f66b0000)
 Metaspace       used 10546K, capacity 10732K, committed 10880K, reserved 1058816K
  class space    used 1239K, capacity 1334K, committed 1408K, reserved 1048576K
}
Event: 1.445 GC heap before
{Heap before GC invocations=7 (full 0):
 def new generation   total 4928K, used 4927K [0x00000000f0a00000, 0x00000000f0f50000, 0x00000000f5c00000)
  eden space 4416K, 100% used [0x00000000f0a00000, 0x00000000f0e50000, 0x00000000f0e50000)
  from space 512K,  99% used [0x00000000f0ed0000, 0x00000000f0f4feb0, 0x00000000f0f50000)
  to   space 512K,   0% used [0x00000000f0e50000, 0x00000000f0e50000, 0x00000000f0ed0000)
 tenured generation   total 10944K, used 3588K [0x00000000f5c00000, 0x00000000f66b0000, 0x0000000100000000)
   the space 10944K,  32% used [0x00000000f5c00000, 0x00000000f5f81328, 0x00000000f5f81400, 0x00000000f66b0000)
 Metaspace       used 10924K, capacity 11140K, committed 11392K, reserved 1058816K
  class space    used 1290K, capacity 1406K, committed 1408K, reserved 1048576K
Event: 1.447 GC heap after
Heap after GC invocations=8 (full 0):
 def new generation   total 4928K, used 439K [0x00000000f0a00000, 0x00000000f0f50000, 0x00000000f5c00000)
  eden space 4416K,   0% used [0x00000000f0a00000, 0x00000000f0a00000, 0x00000000f0e50000)
  from space 512K,  85% used [0x00000000f0e50000, 0x00000000f0ebdfe0, 0x00000000f0ed0000)
  to   space 512K,   0% used [0x00000000f0ed0000, 0x00000000f0ed0000, 0x00000000f0f50000)
 tenured generation   total 10944K, used 3752K [0x00000000f5c00000, 0x00000000f66b0000, 0x0000000100000000)
   the space 10944K,  34% used [0x00000000f5c00000, 0x00000000f5faa068, 0x00000000f5faa200, 0x00000000f66b0000)
 Metaspace       used 10924K, capacity 11140K, committed 11392K, reserved 1058816K
  class space    used 1290K, capacity 1406K, committed 1408K, reserved 1048576K
}
Event: 1.534 GC heap before
{Heap before GC invocations=8 (full 0):
 def new generation   total 4928K, used 4855K [0x00000000f0a00000, 0x00000000f0f50000, 0x00000000f5c00000)
  eden space 4416K, 100% used [0x00000000f0a00000, 0x00000000f0e50000, 0x00000000f0e50000)
  from space 512K,  85% used [0x00000000f0e50000, 0x00000000f0ebdfe0, 0x00000000f0ed0000)
  to   space 512K,   0% used [0x00000000f0ed0000, 0x00000000f0ed0000, 0x00000000f0f50000)
 tenured generation   total 10944K, used 3752K [0x00000000f5c00000, 0x00000000f66b0000, 0x0000000100000000)
   the space 10944K,  34% used [0x00000000f5c00000, 0x00000000f5faa068, 0x00000000f5faa200, 0x00000000f66b0000)
 Metaspace       used 11309K, capacity 11584K, committed 11776K, reserved 1058816K
  class space    used 1346K, capacity 1444K, committed 1536K, reserved 1048576K
Event: 1.536 GC heap after
Heap after GC invocations=9 (full 0):
 def new generation   total 4928K, used 385K [0x00000000f0a00000, 0x00000000f0f50000, 0x00000000f5c00000)
  eden space 4416K,   0% used [0x00000000f0a00000, 0x00000000f0a00000, 0x00000000f0e50000)
  from space 512K,  75% used [0x00000000f0ed0000, 0x00000000f0f304d8, 0x00000000f0f50000)
  to   space 512K,   0% used [0x00000000f0e50000, 0x00000000f0e50000, 0x00000000f0ed0000)
 tenured generation   total 10944K, used 3912K [0x00000000f5c00000, 0x00000000f66b0000, 0x0000000100000000)
   the space 10944K,  35% used [0x00000000f5c00000, 0x00000000f5fd21b8, 0x00000000f5fd2200, 0x00000000f66b0000)
 Metaspace       used 11309K, capacity 11584K, committed 11776K, reserved 1058816K
  class space    used 1346K, capacity 1444K, committed 1536K, reserved 1048576K
}
Event: 1.650 GC heap before
{Heap before GC invocations=9 (full 0):
 def new generation   total 4928K, used 4801K [0x00000000f0a00000, 0x00000000f0f50000, 0x00000000f5c00000)
  eden space 4416K, 100% used [0x00000000f0a00000, 0x00000000f0e50000, 0x00000000f0e50000)
  from space 512K,  75% used [0x00000000f0ed0000, 0x00000000f0f304d8, 0x00000000f0f50000)
  to   space 512K,   0% used [0x00000000f0e50000, 0x00000000f0e50000, 0x00000000f0ed0000)
 tenured generation   total 10944K, used 3912K [0x00000000f5c00000, 0x00000000f66b0000, 0x0000000100000000)
   the space 10944K,  35% used [0x00000000f5c00000, 0x00000000f5fd21b8, 0x00000000f5fd2200, 0x00000000f66b0000)
 Metaspace       used 11835K, capacity 12064K, committed 12288K, reserved 1060864K
  class space    used 1409K, capacity 1518K, committed 1536K, reserved 1048576K
Event: 1.652 GC heap after
Heap after GC invocations=10 (full 0):
 def new generation   total 4928K, used 469K [0x00000000f0a00000, 0x00000000f0f50000, 0x00000000f5c00000)
  eden space 4416K,   0% used [0x00000000f0a00000, 0x00000000f0a00000, 0x00000000f0e50000)
  from space 512K,  91% used [0x00000000f0e50000, 0x00000000f0ec5788, 0x00000000f0ed0000)
  to   space 512K,   0% used [0x00000000f0ed0000, 0x00000000f0ed0000, 0x00000000f0f50000)
 tenured generation   total 10944K, used 4005K [0x00000000f5c00000, 0x00000000f66b0000, 0x0000000100000000)
   the space 10944K,  36% used [0x00000000f5c00000, 0x00000000f5fe9438, 0x00000000f5fe9600, 0x00000000f66b0000)
 Metaspace       used 11835K, capacity 12064K, committed 12288K, reserved 1060864K
  class space    used 1409K, capacity 1518K, committed 1536K, reserved 1048576K
}
Event: 1.722 GC heap before
{Heap before GC invocations=10 (full 0):
 def new generation   total 4928K, used 4885K [0x00000000f0a00000, 0x00000000f0f50000, 0x00000000f5c00000)
  eden space 4416K, 100% used [0x00000000f0a00000, 0x00000000f0e50000, 0x00000000f0e50000)
  from space 512K,  91% used [0x00000000f0e50000, 0x00000000f0ec5788, 0x00000000f0ed0000)
  to   space 512K,   0% used [0x00000000f0ed0000, 0x00000000f0ed0000, 0x00000000f0f50000)
 tenured generation   total 10944K, used 4005K [0x00000000f5c00000, 0x00000000f66b0000, 0x0000000100000000)
   the space 10944K,  36% used [0x00000000f5c00000, 0x00000000f5fe9438, 0x00000000f5fe9600, 0x00000000f66b0000)
 Metaspace       used 12229K, capacity 12512K, committed 12672K, reserved 1060864K
  class space    used 1467K, capacity 1558K, committed 1664K, reserved 1048576K
Event: 1.723 GC heap after
Heap after GC invocations=11 (full 0):
 def new generation   total 4928K, used 420K [0x00000000f0a00000, 0x00000000f0f50000, 0x00000000f5c00000)
  eden space 4416K,   0% used [0x00000000f0a00000, 0x00000000f0a00000, 0x00000000f0e50000)
  from space 512K,  82% used [0x00000000f0ed0000, 0x00000000f0f393d8, 0x00000000f0f50000)
  to   space 512K,   0% used [0x00000000f0e50000, 0x00000000f0e50000, 0x00000000f0ed0000)
 tenured generation   total 10944K, used 4174K [0x00000000f5c00000, 0x00000000f66b0000, 0x0000000100000000)
   the space 10944K,  38% used [0x00000000f5c00000, 0x00000000f6013be8, 0x00000000f6013c00, 0x00000000f66b0000)
 Metaspace       used 12229K, capacity 12512K, committed 12672K, reserved 1060864K
  class space    used 1467K, capacity 1558K, committed 1664K, reserved 1048576K
}
Event: 1.782 GC heap before
{Heap before GC invocations=11 (full 0):
 def new generation   total 4928K, used 4836K [0x00000000f0a00000, 0x00000000f0f50000, 0x00000000f5c00000)
  eden space 4416K, 100% used [0x00000000f0a00000, 0x00000000f0e50000, 0x00000000f0e50000)
  from space 512K,  82% used [0x00000000f0ed0000, 0x00000000f0f393d8, 0x00000000f0f50000)
  to   space 512K,   0% used [0x00000000f0e50000, 0x00000000f0e50000, 0x00000000f0ed0000)
 tenured generation   total 10944K, used 4174K [0x00000000f5c00000, 0x00000000f66b0000, 0x0000000100000000)
   the space 10944K,  38% used [0x00000000f5c00000, 0x00000000f6013be8, 0x00000000f6013c00, 0x00000000f66b0000)
 Metaspace       used 12807K, capacity 13126K, committed 13184K, reserved 1060864K
  class space    used 1525K, capacity 1655K, committed 1664K, reserved 1048576K
Event: 1.783 GC heap after
Heap after GC invocations=12 (full 0):
 def new generation   total 4928K, used 403K [0x00000000f0a00000, 0x00000000f0f50000, 0x00000000f5c00000)
  eden space 4416K,   0% used [0x00000000f0a00000, 0x00000000f0a00000, 0x00000000f0e50000)
  from space 512K,  78% used [0x00000000f0e50000, 0x00000000f0eb4ff0, 0x00000000f0ed0000)
  to   space 512K,   0% used [0x00000000f0ed0000, 0x00000000f0ed0000, 0x00000000f0f50000)
 tenured generation   total 10944K, used 4252K [0x00000000f5c00000, 0x00000000f66b0000, 0x0000000100000000)
   the space 10944K,  38% used [0x00000000f5c00000, 0x00000000f60271b0, 0x00000000f6027200, 0x00000000f66b0000)
 Metaspace       used 12807K, capacity 13126K, committed 13184K, reserved 1060864K
  class space    used 1525K, capacity 1655K, committed 1664K, reserved 1048576K
}
Event: 1.860 GC heap before
{Heap before GC invocations=12 (full 0):
 def new generation   total 4928K, used 4819K [0x00000000f0a00000, 0x00000000f0f50000, 0x00000000f5c00000)
  eden space 4416K, 100% used [0x00000000f0a00000, 0x00000000f0e50000, 0x00000000f0e50000)
  from space 512K,  78% used [0x00000000f0e50000, 0x00000000f0eb4ff0, 0x00000000f0ed0000)
  to   space 512K,   0% used [0x00000000f0ed0000, 0x00000000f0ed0000, 0x00000000f0f50000)
 tenured generation   total 10944K, used 4252K [0x00000000f5c00000, 0x00000000f66b0000, 0x0000000100000000)
   the space 10944K,  38% used [0x00000000f5c00000, 0x00000000f60271b0, 0x00000000f6027200, 0x00000000f66b0000)
 Metaspace       used 13590K, capacity 13872K, committed 14080K, reserved 1060864K
  class space    used 1617K, capacity 1730K, committed 1792K, reserved 1048576K
Event: 1.862 GC heap after
Heap after GC invocations=13 (full 0):
 def new generation   total 4928K, used 436K [0x00000000f0a00000, 0x00000000f0f50000, 0x00000000f5c00000)
  eden space 4416K,   0% used [0x00000000f0a00000, 0x00000000f0a00000, 0x00000000f0e50000)
  from space 512K,  85% used [0x00000000f0ed0000, 0x00000000f0f3d2b8, 0x00000000f0f50000)
  to   space 512K,   0% used [0x00000000f0e50000, 0x00000000f0e50000, 0x00000000f0ed0000)
 tenured generation   total 10944K, used 4409K [0x00000000f5c00000, 0x00000000f66b0000, 0x0000000100000000)
   the space 10944K,  40% used [0x00000000f5c00000, 0x00000000f604e6d8, 0x00000000f604e800, 0x00000000f66b0000)
 Metaspace       used 13590K, capacity 13872K, committed 14080K, reserved 1060864K
  class space    used 1617K, capacity 1730K, committed 1792K, reserved 1048576K
}
Event: 1.921 GC heap before
{Heap before GC invocations=13 (full 0):
 def new generation   total 4928K, used 4852K [0x00000000f0a00000, 0x00000000f0f50000, 0x00000000f5c00000)
  eden space 4416K, 100% used [0x00000000f0a00000, 0x00000000f0e50000, 0x00000000f0e50000)
  from space 512K,  85% used [0x00000000f0ed0000, 0x00000000f0f3d2b8, 0x00000000f0f50000)
  to   space 512K,   0% used [0x00000000f0e50000, 0x00000000f0e50000, 0x00000000f0ed0000)
 tenured generation   total 10944K, used 4409K [0x00000000f5c00000, 0x00000000f66b0000, 0x0000000100000000)
   the space 10944K,  40% used [0x00000000f5c00000, 0x00000000f604e6d8, 0x00000000f604e800, 0x00000000f66b0000)
 Metaspace       used 13956K, capacity 14290K, committed 14336K, reserved 1062912K
  class space    used 1665K, capacity 1763K, committed 1792K, reserved 1048576K
Event: 1.923 GC heap after
Heap after GC invocations=14 (full 0):
 def new generation   total 4928K, used 399K [0x00000000f0a00000, 0x00000000f0f50000, 0x00000000f5c00000)
  eden space 4416K,   0% used [0x00000000f0a00000, 0x00000000f0a00000, 0x00000000f0e50000)
  from space 512K,  78% used [0x00000000f0e50000, 0x00000000f0eb3d88, 0x00000000f0ed0000)
  to   space 512K,   0% used [0x00000000f0ed0000, 0x00000000f0ed0000, 0x00000000f0f50000)
 tenured generation   total 10944K, used 4575K [0x00000000f5c00000, 0x00000000f66b0000, 0x0000000100000000)
   the space 10944K,  41% used [0x00000000f5c00000, 0x00000000f6077c88, 0x00000000f6077e00, 0x00000000f66b0000)
 Metaspace       used 13956K, capacity 14290K, committed 14336K, reserved 1062912K
  class space    used 1665K, capacity 1763K, committed 1792K, reserved 1048576K
}
Event: 1.994 GC heap before
{Heap before GC invocations=14 (full 0):
 def new generation   total 4928K, used 4815K [0x00000000f0a00000, 0x00000000f0f50000, 0x00000000f5c00000)
  eden space 4416K, 100% used [0x00000000f0a00000, 0x00000000f0e50000, 0x00000000f0e50000)
  from space 512K,  78% used [0x00000000f0e50000, 0x00000000f0eb3d88, 0x00000000f0ed0000)
  to   space 512K,   0% used [0x00000000f0ed0000, 0x00000000f0ed0000, 0x00000000f0f50000)
 tenured generation   total 10944K, used 4575K [0x00000000f5c00000, 0x00000000f66b0000, 0x0000000100000000)
   the space 10944K,  41% used [0x00000000f5c00000, 0x00000000f6077c88, 0x00000000f6077e00, 0x00000000f66b0000)
 Metaspace       used 14506K, capacity 14860K, committed 14976K, reserved 1062912K
  class space    used 1752K, capacity 1866K, committed 1920K, reserved 1048576K
Event: 1.996 GC heap after
Heap after GC invocations=15 (full 0):
 def new generation   total 4928K, used 490K [0x00000000f0a00000, 0x00000000f0f50000, 0x00000000f5c00000)
  eden space 4416K,   0% used [0x00000000f0a00000, 0x00000000f0a00000, 0x00000000f0e50000)
  from space 512K,  95% used [0x00000000f0ed0000, 0x00000000f0f4a8a0, 0x00000000f0f50000)
  to   space 512K,   0% used [0x00000000f0e50000, 0x00000000f0e50000, 0x00000000f0ed0000)
 tenured generation   total 10944K, used 4676K [0x00000000f5c00000, 0x00000000f66b0000, 0x0000000100000000)
   the space 10944K,  42% used [0x00000000f5c00000, 0x00000000f6091390, 0x00000000f6091400, 0x00000000f66b0000)
 Metaspace       used 14506K, capacity 14860K, committed 14976K, reserved 1062912K
  class space    used 1752K, capacity 1866K, committed 1920K, reserved 1048576K
}
Event: 2.058 GC heap before
{Heap before GC invocations=15 (full 0):
 def new generation   total 4928K, used 4906K [0x00000000f0a00000, 0x00000000f0f50000, 0x00000000f5c00000)
  eden space 4416K, 100% used [0x00000000f0a00000, 0x00000000f0e50000, 0x00000000f0e50000)
  from space 512K,  95% used [0x00000000f0ed0000, 0x00000000f0f4a8a0, 0x00000000f0f50000)
  to   space 512K,   0% used [0x00000000f0e50000, 0x00000000f0e50000, 0x00000000f0ed0000)
 tenured generation   total 10944K, used 4676K [0x00000000f5c00000, 0x00000000f66b0000, 0x0000000100000000)
   the space 10944K,  42% used [0x00000000f5c00000, 0x00000000f6091390, 0x00000000f6091400, 0x00000000f66b0000)
 Metaspace       used 15021K, capacity 15386K, committed 15488K, reserved 1062912K
  class space    used 1813K, capacity 1915K, committed 1920K, reserved 1048576K
Event: 2.060 GC heap after
Heap after GC invocations=16 (full 0):
 def new generation   total 4928K, used 491K [0x00000000f0a00000, 0x00000000f0f50000, 0x00000000f5c00000)
  eden space 4416K,   0% used [0x00000000f0a00000, 0x00000000f0a00000, 0x00000000f0e50000)
  from space 512K,  95% used [0x00000000f0e50000, 0x00000000f0ecadf0, 0x00000000f0ed0000)
  to   space 512K,   0% used [0x00000000f0ed0000, 0x00000000f0ed0000, 0x00000000f0f50000)
 tenured generation   total 10944K, used 4816K [0x00000000f5c00000, 0x00000000f66b0000, 0x0000000100000000)
   the space 10944K,  44% used [0x00000000f5c00000, 0x00000000f60b4120, 0x00000000f60b4200, 0x00000000f66b0000)
 Metaspace       used 15021K, capacity 15386K, committed 15488K, reserved 1062912K
  class space    used 1813K, capacity 1915K, committed 1920K, reserved 1048576K
}
Event: 2.134 GC heap before
{Heap before GC invocations=16 (full 0):
 def new generation   total 4928K, used 4907K [0x00000000f0a00000, 0x00000000f0f50000, 0x00000000f5c00000)
  eden space 4416K, 100% used [0x00000000f0a00000, 0x00000000f0e50000, 0x00000000f0e50000)
  from space 512K,  95% used [0x00000000f0e50000, 0x00000000f0ecadf0, 0x00000000f0ed0000)
  to   space 512K,   0% used [0x00000000f0ed0000, 0x00000000f0ed0000, 0x00000000f0f50000)
 tenured generation   total 10944K, used 4816K [0x00000000f5c00000, 0x00000000f66b0000, 0x0000000100000000)
   the space 10944K,  44% used [0x00000000f5c00000, 0x00000000f60b4120, 0x00000000f60b4200, 0x00000000f66b0000)
 Metaspace       used 15658K, capacity 16100K, committed 16128K, reserved 1062912K
  class space    used 1890K, capacity 2036K, committed 2048K, reserved 1048576K
Event: 2.136 GC heap after
Heap after GC invocations=17 (full 0):
 def new generation   total 4928K, used 348K [0x00000000f0a00000, 0x00000000f0f50000, 0x00000000f5c00000)
  eden space 4416K,   0% used [0x00000000f0a00000, 0x00000000f0a00000, 0x00000000f0e50000)
  from space 512K,  67% used [0x00000000f0ed0000, 0x00000000f0f27070, 0x00000000f0f50000)
  to   space 512K,   0% used [0x00000000f0e50000, 0x00000000f0e50000, 0x00000000f0ed0000)
 tenured generation   total 10944K, used 4948K [0x00000000f5c00000, 0x00000000f66b0000, 0x0000000100000000)
   the space 10944K,  45% used [0x00000000f5c00000, 0x00000000f60d5288, 0x00000000f60d5400, 0x00000000f66b0000)
 Metaspace       used 15658K, capacity 16100K, committed 16128K, reserved 1062912K
  class space    used 1890K, capacity 2036K, committed 2048K, reserved 1048576K
}
Event: 2.204 GC heap before
{Heap before GC invocations=17 (full 0):
 def new generation   total 4928K, used 4764K [0x00000000f0a00000, 0x00000000f0f50000, 0x00000000f5c00000)
  eden space 4416K, 100% used [0x00000000f0a00000, 0x00000000f0e50000, 0x00000000f0e50000)
  from space 512K,  67% used [0x00000000f0ed0000, 0x00000000f0f27070, 0x00000000f0f50000)
  to   space 512K,   0% used [0x00000000f0e50000, 0x00000000f0e50000, 0x00000000f0ed0000)
 tenured generation   total 10944K, used 4948K [0x00000000f5c00000, 0x00000000f66b0000, 0x0000000100000000)
   the space 10944K,  45% used [0x00000000f5c00000, 0x00000000f60d5288, 0x00000000f60d5400, 0x00000000f66b0000)
 Metaspace       used 16007K, capacity 16446K, committed 16768K, reserved 1064960K
  class space    used 1964K, capacity 2107K, committed 2176K, reserved 1048576K
Event: 2.205 GC heap after
Heap after GC invocations=18 (full 0):
 def new generation   total 4928K, used 326K [0x00000000f0a00000, 0x00000000f0f50000, 0x00000000f5c00000)
  eden space 4416K,   0% used [0x00000000f0a00000, 0x00000000f0a00000, 0x00000000f0e50000)
  from space 512K,  63% used [0x00000000f0e50000, 0x00000000f0ea1830, 0x00000000f0ed0000)
  to   space 512K,   0% used [0x00000000f0ed0000, 0x00000000f0ed0000, 0x00000000f0f50000)
 tenured generation   total 10944K, used 5070K [0x00000000f5c00000, 0x00000000f66b0000, 0x0000000100000000)
   the space 10944K,  46% used [0x00000000f5c00000, 0x00000000f60f3918, 0x00000000f60f3a00, 0x00000000f66b0000)
 Metaspace       used 16007K, capacity 16446K, committed 16768K, reserved 1064960K
  class space    used 1964K, capacity 2107K, committed 2176K, reserved 1048576K
}
Event: 2.236 GC heap before
{Heap before GC invocations=18 (full 0):
 def new generation   total 4928K, used 4742K [0x00000000f0a00000, 0x00000000f0f50000, 0x00000000f5c00000)
  eden space 4416K, 100% used [0x00000000f0a00000, 0x00000000f0e50000, 0x00000000f0e50000)
  from space 512K,  63% used [0x00000000f0e50000, 0x00000000f0ea1830, 0x00000000f0ed0000)
  to   space 512K,   0% used [0x00000000f0ed0000, 0x00000000f0ed0000, 0x00000000f0f50000)
 tenured generation   total 10944K, used 5070K [0x00000000f5c00000, 0x00000000f66b0000, 0x0000000100000000)
   the space 10944K,  46% used [0x00000000f5c00000, 0x00000000f60f3918, 0x00000000f60f3a00, 0x00000000f66b0000)
 Metaspace       used 16099K, capacity 16510K, committed 16768K, reserved 1064960K
  class space    used 1975K, capacity 2107K, committed 2176K, reserved 1048576K
Event: 2.237 GC heap after
Heap after GC invocations=19 (full 0):
 def new generation   total 4928K, used 145K [0x00000000f0a00000, 0x00000000f0f50000, 0x00000000f5c00000)
  eden space 4416K,   0% used [0x00000000f0a00000, 0x00000000f0a00000, 0x00000000f0e50000)
  from space 512K,  28% used [0x00000000f0ed0000, 0x00000000f0ef47e0, 0x00000000f0f50000)
  to   space 512K,   0% used [0x00000000f0e50000, 0x00000000f0e50000, 0x00000000f0ed0000)
 tenured generation   total 10944K, used 5190K [0x00000000f5c00000, 0x00000000f66b0000, 0x0000000100000000)
   the space 10944K,  47% used [0x00000000f5c00000, 0x00000000f61118b8, 0x00000000f6111a00, 0x00000000f66b0000)
 Metaspace       used 16099K, capacity 16510K, committed 16768K, reserved 1064960K
  class space    used 1975K, capacity 2107K, committed 2176K, reserved 1048576K
}
Event: 2.306 GC heap before
{Heap before GC invocations=19 (full 0):
 def new generation   total 4928K, used 4561K [0x00000000f0a00000, 0x00000000f0f50000, 0x00000000f5c00000)
  eden space 4416K, 100% used [0x00000000f0a00000, 0x00000000f0e50000, 0x00000000f0e50000)
  from space 512K,  28% used [0x00000000f0ed0000, 0x00000000f0ef47e0, 0x00000000f0f50000)
  to   space 512K,   0% used [0x00000000f0e50000, 0x00000000f0e50000, 0x00000000f0ed0000)
 tenured generation   total 10944K, used 5190K [0x00000000f5c00000, 0x00000000f66b0000, 0x0000000100000000)
   the space 10944K,  47% used [0x00000000f5c00000, 0x00000000f61118b8, 0x00000000f6111a00, 0x00000000f66b0000)
 Metaspace       used 16542K, capacity 17014K, committed 17152K, reserved 1064960K
  class space    used 2038K, capacity 2185K, committed 2304K, reserved 1048576K
Event: 2.307 GC heap after
Heap after GC invocations=20 (full 0):
 def new generation   total 4928K, used 340K [0x00000000f0a00000, 0x00000000f0f50000, 0x00000000f5c00000)
  eden space 4416K,   0% used [0x00000000f0a00000, 0x00000000f0a00000, 0x00000000f0e50000)
  from space 512K,  66% used [0x00000000f0e50000, 0x00000000f0ea5068, 0x00000000f0ed0000)
  to   space 512K,   0% used [0x00000000f0ed0000, 0x00000000f0ed0000, 0x00000000f0f50000)
 tenured generation   total 10944K, used 5190K [0x00000000f5c00000, 0x00000000f66b0000, 0x0000000100000000)
   the space 10944K,  47% used [0x00000000f5c00000, 0x00000000f61118b8, 0x00000000f6111a00, 0x00000000f66b0000)
 Metaspace       used 16542K, capacity 17014K, committed 17152K, reserved 1064960K
  class space    used 2038K, capacity 2185K, committed 2304K, reserved 1048576K
}
Event: 2.383 GC heap before
{Heap before GC invocations=20 (full 0):
 def new generation   total 4928K, used 4756K [0x00000000f0a00000, 0x00000000f0f50000, 0x00000000f5c00000)
  eden space 4416K, 100% used [0x00000000f0a00000, 0x00000000f0e50000, 0x00000000f0e50000)
  from space 512K,  66% used [0x00000000f0e50000, 0x00000000f0ea5068, 0x00000000f0ed0000)
  to   space 512K,   0% used [0x00000000f0ed0000, 0x00000000f0ed0000, 0x00000000f0f50000)
 tenured generation   total 10944K, used 5190K [0x00000000f5c00000, 0x00000000f66b0000, 0x0000000100000000)
   the space 10944K,  47% used [0x00000000f5c00000, 0x00000000f61118b8, 0x00000000f6111a00, 0x00000000f66b0000)
 Metaspace       used 16958K, capacity 17434K, committed 17664K, reserved 1064960K
  class space    used 2104K, capacity 2259K, committed 2304K, reserved 1048576K
Event: 2.385 GC heap after
Heap after GC invocations=21 (full 0):
 def new generation   total 4928K, used 368K [0x00000000f0a00000, 0x00000000f0f50000, 0x00000000f5c00000)
  eden space 4416K,   0% used [0x00000000f0a00000, 0x00000000f0a00000, 0x00000000f0e50000)
  from space 512K,  72% used [0x00000000f0ed0000, 0x00000000f0f2c2f0, 0x00000000f0f50000)
  to   space 512K,   0% used [0x00000000f0e50000, 0x00000000f0e50000, 0x00000000f0ed0000)
 tenured generation   total 10944K, used 5321K [0x00000000f5c00000, 0x00000000f66b0000, 0x0000000100000000)
   the space 10944K,  48% used [0x00000000f5c00000, 0x00000000f61327a8, 0x00000000f6132800, 0x00000000f66b0000)
 Metaspace       used 16958K, capacity 17434K, committed 17664K, reserved 1064960K
  class space    used 2104K, capacity 2259K, committed 2304K, reserved 1048576K
}
Event: 2.426 GC heap before
{Heap before GC invocations=21 (full 0):
 def new generation   total 4928K, used 4784K [0x00000000f0a00000, 0x00000000f0f50000, 0x00000000f5c00000)
  eden space 4416K, 100% used [0x00000000f0a00000, 0x00000000f0e50000, 0x00000000f0e50000)
  from space 512K,  72% used [0x00000000f0ed0000, 0x00000000f0f2c2f0, 0x00000000f0f50000)
  to   space 512K,   0% used [0x00000000f0e50000, 0x00000000f0e50000, 0x00000000f0ed0000)
 tenured generation   total 10944K, used 5321K [0x00000000f5c00000, 0x00000000f66b0000, 0x0000000100000000)
   the space 10944K,  48% used [0x00000000f5c00000, 0x00000000f61327a8, 0x00000000f6132800, 0x00000000f66b0000)
 Metaspace       used 17160K, capacity 17702K, committed 18048K, reserved 1064960K
  class space    used 2160K, capacity 2325K, committed 2432K, reserved 1048576K
Event: 2.428 GC heap after
Heap after GC invocations=22 (full 0):
 def new generation   total 4928K, used 290K [0x00000000f0a00000, 0x00000000f0f50000, 0x00000000f5c00000)
  eden space 4416K,   0% used [0x00000000f0a00000, 0x00000000f0a00000, 0x00000000f0e50000)
  from space 512K,  56% used [0x00000000f0e50000, 0x00000000f0e98a78, 0x00000000f0ed0000)
  to   space 512K,   0% used [0x00000000f0ed0000, 0x00000000f0ed0000, 0x00000000f0f50000)
 tenured generation   total 10944K, used 5435K [0x00000000f5c00000, 0x00000000f66b0000, 0x0000000100000000)
   the space 10944K,  49% used [0x00000000f5c00000, 0x00000000f614ecc0, 0x00000000f614ee00, 0x00000000f66b0000)
 Metaspace       used 17160K, capacity 17702K, committed 18048K, reserved 1064960K
  class space    used 2160K, capacity 2325K, committed 2432K, reserved 1048576K
}
Event: 2.488 GC heap before
{Heap before GC invocations=22 (full 0):
 def new generation   total 4928K, used 4706K [0x00000000f0a00000, 0x00000000f0f50000, 0x00000000f5c00000)
  eden space 4416K, 100% used [0x00000000f0a00000, 0x00000000f0e50000, 0x00000000f0e50000)
  from space 512K,  56% used [0x00000000f0e50000, 0x00000000f0e98a78, 0x00000000f0ed0000)
  to   space 512K,   0% used [0x00000000f0ed0000, 0x00000000f0ed0000, 0x00000000f0f50000)
 tenured generation   total 10944K, used 5435K [0x00000000f5c00000, 0x00000000f66b0000, 0x0000000100000000)
   the space 10944K,  49% used [0x00000000f5c00000, 0x00000000f614ecc0, 0x00000000f614ee00, 0x00000000f66b0000)
 Metaspace       used 17456K, capacity 17952K, committed 18048K, reserved 1064960K
  class space    used 2216K, capacity 2362K, committed 2432K, reserved 1048576K
Event: 2.490 GC heap after
Heap after GC invocations=23 (full 0):
 def new generation   total 4928K, used 321K [0x00000000f0a00000, 0x00000000f0f50000, 0x00000000f5c00000)
  eden space 4416K,   0% used [0x00000000f0a00000, 0x00000000f0a00000, 0x00000000f0e50000)
  from space 512K,  62% used [0x00000000f0ed0000, 0x00000000f0f20650, 0x00000000f0f50000)
  to   space 512K,   0% used [0x00000000f0e50000, 0x00000000f0e50000, 0x00000000f0ed0000)
 tenured generation   total 10944K, used 5526K [0x00000000f5c00000, 0x00000000f66b0000, 0x0000000100000000)
   the space 10944K,  50% used [0x00000000f5c00000, 0x00000000f6165950, 0x00000000f6165a00, 0x00000000f66b0000)
 Metaspace       used 17456K, capacity 17952K, committed 18048K, reserved 1064960K
  class space    used 2216K, capacity 2362K, committed 2432K, reserved 1048576K
}
Event: 2.542 GC heap before
{Heap before GC invocations=23 (full 0):
 def new generation   total 4928K, used 4737K [0x00000000f0a00000, 0x00000000f0f50000, 0x00000000f5c00000)
  eden space 4416K, 100% used [0x00000000f0a00000, 0x00000000f0e50000, 0x00000000f0e50000)
  from space 512K,  62% used [0x00000000f0ed0000, 0x00000000f0f20650, 0x00000000f0f50000)
  to   space 512K,   0% used [0x00000000f0e50000, 0x00000000f0e50000, 0x00000000f0ed0000)
 tenured generation   total 10944K, used 5526K [0x00000000f5c00000, 0x00000000f66b0000, 0x0000000100000000)
   the space 10944K,  50% used [0x00000000f5c00000, 0x00000000f6165950, 0x00000000f6165a00, 0x00000000f66b0000)
 Metaspace       used 17724K, capacity 18280K, committed 18304K, reserved 1064960K
  class space    used 2264K, capacity 2426K, committed 2432K, reserved 1048576K
Event: 2.544 GC heap after
Heap after GC invocations=24 (full 0):
 def new generation   total 4928K, used 512K [0x00000000f0a00000, 0x00000000f0f50000, 0x00000000f5c00000)
  eden space 4416K,   0% used [0x00000000f0a00000, 0x00000000f0a00000, 0x00000000f0e50000)
  from space 512K, 100% used [0x00000000f0e50000, 0x00000000f0ed0000, 0x00000000f0ed0000)
  to   space 512K,   0% used [0x00000000f0ed0000, 0x00000000f0ed0000, 0x00000000f0f50000)
 tenured generation   total 10944K, used 5649K [0x00000000f5c00000, 0x00000000f66b0000, 0x0000000100000000)
   the space 10944K,  51% used [0x00000000f5c00000, 0x00000000f6184480, 0x00000000f6184600, 0x00000000f66b0000)
 Metaspace       used 17724K, capacity 18280K, committed 18304K, reserved 1064960K
  class space    used 2264K, capacity 2426K, committed 2432K, reserved 1048576K
}
Event: 2.596 GC heap before
{Heap before GC invocations=24 (full 0):
 def new generation   total 4928K, used 4928K [0x00000000f0a00000, 0x00000000f0f50000, 0x00000000f5c00000)
  eden space 4416K, 100% used [0x00000000f0a00000, 0x00000000f0e50000, 0x00000000f0e50000)
  from space 512K, 100% used [0x00000000f0e50000, 0x00000000f0ed0000, 0x00000000f0ed0000)
  to   space 512K,   0% used [0x00000000f0ed0000, 0x00000000f0ed0000, 0x00000000f0f50000)
 tenured generation   total 10944K, used 5649K [0x00000000f5c00000, 0x00000000f66b0000, 0x0000000100000000)
   the space 10944K,  51% used [0x00000000f5c00000, 0x00000000f6184480, 0x00000000f6184600, 0x00000000f66b0000)
 Metaspace       used 18024K, capacity 18536K, committed 18688K, reserved 1064960K
  class space    used 2323K, capacity 2490K, committed 2560K, reserved 1048576K
Event: 2.597 GC heap after
Heap after GC invocations=25 (full 0):
 def new generation   total 4928K, used 369K [0x00000000f0a00000, 0x00000000f0f50000, 0x00000000f5c00000)
  eden space 4416K,   0% used [0x00000000f0a00000, 0x00000000f0a00000, 0x00000000f0e50000)
  from space 512K,  72% used [0x00000000f0ed0000, 0x00000000f0f2c7f0, 0x00000000f0f50000)
  to   space 512K,   0% used [0x00000000f0e50000, 0x00000000f0e50000, 0x00000000f0ed0000)
 tenured generation   total 10944K, used 5790K [0x00000000f5c00000, 0x00000000f66b0000, 0x0000000100000000)
   the space 10944K,  52% used [0x00000000f5c00000, 0x00000000f61a7a20, 0x00000000f61a7c00, 0x00000000f66b0000)
 Metaspace       used 18024K, capacity 18536K, committed 18688K, reserved 1064960K
  class space    used 2323K, capacity 2490K, committed 2560K, reserved 1048576K
}
Event: 2.646 GC heap before
{Heap before GC invocations=25 (full 0):
 def new generation   total 4928K, used 4785K [0x00000000f0a00000, 0x00000000f0f50000, 0x00000000f5c00000)
  eden space 4416K, 100% used [0x00000000f0a00000, 0x00000000f0e50000, 0x00000000f0e50000)
  from space 512K,  72% used [0x00000000f0ed0000, 0x00000000f0f2c7f0, 0x00000000f0f50000)
  to   space 512K,   0% used [0x00000000f0e50000, 0x00000000f0e50000, 0x00000000f0ed0000)
 tenured generation   total 10944K, used 5790K [0x00000000f5c00000, 0x00000000f66b0000, 0x0000000100000000)
   the space 10944K,  52% used [0x00000000f5c00000, 0x00000000f61a7a20, 0x00000000f61a7c00, 0x00000000f66b0000)
 Metaspace       used 18344K, capacity 18824K, committed 18944K, reserved 1064960K
  class space    used 2376K, capacity 2522K, committed 2560K, reserved 1048576K
Event: 2.648 GC heap after
Heap after GC invocations=26 (full 0):
 def new generation   total 4928K, used 398K [0x00000000f0a00000, 0x00000000f0f50000, 0x00000000f5c00000)
  eden space 4416K,   0% used [0x00000000f0a00000, 0x00000000f0a00000, 0x00000000f0e50000)
  from space 512K,  77% used [0x00000000f0e50000, 0x00000000f0eb3978, 0x00000000f0ed0000)
  to   space 512K,   0% used [0x00000000f0ed0000, 0x00000000f0ed0000, 0x00000000f0f50000)
 tenured generation   total 10944K, used 5885K [0x00000000f5c00000, 0x00000000f66b0000, 0x0000000100000000)
   the space 10944K,  53% used [0x00000000f5c00000, 0x00000000f61bf6a0, 0x00000000f61bf800, 0x00000000f66b0000)
 Metaspace       used 18344K, capacity 18824K, committed 18944K, reserved 1064960K
  class space    used 2376K, capacity 2522K, committed 2560K, reserved 1048576K
}
Event: 2.705 GC heap before
{Heap before GC invocations=26 (full 0):
 def new generation   total 4928K, used 4814K [0x00000000f0a00000, 0x00000000f0f50000, 0x00000000f5c00000)
  eden space 4416K, 100% used [0x00000000f0a00000, 0x00000000f0e50000, 0x00000000f0e50000)
  from space 512K,  77% used [0x00000000f0e50000, 0x00000000f0eb3978, 0x00000000f0ed0000)
  to   space 512K,   0% used [0x00000000f0ed0000, 0x00000000f0ed0000, 0x00000000f0f50000)
 tenured generation   total 10944K, used 5885K [0x00000000f5c00000, 0x00000000f66b0000, 0x0000000100000000)
   the space 10944K,  53% used [0x00000000f5c00000, 0x00000000f61bf6a0, 0x00000000f61bf800, 0x00000000f66b0000)
 Metaspace       used 18727K, capacity 19220K, committed 19328K, reserved 1067008K
  class space    used 2433K, capacity 2588K, committed 2688K, reserved 1048576K
Event: 2.706 GC heap after
Heap after GC invocations=27 (full 0):
 def new generation   total 4928K, used 368K [0x00000000f0a00000, 0x00000000f0f50000, 0x00000000f5c00000)
  eden space 4416K,   0% used [0x00000000f0a00000, 0x00000000f0a00000, 0x00000000f0e50000)
  from space 512K,  72% used [0x00000000f0ed0000, 0x00000000f0f2c290, 0x00000000f0f50000)
  to   space 512K,   0% used [0x00000000f0e50000, 0x00000000f0e50000, 0x00000000f0ed0000)
 tenured generation   total 10944K, used 5977K [0x00000000f5c00000, 0x00000000f66b0000, 0x0000000100000000)
   the space 10944K,  54% used [0x00000000f5c00000, 0x00000000f61d64f0, 0x00000000f61d6600, 0x00000000f66b0000)
 Metaspace       used 18727K, capacity 19220K, committed 19328K, reserved 1067008K
  class space    used 2433K, capacity 2588K, committed 2688K, reserved 1048576K
}
Event: 2.763 GC heap before
{Heap before GC invocations=27 (full 0):
 def new generation   total 4928K, used 4779K [0x00000000f0a00000, 0x00000000f0f50000, 0x00000000f5c00000)
  eden space 4416K,  99% used [0x00000000f0a00000, 0x00000000f0e4ecb8, 0x00000000f0e50000)
  from space 512K,  72% used [0x00000000f0ed0000, 0x00000000f0f2c290, 0x00000000f0f50000)
  to   space 512K,   0% used [0x00000000f0e50000, 0x00000000f0e50000, 0x00000000f0ed0000)
 tenured generation   total 10944K, used 5977K [0x00000000f5c00000, 0x00000000f66b0000, 0x0000000100000000)
   the space 10944K,  54% used [0x00000000f5c00000, 0x00000000f61d64f0, 0x00000000f61d6600, 0x00000000f66b0000)
 Metaspace       used 19075K, capacity 19604K, committed 19840K, reserved 1067008K
  class space    used 2476K, capacity 2628K, committed 2688K, reserved 1048576K
Event: 2.765 GC heap after
Heap after GC invocations=28 (full 0):
 def new generation   total 4928K, used 430K [0x00000000f0a00000, 0x00000000f0f50000, 0x00000000f5c00000)
  eden space 4416K,   0% used [0x00000000f0a00000, 0x00000000f0a00000, 0x00000000f0e50000)
  from space 512K,  84% used [0x00000000f0e50000, 0x00000000f0ebb948, 0x00000000f0ed0000)
  to   space 512K,   0% used [0x00000000f0ed0000, 0x00000000f0ed0000, 0x00000000f0f50000)
 tenured generation   total 10944K, used 6065K [0x00000000f5c00000, 0x00000000f66b0000, 0x0000000100000000)
   the space 10944K,  55% used [0x00000000f5c00000, 0x00000000f61ec598, 0x00000000f61ec600, 0x00000000f66b0000)
 Metaspace       used 19075K, capacity 19604K, committed 19840K, reserved 1067008K
  class space    used 2476K, capacity 2628K, committed 2688K, reserved 1048576K
}
Event: 2.817 GC heap before
{Heap before GC invocations=28 (full 0):
 def new generation   total 4928K, used 4846K [0x00000000f0a00000, 0x00000000f0f50000, 0x00000000f5c00000)
  eden space 4416K, 100% used [0x00000000f0a00000, 0x00000000f0e50000, 0x00000000f0e50000)
  from space 512K,  84% used [0x00000000f0e50000, 0x00000000f0ebb948, 0x00000000f0ed0000)
  to   space 512K,   0% used [0x00000000f0ed0000, 0x00000000f0ed0000, 0x00000000f0f50000)
 tenured generation   total 10944K, used 6065K [0x00000000f5c00000, 0x00000000f66b0000, 0x0000000100000000)
   the space 10944K,  55% used [0x00000000f5c00000, 0x00000000f61ec598, 0x00000000f61ec600, 0x00000000f66b0000)
 Metaspace       used 19449K, capacity 20020K, committed 20224K, reserved 1067008K
  class space    used 2526K, capacity 2700K, committed 2816K, reserved 1048576K
Event: 2.819 GC heap after
Heap after GC invocations=29 (full 0):
 def new generation   total 4928K, used 436K [0x00000000f0a00000, 0x00000000f0f50000, 0x00000000f5c00000)
  eden space 4416K,   0% used [0x00000000f0a00000, 0x00000000f0a00000, 0x00000000f0e50000)
  from space 512K,  85% used [0x00000000f0ed0000, 0x00000000f0f3d378, 0x00000000f0f50000)
  to   space 512K,   0% used [0x00000000f0e50000, 0x00000000f0e50000, 0x00000000f0ed0000)
 tenured generation   total 10944K, used 6162K [0x00000000f5c00000, 0x00000000f66b0000, 0x0000000100000000)
   the space 10944K,  56% used [0x00000000f5c00000, 0x00000000f6204890, 0x00000000f6204a00, 0x00000000f66b0000)
 Metaspace       used 19449K, capacity 20020K, committed 20224K, reserved 1067008K
  class space    used 2526K, capacity 2700K, committed 2816K, reserved 1048576K
}
Event: 2.875 GC heap before
{Heap before GC invocations=29 (full 0):
 def new generation   total 4928K, used 4852K [0x00000000f0a00000, 0x00000000f0f50000, 0x00000000f5c00000)
  eden space 4416K, 100% used [0x00000000f0a00000, 0x00000000f0e50000, 0x00000000f0e50000)
  from space 512K,  85% used [0x00000000f0ed0000, 0x00000000f0f3d378, 0x00000000f0f50000)
  to   space 512K,   0% used [0x00000000f0e50000, 0x00000000f0e50000, 0x00000000f0ed0000)
 tenured generation   total 10944K, used 6162K [0x00000000f5c00000, 0x00000000f66b0000, 0x0000000100000000)
   the space 10944K,  56% used [0x00000000f5c00000, 0x00000000f6204890, 0x00000000f6204a00, 0x00000000f66b0000)
 Metaspace       used 19823K, capacity 20386K, committed 20480K, reserved 1067008K
  class space    used 2576K, capacity 2735K, committed 2816K, reserved 1048576K
Event: 2.877 GC heap after
Heap after GC invocations=30 (full 0):
 def new generation   total 4928K, used 463K [0x00000000f0a00000, 0x00000000f0f50000, 0x00000000f5c00000)
  eden space 4416K,   0% used [0x00000000f0a00000, 0x00000000f0a00000, 0x00000000f0e50000)
  from space 512K,  90% used [0x00000000f0e50000, 0x00000000f0ec3ce8, 0x00000000f0ed0000)
  to   space 512K,   0% used [0x00000000f0ed0000, 0x00000000f0ed0000, 0x00000000f0f50000)
 tenured generation   total 10944K, used 6229K [0x00000000f5c00000, 0x00000000f66b0000, 0x0000000100000000)
   the space 10944K,  56% used [0x00000000f5c00000, 0x00000000f6215548, 0x00000000f6215600, 0x00000000f66b0000)
 Metaspace       used 19823K, capacity 20386K, committed 20480K, reserved 1067008K
  class space    used 2576K, capacity 2735K, committed 2816K, reserved 1048576K
}
Event: 2.948 GC heap before
{Heap before GC invocations=30 (full 0):
 def new generation   total 4928K, used 4879K [0x00000000f0a00000, 0x00000000f0f50000, 0x00000000f5c00000)
  eden space 4416K, 100% used [0x00000000f0a00000, 0x00000000f0e50000, 0x00000000f0e50000)
  from space 512K,  90% used [0x00000000f0e50000, 0x00000000f0ec3ce8, 0x00000000f0ed0000)
  to   space 512K,   0% used [0x00000000f0ed0000, 0x00000000f0ed0000, 0x00000000f0f50000)
 tenured generation   total 10944K, used 6229K [0x00000000f5c00000, 0x00000000f66b0000, 0x0000000100000000)
   the space 10944K,  56% used [0x00000000f5c00000, 0x00000000f6215548, 0x00000000f6215600, 0x00000000f66b0000)
 Metaspace       used 20483K, capacity 21122K, committed 21296K, reserved 1067008K
  class space    used 2667K, capacity 2851K, committed 2944K, reserved 1048576K
Event: 2.950 GC heap after
Heap after GC invocations=31 (full 0):
 def new generation   total 4928K, used 462K [0x00000000f0a00000, 0x00000000f0f50000, 0x00000000f5c00000)
  eden space 4416K,   0% used [0x00000000f0a00000, 0x00000000f0a00000, 0x00000000f0e50000)
  from space 512K,  90% used [0x00000000f0ed0000, 0x00000000f0f439a8, 0x00000000f0f50000)
  to   space 512K,   0% used [0x00000000f0e50000, 0x00000000f0e50000, 0x00000000f0ed0000)
 tenured generation   total 10944K, used 6326K [0x00000000f5c00000, 0x00000000f66b0000, 0x0000000100000000)
   the space 10944K,  57% used [0x00000000f5c00000, 0x00000000f622db40, 0x00000000f622dc00, 0x00000000f66b0000)
 Metaspace       used 20483K, capacity 21122K, committed 21296K, reserved 1067008K
  class space    used 2667K, capacity 2851K, committed 2944K, reserved 1048576K
}
Event: 2.960 GC heap before
{Heap before GC invocations=31 (full 0):
 def new generation   total 4928K, used 1393K [0x00000000f0a00000, 0x00000000f0f50000, 0x00000000f5c00000)
  eden space 4416K,  21% used [0x00000000f0a00000, 0x00000000f0ae8dd0, 0x00000000f0e50000)
  from space 512K,  90% used [0x00000000f0ed0000, 0x00000000f0f439a8, 0x00000000f0f50000)
  to   space 512K,   0% used [0x00000000f0e50000, 0x00000000f0e50000, 0x00000000f0ed0000)
 tenured generation   total 10944K, used 6326K [0x00000000f5c00000, 0x00000000f66b0000, 0x0000000100000000)
   the space 10944K,  57% used [0x00000000f5c00000, 0x00000000f622db40, 0x00000000f622dc00, 0x00000000f66b0000)
 Metaspace       used 20583K, capacity 21186K, committed 21296K, reserved 1067008K
  class space    used 2674K, capacity 2851K, committed 2944K, reserved 1048576K
Event: 2.988 GC heap after
Heap after GC invocations=32 (full 1):
 def new generation   total 4992K, used 0K [0x00000000f0a00000, 0x00000000f0f60000, 0x00000000f5c00000)
  eden space 4480K,   0% used [0x00000000f0a00000, 0x00000000f0a00000, 0x00000000f0e60000)
  from space 512K,   0% used [0x00000000f0e60000, 0x00000000f0e60000, 0x00000000f0ee0000)
  to   space 512K,   0% used [0x00000000f0ee0000, 0x00000000f0ee0000, 0x00000000f0f60000)
 tenured generation   total 10944K, used 6218K [0x00000000f5c00000, 0x00000000f66b0000, 0x0000000100000000)
   the space 10944K,  56% used [0x00000000f5c00000, 0x00000000f6212a48, 0x00000000f6212c00, 0x00000000f66b0000)
 Metaspace       used 20583K, capacity 21186K, committed 21296K, reserved 1067008K
  class space    used 2674K, capacity 2851K, committed 2944K, reserved 1048576K
}
Event: 3.038 GC heap before
{Heap before GC invocations=32 (full 1):
 def new generation   total 4992K, used 4480K [0x00000000f0a00000, 0x00000000f0f60000, 0x00000000f5c00000)
  eden space 4480K, 100% used [0x00000000f0a00000, 0x00000000f0e60000, 0x00000000f0e60000)
  from space 512K,   0% used [0x00000000f0e60000, 0x00000000f0e60000, 0x00000000f0ee0000)
  to   space 512K,   0% used [0x00000000f0ee0000, 0x00000000f0ee0000, 0x00000000f0f60000)
 tenured generation   total 10944K, used 6218K [0x00000000f5c00000, 0x00000000f66b0000, 0x0000000100000000)
   the space 10944K,  56% used [0x00000000f5c00000, 0x00000000f6212a48, 0x00000000f6212c00, 0x00000000f66b0000)
 Metaspace       used 21110K, capacity 21766K, committed 21888K, reserved 1069056K
  class space    used 2732K, capacity 2917K, committed 2944K, reserved 1048576K
Event: 3.039 GC heap after
Heap after GC invocations=33 (full 1):
 def new generation   total 4992K, used 511K [0x00000000f0a00000, 0x00000000f0f60000, 0x00000000f5c00000)
  eden space 4480K,   0% used [0x00000000f0a00000, 0x00000000f0a00000, 0x00000000f0e60000)
  from space 512K,  99% used [0x00000000f0ee0000, 0x00000000f0f5ffa8, 0x00000000f0f60000)
  to   space 512K,   0% used [0x00000000f0e60000, 0x00000000f0e60000, 0x00000000f0ee0000)
 tenured generation   total 10944K, used 6240K [0x00000000f5c00000, 0x00000000f66b0000, 0x0000000100000000)
   the space 10944K,  57% used [0x00000000f5c00000, 0x00000000f6218330, 0x00000000f6218400, 0x00000000f66b0000)
 Metaspace       used 21110K, capacity 21766K, committed 21888K, reserved 1069056K
  class space    used 2732K, capacity 2917K, committed 2944K, reserved 1048576K
}
Event: 3.092 GC heap before
{Heap before GC invocations=33 (full 1):
 def new generation   total 4992K, used 4981K [0x00000000f0a00000, 0x00000000f0f60000, 0x00000000f5c00000)
  eden space 4480K,  99% used [0x00000000f0a00000, 0x00000000f0e5d4b8, 0x00000000f0e60000)
  from space 512K,  99% used [0x00000000f0ee0000, 0x00000000f0f5ffa8, 0x00000000f0f60000)
  to   space 512K,   0% used [0x00000000f0e60000, 0x00000000f0e60000, 0x00000000f0ee0000)
 tenured generation   total 10944K, used 6240K [0x00000000f5c00000, 0x00000000f66b0000, 0x0000000100000000)
   the space 10944K,  57% used [0x00000000f5c00000, 0x00000000f6218330, 0x00000000f6218400, 0x00000000f66b0000)
 Metaspace       used 21516K, capacity 22064K, committed 22272K, reserved 1069056K
  class space    used 2777K, capacity 2952K, committed 3072K, reserved 1048576K
Event: 3.094 GC heap after
Heap after GC invocations=34 (full 1):
 def new generation   total 4992K, used 394K [0x00000000f0a00000, 0x00000000f0f60000, 0x00000000f5c00000)
  eden space 4480K,   0% used [0x00000000f0a00000, 0x00000000f0a00000, 0x00000000f0e60000)
  from space 512K,  76% used [0x00000000f0e60000, 0x00000000f0ec2830, 0x00000000f0ee0000)
  to   space 512K,   0% used [0x00000000f0ee0000, 0x00000000f0ee0000, 0x00000000f0f60000)
 tenured generation   total 10944K, used 6292K [0x00000000f5c00000, 0x00000000f66b0000, 0x0000000100000000)
   the space 10944K,  57% used [0x00000000f5c00000, 0x00000000f6225068, 0x00000000f6225200, 0x00000000f66b0000)
 Metaspace       used 21516K, capacity 22064K, committed 22272K, reserved 1069056K
  class space    used 2777K, capacity 2952K, committed 3072K, reserved 1048576K
}
Event: 3.153 GC heap before
{Heap before GC invocations=34 (full 1):
 def new generation   total 4992K, used 4847K [0x00000000f0a00000, 0x00000000f0f60000, 0x00000000f5c00000)
  eden space 4480K,  99% used [0x00000000f0a00000, 0x00000000f0e59568, 0x00000000f0e60000)
  from space 512K,  76% used [0x00000000f0e60000, 0x00000000f0ec2830, 0x00000000f0ee0000)
  to   space 512K,   0% used [0x00000000f0ee0000, 0x00000000f0ee0000, 0x00000000f0f60000)
 tenured generation   total 10944K, used 6292K [0x00000000f5c00000, 0x00000000f66b0000, 0x0000000100000000)
   the space 10944K,  57% used [0x00000000f5c00000, 0x00000000f6225068, 0x00000000f6225200, 0x00000000f66b0000)
 Metaspace       used 22013K, capacity 22622K, committed 22784K, reserved 1069056K
  class space    used 2823K, capacity 2987K, committed 3072K, reserved 1048576K
Event: 3.155 GC heap after
Heap after GC invocations=35 (full 1):
 def new generation   total 4992K, used 511K [0x00000000f0a00000, 0x00000000f0f60000, 0x00000000f5c00000)
  eden space 4480K,   0% used [0x00000000f0a00000, 0x00000000f0a00000, 0x00000000f0e60000)
  from space 512K,  99% used [0x00000000f0ee0000, 0x00000000f0f5ffb0, 0x00000000f0f60000)
  to   space 512K,   0% used [0x00000000f0e60000, 0x00000000f0e60000, 0x00000000f0ee0000)
 tenured generation   total 10944K, used 6470K [0x00000000f5c00000, 0x00000000f66b0000, 0x0000000100000000)
   the space 10944K,  59% used [0x00000000f5c00000, 0x00000000f6251978, 0x00000000f6251a00, 0x00000000f66b0000)
 Metaspace       used 22013K, capacity 22622K, committed 22784K, reserved 1069056K
  class space    used 2823K, capacity 2987K, committed 3072K, reserved 1048576K
}
Event: 3.219 GC heap before
{Heap before GC invocations=35 (full 1):
 def new generation   total 4992K, used 4991K [0x00000000f0a00000, 0x00000000f0f60000, 0x00000000f5c00000)
  eden space 4480K, 100% used [0x00000000f0a00000, 0x00000000f0e60000, 0x00000000f0e60000)
  from space 512K,  99% used [0x00000000f0ee0000, 0x00000000f0f5ffb0, 0x00000000f0f60000)
  to   space 512K,   0% used [0x00000000f0e60000, 0x00000000f0e60000, 0x00000000f0ee0000)
 tenured generation   total 10944K, used 6470K [0x00000000f5c00000, 0x00000000f66b0000, 0x0000000100000000)
   the space 10944K,  59% used [0x00000000f5c00000, 0x00000000f6251978, 0x00000000f6251a00, 0x00000000f66b0000)
 Metaspace       used 22482K, capacity 23102K, committed 23296K, reserved 1069056K
  class space    used 2861K, capacity 3019K, committed 3072K, reserved 1048576K
Event: 3.221 GC heap after
Heap after GC invocations=36 (full 1):
 def new generation   total 4992K, used 476K [0x00000000f0a00000, 0x00000000f0f60000, 0x00000000f5c00000)
  eden space 4480K,   0% used [0x00000000f0a00000, 0x00000000f0a00000, 0x00000000f0e60000)
  from space 512K,  93% used [0x00000000f0e60000, 0x00000000f0ed7260, 0x00000000f0ee0000)
  to   space 512K,   0% used [0x00000000f0ee0000, 0x00000000f0ee0000, 0x00000000f0f60000)
 tenured generation   total 10944K, used 6622K [0x00000000f5c00000, 0x00000000f66b0000, 0x0000000100000000)
   the space 10944K,  60% used [0x00000000f5c00000, 0x00000000f6277af0, 0x00000000f6277c00, 0x00000000f66b0000)
 Metaspace       used 22482K, capacity 23102K, committed 23296K, reserved 1069056K
  class space    used 2861K, capacity 3019K, committed 3072K, reserved 1048576K
}
Event: 3.300 GC heap before
{Heap before GC invocations=36 (full 1):
 def new generation   total 4992K, used 4956K [0x00000000f0a00000, 0x00000000f0f60000, 0x00000000f5c00000)
  eden space 4480K, 100% used [0x00000000f0a00000, 0x00000000f0e60000, 0x00000000f0e60000)
  from space 512K,  93% used [0x00000000f0e60000, 0x00000000f0ed7260, 0x00000000f0ee0000)
  to   space 512K,   0% used [0x00000000f0ee0000, 0x00000000f0ee0000, 0x00000000f0f60000)
 tenured generation   total 10944K, used 6622K [0x00000000f5c00000, 0x00000000f66b0000, 0x0000000100000000)
   the space 10944K,  60% used [0x00000000f5c00000, 0x00000000f6277af0, 0x00000000f6277c00, 0x00000000f66b0000)
 Metaspace       used 22874K, capacity 23492K, committed 23680K, reserved 1069056K
  class space    used 2917K, capacity 3084K, committed 3200K, reserved 1048576K
Event: 3.302 GC heap after
Heap after GC invocations=37 (full 1):
 def new generation   total 4992K, used 406K [0x00000000f0a00000, 0x00000000f0f60000, 0x00000000f5c00000)
  eden space 4480K,   0% used [0x00000000f0a00000, 0x00000000f0a00000, 0x00000000f0e60000)
  from space 512K,  79% used [0x00000000f0ee0000, 0x00000000f0f45af8, 0x00000000f0f60000)
  to   space 512K,   0% used [0x00000000f0e60000, 0x00000000f0e60000, 0x00000000f0ee0000)
 tenured generation   total 10944K, used 6719K [0x00000000f5c00000, 0x00000000f66b0000, 0x0000000100000000)
   the space 10944K,  61% used [0x00000000f5c00000, 0x00000000f628ff40, 0x00000000f6290000, 0x00000000f66b0000)
 Metaspace       used 22874K, capacity 23492K, committed 23680K, reserved 1069056K
  class space    used 2917K, capacity 3084K, committed 3200K, reserved 1048576K
}
Event: 3.375 GC heap before
{Heap before GC invocations=37 (full 1):
 def new generation   total 4992K, used 4886K [0x00000000f0a00000, 0x00000000f0f60000, 0x00000000f5c00000)
  eden space 4480K, 100% used [0x00000000f0a00000, 0x00000000f0e60000, 0x00000000f0e60000)
  from space 512K,  79% used [0x00000000f0ee0000, 0x00000000f0f45af8, 0x00000000f0f60000)
  to   space 512K,   0% used [0x00000000f0e60000, 0x00000000f0e60000, 0x00000000f0ee0000)
 tenured generation   total 10944K, used 6719K [0x00000000f5c00000, 0x00000000f66b0000, 0x0000000100000000)
   the space 10944K,  61% used [0x00000000f5c00000, 0x00000000f628ff40, 0x00000000f6290000, 0x00000000f66b0000)
 Metaspace       used 23220K, capacity 23850K, committed 24192K, reserved 1071104K
  class space    used 2963K, capacity 3117K, committed 3200K, reserved 1048576K
Event: 3.377 GC heap after
Heap after GC invocations=38 (full 1):
 def new generation   total 4992K, used 507K [0x00000000f0a00000, 0x00000000f0f60000, 0x00000000f5c00000)
  eden space 4480K,   0% used [0x00000000f0a00000, 0x00000000f0a00000, 0x00000000f0e60000)
  from space 512K,  99% used [0x00000000f0e60000, 0x00000000f0edecf0, 0x00000000f0ee0000)
  to   space 512K,   0% used [0x00000000f0ee0000, 0x00000000f0ee0000, 0x00000000f0f60000)
 tenured generation   total 10944K, used 6880K [0x00000000f5c00000, 0x00000000f66b0000, 0x0000000100000000)
   the space 10944K,  62% used [0x00000000f5c00000, 0x00000000f62b8270, 0x00000000f62b8400, 0x00000000f66b0000)
 Metaspace       used 23220K, capacity 23850K, committed 24192K, reserved 1071104K
  class space    used 2963K, capacity 3117K, committed 3200K, reserved 1048576K
}
Event: 3.443 GC heap before
{Heap before GC invocations=38 (full 1):
 def new generation   total 4992K, used 4987K [0x00000000f0a00000, 0x00000000f0f60000, 0x00000000f5c00000)
  eden space 4480K, 100% used [0x00000000f0a00000, 0x00000000f0e60000, 0x00000000f0e60000)
  from space 512K,  99% used [0x00000000f0e60000, 0x00000000f0edecf0, 0x00000000f0ee0000)
  to   space 512K,   0% used [0x00000000f0ee0000, 0x00000000f0ee0000, 0x00000000f0f60000)
 tenured generation   total 10944K, used 6880K [0x00000000f5c00000, 0x00000000f66b0000, 0x0000000100000000)
   the space 10944K,  62% used [0x00000000f5c00000, 0x00000000f62b8270, 0x00000000f62b8400, 0x00000000f66b0000)
 Metaspace       used 23530K, capacity 24076K, committed 24448K, reserved 1071104K
  class space    used 2999K, capacity 3150K, committed 3200K, reserved 1048576K
Event: 3.446 GC heap after
Heap after GC invocations=39 (full 1):
 def new generation   total 4992K, used 451K [0x00000000f0a00000, 0x00000000f0f60000, 0x00000000f5c00000)
  eden space 4480K,   0% used [0x00000000f0a00000, 0x00000000f0a00000, 0x00000000f0e60000)
  from space 512K,  88% used [0x00000000f0ee0000, 0x00000000f0f50e40, 0x00000000f0f60000)
  to   space 512K,   0% used [0x00000000f0e60000, 0x00000000f0e60000, 0x00000000f0ee0000)
 tenured generation   total 10944K, used 7026K [0x00000000f5c00000, 0x00000000f66b0000, 0x0000000100000000)
   the space 10944K,  64% used [0x00000000f5c00000, 0x00000000f62dcb50, 0x00000000f62dcc00, 0x00000000f66b0000)
 Metaspace       used 23530K, capacity 24076K, committed 24448K, reserved 1071104K
  class space    used 2999K, capacity 3150K, committed 3200K, reserved 1048576K
}
Event: 3.486 GC heap before
{Heap before GC invocations=39 (full 1):
 def new generation   total 4992K, used 4931K [0x00000000f0a00000, 0x00000000f0f60000, 0x00000000f5c00000)
  eden space 4480K, 100% used [0x00000000f0a00000, 0x00000000f0e60000, 0x00000000f0e60000)
  from space 512K,  88% used [0x00000000f0ee0000, 0x00000000f0f50e40, 0x00000000f0f60000)
  to   space 512K,   0% used [0x00000000f0e60000, 0x00000000f0e60000, 0x00000000f0ee0000)
 tenured generation   total 10944K, used 7026K [0x00000000f5c00000, 0x00000000f66b0000, 0x0000000100000000)
   the space 10944K,  64% used [0x00000000f5c00000, 0x00000000f62dcb50, 0x00000000f62dcc00, 0x00000000f66b0000)
 Metaspace       used 23852K, capacity 24464K, committed 24832K, reserved 1071104K
  class space    used 3036K, capacity 3214K, committed 3328K, reserved 1048576K
Event: 3.488 GC heap after
Heap after GC invocations=40 (full 1):
 def new generation   total 4992K, used 511K [0x00000000f0a00000, 0x00000000f0f60000, 0x00000000f5c00000)
  eden space 4480K,   0% used [0x00000000f0a00000, 0x00000000f0a00000, 0x00000000f0e60000)
  from space 512K,  99% used [0x00000000f0e60000, 0x00000000f0edffd0, 0x00000000f0ee0000)
  to   space 512K,   0% used [0x00000000f0ee0000, 0x00000000f0ee0000, 0x00000000f0f60000)
 tenured generation   total 10944K, used 7170K [0x00000000f5c00000, 0x00000000f66b0000, 0x0000000100000000)
   the space 10944K,  65% used [0x00000000f5c00000, 0x00000000f6300a70, 0x00000000f6300c00, 0x00000000f66b0000)
 Metaspace       used 23852K, capacity 24464K, committed 24832K, reserved 1071104K
  class space    used 3036K, capacity 3214K, committed 3328K, reserved 1048576K
}
Event: 3.546 GC heap before
{Heap before GC invocations=40 (full 1):
 def new generation   total 4992K, used 4991K [0x00000000f0a00000, 0x00000000f0f60000, 0x00000000f5c00000)
  eden space 4480K, 100% used [0x00000000f0a00000, 0x00000000f0e60000, 0x00000000f0e60000)
  from space 512K,  99% used [0x00000000f0e60000, 0x00000000f0edffd0, 0x00000000f0ee0000)
  to   space 512K,   0% used [0x00000000f0ee0000, 0x00000000f0ee0000, 0x00000000f0f60000)
 tenured generation   total 10944K, used 7170K [0x00000000f5c00000, 0x00000000f66b0000, 0x0000000100000000)
   the space 10944K,  65% used [0x00000000f5c00000, 0x00000000f6300a70, 0x00000000f6300c00, 0x00000000f66b0000)
 Metaspace       used 24089K, capacity 24742K, committed 25088K, reserved 1071104K
  class space    used 3078K, capacity 3255K, committed 3328K, reserved 1048576K
Event: 3.548 GC heap after
Heap after GC invocations=41 (full 1):
 def new generation   total 4992K, used 419K [0x00000000f0a00000, 0x00000000f0f60000, 0x00000000f5c00000)
  eden space 4480K,   0% used [0x00000000f0a00000, 0x00000000f0a00000, 0x00000000f0e60000)
  from space 512K,  82% used [0x00000000f0ee0000, 0x00000000f0f48f60, 0x00000000f0f60000)
  to   space 512K,   0% used [0x00000000f0e60000, 0x00000000f0e60000, 0x00000000f0ee0000)
 tenured generation   total 10944K, used 7254K [0x00000000f5c00000, 0x00000000f66b0000, 0x0000000100000000)
   the space 10944K,  66% used [0x00000000f5c00000, 0x00000000f6315a00, 0x00000000f6315a00, 0x00000000f66b0000)
 Metaspace       used 24089K, capacity 24742K, committed 25088K, reserved 1071104K
  class space    used 3078K, capacity 3255K, committed 3328K, reserved 1048576K
}
Event: 3.629 GC heap before
{Heap before GC invocations=41 (full 1):
 def new generation   total 4992K, used 4899K [0x00000000f0a00000, 0x00000000f0f60000, 0x00000000f5c00000)
  eden space 4480K, 100% used [0x00000000f0a00000, 0x00000000f0e60000, 0x00000000f0e60000)
  from space 512K,  82% used [0x00000000f0ee0000, 0x00000000f0f48f60, 0x00000000f0f60000)
  to   space 512K,   0% used [0x00000000f0e60000, 0x00000000f0e60000, 0x00000000f0ee0000)
 tenured generation   total 10944K, used 7254K [0x00000000f5c00000, 0x00000000f66b0000, 0x0000000100000000)
   the space 10944K,  66% used [0x00000000f5c00000, 0x00000000f6315a00, 0x00000000f6315a00, 0x00000000f66b0000)
 Metaspace       used 24452K, capacity 25194K, committed 25472K, reserved 1071104K
  class space    used 3135K, capacity 3343K, committed 3456K, reserved 1048576K
Event: 3.631 GC heap after
Heap after GC invocations=42 (full 1):
 def new generation   total 4992K, used 511K [0x00000000f0a00000, 0x00000000f0f60000, 0x00000000f5c00000)
  eden space 4480K,   0% used [0x00000000f0a00000, 0x00000000f0a00000, 0x00000000f0e60000)
  from space 512K,  99% used [0x00000000f0e60000, 0x00000000f0edfff8, 0x00000000f0ee0000)
  to   space 512K,   0% used [0x00000000f0ee0000, 0x00000000f0ee0000, 0x00000000f0f60000)
 tenured generation   total 10944K, used 7568K [0x00000000f5c00000, 0x00000000f66b0000, 0x0000000100000000)
   the space 10944K,  69% used [0x00000000f5c00000, 0x00000000f6364308, 0x00000000f6364400, 0x00000000f66b0000)
 Metaspace       used 24452K, capacity 25194K, committed 25472K, reserved 1071104K
  class space    used 3135K, capacity 3343K, committed 3456K, reserved 1048576K
}
Event: 3.673 GC heap before
{Heap before GC invocations=42 (full 1):
 def new generation   total 4992K, used 4991K [0x00000000f0a00000, 0x00000000f0f60000, 0x00000000f5c00000)
  eden space 4480K, 100% used [0x00000000f0a00000, 0x00000000f0e60000, 0x00000000f0e60000)
  from space 512K,  99% used [0x00000000f0e60000, 0x00000000f0edfff8, 0x00000000f0ee0000)
  to   space 512K,   0% used [0x00000000f0ee0000, 0x00000000f0ee0000, 0x00000000f0f60000)
 tenured generation   total 10944K, used 7568K [0x00000000f5c00000, 0x00000000f66b0000, 0x0000000100000000)
   the space 10944K,  69% used [0x00000000f5c00000, 0x00000000f6364308, 0x00000000f6364400, 0x00000000f66b0000)
 Metaspace       used 24691K, capacity 25430K, committed 25728K, reserved 1071104K
  class space    used 3174K, capacity 3381K, committed 3456K, reserved 1048576K
Event: 3.675 GC heap after
Heap after GC invocations=43 (full 1):
 def new generation   total 4992K, used 277K [0x00000000f0a00000, 0x00000000f0f60000, 0x00000000f5c00000)
  eden space 4480K,   0% used [0x00000000f0a00000, 0x00000000f0a00000, 0x00000000f0e60000)
  from space 512K,  54% used [0x00000000f0ee0000, 0x00000000f0f25530, 0x00000000f0f60000)
  to   space 512K,   0% used [0x00000000f0e60000, 0x00000000f0e60000, 0x00000000f0ee0000)
 tenured generation   total 10944K, used 7905K [0x00000000f5c00000, 0x00000000f66b0000, 0x0000000100000000)
   the space 10944K,  72% used [0x00000000f5c00000, 0x00000000f63b8528, 0x00000000f63b8600, 0x00000000f66b0000)
 Metaspace       used 24691K, capacity 25430K, committed 25728K, reserved 1071104K
  class space    used 3174K, capacity 3381K, committed 3456K, reserved 1048576K
}
Event: 3.683 GC heap before
{Heap before GC invocations=43 (full 1):
 def new generation   total 4992K, used 4757K [0x00000000f0a00000, 0x00000000f0f60000, 0x00000000f5c00000)
  eden space 4480K, 100% used [0x00000000f0a00000, 0x00000000f0e60000, 0x00000000f0e60000)
  from space 512K,  54% used [0x00000000f0ee0000, 0x00000000f0f25530, 0x00000000f0f60000)
  to   space 512K,   0% used [0x00000000f0e60000, 0x00000000f0e60000, 0x00000000f0ee0000)
 tenured generation   total 10944K, used 7905K [0x00000000f5c00000, 0x00000000f66b0000, 0x0000000100000000)
   the space 10944K,  72% used [0x00000000f5c00000, 0x00000000f63b8528, 0x00000000f63b8600, 0x00000000f66b0000)
 Metaspace       used 24712K, capacity 25430K, committed 25728K, reserved 1071104K
  class space    used 3176K, capacity 3381K, committed 3456K, reserved 1048576K
Event: 3.684 GC heap after
Heap after GC invocations=44 (full 1):
 def new generation   total 4992K, used 107K [0x00000000f0a00000, 0x00000000f0f60000, 0x00000000f5c00000)
  eden space 4480K,   0% used [0x00000000f0a00000, 0x00000000f0a00000, 0x00000000f0e60000)
  from space 512K,  20% used [0x00000000f0e60000, 0x00000000f0e7adf0, 0x00000000f0ee0000)
  to   space 512K,   0% used [0x00000000f0ee0000, 0x00000000f0ee0000, 0x00000000f0f60000)
 tenured generation   total 10944K, used 7983K [0x00000000f5c00000, 0x00000000f66b0000, 0x0000000100000000)
   the space 10944K,  72% used [0x00000000f5c00000, 0x00000000f63cbd38, 0x00000000f63cbe00, 0x00000000f66b0000)
 Metaspace       used 24712K, capacity 25430K, committed 25728K, reserved 1071104K
  class space    used 3176K, capacity 3381K, committed 3456K, reserved 1048576K
}
Event: 3.692 GC heap before
{Heap before GC invocations=44 (full 1):
 def new generation   total 4992K, used 4583K [0x00000000f0a00000, 0x00000000f0f60000, 0x00000000f5c00000)
  eden space 4480K,  99% used [0x00000000f0a00000, 0x00000000f0e5f050, 0x00000000f0e60000)
  from space 512K,  20% used [0x00000000f0e60000, 0x00000000f0e7adf0, 0x00000000f0ee0000)
  to   space 512K,   0% used [0x00000000f0ee0000, 0x00000000f0ee0000, 0x00000000f0f60000)
 tenured generation   total 10944K, used 7983K [0x00000000f5c00000, 0x00000000f66b0000, 0x0000000100000000)
   the space 10944K,  72% used [0x00000000f5c00000, 0x00000000f63cbd38, 0x00000000f63cbe00, 0x00000000f66b0000)
 Metaspace       used 24778K, capacity 25494K, committed 25728K, reserved 1071104K
  class space    used 3181K, capacity 3381K, committed 3456K, reserved 1048576K
Event: 3.692 GC heap after
Heap after GC invocations=45 (full 1):
 def new generation   total 4992K, used 193K [0x00000000f0a00000, 0x00000000f0f60000, 0x00000000f5c00000)
  eden space 4480K,   0% used [0x00000000f0a00000, 0x00000000f0a00000, 0x00000000f0e60000)
  from space 512K,  37% used [0x00000000f0ee0000, 0x00000000f0f10590, 0x00000000f0f60000)
  to   space 512K,   0% used [0x00000000f0e60000, 0x00000000f0e60000, 0x00000000f0ee0000)
 tenured generation   total 10944K, used 7983K [0x00000000f5c00000, 0x00000000f66b0000, 0x0000000100000000)
   the space 10944K,  72% used [0x00000000f5c00000, 0x00000000f63cbd38, 0x00000000f63cbe00, 0x00000000f66b0000)
 Metaspace       used 24778K, capacity 25494K, committed 25728K, reserved 1071104K
  class space    used 3181K, capacity 3381K, committed 3456K, reserved 1048576K
}
Event: 3.694 GC heap before
{Heap before GC invocations=45 (full 1):
 def new generation   total 4992K, used 4652K [0x00000000f0a00000, 0x00000000f0f60000, 0x00000000f5c00000)
  eden space 4480K,  99% used [0x00000000f0a00000, 0x00000000f0e5ae28, 0x00000000f0e60000)
  from space 512K,  37% used [0x00000000f0ee0000, 0x00000000f0f10590, 0x00000000f0f60000)
  to   space 512K,   0% used [0x00000000f0e60000, 0x00000000f0e60000, 0x00000000f0ee0000)
 tenured generation   total 10944K, used 7983K [0x00000000f5c00000, 0x00000000f66b0000, 0x0000000100000000)
   the space 10944K,  72% used [0x00000000f5c00000, 0x00000000f63cbd38, 0x00000000f63cbe00, 0x00000000f66b0000)
 Metaspace       used 24778K, capacity 25494K, committed 25728K, reserved 1071104K
  class space    used 3181K, capacity 3381K, committed 3456K, reserved 1048576K
Event: 3.694 GC heap after
Heap after GC invocations=46 (full 1):
 def new generation   total 4992K, used 202K [0x00000000f0a00000, 0x00000000f0f60000, 0x00000000f5c00000)
  eden space 4480K,   0% used [0x00000000f0a00000, 0x00000000f0a00000, 0x00000000f0e60000)
  from space 512K,  39% used [0x00000000f0e60000, 0x00000000f0e92b08, 0x00000000f0ee0000)
  to   space 512K,   0% used [0x00000000f0ee0000, 0x00000000f0ee0000, 0x00000000f0f60000)
 tenured generation   total 10944K, used 7983K [0x00000000f5c00000, 0x00000000f66b0000, 0x0000000100000000)
   the space 10944K,  72% used [0x00000000f5c00000, 0x00000000f63cbd38, 0x00000000f63cbe00, 0x00000000f66b0000)
 Metaspace       used 24778K, capacity 25494K, committed 25728K, reserved 1071104K
  class space    used 3181K, capacity 3381K, committed 3456K, reserved 1048576K
}
Event: 3.701 GC heap before
{Heap before GC invocations=46 (full 1):
 def new generation   total 4992K, used 4657K [0x00000000f0a00000, 0x00000000f0f60000, 0x00000000f5c00000)
  eden space 4480K,  99% used [0x00000000f0a00000, 0x00000000f0e59c00, 0x00000000f0e60000)
  from space 512K,  39% used [0x00000000f0e60000, 0x00000000f0e92b08, 0x00000000f0ee0000)
  to   space 512K,   0% used [0x00000000f0ee0000, 0x00000000f0ee0000, 0x00000000f0f60000)
 tenured generation   total 10944K, used 7983K [0x00000000f5c00000, 0x00000000f66b0000, 0x0000000100000000)
   the space 10944K,  72% used [0x00000000f5c00000, 0x00000000f63cbd38, 0x00000000f63cbe00, 0x00000000f66b0000)
 Metaspace       used 24780K, capacity 25494K, committed 25728K, reserved 1071104K
  class space    used 3181K, capacity 3381K, committed 3456K, reserved 1048576K
Event: 3.702 GC heap after
Heap after GC invocations=47 (full 1):
 def new generation   total 4992K, used 211K [0x00000000f0a00000, 0x00000000f0f60000, 0x00000000f5c00000)
  eden space 4480K,   0% used [0x00000000f0a00000, 0x00000000f0a00000, 0x00000000f0e60000)
  from space 512K,  41% used [0x00000000f0ee0000, 0x00000000f0f14ec0, 0x00000000f0f60000)
  to   space 512K,   0% used [0x00000000f0e60000, 0x00000000f0e60000, 0x00000000f0ee0000)
 tenured generation   total 10944K, used 7983K [0x00000000f5c00000, 0x00000000f66b0000, 0x0000000100000000)
   the space 10944K,  72% used [0x00000000f5c00000, 0x00000000f63cbd38, 0x00000000f63cbe00, 0x00000000f66b0000)
 Metaspace       used 24780K, capacity 25494K, committed 25728K, reserved 1071104K
  class space    used 3181K, capacity 3381K, committed 3456K, reserved 1048576K
}
Event: 3.709 GC heap before
{Heap before GC invocations=47 (full 1):
 def new generation   total 4992K, used 4691K [0x00000000f0a00000, 0x00000000f0f60000, 0x00000000f5c00000)
  eden space 4480K, 100% used [0x00000000f0a00000, 0x00000000f0e60000, 0x00000000f0e60000)
  from space 512K,  41% used [0x00000000f0ee0000, 0x00000000f0f14ec0, 0x00000000f0f60000)
  to   space 512K,   0% used [0x00000000f0e60000, 0x00000000f0e60000, 0x00000000f0ee0000)
 tenured generation   total 10944K, used 7983K [0x00000000f5c00000, 0x00000000f66b0000, 0x0000000100000000)
   the space 10944K,  72% used [0x00000000f5c00000, 0x00000000f63cbd38, 0x00000000f63cbe00, 0x00000000f66b0000)
 Metaspace       used 24793K, capacity 25502K, committed 25728K, reserved 1071104K
  class space    used 3184K, capacity 3383K, committed 3456K, reserved 1048576K
Event: 3.710 GC heap after
Heap after GC invocations=48 (full 1):
 def new generation   total 4992K, used 122K [0x00000000f0a00000, 0x00000000f0f60000, 0x00000000f5c00000)
  eden space 4480K,   0% used [0x00000000f0a00000, 0x00000000f0a00000, 0x00000000f0e60000)
  from space 512K,  23% used [0x00000000f0e60000, 0x00000000f0e7eb08, 0x00000000f0ee0000)
  to   space 512K,   0% used [0x00000000f0ee0000, 0x00000000f0ee0000, 0x00000000f0f60000)
 tenured generation   total 10944K, used 7983K [0x00000000f5c00000, 0x00000000f66b0000, 0x0000000100000000)
   the space 10944K,  72% used [0x00000000f5c00000, 0x00000000f63cbd38, 0x00000000f63cbe00, 0x00000000f66b0000)
 Metaspace       used 24793K, capacity 25502K, committed 25728K, reserved 1071104K
  class space    used 3184K, capacity 3383K, committed 3456K, reserved 1048576K
}
Event: 3.713 GC heap before
{Heap before GC invocations=48 (full 1):
 def new generation   total 4992K, used 4602K [0x00000000f0a00000, 0x00000000f0f60000, 0x00000000f5c00000)
  eden space 4480K, 100% used [0x00000000f0a00000, 0x00000000f0e60000, 0x00000000f0e60000)
  from space 512K,  23% used [0x00000000f0e60000, 0x00000000f0e7eb08, 0x00000000f0ee0000)
  to   space 512K,   0% used [0x00000000f0ee0000, 0x00000000f0ee0000, 0x00000000f0f60000)
 tenured generation   total 10944K, used 7983K [0x00000000f5c00000, 0x00000000f66b0000, 0x0000000100000000)
   the space 10944K,  72% used [0x00000000f5c00000, 0x00000000f63cbd38, 0x00000000f63cbe00, 0x00000000f66b0000)
 Metaspace       used 24821K, capacity 25514K, committed 25728K, reserved 1071104K
  class space    used 3186K, capacity 3385K, committed 3456K, reserved 1048576K
Event: 3.714 GC heap after
Heap after GC invocations=49 (full 1):
 def new generation   total 4992K, used 156K [0x00000000f0a00000, 0x00000000f0f60000, 0x00000000f5c00000)
  eden space 4480K,   0% used [0x00000000f0a00000, 0x00000000f0a00000, 0x00000000f0e60000)
  from space 512K,  30% used [0x00000000f0ee0000, 0x00000000f0f07348, 0x00000000f0f60000)
  to   space 512K,   0% used [0x00000000f0e60000, 0x00000000f0e60000, 0x00000000f0ee0000)
 tenured generation   total 10944K, used 7983K [0x00000000f5c00000, 0x00000000f66b0000, 0x0000000100000000)
   the space 10944K,  72% used [0x00000000f5c00000, 0x00000000f63cbd38, 0x00000000f63cbe00, 0x00000000f66b0000)
 Metaspace       used 24821K, capacity 25514K, committed 25728K, reserved 1071104K
  class space    used 3186K, capacity 3385K, committed 3456K, reserved 1048576K
}
Event: 3.715 GC heap before
{Heap before GC invocations=49 (full 1):
 def new generation   total 4992K, used 4588K [0x00000000f0a00000, 0x00000000f0f60000, 0x00000000f5c00000)
  eden space 4480K,  98% used [0x00000000f0a00000, 0x00000000f0e540a0, 0x00000000f0e60000)
  from space 512K,  30% used [0x00000000f0ee0000, 0x00000000f0f07348, 0x00000000f0f60000)
  to   space 512K,   0% used [0x00000000f0e60000, 0x00000000f0e60000, 0x00000000f0ee0000)
 tenured generation   total 10944K, used 7983K [0x00000000f5c00000, 0x00000000f66b0000, 0x0000000100000000)
   the space 10944K,  72% used [0x00000000f5c00000, 0x00000000f63cbd38, 0x00000000f63cbe00, 0x00000000f66b0000)
 Metaspace       used 24821K, capacity 25514K, committed 25728K, reserved 1071104K
  class space    used 3186K, capacity 3385K, committed 3456K, reserved 1048576K
Event: 3.716 GC heap after
Heap after GC invocations=50 (full 1):
 def new generation   total 4992K, used 135K [0x00000000f0a00000, 0x00000000f0f60000, 0x00000000f5c00000)
  eden space 4480K,   0% used [0x00000000f0a00000, 0x00000000f0a00000, 0x00000000f0e60000)
  from space 512K,  26% used [0x00000000f0e60000, 0x00000000f0e81fc0, 0x00000000f0ee0000)
  to   space 512K,   0% used [0x00000000f0ee0000, 0x00000000f0ee0000, 0x00000000f0f60000)
 tenured generation   total 10944K, used 7983K [0x00000000f5c00000, 0x00000000f66b0000, 0x0000000100000000)
   the space 10944K,  72% used [0x00000000f5c00000, 0x00000000f63cbd38, 0x00000000f63cbe00, 0x00000000f66b0000)
 Metaspace       used 24821K, capacity 25514K, committed 25728K, reserved 1071104K
  class space    used 3186K, capacity 3385K, committed 3456K, reserved 1048576K
}
Event: 3.732 GC heap before
{Heap before GC invocations=50 (full 1):
 def new generation   total 4992K, used 4615K [0x00000000f0a00000, 0x00000000f0f60000, 0x00000000f5c00000)
  eden space 4480K, 100% used [0x00000000f0a00000, 0x00000000f0e60000, 0x00000000f0e60000)
  from space 512K,  26% used [0x00000000f0e60000, 0x00000000f0e81fc0, 0x00000000f0ee0000)
  to   space 512K,   0% used [0x00000000f0ee0000, 0x00000000f0ee0000, 0x00000000f0f60000)
 tenured generation   total 10944K, used 7983K [0x00000000f5c00000, 0x00000000f66b0000, 0x0000000100000000)
   the space 10944K,  72% used [0x00000000f5c00000, 0x00000000f63cbd38, 0x00000000f63cbe00, 0x00000000f66b0000)
 Metaspace       used 24982K, capacity 25738K, committed 25984K, reserved 1071104K
  class space    used 3201K, capacity 3417K, committed 3456K, reserved 1048576K
Event: 3.734 GC heap after
Heap after GC invocations=51 (full 1):
 def new generation   total 4992K, used 347K [0x00000000f0a00000, 0x00000000f0f60000, 0x00000000f5c00000)
  eden space 4480K,   0% used [0x00000000f0a00000, 0x00000000f0a00000, 0x00000000f0e60000)
  from space 512K,  67% used [0x00000000f0ee0000, 0x00000000f0f36e48, 0x00000000f0f60000)
  to   space 512K,   0% used [0x00000000f0e60000, 0x00000000f0e60000, 0x00000000f0ee0000)
 tenured generation   total 10944K, used 7983K [0x00000000f5c00000, 0x00000000f66b0000, 0x0000000100000000)
   the space 10944K,  72% used [0x00000000f5c00000, 0x00000000f63cbd38, 0x00000000f63cbe00, 0x00000000f66b0000)
 Metaspace       used 24982K, capacity 25738K, committed 25984K, reserved 1071104K
  class space    used 3201K, capacity 3417K, committed 3456K, reserved 1048576K
}
Event: 3.783 GC heap before
{Heap before GC invocations=51 (full 1):
 def new generation   total 4992K, used 4827K [0x00000000f0a00000, 0x00000000f0f60000, 0x00000000f5c00000)
  eden space 4480K, 100% used [0x00000000f0a00000, 0x00000000f0e60000, 0x00000000f0e60000)
  from space 512K,  67% used [0x00000000f0ee0000, 0x00000000f0f36e48, 0x00000000f0f60000)
  to   space 512K,   0% used [0x00000000f0e60000, 0x00000000f0e60000, 0x00000000f0ee0000)
 tenured generation   total 10944K, used 7983K [0x00000000f5c00000, 0x00000000f66b0000, 0x0000000100000000)
   the space 10944K,  72% used [0x00000000f5c00000, 0x00000000f63cbd38, 0x00000000f63cbe00, 0x00000000f66b0000)
 Metaspace       used 25412K, capacity 26154K, committed 26240K, reserved 1073152K
  class space    used 3254K, capacity 3449K, committed 3456K, reserved 1048576K
Event: 3.785 GC heap after
Heap after GC invocations=52 (full 1):
 def new generation   total 4992K, used 424K [0x00000000f0a00000, 0x00000000f0f60000, 0x00000000f5c00000)
  eden space 4480K,   0% used [0x00000000f0a00000, 0x00000000f0a00000, 0x00000000f0e60000)
  from space 512K,  82% used [0x00000000f0e60000, 0x00000000f0eca1e0, 0x00000000f0ee0000)
  to   space 512K,   0% used [0x00000000f0ee0000, 0x00000000f0ee0000, 0x00000000f0f60000)
 tenured generation   total 10944K, used 8240K [0x00000000f5c00000, 0x00000000f66b0000, 0x0000000100000000)
   the space 10944K,  75% used [0x00000000f5c00000, 0x00000000f640c048, 0x00000000f640c200, 0x00000000f66b0000)
 Metaspace       used 25412K, capacity 26154K, committed 26240K, reserved 1073152K
  class space    used 3254K, capacity 3449K, committed 3456K, reserved 1048576K
}
Event: 3.912 GC heap before
{Heap before GC invocations=52 (full 1):
 def new generation   total 4992K, used 4904K [0x00000000f0a00000, 0x00000000f0f60000, 0x00000000f5c00000)
  eden space 4480K, 100% used [0x00000000f0a00000, 0x00000000f0e60000, 0x00000000f0e60000)
  from space 512K,  82% used [0x00000000f0e60000, 0x00000000f0eca1e0, 0x00000000f0ee0000)
  to   space 512K,   0% used [0x00000000f0ee0000, 0x00000000f0ee0000, 0x00000000f0f60000)
 tenured generation   total 10944K, used 8240K [0x00000000f5c00000, 0x00000000f66b0000, 0x0000000100000000)
   the space 10944K,  75% used [0x00000000f5c00000, 0x00000000f640c048, 0x00000000f640c200, 0x00000000f66b0000)
 Metaspace       used 26502K, capacity 27222K, committed 27520K, reserved 1073152K
  class space    used 3380K, capacity 3589K, committed 3712K, reserved 1048576K
Event: 3.915 GC heap after
Heap after GC invocations=53 (full 1):
 def new generation   total 4992K, used 512K [0x00000000f0a00000, 0x00000000f0f60000, 0x00000000f5c00000)
  eden space 4480K,   0% used [0x00000000f0a00000, 0x00000000f0a00000, 0x00000000f0e60000)
  from space 512K, 100% used [0x00000000f0ee0000, 0x00000000f0f60000, 0x00000000f0f60000)
  to   space 512K,   0% used [0x00000000f0e60000, 0x00000000f0e60000, 0x00000000f0ee0000)
 tenured generation   total 10944K, used 8414K [0x00000000f5c00000, 0x00000000f66b0000, 0x0000000100000000)
   the space 10944K,  76% used [0x00000000f5c00000, 0x00000000f6437910, 0x00000000f6437a00, 0x00000000f66b0000)
 Metaspace       used 26502K, capacity 27222K, committed 27520K, reserved 1073152K
  class space    used 3380K, capacity 3589K, committed 3712K, reserved 1048576K
}
Event: 4.016 GC heap before
{Heap before GC invocations=53 (full 1):
 def new generation   total 4992K, used 4992K [0x00000000f0a00000, 0x00000000f0f60000, 0x00000000f5c00000)
  eden space 4480K, 100% used [0x00000000f0a00000, 0x00000000f0e60000, 0x00000000f0e60000)
  from space 512K, 100% used [0x00000000f0ee0000, 0x00000000f0f60000, 0x00000000f0f60000)
  to   space 512K,   0% used [0x00000000f0e60000, 0x00000000f0e60000, 0x00000000f0ee0000)
 tenured generation   total 10944K, used 8414K [0x00000000f5c00000, 0x00000000f66b0000, 0x0000000100000000)
   the space 10944K,  76% used [0x00000000f5c00000, 0x00000000f6437910, 0x00000000f6437a00, 0x00000000f66b0000)
 Metaspace       used 26760K, capacity 27488K, committed 27776K, reserved 1073152K
  class space    used 3413K, capacity 3602K, committed 3712K, reserved 1048576K
Event: 4.019 GC heap after
Heap after GC invocations=54 (full 1):
 def new generation   total 4992K, used 449K [0x00000000f0a00000, 0x00000000f0f60000, 0x00000000f5c00000)
  eden space 4480K,   0% used [0x00000000f0a00000, 0x00000000f0a00000, 0x00000000f0e60000)
  from space 512K,  87% used [0x00000000f0e60000, 0x00000000f0ed05e0, 0x00000000f0ee0000)
  to   space 512K,   0% used [0x00000000f0ee0000, 0x00000000f0ee0000, 0x00000000f0f60000)
 tenured generation   total 10944K, used 8809K [0x00000000f5c00000, 0x00000000f66b0000, 0x0000000100000000)
   the space 10944K,  80% used [0x00000000f5c00000, 0x00000000f649a760, 0x00000000f649a800, 0x00000000f66b0000)
 Metaspace       used 26760K, capacity 27488K, committed 27776K, reserved 1073152K
  class space    used 3413K, capacity 3602K, committed 3712K, reserved 1048576K
}
Event: 4.122 GC heap before
{Heap before GC invocations=54 (full 1):
 def new generation   total 4992K, used 4929K [0x00000000f0a00000, 0x00000000f0f60000, 0x00000000f5c00000)
  eden space 4480K, 100% used [0x00000000f0a00000, 0x00000000f0e60000, 0x00000000f0e60000)
  from space 512K,  87% used [0x00000000f0e60000, 0x00000000f0ed05e0, 0x00000000f0ee0000)
  to   space 512K,   0% used [0x00000000f0ee0000, 0x00000000f0ee0000, 0x00000000f0f60000)
 tenured generation   total 10944K, used 8809K [0x00000000f5c00000, 0x00000000f66b0000, 0x0000000100000000)
   the space 10944K,  80% used [0x00000000f5c00000, 0x00000000f649a760, 0x00000000f649a800, 0x00000000f66b0000)
 Metaspace       used 26905K, capacity 27666K, committed 27776K, reserved 1073152K
  class space    used 3427K, capacity 3637K, committed 3712K, reserved 1048576K
Event: 4.125 GC heap after
Heap after GC invocations=55 (full 1):
 def new generation   total 4992K, used 435K [0x00000000f0a00000, 0x00000000f0f60000, 0x00000000f5c00000)
  eden space 4480K,   0% used [0x00000000f0a00000, 0x00000000f0a00000, 0x00000000f0e60000)
  from space 512K,  85% used [0x00000000f0ee0000, 0x00000000f0f4ce48, 0x00000000f0f60000)
  to   space 512K,   0% used [0x00000000f0e60000, 0x00000000f0e60000, 0x00000000f0ee0000)
 tenured generation   total 10944K, used 9061K [0x00000000f5c00000, 0x00000000f66b0000, 0x0000000100000000)
   the space 10944K,  82% used [0x00000000f5c00000, 0x00000000f64d9420, 0x00000000f64d9600, 0x00000000f66b0000)
 Metaspace       used 26905K, capacity 27666K, committed 27776K, reserved 1073152K
  class space    used 3427K, capacity 3637K, committed 3712K, reserved 1048576K
}
Event: 4.217 GC heap before
{Heap before GC invocations=55 (full 1):
 def new generation   total 4992K, used 4915K [0x00000000f0a00000, 0x00000000f0f60000, 0x00000000f5c00000)
  eden space 4480K, 100% used [0x00000000f0a00000, 0x00000000f0e60000, 0x00000000f0e60000)
  from space 512K,  85% used [0x00000000f0ee0000, 0x00000000f0f4ce48, 0x00000000f0f60000)
  to   space 512K,   0% used [0x00000000f0e60000, 0x00000000f0e60000, 0x00000000f0ee0000)
 tenured generation   total 10944K, used 9061K [0x00000000f5c00000, 0x00000000f66b0000, 0x0000000100000000)
   the space 10944K,  82% used [0x00000000f5c00000, 0x00000000f64d9420, 0x00000000f64d9600, 0x00000000f66b0000)
 Metaspace       used 27018K, capacity 27788K, committed 28032K, reserved 1073152K
  class space    used 3438K, capacity 3648K, committed 3712K, reserved 1048576K
Event: 4.220 GC heap after
Heap after GC invocations=56 (full 1):
 def new generation   total 4992K, used 491K [0x00000000f0a00000, 0x00000000f0f60000, 0x00000000f5c00000)
  eden space 4480K,   0% used [0x00000000f0a00000, 0x00000000f0a00000, 0x00000000f0e60000)
  from space 512K,  95% used [0x00000000f0e60000, 0x00000000f0edac88, 0x00000000f0ee0000)
  to   space 512K,   0% used [0x00000000f0ee0000, 0x00000000f0ee0000, 0x00000000f0f60000)
 tenured generation   total 10944K, used 9325K [0x00000000f5c00000, 0x00000000f66b0000, 0x0000000100000000)
   the space 10944K,  85% used [0x00000000f5c00000, 0x00000000f651b7b8, 0x00000000f651b800, 0x00000000f66b0000)
 Metaspace       used 27018K, capacity 27788K, committed 28032K, reserved 1073152K
  class space    used 3438K, capacity 3648K, committed 3712K, reserved 1048576K
}
Event: 4.300 GC heap before
{Heap before GC invocations=56 (full 1):
 def new generation   total 4992K, used 4971K [0x00000000f0a00000, 0x00000000f0f60000, 0x00000000f5c00000)
  eden space 4480K, 100% used [0x00000000f0a00000, 0x00000000f0e60000, 0x00000000f0e60000)
  from space 512K,  95% used [0x00000000f0e60000, 0x00000000f0edac88, 0x00000000f0ee0000)
  to   space 512K,   0% used [0x00000000f0ee0000, 0x00000000f0ee0000, 0x00000000f0f60000)
 tenured generation   total 10944K, used 9325K [0x00000000f5c00000, 0x00000000f66b0000, 0x0000000100000000)
   the space 10944K,  85% used [0x00000000f5c00000, 0x00000000f651b7b8, 0x00000000f651b800, 0x00000000f66b0000)
 Metaspace       used 27160K, capacity 28004K, committed 28288K, reserved 1073152K
  class space    used 3451K, capacity 3652K, committed 3712K, reserved 1048576K
Event: 4.302 GC heap after
Heap after GC invocations=57 (full 1):
 def new generation   total 4992K, used 416K [0x00000000f0a00000, 0x00000000f0f60000, 0x00000000f5c00000)
  eden space 4480K,   0% used [0x00000000f0a00000, 0x00000000f0a00000, 0x00000000f0e60000)
  from space 512K,  81% used [0x00000000f0ee0000, 0x00000000f0f48340, 0x00000000f0f60000)
  to   space 512K,   0% used [0x00000000f0e60000, 0x00000000f0e60000, 0x00000000f0ee0000)
 tenured generation   total 10944K, used 9657K [0x00000000f5c00000, 0x00000000f66b0000, 0x0000000100000000)
   the space 10944K,  88% used [0x00000000f5c00000, 0x00000000f656e5f0, 0x00000000f656e600, 0x00000000f66b0000)
 Metaspace       used 27160K, capacity 28004K, committed 28288K, reserved 1073152K
  class space    used 3451K, capacity 3652K, committed 3712K, reserved 1048576K
}
Event: 4.383 GC heap before
{Heap before GC invocations=57 (full 1):
 def new generation   total 4992K, used 4895K [0x00000000f0a00000, 0x00000000f0f60000, 0x00000000f5c00000)
  eden space 4480K,  99% used [0x00000000f0a00000, 0x00000000f0e5f960, 0x00000000f0e60000)
  from space 512K,  81% used [0x00000000f0ee0000, 0x00000000f0f48340, 0x00000000f0f60000)
  to   space 512K,   0% used [0x00000000f0e60000, 0x00000000f0e60000, 0x00000000f0ee0000)
 tenured generation   total 10944K, used 9657K [0x00000000f5c00000, 0x00000000f66b0000, 0x0000000100000000)
   the space 10944K,  88% used [0x00000000f5c00000, 0x00000000f656e5f0, 0x00000000f656e600, 0x00000000f66b0000)
 Metaspace       used 27572K, capacity 28338K, committed 28672K, reserved 1075200K
  class space    used 3499K, capacity 3717K, committed 3840K, reserved 1048576K
Event: 4.386 GC heap after
Heap after GC invocations=58 (full 1):
 def new generation   total 4992K, used 440K [0x00000000f0a00000, 0x00000000f0f60000, 0x00000000f5c00000)
  eden space 4480K,   0% used [0x00000000f0a00000, 0x00000000f0a00000, 0x00000000f0e60000)
  from space 512K,  86% used [0x00000000f0e60000, 0x00000000f0ece2f0, 0x00000000f0ee0000)
  to   space 512K,   0% used [0x00000000f0ee0000, 0x00000000f0ee0000, 0x00000000f0f60000)
 tenured generation   total 10944K, used 9871K [0x00000000f5c00000, 0x00000000f66b0000, 0x0000000100000000)
   the space 10944K,  90% used [0x00000000f5c00000, 0x00000000f65a3ff8, 0x00000000f65a4000, 0x00000000f66b0000)
 Metaspace       used 27572K, capacity 28338K, committed 28672K, reserved 1075200K
  class space    used 3499K, capacity 3717K, committed 3840K, reserved 1048576K
}
Event: 4.483 GC heap before
{Heap before GC invocations=58 (full 1):
 def new generation   total 4992K, used 4920K [0x00000000f0a00000, 0x00000000f0f60000, 0x00000000f5c00000)
  eden space 4480K, 100% used [0x00000000f0a00000, 0x00000000f0e60000, 0x00000000f0e60000)
  from space 512K,  86% used [0x00000000f0e60000, 0x00000000f0ece2f0, 0x00000000f0ee0000)
  to   space 512K,   0% used [0x00000000f0ee0000, 0x00000000f0ee0000, 0x00000000f0f60000)
 tenured generation   total 10944K, used 9871K [0x00000000f5c00000, 0x00000000f66b0000, 0x0000000100000000)
   the space 10944K,  90% used [0x00000000f5c00000, 0x00000000f65a3ff8, 0x00000000f65a4000, 0x00000000f66b0000)
 Metaspace       used 28083K, capacity 28914K, committed 29184K, reserved 1075200K
  class space    used 3564K, capacity 3781K, committed 3840K, reserved 1048576K
Event: 4.486 GC heap after
Heap after GC invocations=59 (full 1):
 def new generation   total 4992K, used 482K [0x00000000f0a00000, 0x00000000f0f60000, 0x00000000f5c00000)
  eden space 4480K,   0% used [0x00000000f0a00000, 0x00000000f0a00000, 0x00000000f0e60000)
  from space 512K,  94% used [0x00000000f0ee0000, 0x00000000f0f58b98, 0x00000000f0f60000)
  to   space 512K,   0% used [0x00000000f0e60000, 0x00000000f0e60000, 0x00000000f0ee0000)
 tenured generation   total 10944K, used 10120K [0x00000000f5c00000, 0x00000000f66b0000, 0x0000000100000000)
   the space 10944K,  92% used [0x00000000f5c00000, 0x00000000f65e2120, 0x00000000f65e2200, 0x00000000f66b0000)
 Metaspace       used 28083K, capacity 28914K, committed 29184K, reserved 1075200K
  class space    used 3564K, capacity 3781K, committed 3840K, reserved 1048576K
}
Event: 4.563 GC heap before
{Heap before GC invocations=59 (full 1):
 def new generation   total 4992K, used 4962K [0x00000000f0a00000, 0x00000000f0f60000, 0x00000000f5c00000)
  eden space 4480K, 100% used [0x00000000f0a00000, 0x00000000f0e60000, 0x00000000f0e60000)
  from space 512K,  94% used [0x00000000f0ee0000, 0x00000000f0f58b98, 0x00000000f0f60000)
  to   space 512K,   0% used [0x00000000f0e60000, 0x00000000f0e60000, 0x00000000f0ee0000)
 tenured generation   total 10944K, used 10120K [0x00000000f5c00000, 0x00000000f66b0000, 0x0000000100000000)
   the space 10944K,  92% used [0x00000000f5c00000, 0x00000000f65e2120, 0x00000000f65e2200, 0x00000000f66b0000)
 Metaspace       used 28356K, capacity 29180K, committed 29440K, reserved 1075200K
  class space    used 3602K, capacity 3824K, committed 3840K, reserved 1048576K
Event: 4.566 GC heap after
Heap after GC invocations=60 (full 1):
 def new generation   total 4992K, used 447K [0x00000000f0a00000, 0x00000000f0f60000, 0x00000000f5c00000)
  eden space 4480K,   0% used [0x00000000f0a00000, 0x00000000f0a00000, 0x00000000f0e60000)
  from space 512K,  87% used [0x00000000f0e60000, 0x00000000f0ecfc40, 0x00000000f0ee0000)
  to   space 512K,   0% used [0x00000000f0ee0000, 0x00000000f0ee0000, 0x00000000f0f60000)
 tenured generation   total 10944K, used 10470K [0x00000000f5c00000, 0x00000000f66b0000, 0x0000000100000000)
   the space 10944K,  95% used [0x00000000f5c00000, 0x00000000f6639a78, 0x00000000f6639c00, 0x00000000f66b0000)
 Metaspace       used 28356K, capacity 29180K, committed 29440K, reserved 1075200K
  class space    used 3602K, capacity 3824K, committed 3840K, reserved 1048576K
}
Event: 4.656 GC heap before
{Heap before GC invocations=60 (full 1):
 def new generation   total 4992K, used 4927K [0x00000000f0a00000, 0x00000000f0f60000, 0x00000000f5c00000)
  eden space 4480K, 100% used [0x00000000f0a00000, 0x00000000f0e60000, 0x00000000f0e60000)
  from space 512K,  87% used [0x00000000f0e60000, 0x00000000f0ecfc40, 0x00000000f0ee0000)
  to   space 512K,   0% used [0x00000000f0ee0000, 0x00000000f0ee0000, 0x00000000f0f60000)
 tenured generation   total 10944K, used 10470K [0x00000000f5c00000, 0x00000000f66b0000, 0x0000000100000000)
   the space 10944K,  95% used [0x00000000f5c00000, 0x00000000f6639a78, 0x00000000f6639c00, 0x00000000f66b0000)
 Metaspace       used 28491K, capacity 29404K, committed 29568K, reserved 1075200K
  class space    used 3619K, capacity 3846K, committed 3968K, reserved 1048576K
Event: 4.659 GC heap after
Heap after GC invocations=61 (full 1):
 def new generation   total 4992K, used 366K [0x00000000f0a00000, 0x00000000f0f60000, 0x00000000f5c00000)
  eden space 4480K,   0% used [0x00000000f0a00000, 0x00000000f0a00000, 0x00000000f0e60000)
  from space 512K,  71% used [0x00000000f0ee0000, 0x00000000f0f3b918, 0x00000000f0f60000)
  to   space 512K,   0% used [0x00000000f0e60000, 0x00000000f0e60000, 0x00000000f0ee0000)
 tenured generation   total 10944K, used 10799K [0x00000000f5c00000, 0x00000000f66b0000, 0x0000000100000000)
   the space 10944K,  98% used [0x00000000f5c00000, 0x00000000f668bec0, 0x00000000f668c000, 0x00000000f66b0000)
 Metaspace       used 28491K, capacity 29404K, committed 29568K, reserved 1075200K
  class space    used 3619K, capacity 3846K, committed 3968K, reserved 1048576K
}
Event: 4.738 GC heap before
{Heap before GC invocations=61 (full 1):
 def new generation   total 4992K, used 4846K [0x00000000f0a00000, 0x00000000f0f60000, 0x00000000f5c00000)
  eden space 4480K, 100% used [0x00000000f0a00000, 0x00000000f0e60000, 0x00000000f0e60000)
  from space 512K,  71% used [0x00000000f0ee0000, 0x00000000f0f3b918, 0x00000000f0f60000)
  to   space 512K,   0% used [0x00000000f0e60000, 0x00000000f0e60000, 0x00000000f0ee0000)
 tenured generation   total 10944K, used 10799K [0x00000000f5c00000, 0x00000000f66b0000, 0x0000000100000000)
   the space 10944K,  98% used [0x00000000f5c00000, 0x00000000f668bec0, 0x00000000f668c000, 0x00000000f66b0000)
 Metaspace       used 28648K, capacity 29546K, committed 29824K, reserved 1075200K
  class space    used 3650K, capacity 3887K, committed 3968K, reserved 1048576K
Event: 4.787 GC heap after
Heap after GC invocations=62 (full 2):
 def new generation   total 7488K, used 0K [0x00000000f0a00000, 0x00000000f1220000, 0x00000000f5c00000)
  eden space 6656K,   0% used [0x00000000f0a00000, 0x00000000f0a00000, 0x00000000f1080000)
  from space 832K,   0% used [0x00000000f1080000, 0x00000000f1080000, 0x00000000f1150000)
  to   space 832K,   0% used [0x00000000f1150000, 0x00000000f1150000, 0x00000000f1220000)
 tenured generation   total 16500K, used 9897K [0x00000000f5c00000, 0x00000000f6c1d000, 0x0000000100000000)
   the space 16500K,  59% used [0x00000000f5c00000, 0x00000000f65aa720, 0x00000000f65aa800, 0x00000000f6c1d000)
 Metaspace       used 28648K, capacity 29546K, committed 29824K, reserved 1075200K
  class space    used 3650K, capacity 3887K, committed 3968K, reserved 1048576K
}
Event: 4.904 GC heap before
{Heap before GC invocations=62 (full 2):
 def new generation   total 7488K, used 6656K [0x00000000f0a00000, 0x00000000f1220000, 0x00000000f5c00000)
  eden space 6656K, 100% used [0x00000000f0a00000, 0x00000000f1080000, 0x00000000f1080000)
  from space 832K,   0% used [0x00000000f1080000, 0x00000000f1080000, 0x00000000f1150000)
  to   space 832K,   0% used [0x00000000f1150000, 0x00000000f1150000, 0x00000000f1220000)
 tenured generation   total 16500K, used 9897K [0x00000000f5c00000, 0x00000000f6c1d000, 0x0000000100000000)
   the space 16500K,  59% used [0x00000000f5c00000, 0x00000000f65aa720, 0x00000000f65aa800, 0x00000000f6c1d000)
 Metaspace       used 28985K, capacity 29998K, committed 30080K, reserved 1075200K
  class space    used 3712K, capacity 3967K, committed 3968K, reserved 1048576K
Event: 4.907 GC heap after
Heap after GC invocations=63 (full 2):
 def new generation   total 7488K, used 684K [0x00000000f0a00000, 0x00000000f1220000, 0x00000000f5c00000)
  eden space 6656K,   0% used [0x00000000f0a00000, 0x00000000f0a00000, 0x00000000f1080000)
  from space 832K,  82% used [0x00000000f1150000, 0x00000000f11fb060, 0x00000000f1220000)
  to   space 832K,   0% used [0x00000000f1080000, 0x00000000f1080000, 0x00000000f1150000)
 tenured generation   total 16500K, used 9897K [0x00000000f5c00000, 0x00000000f6c1d000, 0x0000000100000000)
   the space 16500K,  59% used [0x00000000f5c00000, 0x00000000f65aa720, 0x00000000f65aa800, 0x00000000f6c1d000)
 Metaspace       used 28985K, capacity 29998K, committed 30080K, reserved 1075200K
  class space    used 3712K, capacity 3967K, committed 3968K, reserved 1048576K
}
Event: 5.051 GC heap before
{Heap before GC invocations=63 (full 2):
 def new generation   total 7488K, used 7340K [0x00000000f0a00000, 0x00000000f1220000, 0x00000000f5c00000)
  eden space 6656K, 100% used [0x00000000f0a00000, 0x00000000f1080000, 0x00000000f1080000)
  from space 832K,  82% used [0x00000000f1150000, 0x00000000f11fb060, 0x00000000f1220000)
  to   space 832K,   0% used [0x00000000f1080000, 0x00000000f1080000, 0x00000000f1150000)
 tenured generation   total 16500K, used 9897K [0x00000000f5c00000, 0x00000000f6c1d000, 0x0000000100000000)
   the space 16500K,  59% used [0x00000000f5c00000, 0x00000000f65aa720, 0x00000000f65aa800, 0x00000000f6c1d000)
 Metaspace       used 29566K, capacity 30538K, committed 30720K, reserved 1075200K
  class space    used 3783K, capacity 4037K, committed 4096K, reserved 1048576K
Event: 5.055 GC heap after
Heap after GC invocations=64 (full 2):
 def new generation   total 7488K, used 777K [0x00000000f0a00000, 0x00000000f1220000, 0x00000000f5c00000)
  eden space 6656K,   0% used [0x00000000f0a00000, 0x00000000f0a00000, 0x00000000f1080000)
  from space 832K,  93% used [0x00000000f1080000, 0x00000000f1142798, 0x00000000f1150000)
  to   space 832K,   0% used [0x00000000f1150000, 0x00000000f1150000, 0x00000000f1220000)
 tenured generation   total 16500K, used 10192K [0x00000000f5c00000, 0x00000000f6c1d000, 0x0000000100000000)
   the space 16500K,  61% used [0x00000000f5c00000, 0x00000000f65f43e8, 0x00000000f65f4400, 0x00000000f6c1d000)
 Metaspace       used 29566K, capacity 30538K, committed 30720K, reserved 1075200K
  class space    used 3783K, capacity 4037K, committed 4096K, reserved 1048576K
}
Event: 5.206 GC heap before
{Heap before GC invocations=64 (full 2):
 def new generation   total 7488K, used 7433K [0x00000000f0a00000, 0x00000000f1220000, 0x00000000f5c00000)
  eden space 6656K, 100% used [0x00000000f0a00000, 0x00000000f1080000, 0x00000000f1080000)
  from space 832K,  93% used [0x00000000f1080000, 0x00000000f1142798, 0x00000000f1150000)
  to   space 832K,   0% used [0x00000000f1150000, 0x00000000f1150000, 0x00000000f1220000)
 tenured generation   total 16500K, used 10192K [0x00000000f5c00000, 0x00000000f6c1d000, 0x0000000100000000)
   the space 16500K,  61% used [0x00000000f5c00000, 0x00000000f65f43e8, 0x00000000f65f4400, 0x00000000f6c1d000)
 Metaspace       used 29988K, capacity 31010K, committed 31360K, reserved 1077248K
  class space    used 3845K, capacity 4105K, committed 4224K, reserved 1048576K
Event: 5.209 GC heap after
Heap after GC invocations=65 (full 2):
 def new generation   total 7488K, used 679K [0x00000000f0a00000, 0x00000000f1220000, 0x00000000f5c00000)
  eden space 6656K,   0% used [0x00000000f0a00000, 0x00000000f0a00000, 0x00000000f1080000)
  from space 832K,  81% used [0x00000000f1150000, 0x00000000f11f9e10, 0x00000000f1220000)
  to   space 832K,   0% used [0x00000000f1080000, 0x00000000f1080000, 0x00000000f1150000)
 tenured generation   total 16500K, used 10404K [0x00000000f5c00000, 0x00000000f6c1d000, 0x0000000100000000)
   the space 16500K,  63% used [0x00000000f5c00000, 0x00000000f66290f8, 0x00000000f6629200, 0x00000000f6c1d000)
 Metaspace       used 29988K, capacity 31010K, committed 31360K, reserved 1077248K
  class space    used 3845K, capacity 4105K, committed 4224K, reserved 1048576K
}
Event: 5.363 GC heap before
{Heap before GC invocations=65 (full 2):
 def new generation   total 7488K, used 7335K [0x00000000f0a00000, 0x00000000f1220000, 0x00000000f5c00000)
  eden space 6656K, 100% used [0x00000000f0a00000, 0x00000000f1080000, 0x00000000f1080000)
  from space 832K,  81% used [0x00000000f1150000, 0x00000000f11f9e10, 0x00000000f1220000)
  to   space 832K,   0% used [0x00000000f1080000, 0x00000000f1080000, 0x00000000f1150000)
 tenured generation   total 16500K, used 10404K [0x00000000f5c00000, 0x00000000f6c1d000, 0x0000000100000000)
   the space 16500K,  63% used [0x00000000f5c00000, 0x00000000f66290f8, 0x00000000f6629200, 0x00000000f6c1d000)
 Metaspace       used 30533K, capacity 31612K, committed 31872K, reserved 1077248K
  class space    used 3923K, capacity 4178K, committed 4224K, reserved 1048576K
Event: 5.366 GC heap after
Heap after GC invocations=66 (full 2):
 def new generation   total 7488K, used 585K [0x00000000f0a00000, 0x00000000f1220000, 0x00000000f5c00000)
  eden space 6656K,   0% used [0x00000000f0a00000, 0x00000000f0a00000, 0x00000000f1080000)
  from space 832K,  70% used [0x00000000f1080000, 0x00000000f1112430, 0x00000000f1150000)
  to   space 832K,   0% used [0x00000000f1150000, 0x00000000f1150000, 0x00000000f1220000)
 tenured generation   total 16500K, used 10664K [0x00000000f5c00000, 0x00000000f6c1d000, 0x0000000100000000)
   the space 16500K,  64% used [0x00000000f5c00000, 0x00000000f666a258, 0x00000000f666a400, 0x00000000f6c1d000)
 Metaspace       used 30533K, capacity 31612K, committed 31872K, reserved 1077248K
  class space    used 3923K, capacity 4178K, committed 4224K, reserved 1048576K
}
Event: 5.520 GC heap before
{Heap before GC invocations=66 (full 2):
 def new generation   total 7488K, used 7241K [0x00000000f0a00000, 0x00000000f1220000, 0x00000000f5c00000)
  eden space 6656K, 100% used [0x00000000f0a00000, 0x00000000f1080000, 0x00000000f1080000)
  from space 832K,  70% used [0x00000000f1080000, 0x00000000f1112430, 0x00000000f1150000)
  to   space 832K,   0% used [0x00000000f1150000, 0x00000000f1150000, 0x00000000f1220000)
 tenured generation   total 16500K, used 10664K [0x00000000f5c00000, 0x00000000f6c1d000, 0x0000000100000000)
   the space 16500K,  64% used [0x00000000f5c00000, 0x00000000f666a258, 0x00000000f666a400, 0x00000000f6c1d000)
 Metaspace       used 30856K, capacity 31992K, committed 32256K, reserved 1077248K
  class space    used 3981K, capacity 4264K, committed 4352K, reserved 1048576K
Event: 5.523 GC heap after
Heap after GC invocations=67 (full 2):
 def new generation   total 7488K, used 568K [0x00000000f0a00000, 0x00000000f1220000, 0x00000000f5c00000)
  eden space 6656K,   0% used [0x00000000f0a00000, 0x00000000f0a00000, 0x00000000f1080000)
  from space 832K,  68% used [0x00000000f1150000, 0x00000000f11de110, 0x00000000f1220000)
  to   space 832K,   0% used [0x00000000f1080000, 0x00000000f1080000, 0x00000000f1150000)
 tenured generation   total 16500K, used 10838K [0x00000000f5c00000, 0x00000000f6c1d000, 0x0000000100000000)
   the space 16500K,  65% used [0x00000000f5c00000, 0x00000000f6695b20, 0x00000000f6695c00, 0x00000000f6c1d000)
 Metaspace       used 30856K, capacity 31992K, committed 32256K, reserved 1077248K
  class space    used 3981K, capacity 4264K, committed 4352K, reserved 1048576K
}
Event: 5.637 GC heap before
{Heap before GC invocations=67 (full 2):
 def new generation   total 7488K, used 7224K [0x00000000f0a00000, 0x00000000f1220000, 0x00000000f5c00000)
  eden space 6656K, 100% used [0x00000000f0a00000, 0x00000000f1080000, 0x00000000f1080000)
  from space 832K,  68% used [0x00000000f1150000, 0x00000000f11de110, 0x00000000f1220000)
  to   space 832K,   0% used [0x00000000f1080000, 0x00000000f1080000, 0x00000000f1150000)
 tenured generation   total 16500K, used 10838K [0x00000000f5c00000, 0x00000000f6c1d000, 0x0000000100000000)
   the space 16500K,  65% used [0x00000000f5c00000, 0x00000000f6695b20, 0x00000000f6695c00, 0x00000000f6c1d000)
 Metaspace       used 31164K, capacity 32298K, committed 32512K, reserved 1077248K
  class space    used 4030K, capacity 4299K, committed 4352K, reserved 1048576K
Event: 5.640 GC heap after
Heap after GC invocations=68 (full 2):
 def new generation   total 7488K, used 575K [0x00000000f0a00000, 0x00000000f1220000, 0x00000000f5c00000)
  eden space 6656K,   0% used [0x00000000f0a00000, 0x00000000f0a00000, 0x00000000f1080000)
  from space 832K,  69% used [0x00000000f1080000, 0x00000000f110fe20, 0x00000000f1150000)
  to   space 832K,   0% used [0x00000000f1150000, 0x00000000f1150000, 0x00000000f1220000)
 tenured generation   total 16500K, used 11129K [0x00000000f5c00000, 0x00000000f6c1d000, 0x0000000100000000)
   the space 16500K,  67% used [0x00000000f5c00000, 0x00000000f66de7f8, 0x00000000f66de800, 0x00000000f6c1d000)
 Metaspace       used 31164K, capacity 32298K, committed 32512K, reserved 1077248K
  class space    used 4030K, capacity 4299K, committed 4352K, reserved 1048576K
}
Event: 5.728 GC heap before
{Heap before GC invocations=68 (full 2):
 def new generation   total 7488K, used 7231K [0x00000000f0a00000, 0x00000000f1220000, 0x00000000f5c00000)
  eden space 6656K, 100% used [0x00000000f0a00000, 0x00000000f1080000, 0x00000000f1080000)
  from space 832K,  69% used [0x00000000f1080000, 0x00000000f110fe20, 0x00000000f1150000)
  to   space 832K,   0% used [0x00000000f1150000, 0x00000000f1150000, 0x00000000f1220000)
 tenured generation   total 16500K, used 11129K [0x00000000f5c00000, 0x00000000f6c1d000, 0x0000000100000000)
   the space 16500K,  67% used [0x00000000f5c00000, 0x00000000f66de7f8, 0x00000000f66de800, 0x00000000f6c1d000)
 Metaspace       used 31720K, capacity 32906K, committed 33152K, reserved 1077248K
  class space    used 4110K, capacity 4395K, committed 4480K, reserved 1048576K
Event: 5.732 GC heap after
Heap after GC invocations=69 (full 2):
 def new generation   total 7488K, used 695K [0x00000000f0a00000, 0x00000000f1220000, 0x00000000f5c00000)
  eden space 6656K,   0% used [0x00000000f0a00000, 0x00000000f0a00000, 0x00000000f1080000)
  from space 832K,  83% used [0x00000000f1150000, 0x00000000f11fde48, 0x00000000f1220000)
  to   space 832K,   0% used [0x00000000f1080000, 0x00000000f1080000, 0x00000000f1150000)
 tenured generation   total 16500K, used 11347K [0x00000000f5c00000, 0x00000000f6c1d000, 0x0000000100000000)
   the space 16500K,  68% used [0x00000000f5c00000, 0x00000000f6714da0, 0x00000000f6714e00, 0x00000000f6c1d000)
 Metaspace       used 31720K, capacity 32906K, committed 33152K, reserved 1077248K
  class space    used 4110K, capacity 4395K, committed 4480K, reserved 1048576K
}
Event: 5.920 GC heap before
{Heap before GC invocations=69 (full 2):
 def new generation   total 7488K, used 7351K [0x00000000f0a00000, 0x00000000f1220000, 0x00000000f5c00000)
  eden space 6656K, 100% used [0x00000000f0a00000, 0x00000000f1080000, 0x00000000f1080000)
  from space 832K,  83% used [0x00000000f1150000, 0x00000000f11fde48, 0x00000000f1220000)
  to   space 832K,   0% used [0x00000000f1080000, 0x00000000f1080000, 0x00000000f1150000)
 tenured generation   total 16500K, used 11347K [0x00000000f5c00000, 0x00000000f6c1d000, 0x0000000100000000)
   the space 16500K,  68% used [0x00000000f5c00000, 0x00000000f6714da0, 0x00000000f6714e00, 0x00000000f6c1d000)
 Metaspace       used 32279K, capacity 33456K, committed 33664K, reserved 1079296K
  class space    used 4172K, capacity 4428K, committed 4480K, reserved 1048576K
Event: 5.923 GC heap after
Heap after GC invocations=70 (full 2):
 def new generation   total 7488K, used 593K [0x00000000f0a00000, 0x00000000f1220000, 0x00000000f5c00000)
  eden space 6656K,   0% used [0x00000000f0a00000, 0x00000000f0a00000, 0x00000000f1080000)
  from space 832K,  71% used [0x00000000f1080000, 0x00000000f1114790, 0x00000000f1150000)
  to   space 832K,   0% used [0x00000000f1150000, 0x00000000f1150000, 0x00000000f1220000)
 tenured generation   total 16500K, used 11553K [0x00000000f5c00000, 0x00000000f6c1d000, 0x0000000100000000)
   the space 16500K,  70% used [0x00000000f5c00000, 0x00000000f6748610, 0x00000000f6748800, 0x00000000f6c1d000)
 Metaspace       used 32279K, capacity 33456K, committed 33664K, reserved 1079296K
  class space    used 4172K, capacity 4428K, committed 4480K, reserved 1048576K
}
Event: 6.084 GC heap before
{Heap before GC invocations=70 (full 2):
 def new generation   total 7488K, used 7249K [0x00000000f0a00000, 0x00000000f1220000, 0x00000000f5c00000)
  eden space 6656K, 100% used [0x00000000f0a00000, 0x00000000f1080000, 0x00000000f1080000)
  from space 832K,  71% used [0x00000000f1080000, 0x00000000f1114790, 0x00000000f1150000)
  to   space 832K,   0% used [0x00000000f1150000, 0x00000000f1150000, 0x00000000f1220000)
 tenured generation   total 16500K, used 11553K [0x00000000f5c00000, 0x00000000f6c1d000, 0x0000000100000000)
   the space 16500K,  70% used [0x00000000f5c00000, 0x00000000f6748610, 0x00000000f6748800, 0x00000000f6c1d000)
 Metaspace       used 32621K, capacity 33814K, committed 33920K, reserved 1079296K
  class space    used 4201K, capacity 4461K, committed 4480K, reserved 1048576K
Event: 6.087 GC heap after
Heap after GC invocations=71 (full 2):
 def new generation   total 7488K, used 378K [0x00000000f0a00000, 0x00000000f1220000, 0x00000000f5c00000)
  eden space 6656K,   0% used [0x00000000f0a00000, 0x00000000f0a00000, 0x00000000f1080000)
  from space 832K,  45% used [0x00000000f1150000, 0x00000000f11ae878, 0x00000000f1220000)
  to   space 832K,   0% used [0x00000000f1080000, 0x00000000f1080000, 0x00000000f1150000)
 tenured generation   total 16500K, used 11778K [0x00000000f5c00000, 0x00000000f6c1d000, 0x0000000100000000)
   the space 16500K,  71% used [0x00000000f5c00000, 0x00000000f67809e0, 0x00000000f6780a00, 0x00000000f6c1d000)
 Metaspace       used 32621K, capacity 33814K, committed 33920K, reserved 1079296K
  class space    used 4201K, capacity 4461K, committed 4480K, reserved 1048576K
}
Event: 6.236 GC heap before
{Heap before GC invocations=71 (full 2):
 def new generation   total 7488K, used 7034K [0x00000000f0a00000, 0x00000000f1220000, 0x00000000f5c00000)
  eden space 6656K, 100% used [0x00000000f0a00000, 0x00000000f1080000, 0x00000000f1080000)
  from space 832K,  45% used [0x00000000f1150000, 0x00000000f11ae878, 0x00000000f1220000)
  to   space 832K,   0% used [0x00000000f1080000, 0x00000000f1080000, 0x00000000f1150000)
 tenured generation   total 16500K, used 11778K [0x00000000f5c00000, 0x00000000f6c1d000, 0x0000000100000000)
   the space 16500K,  71% used [0x00000000f5c00000, 0x00000000f67809e0, 0x00000000f6780a00, 0x00000000f6c1d000)
 Metaspace       used 32990K, capacity 34148K, committed 34304K, reserved 1079296K
  class space    used 4241K, capacity 4500K, committed 4608K, reserved 1048576K
Event: 6.239 GC heap after
Heap after GC invocations=72 (full 2):
 def new generation   total 7488K, used 803K [0x00000000f0a00000, 0x00000000f1220000, 0x00000000f5c00000)
  eden space 6656K,   0% used [0x00000000f0a00000, 0x00000000f0a00000, 0x00000000f1080000)
  from space 832K,  96% used [0x00000000f1080000, 0x00000000f1148f00, 0x00000000f1150000)
  to   space 832K,   0% used [0x00000000f1150000, 0x00000000f1150000, 0x00000000f1220000)
 tenured generation   total 16500K, used 11778K [0x00000000f5c00000, 0x00000000f6c1d000, 0x0000000100000000)
   the space 16500K,  71% used [0x00000000f5c00000, 0x00000000f67809e0, 0x00000000f6780a00, 0x00000000f6c1d000)
 Metaspace       used 32990K, capacity 34148K, committed 34304K, reserved 1079296K
  class space    used 4241K, capacity 4500K, committed 4608K, reserved 1048576K
}
Event: 6.373 GC heap before
{Heap before GC invocations=72 (full 2):
 def new generation   total 7488K, used 7459K [0x00000000f0a00000, 0x00000000f1220000, 0x00000000f5c00000)
  eden space 6656K, 100% used [0x00000000f0a00000, 0x00000000f1080000, 0x00000000f1080000)
  from space 832K,  96% used [0x00000000f1080000, 0x00000000f1148f00, 0x00000000f1150000)
  to   space 832K,   0% used [0x00000000f1150000, 0x00000000f1150000, 0x00000000f1220000)
 tenured generation   total 16500K, used 11778K [0x00000000f5c00000, 0x00000000f6c1d000, 0x0000000100000000)
   the space 16500K,  71% used [0x00000000f5c00000, 0x00000000f67809e0, 0x00000000f6780a00, 0x00000000f6c1d000)
 Metaspace       used 33296K, capacity 34526K, committed 34816K, reserved 1079296K
  class space    used 4285K, capacity 4547K, committed 4608K, reserved 1048576K
Event: 6.378 GC heap after
Heap after GC invocations=73 (full 2):
 def new generation   total 7488K, used 831K [0x00000000f0a00000, 0x00000000f1220000, 0x00000000f5c00000)
  eden space 6656K,   0% used [0x00000000f0a00000, 0x00000000f0a00000, 0x00000000f1080000)
  from space 832K,  99% used [0x00000000f1150000, 0x00000000f121fff0, 0x00000000f1220000)
  to   space 832K,   0% used [0x00000000f1080000, 0x00000000f1080000, 0x00000000f1150000)
 tenured generation   total 16500K, used 12486K [0x00000000f5c00000, 0x00000000f6c1d000, 0x0000000100000000)
   the space 16500K,  75% used [0x00000000f5c00000, 0x00000000f6831b28, 0x00000000f6831c00, 0x00000000f6c1d000)
 Metaspace       used 33296K, capacity 34526K, committed 34816K, reserved 1079296K
  class space    used 4285K, capacity 4547K, committed 4608K, reserved 1048576K
}
Event: 6.461 GC heap before
{Heap before GC invocations=73 (full 2):
 def new generation   total 7488K, used 7487K [0x00000000f0a00000, 0x00000000f1220000, 0x00000000f5c00000)
  eden space 6656K, 100% used [0x00000000f0a00000, 0x00000000f1080000, 0x00000000f1080000)
  from space 832K,  99% used [0x00000000f1150000, 0x00000000f121fff0, 0x00000000f1220000)
  to   space 832K,   0% used [0x00000000f1080000, 0x00000000f1080000, 0x00000000f1150000)
 tenured generation   total 16500K, used 12486K [0x00000000f5c00000, 0x00000000f6c1d000, 0x0000000100000000)
   the space 16500K,  75% used [0x00000000f5c00000, 0x00000000f6831b28, 0x00000000f6831c00, 0x00000000f6c1d000)
 Metaspace       used 33485K, capacity 34712K, committed 34816K, reserved 1079296K
  class space    used 4317K, capacity 4584K, committed 4608K, reserved 1048576K
Event: 6.465 GC heap after
Heap after GC invocations=74 (full 2):
 def new generation   total 7488K, used 306K [0x00000000f0a00000, 0x00000000f1220000, 0x00000000f5c00000)
  eden space 6656K,   0% used [0x00000000f0a00000, 0x00000000f0a00000, 0x00000000f1080000)
  from space 832K,  36% used [0x00000000f1080000, 0x00000000f10cca98, 0x00000000f1150000)
  to   space 832K,   0% used [0x00000000f1150000, 0x00000000f1150000, 0x00000000f1220000)
 tenured generation   total 16500K, used 13175K [0x00000000f5c00000, 0x00000000f6c1d000, 0x0000000100000000)
   the space 16500K,  79% used [0x00000000f5c00000, 0x00000000f68ddec8, 0x00000000f68de000, 0x00000000f6c1d000)
 Metaspace       used 33485K, capacity 34712K, committed 34816K, reserved 1079296K
  class space    used 4317K, capacity 4584K, committed 4608K, reserved 1048576K
}
Event: 6.545 GC heap before
{Heap before GC invocations=74 (full 2):
 def new generation   total 7488K, used 6962K [0x00000000f0a00000, 0x00000000f1220000, 0x00000000f5c00000)
  eden space 6656K, 100% used [0x00000000f0a00000, 0x00000000f1080000, 0x00000000f1080000)
  from space 832K,  36% used [0x00000000f1080000, 0x00000000f10cca98, 0x00000000f1150000)
  to   space 832K,   0% used [0x00000000f1150000, 0x00000000f1150000, 0x00000000f1220000)
 tenured generation   total 16500K, used 13175K [0x00000000f5c00000, 0x00000000f6c1d000, 0x0000000100000000)
   the space 16500K,  79% used [0x00000000f5c00000, 0x00000000f68ddec8, 0x00000000f68de000, 0x00000000f6c1d000)
 Metaspace       used 33592K, capacity 34872K, committed 35200K, reserved 1079296K
  class space    used 4333K, capacity 4616K, committed 4736K, reserved 1048576K
Event: 6.547 GC heap after
Heap after GC invocations=75 (full 2):
 def new generation   total 7488K, used 361K [0x00000000f0a00000, 0x00000000f1220000, 0x00000000f5c00000)
  eden space 6656K,   0% used [0x00000000f0a00000, 0x00000000f0a00000, 0x00000000f1080000)
  from space 832K,  43% used [0x00000000f1150000, 0x00000000f11aa730, 0x00000000f1220000)
  to   space 832K,   0% used [0x00000000f1080000, 0x00000000f1080000, 0x00000000f1150000)
 tenured generation   total 16500K, used 13175K [0x00000000f5c00000, 0x00000000f6c1d000, 0x0000000100000000)
   the space 16500K,  79% used [0x00000000f5c00000, 0x00000000f68ddec8, 0x00000000f68de000, 0x00000000f6c1d000)
 Metaspace       used 33592K, capacity 34872K, committed 35200K, reserved 1079296K
  class space    used 4333K, capacity 4616K, committed 4736K, reserved 1048576K
}
Event: 6.655 GC heap before
{Heap before GC invocations=75 (full 2):
 def new generation   total 7488K, used 7017K [0x00000000f0a00000, 0x00000000f1220000, 0x00000000f5c00000)
  eden space 6656K, 100% used [0x00000000f0a00000, 0x00000000f1080000, 0x00000000f1080000)
  from space 832K,  43% used [0x00000000f1150000, 0x00000000f11aa730, 0x00000000f1220000)
  to   space 832K,   0% used [0x00000000f1080000, 0x00000000f1080000, 0x00000000f1150000)
 tenured generation   total 16500K, used 13175K [0x00000000f5c00000, 0x00000000f6c1d000, 0x0000000100000000)
   the space 16500K,  79% used [0x00000000f5c00000, 0x00000000f68ddec8, 0x00000000f68de000, 0x00000000f6c1d000)
 Metaspace       used 33728K, capacity 35032K, committed 35200K, reserved 1079296K
  class space    used 4354K, capacity 4622K, committed 4736K, reserved 1048576K
Event: 6.659 GC heap after
Heap after GC invocations=76 (full 2):
 def new generation   total 7488K, used 646K [0x00000000f0a00000, 0x00000000f1220000, 0x00000000f5c00000)
  eden space 6656K,   0% used [0x00000000f0a00000, 0x00000000f0a00000, 0x00000000f1080000)
  from space 832K,  77% used [0x00000000f1080000, 0x00000000f1121830, 0x00000000f1150000)
  to   space 832K,   0% used [0x00000000f1150000, 0x00000000f1150000, 0x00000000f1220000)
 tenured generation   total 16500K, used 13175K [0x00000000f5c00000, 0x00000000f6c1d000, 0x0000000100000000)
   the space 16500K,  79% used [0x00000000f5c00000, 0x00000000f68ddec8, 0x00000000f68de000, 0x00000000f6c1d000)
 Metaspace       used 33728K, capacity 35032K, committed 35200K, reserved 1079296K
  class space    used 4354K, capacity 4622K, committed 4736K, reserved 1048576K
}
Event: 6.754 GC heap before
{Heap before GC invocations=76 (full 2):
 def new generation   total 7488K, used 7302K [0x00000000f0a00000, 0x00000000f1220000, 0x00000000f5c00000)
  eden space 6656K, 100% used [0x00000000f0a00000, 0x00000000f1080000, 0x00000000f1080000)
  from space 832K,  77% used [0x00000000f1080000, 0x00000000f1121830, 0x00000000f1150000)
  to   space 832K,   0% used [0x00000000f1150000, 0x00000000f1150000, 0x00000000f1220000)
 tenured generation   total 16500K, used 13175K [0x00000000f5c00000, 0x00000000f6c1d000, 0x0000000100000000)
   the space 16500K,  79% used [0x00000000f5c00000, 0x00000000f68ddec8, 0x00000000f68de000, 0x00000000f6c1d000)
 Metaspace       used 33887K, capacity 35136K, committed 35456K, reserved 1079296K
  class space    used 4379K, capacity 4654K, committed 4736K, reserved 1048576K
Event: 6.759 GC heap after
Heap after GC invocations=77 (full 2):
 def new generation   total 7488K, used 632K [0x00000000f0a00000, 0x00000000f1220000, 0x00000000f5c00000)
  eden space 6656K,   0% used [0x00000000f0a00000, 0x00000000f0a00000, 0x00000000f1080000)
  from space 832K,  76% used [0x00000000f1150000, 0x00000000f11ee2c8, 0x00000000f1220000)
  to   space 832K,   0% used [0x00000000f1080000, 0x00000000f1080000, 0x00000000f1150000)
 tenured generation   total 16500K, used 13469K [0x00000000f5c00000, 0x00000000f6c1d000, 0x0000000100000000)
   the space 16500K,  81% used [0x00000000f5c00000, 0x00000000f6927680, 0x00000000f6927800, 0x00000000f6c1d000)
 Metaspace       used 33887K, capacity 35136K, committed 35456K, reserved 1079296K
  class space    used 4379K, capacity 4654K, committed 4736K, reserved 1048576K
}
Event: 6.930 GC heap before
{Heap before GC invocations=77 (full 2):
 def new generation   total 7488K, used 7288K [0x00000000f0a00000, 0x00000000f1220000, 0x00000000f5c00000)
  eden space 6656K, 100% used [0x00000000f0a00000, 0x00000000f1080000, 0x00000000f1080000)
  from space 832K,  76% used [0x00000000f1150000, 0x00000000f11ee2c8, 0x00000000f1220000)
  to   space 832K,   0% used [0x00000000f1080000, 0x00000000f1080000, 0x00000000f1150000)
 tenured generation   total 16500K, used 13469K [0x00000000f5c00000, 0x00000000f6c1d000, 0x0000000100000000)
   the space 16500K,  81% used [0x00000000f5c00000, 0x00000000f6927680, 0x00000000f6927800, 0x00000000f6c1d000)
 Metaspace       used 34163K, capacity 35570K, committed 35712K, reserved 1081344K
  class space    used 4417K, capacity 4729K, committed 4736K, reserved 1048576K
Event: 6.934 GC heap after
Heap after GC invocations=78 (full 2):
 def new generation   total 7488K, used 813K [0x00000000f0a00000, 0x00000000f1220000, 0x00000000f5c00000)
  eden space 6656K,   0% used [0x00000000f0a00000, 0x00000000f0a00000, 0x00000000f1080000)
  from space 832K,  97% used [0x00000000f1080000, 0x00000000f114b6d0, 0x00000000f1150000)
  to   space 832K,   0% used [0x00000000f1150000, 0x00000000f1150000, 0x00000000f1220000)
 tenured generation   total 16500K, used 13757K [0x00000000f5c00000, 0x00000000f6c1d000, 0x0000000100000000)
   the space 16500K,  83% used [0x00000000f5c00000, 0x00000000f696f630, 0x00000000f696f800, 0x00000000f6c1d000)
 Metaspace       used 34163K, capacity 35570K, committed 35712K, reserved 1081344K
  class space    used 4417K, capacity 4729K, committed 4736K, reserved 1048576K
}
Event: 7.068 GC heap before
{Heap before GC invocations=78 (full 2):
 def new generation   total 7488K, used 7469K [0x00000000f0a00000, 0x00000000f1220000, 0x00000000f5c00000)
  eden space 6656K, 100% used [0x00000000f0a00000, 0x00000000f1080000, 0x00000000f1080000)
  from space 832K,  97% used [0x00000000f1080000, 0x00000000f114b6d0, 0x00000000f1150000)
  to   space 832K,   0% used [0x00000000f1150000, 0x00000000f1150000, 0x00000000f1220000)
 tenured generation   total 16500K, used 13757K [0x00000000f5c00000, 0x00000000f6c1d000, 0x0000000100000000)
   the space 16500K,  83% used [0x00000000f5c00000, 0x00000000f696f630, 0x00000000f696f800, 0x00000000f6c1d000)
 Metaspace       used 34400K, capacity 35796K, committed 35968K, reserved 1081344K
  class space    used 4436K, capacity 4736K, committed 4736K, reserved 1048576K
Event: 7.072 GC heap after
Heap after GC invocations=79 (full 2):
 def new generation   total 7488K, used 229K [0x00000000f0a00000, 0x00000000f1220000, 0x00000000f5c00000)
  eden space 6656K,   0% used [0x00000000f0a00000, 0x00000000f0a00000, 0x00000000f1080000)
  from space 832K,  27% used [0x00000000f1150000, 0x00000000f11894d0, 0x00000000f1220000)
  to   space 832K,   0% used [0x00000000f1080000, 0x00000000f1080000, 0x00000000f1150000)
 tenured generation   total 16500K, used 14409K [0x00000000f5c00000, 0x00000000f6c1d000, 0x0000000100000000)
   the space 16500K,  87% used [0x00000000f5c00000, 0x00000000f6a12730, 0x00000000f6a12800, 0x00000000f6c1d000)
 Metaspace       used 34400K, capacity 35796K, committed 35968K, reserved 1081344K
  class space    used 4436K, capacity 4736K, committed 4736K, reserved 1048576K
}
Event: 7.214 GC heap before
{Heap before GC invocations=79 (full 2):
 def new generation   total 7488K, used 6885K [0x00000000f0a00000, 0x00000000f1220000, 0x00000000f5c00000)
  eden space 6656K, 100% used [0x00000000f0a00000, 0x00000000f1080000, 0x00000000f1080000)
  from space 832K,  27% used [0x00000000f1150000, 0x00000000f11894d0, 0x00000000f1220000)
  to   space 832K,   0% used [0x00000000f1080000, 0x00000000f1080000, 0x00000000f1150000)
 tenured generation   total 16500K, used 14409K [0x00000000f5c00000, 0x00000000f6c1d000, 0x0000000100000000)
   the space 16500K,  87% used [0x00000000f5c00000, 0x00000000f6a12730, 0x00000000f6a12800, 0x00000000f6c1d000)
 Metaspace       used 35548K, capacity 36892K, committed 37248K, reserved 1081344K
  class space    used 4556K, capacity 4866K, committed 4992K, reserved 1048576K
Event: 7.218 GC heap after
Heap after GC invocations=80 (full 2):
 def new generation   total 7488K, used 831K [0x00000000f0a00000, 0x00000000f1220000, 0x00000000f5c00000)
  eden space 6656K,   0% used [0x00000000f0a00000, 0x00000000f0a00000, 0x00000000f1080000)
  from space 832K,  99% used [0x00000000f1080000, 0x00000000f114fff8, 0x00000000f1150000)
  to   space 832K,   0% used [0x00000000f1150000, 0x00000000f1150000, 0x00000000f1220000)
 tenured generation   total 16500K, used 14681K [0x00000000f5c00000, 0x00000000f6c1d000, 0x0000000100000000)
   the space 16500K,  88% used [0x00000000f5c00000, 0x00000000f6a56668, 0x00000000f6a56800, 0x00000000f6c1d000)
 Metaspace       used 35548K, capacity 36892K, committed 37248K, reserved 1081344K
  class space    used 4556K, capacity 4866K, committed 4992K, reserved 1048576K
}
Event: 7.398 GC heap before
{Heap before GC invocations=80 (full 2):
 def new generation   total 7488K, used 7487K [0x00000000f0a00000, 0x00000000f1220000, 0x00000000f5c00000)
  eden space 6656K, 100% used [0x00000000f0a00000, 0x00000000f1080000, 0x00000000f1080000)
  from space 832K,  99% used [0x00000000f1080000, 0x00000000f114fff8, 0x00000000f1150000)
  to   space 832K,   0% used [0x00000000f1150000, 0x00000000f1150000, 0x00000000f1220000)
 tenured generation   total 16500K, used 14681K [0x00000000f5c00000, 0x00000000f6c1d000, 0x0000000100000000)
   the space 16500K,  88% used [0x00000000f5c00000, 0x00000000f6a56668, 0x00000000f6a56800, 0x00000000f6c1d000)
 Metaspace       used 37017K, capacity 38396K, committed 38656K, reserved 1083392K
  class space    used 4712K, capacity 5026K, committed 5120K, reserved 1048576K
Event: 7.403 GC heap after
Heap after GC invocations=81 (full 2):
 def new generation   total 7488K, used 831K [0x00000000f0a00000, 0x00000000f1220000, 0x00000000f5c00000)
  eden space 6656K,   0% used [0x00000000f0a00000, 0x00000000f0a00000, 0x00000000f1080000)
  from space 832K,  99% used [0x00000000f1150000, 0x00000000f121fff8, 0x00000000f1220000)
  to   space 832K,   0% used [0x00000000f1080000, 0x00000000f1080000, 0x00000000f1150000)
 tenured generation   total 16500K, used 15894K [0x00000000f5c00000, 0x00000000f6c1d000, 0x0000000100000000)
   the space 16500K,  96% used [0x00000000f5c00000, 0x00000000f6b858f8, 0x00000000f6b85a00, 0x00000000f6c1d000)
 Metaspace       used 37017K, capacity 38396K, committed 38656K, reserved 1083392K
  class space    used 4712K, capacity 5026K, committed 5120K, reserved 1048576K
}
Event: 7.568 GC heap before
{Heap before GC invocations=81 (full 2):
 def new generation   total 7488K, used 7487K [0x00000000f0a00000, 0x00000000f1220000, 0x00000000f5c00000)
  eden space 6656K, 100% used [0x00000000f0a00000, 0x00000000f1080000, 0x00000000f1080000)
  from space 832K,  99% used [0x00000000f1150000, 0x00000000f121fff8, 0x00000000f1220000)
  to   space 832K,   0% used [0x00000000f1080000, 0x00000000f1080000, 0x00000000f1150000)
 tenured generation   total 16500K, used 15894K [0x00000000f5c00000, 0x00000000f6c1d000, 0x0000000100000000)
   the space 16500K,  96% used [0x00000000f5c00000, 0x00000000f6b858f8, 0x00000000f6b85a00, 0x00000000f6c1d000)
 Metaspace       used 38055K, capacity 39480K, committed 39808K, reserved 1083392K
  class space    used 4832K, capacity 5128K, committed 5248K, reserved 1048576K
Event: 7.630 GC heap after
Heap after GC invocations=82 (full 3):
 def new generation   total 12096K, used 0K [0x00000000f0a00000, 0x00000000f1710000, 0x00000000f5c00000)
  eden space 10816K,   0% used [0x00000000f0a00000, 0x00000000f0a00000, 0x00000000f1490000)
  from space 1280K,   0% used [0x00000000f1490000, 0x00000000f1490000, 0x00000000f15d0000)
  to   space 1280K,   0% used [0x00000000f15d0000, 0x00000000f15d0000, 0x00000000f1710000)
 tenured generation   total 26584K, used 15950K [0x00000000f5c00000, 0x00000000f75f6000, 0x0000000100000000)
   the space 26584K,  59% used [0x00000000f5c00000, 0x00000000f6b93908, 0x00000000f6b93a00, 0x00000000f75f6000)
 Metaspace       used 38055K, capacity 39480K, committed 39808K, reserved 1083392K
  class space    used 4832K, capacity 5128K, committed 5248K, reserved 1048576K
}
Event: 7.806 GC heap before
{Heap before GC invocations=82 (full 3):
 def new generation   total 12096K, used 10816K [0x00000000f0a00000, 0x00000000f1710000, 0x00000000f5c00000)
  eden space 10816K, 100% used [0x00000000f0a00000, 0x00000000f1490000, 0x00000000f1490000)
  from space 1280K,   0% used [0x00000000f1490000, 0x00000000f1490000, 0x00000000f15d0000)
  to   space 1280K,   0% used [0x00000000f15d0000, 0x00000000f15d0000, 0x00000000f1710000)
 tenured generation   total 26584K, used 15950K [0x00000000f5c00000, 0x00000000f75f6000, 0x0000000100000000)
   the space 26584K,  59% used [0x00000000f5c00000, 0x00000000f6b93908, 0x00000000f6b93a00, 0x00000000f75f6000)
 Metaspace       used 38973K, capacity 40376K, committed 40576K, reserved 1085440K
  class space    used 4924K, capacity 5230K, committed 5248K, reserved 1048576K
Event: 7.810 GC heap after
Heap after GC invocations=83 (full 3):
 def new generation   total 12096K, used 880K [0x00000000f0a00000, 0x00000000f1710000, 0x00000000f5c00000)
  eden space 10816K,   0% used [0x00000000f0a00000, 0x00000000f0a00000, 0x00000000f1490000)
  from space 1280K,  68% used [0x00000000f15d0000, 0x00000000f16ac158, 0x00000000f1710000)
  to   space 1280K,   0% used [0x00000000f1490000, 0x00000000f1490000, 0x00000000f15d0000)
 tenured generation   total 26584K, used 15950K [0x00000000f5c00000, 0x00000000f75f6000, 0x0000000100000000)
   the space 26584K,  59% used [0x00000000f5c00000, 0x00000000f6b93908, 0x00000000f6b93a00, 0x00000000f75f6000)
 Metaspace       used 38973K, capacity 40376K, committed 40576K, reserved 1085440K
  class space    used 4924K, capacity 5230K, committed 5248K, reserved 1048576K
}
Event: 7.952 GC heap before
{Heap before GC invocations=83 (full 3):
 def new generation   total 12096K, used 11696K [0x00000000f0a00000, 0x00000000f1710000, 0x00000000f5c00000)
  eden space 10816K, 100% used [0x00000000f0a00000, 0x00000000f1490000, 0x00000000f1490000)
  from space 1280K,  68% used [0x00000000f15d0000, 0x00000000f16ac158, 0x00000000f1710000)
  to   space 1280K,   0% used [0x00000000f1490000, 0x00000000f1490000, 0x00000000f15d0000)
 tenured generation   total 26584K, used 15950K [0x00000000f5c00000, 0x00000000f75f6000, 0x0000000100000000)
   the space 26584K,  59% used [0x00000000f5c00000, 0x00000000f6b93908, 0x00000000f6b93a00, 0x00000000f75f6000)
 Metaspace       used 39890K, capacity 41336K, committed 41600K, reserved 1085440K
  class space    used 5123K, capacity 5422K, committed 5504K, reserved 1048576K
Event: 7.956 GC heap after
Heap after GC invocations=84 (full 3):
 def new generation   total 12096K, used 1074K [0x00000000f0a00000, 0x00000000f1710000, 0x00000000f5c00000)
  eden space 10816K,   0% used [0x00000000f0a00000, 0x00000000f0a00000, 0x00000000f1490000)
  from space 1280K,  83% used [0x00000000f1490000, 0x00000000f159cae8, 0x00000000f15d0000)
  to   space 1280K,   0% used [0x00000000f15d0000, 0x00000000f15d0000, 0x00000000f1710000)
 tenured generation   total 26584K, used 16338K [0x00000000f5c00000, 0x00000000f75f6000, 0x0000000100000000)
   the space 26584K,  61% used [0x00000000f5c00000, 0x00000000f6bf4910, 0x00000000f6bf4a00, 0x00000000f75f6000)
 Metaspace       used 39890K, capacity 41336K, committed 41600K, reserved 1085440K
  class space    used 5123K, capacity 5422K, committed 5504K, reserved 1048576K
}
Event: 8.041 GC heap before
{Heap before GC invocations=84 (full 3):
 def new generation   total 12096K, used 11890K [0x00000000f0a00000, 0x00000000f1710000, 0x00000000f5c00000)
  eden space 10816K, 100% used [0x00000000f0a00000, 0x00000000f1490000, 0x00000000f1490000)
  from space 1280K,  83% used [0x00000000f1490000, 0x00000000f159cae8, 0x00000000f15d0000)
  to   space 1280K,   0% used [0x00000000f15d0000, 0x00000000f15d0000, 0x00000000f1710000)
 tenured generation   total 26584K, used 16338K [0x00000000f5c00000, 0x00000000f75f6000, 0x0000000100000000)
   the space 26584K,  61% used [0x00000000f5c00000, 0x00000000f6bf4910, 0x00000000f6bf4a00, 0x00000000f75f6000)
 Metaspace       used 40652K, capacity 42042K, committed 42240K, reserved 1085440K
  class space    used 5268K, capacity 5551K, committed 5632K, reserved 1048576K
Event: 8.044 GC heap after
Heap after GC invocations=85 (full 3):
 def new generation   total 12096K, used 762K [0x00000000f0a00000, 0x00000000f1710000, 0x00000000f5c00000)
  eden space 10816K,   0% used [0x00000000f0a00000, 0x00000000f0a00000, 0x00000000f1490000)
  from space 1280K,  59% used [0x00000000f15d0000, 0x00000000f168e998, 0x00000000f1710000)
  to   space 1280K,   0% used [0x00000000f1490000, 0x00000000f1490000, 0x00000000f15d0000)
 tenured generation   total 26584K, used 16534K [0x00000000f5c00000, 0x00000000f75f6000, 0x0000000100000000)
   the space 26584K,  62% used [0x00000000f5c00000, 0x00000000f6c259a0, 0x00000000f6c25a00, 0x00000000f75f6000)
 Metaspace       used 40652K, capacity 42042K, committed 42240K, reserved 1085440K
  class space    used 5268K, capacity 5551K, committed 5632K, reserved 1048576K
}
Event: 8.154 GC heap before
{Heap before GC invocations=85 (full 3):
 def new generation   total 12096K, used 11578K [0x00000000f0a00000, 0x00000000f1710000, 0x00000000f5c00000)
  eden space 10816K, 100% used [0x00000000f0a00000, 0x00000000f1490000, 0x00000000f1490000)
  from space 1280K,  59% used [0x00000000f15d0000, 0x00000000f168e998, 0x00000000f1710000)
  to   space 1280K,   0% used [0x00000000f1490000, 0x00000000f1490000, 0x00000000f15d0000)
 tenured generation   total 26584K, used 16534K [0x00000000f5c00000, 0x00000000f75f6000, 0x0000000100000000)
   the space 26584K,  62% used [0x00000000f5c00000, 0x00000000f6c259a0, 0x00000000f6c25a00, 0x00000000f75f6000)
 Metaspace       used 41371K, capacity 42764K, committed 43136K, reserved 1087488K
  class space    used 5395K, capacity 5682K, committed 5760K, reserved 1048576K
Event: 8.158 GC heap after
Heap after GC invocations=86 (full 3):
 def new generation   total 12096K, used 804K [0x00000000f0a00000, 0x00000000f1710000, 0x00000000f5c00000)
  eden space 10816K,   0% used [0x00000000f0a00000, 0x00000000f0a00000, 0x00000000f1490000)
  from space 1280K,  62% used [0x00000000f1490000, 0x00000000f1559258, 0x00000000f15d0000)
  to   space 1280K,   0% used [0x00000000f15d0000, 0x00000000f15d0000, 0x00000000f1710000)
 tenured generation   total 26584K, used 16630K [0x00000000f5c00000, 0x00000000f75f6000, 0x0000000100000000)
   the space 26584K,  62% used [0x00000000f5c00000, 0x00000000f6c3da10, 0x00000000f6c3dc00, 0x00000000f75f6000)
 Metaspace       used 41371K, capacity 42764K, committed 43136K, reserved 1087488K
  class space    used 5395K, capacity 5682K, committed 5760K, reserved 1048576K
}
Event: 8.340 GC heap before
{Heap before GC invocations=86 (full 3):
 def new generation   total 12096K, used 11620K [0x00000000f0a00000, 0x00000000f1710000, 0x00000000f5c00000)
  eden space 10816K, 100% used [0x00000000f0a00000, 0x00000000f1490000, 0x00000000f1490000)
  from space 1280K,  62% used [0x00000000f1490000, 0x00000000f1559258, 0x00000000f15d0000)
  to   space 1280K,   0% used [0x00000000f15d0000, 0x00000000f15d0000, 0x00000000f1710000)
 tenured generation   total 26584K, used 16630K [0x00000000f5c00000, 0x00000000f75f6000, 0x0000000100000000)
   the space 26584K,  62% used [0x00000000f5c00000, 0x00000000f6c3da10, 0x00000000f6c3dc00, 0x00000000f75f6000)
 Metaspace       used 42506K, capacity 43936K, committed 44160K, reserved 1087488K
  class space    used 5655K, capacity 5946K, committed 6016K, reserved 1048576K
Event: 8.343 GC heap after
Heap after GC invocations=87 (full 3):
 def new generation   total 12096K, used 1144K [0x00000000f0a00000, 0x00000000f1710000, 0x00000000f5c00000)
  eden space 10816K,   0% used [0x00000000f0a00000, 0x00000000f0a00000, 0x00000000f1490000)
  from space 1280K,  89% used [0x00000000f15d0000, 0x00000000f16ee010, 0x00000000f1710000)
  to   space 1280K,   0% used [0x00000000f1490000, 0x00000000f1490000, 0x00000000f15d0000)
 tenured generation   total 26584K, used 16787K [0x00000000f5c00000, 0x00000000f75f6000, 0x0000000100000000)
   the space 26584K,  63% used [0x00000000f5c00000, 0x00000000f6c64d30, 0x00000000f6c64e00, 0x00000000f75f6000)
 Metaspace       used 42506K, capacity 43936K, committed 44160K, reserved 1087488K
  class space    used 5655K, capacity 5946K, committed 6016K, reserved 1048576K
}
Event: 8.518 GC heap before
{Heap before GC invocations=87 (full 3):
 def new generation   total 12096K, used 11960K [0x00000000f0a00000, 0x00000000f1710000, 0x00000000f5c00000)
  eden space 10816K, 100% used [0x00000000f0a00000, 0x00000000f1490000, 0x00000000f1490000)
  from space 1280K,  89% used [0x00000000f15d0000, 0x00000000f16ee010, 0x00000000f1710000)
  to   space 1280K,   0% used [0x00000000f1490000, 0x00000000f1490000, 0x00000000f15d0000)
 tenured generation   total 26584K, used 16787K [0x00000000f5c00000, 0x00000000f75f6000, 0x0000000100000000)
   the space 26584K,  63% used [0x00000000f5c00000, 0x00000000f6c64d30, 0x00000000f6c64e00, 0x00000000f75f6000)
 Metaspace       used 43483K, capacity 44904K, committed 45056K, reserved 1087488K
  class space    used 5787K, capacity 6076K, committed 6144K, reserved 1048576K
Event: 8.527 GC heap after
Heap after GC invocations=88 (full 3):
 def new generation   total 12096K, used 973K [0x00000000f0a00000, 0x00000000f1710000, 0x00000000f5c00000)
  eden space 10816K,   0% used [0x00000000f0a00000, 0x00000000f0a00000, 0x00000000f1490000)
  from space 1280K,  76% used [0x00000000f1490000, 0x00000000f1583438, 0x00000000f15d0000)
  to   space 1280K,   0% used [0x00000000f15d0000, 0x00000000f15d0000, 0x00000000f1710000)
 tenured generation   total 26584K, used 17063K [0x00000000f5c00000, 0x00000000f75f6000, 0x0000000100000000)
   the space 26584K,  64% used [0x00000000f5c00000, 0x00000000f6ca9f80, 0x00000000f6caa000, 0x00000000f75f6000)
 Metaspace       used 43483K, capacity 44904K, committed 45056K, reserved 1087488K
  class space    used 5787K, capacity 6076K, committed 6144K, reserved 1048576K
}
Event: 8.790 GC heap before
{Heap before GC invocations=88 (full 3):
 def new generation   total 12096K, used 11789K [0x00000000f0a00000, 0x00000000f1710000, 0x00000000f5c00000)
  eden space 10816K, 100% used [0x00000000f0a00000, 0x00000000f1490000, 0x00000000f1490000)
  from space 1280K,  76% used [0x00000000f1490000, 0x00000000f1583438, 0x00000000f15d0000)
  to   space 1280K,   0% used [0x00000000f15d0000, 0x00000000f15d0000, 0x00000000f1710000)
 tenured generation   total 26584K, used 17063K [0x00000000f5c00000, 0x00000000f75f6000, 0x0000000100000000)
   the space 26584K,  64% used [0x00000000f5c00000, 0x00000000f6ca9f80, 0x00000000f6caa000, 0x00000000f75f6000)
 Metaspace       used 44980K, capacity 46350K, committed 46720K, reserved 1089536K
  class space    used 5961K, capacity 6237K, committed 6272K, reserved 1048576K
Event: 8.795 GC heap after
Heap after GC invocations=89 (full 3):
 def new generation   total 12096K, used 1279K [0x00000000f0a00000, 0x00000000f1710000, 0x00000000f5c00000)
  eden space 10816K,   0% used [0x00000000f0a00000, 0x00000000f0a00000, 0x00000000f1490000)
  from space 1280K,  99% used [0x00000000f15d0000, 0x00000000f170fff8, 0x00000000f1710000)
  to   space 1280K,   0% used [0x00000000f1490000, 0x00000000f1490000, 0x00000000f15d0000)
 tenured generation   total 26584K, used 17331K [0x00000000f5c00000, 0x00000000f75f6000, 0x0000000100000000)
   the space 26584K,  65% used [0x00000000f5c00000, 0x00000000f6cecc08, 0x00000000f6cece00, 0x00000000f75f6000)
 Metaspace       used 44980K, capacity 46350K, committed 46720K, reserved 1089536K
  class space    used 5961K, capacity 6237K, committed 6272K, reserved 1048576K
}
Event: 8.987 GC heap before
{Heap before GC invocations=89 (full 3):
 def new generation   total 12096K, used 12095K [0x00000000f0a00000, 0x00000000f1710000, 0x00000000f5c00000)
  eden space 10816K, 100% used [0x00000000f0a00000, 0x00000000f1490000, 0x00000000f1490000)
  from space 1280K,  99% used [0x00000000f15d0000, 0x00000000f170fff8, 0x00000000f1710000)
  to   space 1280K,   0% used [0x00000000f1490000, 0x00000000f1490000, 0x00000000f15d0000)
 tenured generation   total 26584K, used 17331K [0x00000000f5c00000, 0x00000000f75f6000, 0x0000000100000000)
   the space 26584K,  65% used [0x00000000f5c00000, 0x00000000f6cecc08, 0x00000000f6cece00, 0x00000000f75f6000)
 Metaspace       used 45898K, capacity 47284K, committed 47616K, reserved 1091584K
  class space    used 6107K, capacity 6398K, committed 6400K, reserved 1048576K
Event: 8.991 GC heap after
Heap after GC invocations=90 (full 3):
 def new generation   total 12096K, used 923K [0x00000000f0a00000, 0x00000000f1710000, 0x00000000f5c00000)
  eden space 10816K,   0% used [0x00000000f0a00000, 0x00000000f0a00000, 0x00000000f1490000)
  from space 1280K,  72% used [0x00000000f1490000, 0x00000000f1576e18, 0x00000000f15d0000)
  to   space 1280K,   0% used [0x00000000f15d0000, 0x00000000f15d0000, 0x00000000f1710000)
 tenured generation   total 26584K, used 17718K [0x00000000f5c00000, 0x00000000f75f6000, 0x0000000100000000)
   the space 26584K,  66% used [0x00000000f5c00000, 0x00000000f6d4d9f0, 0x00000000f6d4da00, 0x00000000f75f6000)
 Metaspace       used 45898K, capacity 47284K, committed 47616K, reserved 1091584K
  class space    used 6107K, capacity 6398K, committed 6400K, reserved 1048576K
}
Event: 9.124 GC heap before
{Heap before GC invocations=90 (full 3):
 def new generation   total 12096K, used 11739K [0x00000000f0a00000, 0x00000000f1710000, 0x00000000f5c00000)
  eden space 10816K, 100% used [0x00000000f0a00000, 0x00000000f1490000, 0x00000000f1490000)
  from space 1280K,  72% used [0x00000000f1490000, 0x00000000f1576e18, 0x00000000f15d0000)
  to   space 1280K,   0% used [0x00000000f15d0000, 0x00000000f15d0000, 0x00000000f1710000)
 tenured generation   total 26584K, used 17718K [0x00000000f5c00000, 0x00000000f75f6000, 0x0000000100000000)
   the space 26584K,  66% used [0x00000000f5c00000, 0x00000000f6d4d9f0, 0x00000000f6d4da00, 0x00000000f75f6000)
 Metaspace       used 46661K, capacity 48124K, committed 48256K, reserved 1091584K
  class space    used 6215K, capacity 6528K, committed 6528K, reserved 1048576K
Event: 9.128 GC heap after
Heap after GC invocations=91 (full 3):
 def new generation   total 12096K, used 908K [0x00000000f0a00000, 0x00000000f1710000, 0x00000000f5c00000)
  eden space 10816K,   0% used [0x00000000f0a00000, 0x00000000f0a00000, 0x00000000f1490000)
  from space 1280K,  71% used [0x00000000f15d0000, 0x00000000f16b3378, 0x00000000f1710000)
  to   space 1280K,   0% used [0x00000000f1490000, 0x00000000f1490000, 0x00000000f15d0000)
 tenured generation   total 26584K, used 17884K [0x00000000f5c00000, 0x00000000f75f6000, 0x0000000100000000)
   the space 26584K,  67% used [0x00000000f5c00000, 0x00000000f6d773f0, 0x00000000f6d77400, 0x00000000f75f6000)
 Metaspace       used 46661K, capacity 48124K, committed 48256K, reserved 1091584K
  class space    used 6215K, capacity 6528K, committed 6528K, reserved 1048576K
}
Event: 9.341 GC heap before
{Heap before GC invocations=91 (full 3):
 def new generation   total 12096K, used 11724K [0x00000000f0a00000, 0x00000000f1710000, 0x00000000f5c00000)
  eden space 10816K, 100% used [0x00000000f0a00000, 0x00000000f1490000, 0x00000000f1490000)
  from space 1280K,  71% used [0x00000000f15d0000, 0x00000000f16b3378, 0x00000000f1710000)
  to   space 1280K,   0% used [0x00000000f1490000, 0x00000000f1490000, 0x00000000f15d0000)
 tenured generation   total 26584K, used 17884K [0x00000000f5c00000, 0x00000000f75f6000, 0x0000000100000000)
   the space 26584K,  67% used [0x00000000f5c00000, 0x00000000f6d773f0, 0x00000000f6d77400, 0x00000000f75f6000)
 Metaspace       used 47810K, capacity 49260K, committed 49536K, reserved 1091584K
  class space    used 6351K, capacity 6668K, committed 6784K, reserved 1048576K
Event: 9.345 GC heap after
Heap after GC invocations=92 (full 3):
 def new generation   total 12096K, used 988K [0x00000000f0a00000, 0x00000000f1710000, 0x00000000f5c00000)
  eden space 10816K,   0% used [0x00000000f0a00000, 0x00000000f0a00000, 0x00000000f1490000)
  from space 1280K,  77% used [0x00000000f1490000, 0x00000000f1587010, 0x00000000f15d0000)
  to   space 1280K,   0% used [0x00000000f15d0000, 0x00000000f15d0000, 0x00000000f1710000)
 tenured generation   total 26584K, used 18096K [0x00000000f5c00000, 0x00000000f75f6000, 0x0000000100000000)
   the space 26584K,  68% used [0x00000000f5c00000, 0x00000000f6dac208, 0x00000000f6dac400, 0x00000000f75f6000)
 Metaspace       used 47810K, capacity 49260K, committed 49536K, reserved 1091584K
  class space    used 6351K, capacity 6668K, committed 6784K, reserved 1048576K
}
Event: 9.455 GC heap before
{Heap before GC invocations=92 (full 3):
 def new generation   total 12096K, used 11804K [0x00000000f0a00000, 0x00000000f1710000, 0x00000000f5c00000)
  eden space 10816K, 100% used [0x00000000f0a00000, 0x00000000f1490000, 0x00000000f1490000)
  from space 1280K,  77% used [0x00000000f1490000, 0x00000000f1587010, 0x00000000f15d0000)
  to   space 1280K,   0% used [0x00000000f15d0000, 0x00000000f15d0000, 0x00000000f1710000)
 tenured generation   total 26584K, used 18096K [0x00000000f5c00000, 0x00000000f75f6000, 0x0000000100000000)
   the space 26584K,  68% used [0x00000000f5c00000, 0x00000000f6dac208, 0x00000000f6dac400, 0x00000000f75f6000)
 Metaspace       used 48537K, capacity 50008K, committed 50432K, reserved 1093632K
  class space    used 6524K, capacity 6830K, committed 6912K, reserved 1048576K
Event: 9.459 GC heap after
Heap after GC invocations=93 (full 3):
 def new generation   total 12096K, used 844K [0x00000000f0a00000, 0x00000000f1710000, 0x00000000f5c00000)
  eden space 10816K,   0% used [0x00000000f0a00000, 0x00000000f0a00000, 0x00000000f1490000)
  from space 1280K,  65% used [0x00000000f15d0000, 0x00000000f16a3150, 0x00000000f1710000)
  to   space 1280K,   0% used [0x00000000f1490000, 0x00000000f1490000, 0x00000000f15d0000)
 tenured generation   total 26584K, used 18344K [0x00000000f5c00000, 0x00000000f75f6000, 0x0000000100000000)
   the space 26584K,  69% used [0x00000000f5c00000, 0x00000000f6dea1d8, 0x00000000f6dea200, 0x00000000f75f6000)
 Metaspace       used 48537K, capacity 50008K, committed 50432K, reserved 1093632K
  class space    used 6524K, capacity 6830K, committed 6912K, reserved 1048576K
}
Event: 9.560 GC heap before
{Heap before GC invocations=93 (full 3):
 def new generation   total 12096K, used 11660K [0x00000000f0a00000, 0x00000000f1710000, 0x00000000f5c00000)
  eden space 10816K, 100% used [0x00000000f0a00000, 0x00000000f1490000, 0x00000000f1490000)
  from space 1280K,  65% used [0x00000000f15d0000, 0x00000000f16a3150, 0x00000000f1710000)
  to   space 1280K,   0% used [0x00000000f1490000, 0x00000000f1490000, 0x00000000f15d0000)
 tenured generation   total 26584K, used 18344K [0x00000000f5c00000, 0x00000000f75f6000, 0x0000000100000000)
   the space 26584K,  69% used [0x00000000f5c00000, 0x00000000f6dea1d8, 0x00000000f6dea200, 0x00000000f75f6000)
 Metaspace       used 49250K, capacity 50702K, committed 51072K, reserved 1093632K
  class space    used 6665K, capacity 6967K, committed 7040K, reserved 1048576K
Event: 9.563 GC heap after
Heap after GC invocations=94 (full 3):
 def new generation   total 12096K, used 795K [0x00000000f0a00000, 0x00000000f1710000, 0x00000000f5c00000)
  eden space 10816K,   0% used [0x00000000f0a00000, 0x00000000f0a00000, 0x00000000f1490000)
  from space 1280K,  62% used [0x00000000f1490000, 0x00000000f1556db8, 0x00000000f15d0000)
  to   space 1280K,   0% used [0x00000000f15d0000, 0x00000000f15d0000, 0x00000000f1710000)
 tenured generation   total 26584K, used 18460K [0x00000000f5c00000, 0x00000000f75f6000, 0x0000000100000000)
   the space 26584K,  69% used [0x00000000f5c00000, 0x00000000f6e070b0, 0x00000000f6e07200, 0x00000000f75f6000)
 Metaspace       used 49250K, capacity 50702K, committed 51072K, reserved 1093632K
  class space    used 6665K, capacity 6967K, committed 7040K, reserved 1048576K
}
Event: 9.710 GC heap before
{Heap before GC invocations=94 (full 3):
 def new generation   total 12096K, used 11611K [0x00000000f0a00000, 0x00000000f1710000, 0x00000000f5c00000)
  eden space 10816K, 100% used [0x00000000f0a00000, 0x00000000f1490000, 0x00000000f1490000)
  from space 1280K,  62% used [0x00000000f1490000, 0x00000000f1556db8, 0x00000000f15d0000)
  to   space 1280K,   0% used [0x00000000f15d0000, 0x00000000f15d0000, 0x00000000f1710000)
 tenured generation   total 26584K, used 18460K [0x00000000f5c00000, 0x00000000f75f6000, 0x0000000100000000)
   the space 26584K,  69% used [0x00000000f5c00000, 0x00000000f6e070b0, 0x00000000f6e07200, 0x00000000f75f6000)
 Metaspace       used 50044K, capacity 51544K, committed 51968K, reserved 1093632K
  class space    used 6799K, capacity 7098K, committed 7168K, reserved 1048576K
Event: 9.713 GC heap after
Heap after GC invocations=95 (full 3):
 def new generation   total 12096K, used 839K [0x00000000f0a00000, 0x00000000f1710000, 0x00000000f5c00000)
  eden space 10816K,   0% used [0x00000000f0a00000, 0x00000000f0a00000, 0x00000000f1490000)
  from space 1280K,  65% used [0x00000000f15d0000, 0x00000000f16a1cf0, 0x00000000f1710000)
  to   space 1280K,   0% used [0x00000000f1490000, 0x00000000f1490000, 0x00000000f15d0000)
 tenured generation   total 26584K, used 18536K [0x00000000f5c00000, 0x00000000f75f6000, 0x0000000100000000)
   the space 26584K,  69% used [0x00000000f5c00000, 0x00000000f6e1a250, 0x00000000f6e1a400, 0x00000000f75f6000)
 Metaspace       used 50044K, capacity 51544K, committed 51968K, reserved 1093632K
  class space    used 6799K, capacity 7098K, committed 7168K, reserved 1048576K
}
Event: 9.818 GC heap before
{Heap before GC invocations=95 (full 3):
 def new generation   total 12096K, used 11655K [0x00000000f0a00000, 0x00000000f1710000, 0x00000000f5c00000)
  eden space 10816K, 100% used [0x00000000f0a00000, 0x00000000f1490000, 0x00000000f1490000)
  from space 1280K,  65% used [0x00000000f15d0000, 0x00000000f16a1cf0, 0x00000000f1710000)
  to   space 1280K,   0% used [0x00000000f1490000, 0x00000000f1490000, 0x00000000f15d0000)
 tenured generation   total 26584K, used 18536K [0x00000000f5c00000, 0x00000000f75f6000, 0x0000000100000000)
   the space 26584K,  69% used [0x00000000f5c00000, 0x00000000f6e1a250, 0x00000000f6e1a400, 0x00000000f75f6000)
 Metaspace       used 50941K, capacity 52480K, committed 52864K, reserved 1095680K
  class space    used 6945K, capacity 7260K, committed 7296K, reserved 1048576K
Event: 9.822 GC heap after
Heap after GC invocations=96 (full 3):
 def new generation   total 12096K, used 995K [0x00000000f0a00000, 0x00000000f1710000, 0x00000000f5c00000)
  eden space 10816K,   0% used [0x00000000f0a00000, 0x00000000f0a00000, 0x00000000f1490000)
  from space 1280K,  77% used [0x00000000f1490000, 0x00000000f1588c88, 0x00000000f15d0000)
  to   space 1280K,   0% used [0x00000000f15d0000, 0x00000000f15d0000, 0x00000000f1710000)
 tenured generation   total 26584K, used 18705K [0x00000000f5c00000, 0x00000000f75f6000, 0x0000000100000000)
   the space 26584K,  70% used [0x00000000f5c00000, 0x00000000f6e44770, 0x00000000f6e44800, 0x00000000f75f6000)
 Metaspace       used 50941K, capacity 52480K, committed 52864K, reserved 1095680K
  class space    used 6945K, capacity 7260K, committed 7296K, reserved 1048576K
}
Event: 9.999 GC heap before
{Heap before GC invocations=96 (full 3):
 def new generation   total 12096K, used 11811K [0x00000000f0a00000, 0x00000000f1710000, 0x00000000f5c00000)
  eden space 10816K, 100% used [0x00000000f0a00000, 0x00000000f1490000, 0x00000000f1490000)
  from space 1280K,  77% used [0x00000000f1490000, 0x00000000f1588c88, 0x00000000f15d0000)
  to   space 1280K,   0% used [0x00000000f15d0000, 0x00000000f15d0000, 0x00000000f1710000)
 tenured generation   total 26584K, used 18705K [0x00000000f5c00000, 0x00000000f75f6000, 0x0000000100000000)
   the space 26584K,  70% used [0x00000000f5c00000, 0x00000000f6e44770, 0x00000000f6e44800, 0x00000000f75f6000)
 Metaspace       used 51256K, capacity 52712K, committed 53120K, reserved 1095680K
  class space    used 6979K, capacity 7294K, committed 7296K, reserved 1048576K
Event: 10.003 GC heap after
Heap after GC invocations=97 (full 3):
 def new generation   total 12096K, used 644K [0x00000000f0a00000, 0x00000000f1710000, 0x00000000f5c00000)
  eden space 10816K,   0% used [0x00000000f0a00000, 0x00000000f0a00000, 0x00000000f1490000)
  from space 1280K,  50% used [0x00000000f15d0000, 0x00000000f16712b0, 0x00000000f1710000)
  to   space 1280K,   0% used [0x00000000f1490000, 0x00000000f1490000, 0x00000000f15d0000)
 tenured generation   total 26584K, used 18871K [0x00000000f5c00000, 0x00000000f75f6000, 0x0000000100000000)
   the space 26584K,  70% used [0x00000000f5c00000, 0x00000000f6e6ddf0, 0x00000000f6e6de00, 0x00000000f75f6000)
 Metaspace       used 51256K, capacity 52712K, committed 53120K, reserved 1095680K
  class space    used 6979K, capacity 7294K, committed 7296K, reserved 1048576K
}
Event: 10.209 GC heap before
{Heap before GC invocations=97 (full 3):
 def new generation   total 12096K, used 11460K [0x00000000f0a00000, 0x00000000f1710000, 0x00000000f5c00000)
  eden space 10816K, 100% used [0x00000000f0a00000, 0x00000000f1490000, 0x00000000f1490000)
  from space 1280K,  50% used [0x00000000f15d0000, 0x00000000f16712b0, 0x00000000f1710000)
  to   space 1280K,   0% used [0x00000000f1490000, 0x00000000f1490000, 0x00000000f15d0000)
 tenured generation   total 26584K, used 18871K [0x00000000f5c00000, 0x00000000f75f6000, 0x0000000100000000)
   the space 26584K,  70% used [0x00000000f5c00000, 0x00000000f6e6ddf0, 0x00000000f6e6de00, 0x00000000f75f6000)
 Metaspace       used 52109K, capacity 53670K, committed 54016K, reserved 1095680K
  class space    used 7075K, capacity 7373K, committed 7424K, reserved 1048576K
Event: 10.214 GC heap after
Heap after GC invocations=98 (full 3):
 def new generation   total 12096K, used 965K [0x00000000f0a00000, 0x00000000f1710000, 0x00000000f5c00000)
  eden space 10816K,   0% used [0x00000000f0a00000, 0x00000000f0a00000, 0x00000000f1490000)
  from space 1280K,  75% used [0x00000000f1490000, 0x00000000f15814b8, 0x00000000f15d0000)
  to   space 1280K,   0% used [0x00000000f15d0000, 0x00000000f15d0000, 0x00000000f1710000)
 tenured generation   total 26584K, used 19345K [0x00000000f5c00000, 0x00000000f75f6000, 0x0000000100000000)
   the space 26584K,  72% used [0x00000000f5c00000, 0x00000000f6ee4428, 0x00000000f6ee4600, 0x00000000f75f6000)
 Metaspace       used 52109K, capacity 53670K, committed 54016K, reserved 1095680K
  class space    used 7075K, capacity 7373K, committed 7424K, reserved 1048576K
}
Event: 10.434 GC heap before
{Heap before GC invocations=98 (full 3):
 def new generation   total 12096K, used 11781K [0x00000000f0a00000, 0x00000000f1710000, 0x00000000f5c00000)
  eden space 10816K, 100% used [0x00000000f0a00000, 0x00000000f1490000, 0x00000000f1490000)
  from space 1280K,  75% used [0x00000000f1490000, 0x00000000f15814b8, 0x00000000f15d0000)
  to   space 1280K,   0% used [0x00000000f15d0000, 0x00000000f15d0000, 0x00000000f1710000)
 tenured generation   total 26584K, used 19345K [0x00000000f5c00000, 0x00000000f75f6000, 0x0000000100000000)
   the space 26584K,  72% used [0x00000000f5c00000, 0x00000000f6ee4428, 0x00000000f6ee4600, 0x00000000f75f6000)
 Metaspace       used 53140K, capacity 55052K, committed 55296K, reserved 1097728K
  class space    used 7242K, capacity 7638K, committed 7680K, reserved 1048576K
Event: 10.439 GC heap after
Heap after GC invocations=99 (full 3):
 def new generation   total 12096K, used 1084K [0x00000000f0a00000, 0x00000000f1710000, 0x00000000f5c00000)
  eden space 10816K,   0% used [0x00000000f0a00000, 0x00000000f0a00000, 0x00000000f1490000)
  from space 1280K,  84% used [0x00000000f15d0000, 0x00000000f16df140, 0x00000000f1710000)
  to   space 1280K,   0% used [0x00000000f1490000, 0x00000000f1490000, 0x00000000f15d0000)
 tenured generation   total 26584K, used 19867K [0x00000000f5c00000, 0x00000000f75f6000, 0x0000000100000000)
   the space 26584K,  74% used [0x00000000f5c00000, 0x00000000f6f66cf8, 0x00000000f6f66e00, 0x00000000f75f6000)
 Metaspace       used 53140K, capacity 55052K, committed 55296K, reserved 1097728K
  class space    used 7242K, capacity 7638K, committed 7680K, reserved 1048576K
}
Event: 10.668 GC heap before
{Heap before GC invocations=99 (full 3):
 def new generation   total 12096K, used 11900K [0x00000000f0a00000, 0x00000000f1710000, 0x00000000f5c00000)
  eden space 10816K, 100% used [0x00000000f0a00000, 0x00000000f1490000, 0x00000000f1490000)
  from space 1280K,  84% used [0x00000000f15d0000, 0x00000000f16df140, 0x00000000f1710000)
  to   space 1280K,   0% used [0x00000000f1490000, 0x00000000f1490000, 0x00000000f15d0000)
 tenured generation   total 26584K, used 19867K [0x00000000f5c00000, 0x00000000f75f6000, 0x0000000100000000)
   the space 26584K,  74% used [0x00000000f5c00000, 0x00000000f6f66cf8, 0x00000000f6f66e00, 0x00000000f75f6000)
 Metaspace       used 54483K, capacity 56504K, committed 56832K, reserved 1097728K
  class space    used 7431K, capacity 7818K, committed 7936K, reserved 1048576K
Event: 10.673 GC heap after
Heap after GC invocations=100 (full 3):
 def new generation   total 12096K, used 1255K [0x00000000f0a00000, 0x00000000f1710000, 0x00000000f5c00000)
  eden space 10816K,   0% used [0x00000000f0a00000, 0x00000000f0a00000, 0x00000000f1490000)
  from space 1280K,  98% used [0x00000000f1490000, 0x00000000f15c9c30, 0x00000000f15d0000)
  to   space 1280K,   0% used [0x00000000f15d0000, 0x00000000f15d0000, 0x00000000f1710000)
 tenured generation   total 26584K, used 20208K [0x00000000f5c00000, 0x00000000f75f6000, 0x0000000100000000)
   the space 26584K,  76% used [0x00000000f5c00000, 0x00000000f6fbc3f0, 0x00000000f6fbc400, 0x00000000f75f6000)
 Metaspace       used 54483K, capacity 56504K, committed 56832K, reserved 1097728K
  class space    used 7431K, capacity 7818K, committed 7936K, reserved 1048576K
}
Event: 10.811 GC heap before
{Heap before GC invocations=100 (full 3):
 def new generation   total 12096K, used 12071K [0x00000000f0a00000, 0x00000000f1710000, 0x00000000f5c00000)
  eden space 10816K, 100% used [0x00000000f0a00000, 0x00000000f1490000, 0x00000000f1490000)
  from space 1280K,  98% used [0x00000000f1490000, 0x00000000f15c9c30, 0x00000000f15d0000)
  to   space 1280K,   0% used [0x00000000f15d0000, 0x00000000f15d0000, 0x00000000f1710000)
 tenured generation   total 26584K, used 20208K [0x00000000f5c00000, 0x00000000f75f6000, 0x0000000100000000)
   the space 26584K,  76% used [0x00000000f5c00000, 0x00000000f6fbc3f0, 0x00000000f6fbc400, 0x00000000f75f6000)
 Metaspace       used 54646K, capacity 56638K, committed 56832K, reserved 1097728K
  class space    used 7457K, capacity 7819K, committed 7936K, reserved 1048576K
Event: 10.816 GC heap after
Heap after GC invocations=101 (full 3):
 def new generation   total 12096K, used 552K [0x00000000f0a00000, 0x00000000f1710000, 0x00000000f5c00000)
  eden space 10816K,   0% used [0x00000000f0a00000, 0x00000000f0a00000, 0x00000000f1490000)
  from space 1280K,  43% used [0x00000000f15d0000, 0x00000000f165a1c0, 0x00000000f1710000)
  to   space 1280K,   0% used [0x00000000f1490000, 0x00000000f1490000, 0x00000000f15d0000)
 tenured generation   total 26584K, used 20638K [0x00000000f5c00000, 0x00000000f75f6000, 0x0000000100000000)
   the space 26584K,  77% used [0x00000000f5c00000, 0x00000000f70279c0, 0x00000000f7027a00, 0x00000000f75f6000)
 Metaspace       used 54646K, capacity 56638K, committed 56832K, reserved 1097728K
  class space    used 7457K, capacity 7819K, committed 7936K, reserved 1048576K
}
Event: 10.955 GC heap before
{Heap before GC invocations=101 (full 3):
 def new generation   total 12096K, used 11368K [0x00000000f0a00000, 0x00000000f1710000, 0x00000000f5c00000)
  eden space 10816K, 100% used [0x00000000f0a00000, 0x00000000f1490000, 0x00000000f1490000)
  from space 1280K,  43% used [0x00000000f15d0000, 0x00000000f165a1c0, 0x00000000f1710000)
  to   space 1280K,   0% used [0x00000000f1490000, 0x00000000f1490000, 0x00000000f15d0000)
 tenured generation   total 26584K, used 20638K [0x00000000f5c00000, 0x00000000f75f6000, 0x0000000100000000)
   the space 26584K,  77% used [0x00000000f5c00000, 0x00000000f70279c0, 0x00000000f7027a00, 0x00000000f75f6000)
 Metaspace       used 54858K, capacity 56938K, committed 57088K, reserved 1097728K
  class space    used 7491K, capacity 7881K, committed 7936K, reserved 1048576K
Event: 10.960 GC heap after
Heap after GC invocations=102 (full 3):
 def new generation   total 12096K, used 814K [0x00000000f0a00000, 0x00000000f1710000, 0x00000000f5c00000)
  eden space 10816K,   0% used [0x00000000f0a00000, 0x00000000f0a00000, 0x00000000f1490000)
  from space 1280K,  63% used [0x00000000f1490000, 0x00000000f155bba8, 0x00000000f15d0000)
  to   space 1280K,   0% used [0x00000000f15d0000, 0x00000000f15d0000, 0x00000000f1710000)
 tenured generation   total 26584K, used 20638K [0x00000000f5c00000, 0x00000000f75f6000, 0x0000000100000000)
   the space 26584K,  77% used [0x00000000f5c00000, 0x00000000f70279c0, 0x00000000f7027a00, 0x00000000f75f6000)
 Metaspace       used 54858K, capacity 56938K, committed 57088K, reserved 1097728K
  class space    used 7491K, capacity 7881K, committed 7936K, reserved 1048576K
}
Event: 11.108 GC heap before
{Heap before GC invocations=102 (full 3):
 def new generation   total 12096K, used 11630K [0x00000000f0a00000, 0x00000000f1710000, 0x00000000f5c00000)
  eden space 10816K, 100% used [0x00000000f0a00000, 0x00000000f1490000, 0x00000000f1490000)
  from space 1280K,  63% used [0x00000000f1490000, 0x00000000f155bba8, 0x00000000f15d0000)
  to   space 1280K,   0% used [0x00000000f15d0000, 0x00000000f15d0000, 0x00000000f1710000)
 tenured generation   total 26584K, used 20638K [0x00000000f5c00000, 0x00000000f75f6000, 0x0000000100000000)
   the space 26584K,  77% used [0x00000000f5c00000, 0x00000000f70279c0, 0x00000000f7027a00, 0x00000000f75f6000)
 Metaspace       used 54979K, capacity 57094K, committed 57344K, reserved 1099776K
  class space    used 7507K, capacity 7923K, committed 7936K, reserved 1048576K
Event: 11.114 GC heap after
Heap after GC invocations=103 (full 3):
 def new generation   total 12096K, used 656K [0x00000000f0a00000, 0x00000000f1710000, 0x00000000f5c00000)
  eden space 10816K,   0% used [0x00000000f0a00000, 0x00000000f0a00000, 0x00000000f1490000)
  from space 1280K,  51% used [0x00000000f15d0000, 0x00000000f1674180, 0x00000000f1710000)
  to   space 1280K,   0% used [0x00000000f1490000, 0x00000000f1490000, 0x00000000f15d0000)
 tenured generation   total 26584K, used 21049K [0x00000000f5c00000, 0x00000000f75f6000, 0x0000000100000000)
   the space 26584K,  79% used [0x00000000f5c00000, 0x00000000f708e580, 0x00000000f708e600, 0x00000000f75f6000)
 Metaspace       used 54979K, capacity 57094K, committed 57344K, reserved 1099776K
  class space    used 7507K, capacity 7923K, committed 7936K, reserved 1048576K
}
Event: 11.344 GC heap before
{Heap before GC invocations=103 (full 3):
 def new generation   total 12096K, used 11472K [0x00000000f0a00000, 0x00000000f1710000, 0x00000000f5c00000)
  eden space 10816K, 100% used [0x00000000f0a00000, 0x00000000f1490000, 0x00000000f1490000)
  from space 1280K,  51% used [0x00000000f15d0000, 0x00000000f1674180, 0x00000000f1710000)
  to   space 1280K,   0% used [0x00000000f1490000, 0x00000000f1490000, 0x00000000f15d0000)
 tenured generation   total 26584K, used 21049K [0x00000000f5c00000, 0x00000000f75f6000, 0x0000000100000000)
   the space 26584K,  79% used [0x00000000f5c00000, 0x00000000f708e580, 0x00000000f708e600, 0x00000000f75f6000)
 Metaspace       used 56184K, capacity 58346K, committed 58496K, reserved 1099776K
  class space    used 7646K, capacity 8057K, committed 8064K, reserved 1048576K
Event: 11.350 GC heap after
Heap after GC invocations=104 (full 3):
 def new generation   total 12096K, used 1279K [0x00000000f0a00000, 0x00000000f1710000, 0x00000000f5c00000)
  eden space 10816K,   0% used [0x00000000f0a00000, 0x00000000f0a00000, 0x00000000f1490000)
  from space 1280K,  99% used [0x00000000f1490000, 0x00000000f15cfff0, 0x00000000f15d0000)
  to   space 1280K,   0% used [0x00000000f15d0000, 0x00000000f15d0000, 0x00000000f1710000)
 tenured generation   total 26584K, used 21541K [0x00000000f5c00000, 0x00000000f75f6000, 0x0000000100000000)
   the space 26584K,  81% used [0x00000000f5c00000, 0x00000000f7109778, 0x00000000f7109800, 0x00000000f75f6000)
 Metaspace       used 56184K, capacity 58346K, committed 58496K, reserved 1099776K
  class space    used 7646K, capacity 8057K, committed 8064K, reserved 1048576K
}
Event: 11.534 GC heap before
{Heap before GC invocations=104 (full 3):
 def new generation   total 12096K, used 12095K [0x00000000f0a00000, 0x00000000f1710000, 0x00000000f5c00000)
  eden space 10816K, 100% used [0x00000000f0a00000, 0x00000000f1490000, 0x00000000f1490000)
  from space 1280K,  99% used [0x00000000f1490000, 0x00000000f15cfff0, 0x00000000f15d0000)
  to   space 1280K,   0% used [0x00000000f15d0000, 0x00000000f15d0000, 0x00000000f1710000)
 tenured generation   total 26584K, used 21541K [0x00000000f5c00000, 0x00000000f75f6000, 0x0000000100000000)
   the space 26584K,  81% used [0x00000000f5c00000, 0x00000000f7109778, 0x00000000f7109800, 0x00000000f75f6000)
 Metaspace       used 56616K, capacity 58806K, committed 59136K, reserved 1099776K
  class space    used 7702K, capacity 8123K, committed 8192K, reserved 1048576K
Event: 11.539 GC heap after
Heap after GC invocations=105 (full 3):
 def new generation   total 12096K, used 651K [0x00000000f0a00000, 0x00000000f1710000, 0x00000000f5c00000)
  eden space 10816K,   0% used [0x00000000f0a00000, 0x00000000f0a00000, 0x00000000f1490000)
  from space 1280K,  50% used [0x00000000f15d0000, 0x00000000f1672db8, 0x00000000f1710000)
  to   space 1280K,   0% used [0x00000000f1490000, 0x00000000f1490000, 0x00000000f15d0000)
 tenured generation   total 26584K, used 22271K [0x00000000f5c00000, 0x00000000f75f6000, 0x0000000100000000)
   the space 26584K,  83% used [0x00000000f5c00000, 0x00000000f71bfc28, 0x00000000f71bfe00, 0x00000000f75f6000)
 Metaspace       used 56616K, capacity 58806K, committed 59136K, reserved 1099776K
  class space    used 7702K, capacity 8123K, committed 8192K, reserved 1048576K
}
Event: 11.710 GC heap before
{Heap before GC invocations=105 (full 3):
 def new generation   total 12096K, used 11467K [0x00000000f0a00000, 0x00000000f1710000, 0x00000000f5c00000)
  eden space 10816K, 100% used [0x00000000f0a00000, 0x00000000f1490000, 0x00000000f1490000)
  from space 1280K,  50% used [0x00000000f15d0000, 0x00000000f1672db8, 0x00000000f1710000)
  to   space 1280K,   0% used [0x00000000f1490000, 0x00000000f1490000, 0x00000000f15d0000)
 tenured generation   total 26584K, used 22271K [0x00000000f5c00000, 0x00000000f75f6000, 0x0000000100000000)
   the space 26584K,  83% used [0x00000000f5c00000, 0x00000000f71bfc28, 0x00000000f71bfe00, 0x00000000f75f6000)
 Metaspace       used 57265K, capacity 59486K, committed 59776K, reserved 1101824K
  class space    used 7784K, capacity 8221K, committed 8320K, reserved 1048576K
Event: 11.714 GC heap after
Heap after GC invocations=106 (full 3):
 def new generation   total 12096K, used 980K [0x00000000f0a00000, 0x00000000f1710000, 0x00000000f5c00000)
  eden space 10816K,   0% used [0x00000000f0a00000, 0x00000000f0a00000, 0x00000000f1490000)
  from space 1280K,  76% used [0x00000000f1490000, 0x00000000f1585070, 0x00000000f15d0000)
  to   space 1280K,   0% used [0x00000000f15d0000, 0x00000000f15d0000, 0x00000000f1710000)
 tenured generation   total 26584K, used 22668K [0x00000000f5c00000, 0x00000000f75f6000, 0x0000000100000000)
   the space 26584K,  85% used [0x00000000f5c00000, 0x00000000f7223078, 0x00000000f7223200, 0x00000000f75f6000)
 Metaspace       used 57265K, capacity 59486K, committed 59776K, reserved 1101824K
  class space    used 7784K, capacity 8221K, committed 8320K, reserved 1048576K
}
Event: 11.878 GC heap before
{Heap before GC invocations=106 (full 3):
 def new generation   total 12096K, used 11796K [0x00000000f0a00000, 0x00000000f1710000, 0x00000000f5c00000)
  eden space 10816K, 100% used [0x00000000f0a00000, 0x00000000f1490000, 0x00000000f1490000)
  from space 1280K,  76% used [0x00000000f1490000, 0x00000000f1585070, 0x00000000f15d0000)
  to   space 1280K,   0% used [0x00000000f15d0000, 0x00000000f15d0000, 0x00000000f1710000)
 tenured generation   total 26584K, used 22668K [0x00000000f5c00000, 0x00000000f75f6000, 0x0000000100000000)
   the space 26584K,  85% used [0x00000000f5c00000, 0x00000000f7223078, 0x00000000f7223200, 0x00000000f75f6000)
 Metaspace       used 57907K, capacity 60114K, committed 60416K, reserved 1101824K
  class space    used 7895K, capacity 8323K, committed 8448K, reserved 1048576K
Event: 11.882 GC heap after
Heap after GC invocations=107 (full 3):
 def new generation   total 12096K, used 893K [0x00000000f0a00000, 0x00000000f1710000, 0x00000000f5c00000)
  eden space 10816K,   0% used [0x00000000f0a00000, 0x00000000f0a00000, 0x00000000f1490000)
  from space 1280K,  69% used [0x00000000f15d0000, 0x00000000f16af478, 0x00000000f1710000)
  to   space 1280K,   0% used [0x00000000f1490000, 0x00000000f1490000, 0x00000000f15d0000)
 tenured generation   total 26584K, used 22896K [0x00000000f5c00000, 0x00000000f75f6000, 0x0000000100000000)
   the space 26584K,  86% used [0x00000000f5c00000, 0x00000000f725c290, 0x00000000f725c400, 0x00000000f75f6000)
 Metaspace       used 57907K, capacity 60114K, committed 60416K, reserved 1101824K
  class space    used 7895K, capacity 8323K, committed 8448K, reserved 1048576K
}
Event: 11.978 GC heap before
{Heap before GC invocations=107 (full 3):
 def new generation   total 12096K, used 11709K [0x00000000f0a00000, 0x00000000f1710000, 0x00000000f5c00000)
  eden space 10816K, 100% used [0x00000000f0a00000, 0x00000000f1490000, 0x00000000f1490000)
  from space 1280K,  69% used [0x00000000f15d0000, 0x00000000f16af478, 0x00000000f1710000)
  to   space 1280K,   0% used [0x00000000f1490000, 0x00000000f1490000, 0x00000000f15d0000)
 tenured generation   total 26584K, used 22896K [0x00000000f5c00000, 0x00000000f75f6000, 0x0000000100000000)
   the space 26584K,  86% used [0x00000000f5c00000, 0x00000000f725c290, 0x00000000f725c400, 0x00000000f75f6000)
 Metaspace       used 58059K, capacity 60278K, committed 60672K, reserved 1101824K
  class space    used 7920K, capacity 8357K, committed 8448K, reserved 1048576K
Event: 11.982 GC heap after
Heap after GC invocations=108 (full 3):
 def new generation   total 12096K, used 418K [0x00000000f0a00000, 0x00000000f1710000, 0x00000000f5c00000)
  eden space 10816K,   0% used [0x00000000f0a00000, 0x00000000f0a00000, 0x00000000f1490000)
  from space 1280K,  32% used [0x00000000f1490000, 0x00000000f14f8848, 0x00000000f15d0000)
  to   space 1280K,   0% used [0x00000000f15d0000, 0x00000000f15d0000, 0x00000000f1710000)
 tenured generation   total 26584K, used 23143K [0x00000000f5c00000, 0x00000000f75f6000, 0x0000000100000000)
   the space 26584K,  87% used [0x00000000f5c00000, 0x00000000f7299ef8, 0x00000000f729a000, 0x00000000f75f6000)
 Metaspace       used 58059K, capacity 60278K, committed 60672K, reserved 1101824K
  class space    used 7920K, capacity 8357K, committed 8448K, reserved 1048576K
}
Event: 12.080 GC heap before
{Heap before GC invocations=108 (full 3):
 def new generation   total 12096K, used 11234K [0x00000000f0a00000, 0x00000000f1710000, 0x00000000f5c00000)
  eden space 10816K, 100% used [0x00000000f0a00000, 0x00000000f1490000, 0x00000000f1490000)
  from space 1280K,  32% used [0x00000000f1490000, 0x00000000f14f8848, 0x00000000f15d0000)
  to   space 1280K,   0% used [0x00000000f15d0000, 0x00000000f15d0000, 0x00000000f1710000)
 tenured generation   total 26584K, used 23143K [0x00000000f5c00000, 0x00000000f75f6000, 0x0000000100000000)
   the space 26584K,  87% used [0x00000000f5c00000, 0x00000000f7299ef8, 0x00000000f729a000, 0x00000000f75f6000)
 Metaspace       used 58145K, capacity 60366K, committed 60672K, reserved 1101824K
  class space    used 7941K, capacity 8361K, committed 8448K, reserved 1048576K
Event: 12.084 GC heap after
Heap after GC invocations=109 (full 3):
 def new generation   total 12096K, used 667K [0x00000000f0a00000, 0x00000000f1710000, 0x00000000f5c00000)
  eden space 10816K,   0% used [0x00000000f0a00000, 0x00000000f0a00000, 0x00000000f1490000)
  from space 1280K,  52% used [0x00000000f15d0000, 0x00000000f1676df0, 0x00000000f1710000)
  to   space 1280K,   0% used [0x00000000f1490000, 0x00000000f1490000, 0x00000000f15d0000)
 tenured generation   total 26584K, used 23143K [0x00000000f5c00000, 0x00000000f75f6000, 0x0000000100000000)
   the space 26584K,  87% used [0x00000000f5c00000, 0x00000000f7299ef8, 0x00000000f729a000, 0x00000000f75f6000)
 Metaspace       used 58145K, capacity 60366K, committed 60672K, reserved 1101824K
  class space    used 7941K, capacity 8361K, committed 8448K, reserved 1048576K
}
Event: 12.174 GC heap before
{Heap before GC invocations=109 (full 3):
 def new generation   total 12096K, used 11483K [0x00000000f0a00000, 0x00000000f1710000, 0x00000000f5c00000)
  eden space 10816K, 100% used [0x00000000f0a00000, 0x00000000f1490000, 0x00000000f1490000)
  from space 1280K,  52% used [0x00000000f15d0000, 0x00000000f1676df0, 0x00000000f1710000)
  to   space 1280K,   0% used [0x00000000f1490000, 0x00000000f1490000, 0x00000000f15d0000)
 tenured generation   total 26584K, used 23143K [0x00000000f5c00000, 0x00000000f75f6000, 0x0000000100000000)
   the space 26584K,  87% used [0x00000000f5c00000, 0x00000000f7299ef8, 0x00000000f729a000, 0x00000000f75f6000)
 Metaspace       used 58261K, capacity 60464K, committed 60672K, reserved 1101824K
  class space    used 7960K, capacity 8394K, committed 8448K, reserved 1048576K
Event: 12.179 GC heap after
Heap after GC invocations=110 (full 3):
 def new generation   total 12096K, used 698K [0x00000000f0a00000, 0x00000000f1710000, 0x00000000f5c00000)
  eden space 10816K,   0% used [0x00000000f0a00000, 0x00000000f0a00000, 0x00000000f1490000)
  from space 1280K,  54% used [0x00000000f1490000, 0x00000000f153eae0, 0x00000000f15d0000)
  to   space 1280K,   0% used [0x00000000f15d0000, 0x00000000f15d0000, 0x00000000f1710000)
 tenured generation   total 26584K, used 23417K [0x00000000f5c00000, 0x00000000f75f6000, 0x0000000100000000)
   the space 26584K,  88% used [0x00000000f5c00000, 0x00000000f72de708, 0x00000000f72de800, 0x00000000f75f6000)
 Metaspace       used 58261K, capacity 60464K, committed 60672K, reserved 1101824K
  class space    used 7960K, capacity 8394K, committed 8448K, reserved 1048576K
}
Event: 12.307 GC heap before
{Heap before GC invocations=110 (full 3):
 def new generation   total 12096K, used 11514K [0x00000000f0a00000, 0x00000000f1710000, 0x00000000f5c00000)
  eden space 10816K, 100% used [0x00000000f0a00000, 0x00000000f1490000, 0x00000000f1490000)
  from space 1280K,  54% used [0x00000000f1490000, 0x00000000f153eae0, 0x00000000f15d0000)
  to   space 1280K,   0% used [0x00000000f15d0000, 0x00000000f15d0000, 0x00000000f1710000)
 tenured generation   total 26584K, used 23417K [0x00000000f5c00000, 0x00000000f75f6000, 0x0000000100000000)
   the space 26584K,  88% used [0x00000000f5c00000, 0x00000000f72de708, 0x00000000f72de800, 0x00000000f75f6000)
 Metaspace       used 58719K, capacity 60880K, committed 61184K, reserved 1101824K
  class space    used 8012K, capacity 8426K, committed 8448K, reserved 1048576K
Event: 12.312 GC heap after
Heap after GC invocations=111 (full 3):
 def new generation   total 12096K, used 1047K [0x00000000f0a00000, 0x00000000f1710000, 0x00000000f5c00000)
  eden space 10816K,   0% used [0x00000000f0a00000, 0x00000000f0a00000, 0x00000000f1490000)
  from space 1280K,  81% used [0x00000000f15d0000, 0x00000000f16d5f60, 0x00000000f1710000)
  to   space 1280K,   0% used [0x00000000f1490000, 0x00000000f1490000, 0x00000000f15d0000)
 tenured generation   total 26584K, used 23724K [0x00000000f5c00000, 0x00000000f75f6000, 0x0000000100000000)
   the space 26584K,  89% used [0x00000000f5c00000, 0x00000000f732b0e8, 0x00000000f732b200, 0x00000000f75f6000)
 Metaspace       used 58719K, capacity 60880K, committed 61184K, reserved 1101824K
  class space    used 8012K, capacity 8426K, committed 8448K, reserved 1048576K
}
Event: 12.465 GC heap before
{Heap before GC invocations=111 (full 3):
 def new generation   total 12096K, used 11863K [0x00000000f0a00000, 0x00000000f1710000, 0x00000000f5c00000)
  eden space 10816K, 100% used [0x00000000f0a00000, 0x00000000f1490000, 0x00000000f1490000)
  from space 1280K,  81% used [0x00000000f15d0000, 0x00000000f16d5f60, 0x00000000f1710000)
  to   space 1280K,   0% used [0x00000000f1490000, 0x00000000f1490000, 0x00000000f15d0000)
 tenured generation   total 26584K, used 23724K [0x00000000f5c00000, 0x00000000f75f6000, 0x0000000100000000)
   the space 26584K,  89% used [0x00000000f5c00000, 0x00000000f732b0e8, 0x00000000f732b200, 0x00000000f75f6000)
 Metaspace       used 58995K, capacity 61544K, committed 61824K, reserved 1101824K
  class space    used 8068K, capacity 8540K, committed 8576K, reserved 1048576K
Event: 12.470 GC heap after
Heap after GC invocations=112 (full 3):
 def new generation   total 12096K, used 392K [0x00000000f0a00000, 0x00000000f1710000, 0x00000000f5c00000)
  eden space 10816K,   0% used [0x00000000f0a00000, 0x00000000f0a00000, 0x00000000f1490000)
  from space 1280K,  30% used [0x00000000f1490000, 0x00000000f14f20b0, 0x00000000f15d0000)
  to   space 1280K,   0% used [0x00000000f15d0000, 0x00000000f15d0000, 0x00000000f1710000)
 tenured generation   total 26584K, used 24523K [0x00000000f5c00000, 0x00000000f75f6000, 0x0000000100000000)
   the space 26584K,  92% used [0x00000000f5c00000, 0x00000000f73f2d38, 0x00000000f73f2e00, 0x00000000f75f6000)
 Metaspace       used 58995K, capacity 61544K, committed 61824K, reserved 1101824K
  class space    used 8068K, capacity 8540K, committed 8576K, reserved 1048576K
}
Event: 12.572 GC heap before
{Heap before GC invocations=112 (full 3):
 def new generation   total 12096K, used 11208K [0x00000000f0a00000, 0x00000000f1710000, 0x00000000f5c00000)
  eden space 10816K, 100% used [0x00000000f0a00000, 0x00000000f1490000, 0x00000000f1490000)
  from space 1280K,  30% used [0x00000000f1490000, 0x00000000f14f20b0, 0x00000000f15d0000)
  to   space 1280K,   0% used [0x00000000f15d0000, 0x00000000f15d0000, 0x00000000f1710000)
 tenured generation   total 26584K, used 24523K [0x00000000f5c00000, 0x00000000f75f6000, 0x0000000100000000)
   the space 26584K,  92% used [0x00000000f5c00000, 0x00000000f73f2d38, 0x00000000f73f2e00, 0x00000000f75f6000)
 Metaspace       used 59164K, capacity 61672K, committed 61824K, reserved 1101824K
  class space    used 8091K, capacity 8540K, committed 8576K, reserved 1048576K
Event: 12.578 GC heap after
Heap after GC invocations=113 (full 3):
 def new generation   total 12096K, used 838K [0x00000000f0a00000, 0x00000000f1710000, 0x00000000f5c00000)
  eden space 10816K,   0% used [0x00000000f0a00000, 0x00000000f0a00000, 0x00000000f1490000)
  from space 1280K,  65% used [0x00000000f15d0000, 0x00000000f16a1b50, 0x00000000f1710000)
  to   space 1280K,   0% used [0x00000000f1490000, 0x00000000f1490000, 0x00000000f15d0000)
 tenured generation   total 26584K, used 24523K [0x00000000f5c00000, 0x00000000f75f6000, 0x0000000100000000)
   the space 26584K,  92% used [0x00000000f5c00000, 0x00000000f73f2d38, 0x00000000f73f2e00, 0x00000000f75f6000)
 Metaspace       used 59164K, capacity 61672K, committed 61824K, reserved 1101824K
  class space    used 8091K, capacity 8540K, committed 8576K, reserved 1048576K
}
Event: 12.697 GC heap before
{Heap before GC invocations=113 (full 3):
 def new generation   total 12096K, used 11654K [0x00000000f0a00000, 0x00000000f1710000, 0x00000000f5c00000)
  eden space 10816K, 100% used [0x00000000f0a00000, 0x00000000f1490000, 0x00000000f1490000)
  from space 1280K,  65% used [0x00000000f15d0000, 0x00000000f16a1b50, 0x00000000f1710000)
  to   space 1280K,   0% used [0x00000000f1490000, 0x00000000f1490000, 0x00000000f15d0000)
 tenured generation   total 26584K, used 24523K [0x00000000f5c00000, 0x00000000f75f6000, 0x0000000100000000)
   the space 26584K,  92% used [0x00000000f5c00000, 0x00000000f73f2d38, 0x00000000f73f2e00, 0x00000000f75f6000)
 Metaspace       used 59257K, capacity 61782K, committed 61824K, reserved 1101824K
  class space    used 8103K, capacity 8575K, committed 8576K, reserved 1048576K
Event: 12.702 GC heap after
Heap after GC invocations=114 (full 3):
 def new generation   total 12096K, used 844K [0x00000000f0a00000, 0x00000000f1710000, 0x00000000f5c00000)
  eden space 10816K,   0% used [0x00000000f0a00000, 0x00000000f0a00000, 0x00000000f1490000)
  from space 1280K,  66% used [0x00000000f1490000, 0x00000000f15633b8, 0x00000000f15d0000)
  to   space 1280K,   0% used [0x00000000f15d0000, 0x00000000f15d0000, 0x00000000f1710000)
 tenured generation   total 26584K, used 24872K [0x00000000f5c00000, 0x00000000f75f6000, 0x0000000100000000)
   the space 26584K,  93% used [0x00000000f5c00000, 0x00000000f744a3d0, 0x00000000f744a400, 0x00000000f75f6000)
 Metaspace       used 59257K, capacity 61782K, committed 61824K, reserved 1101824K
  class space    used 8103K, capacity 8575K, committed 8576K, reserved 1048576K
}
Event: 12.822 GC heap before
{Heap before GC invocations=114 (full 3):
 def new generation   total 12096K, used 11660K [0x00000000f0a00000, 0x00000000f1710000, 0x00000000f5c00000)
  eden space 10816K, 100% used [0x00000000f0a00000, 0x00000000f1490000, 0x00000000f1490000)
  from space 1280K,  66% used [0x00000000f1490000, 0x00000000f15633b8, 0x00000000f15d0000)
  to   space 1280K,   0% used [0x00000000f15d0000, 0x00000000f15d0000, 0x00000000f1710000)
 tenured generation   total 26584K, used 24872K [0x00000000f5c00000, 0x00000000f75f6000, 0x0000000100000000)
   the space 26584K,  93% used [0x00000000f5c00000, 0x00000000f744a3d0, 0x00000000f744a400, 0x00000000f75f6000)
 Metaspace       used 59479K, capacity 62002K, committed 62208K, reserved 1103872K
  class space    used 8130K, capacity 8581K, committed 8704K, reserved 1048576K
Event: 12.827 GC heap after
Heap after GC invocations=115 (full 3):
 def new generation   total 12096K, used 976K [0x00000000f0a00000, 0x00000000f1710000, 0x00000000f5c00000)
  eden space 10816K,   0% used [0x00000000f0a00000, 0x00000000f0a00000, 0x00000000f1490000)
  from space 1280K,  76% used [0x00000000f15d0000, 0x00000000f16c4130, 0x00000000f1710000)
  to   space 1280K,   0% used [0x00000000f1490000, 0x00000000f1490000, 0x00000000f15d0000)
 tenured generation   total 26584K, used 25259K [0x00000000f5c00000, 0x00000000f75f6000, 0x0000000100000000)
   the space 26584K,  95% used [0x00000000f5c00000, 0x00000000f74aad60, 0x00000000f74aae00, 0x00000000f75f6000)
 Metaspace       used 59479K, capacity 62002K, committed 62208K, reserved 1103872K
  class space    used 8130K, capacity 8581K, committed 8704K, reserved 1048576K
}
Event: 12.928 GC heap before
{Heap before GC invocations=115 (full 3):
 def new generation   total 12096K, used 11792K [0x00000000f0a00000, 0x00000000f1710000, 0x00000000f5c00000)
  eden space 10816K, 100% used [0x00000000f0a00000, 0x00000000f1490000, 0x00000000f1490000)
  from space 1280K,  76% used [0x00000000f15d0000, 0x00000000f16c4130, 0x00000000f1710000)
  to   space 1280K,   0% used [0x00000000f1490000, 0x00000000f1490000, 0x00000000f15d0000)
 tenured generation   total 26584K, used 25259K [0x00000000f5c00000, 0x00000000f75f6000, 0x0000000100000000)
   the space 26584K,  95% used [0x00000000f5c00000, 0x00000000f74aad60, 0x00000000f74aae00, 0x00000000f75f6000)
 Metaspace       used 59618K, capacity 62180K, committed 62464K, reserved 1103872K
  class space    used 8148K, capacity 8616K, committed 8704K, reserved 1048576K
Event: 12.933 GC heap after
Heap after GC invocations=116 (full 3):
 def new generation   total 12096K, used 775K [0x00000000f0a00000, 0x00000000f1710000, 0x00000000f5c00000)
  eden space 10816K,   0% used [0x00000000f0a00000, 0x00000000f0a00000, 0x00000000f1490000)
  from space 1280K,  60% used [0x00000000f1490000, 0x00000000f1551db8, 0x00000000f15d0000)
  to   space 1280K,   0% used [0x00000000f15d0000, 0x00000000f15d0000, 0x00000000f1710000)
 tenured generation   total 26584K, used 25679K [0x00000000f5c00000, 0x00000000f75f6000, 0x0000000100000000)
   the space 26584K,  96% used [0x00000000f5c00000, 0x00000000f7513d38, 0x00000000f7513e00, 0x00000000f75f6000)
 Metaspace       used 59618K, capacity 62180K, committed 62464K, reserved 1103872K
  class space    used 8148K, capacity 8616K, committed 8704K, reserved 1048576K
}
Event: 13.048 GC heap before
{Heap before GC invocations=116 (full 3):
 def new generation   total 12096K, used 11591K [0x00000000f0a00000, 0x00000000f1710000, 0x00000000f5c00000)
  eden space 10816K, 100% used [0x00000000f0a00000, 0x00000000f1490000, 0x00000000f1490000)
  from space 1280K,  60% used [0x00000000f1490000, 0x00000000f1551db8, 0x00000000f15d0000)
  to   space 1280K,   0% used [0x00000000f15d0000, 0x00000000f15d0000, 0x00000000f1710000)
 tenured generation   total 26584K, used 25679K [0x00000000f5c00000, 0x00000000f75f6000, 0x0000000100000000)
   the space 26584K,  96% used [0x00000000f5c00000, 0x00000000f7513d38, 0x00000000f7513e00, 0x00000000f75f6000)
 Metaspace       used 59863K, capacity 62412K, committed 62720K, reserved 1103872K
  class space    used 8179K, capacity 8650K, committed 8704K, reserved 1048576K
Event: 13.059 GC heap after
Heap after GC invocations=117 (full 3):
 def new generation   total 12096K, used 1236K [0x00000000f0a00000, 0x00000000f1710000, 0x00000000f5c00000)
  eden space 10816K,   0% used [0x00000000f0a00000, 0x00000000f0a00000, 0x00000000f1490000)
  from space 1280K,  96% used [0x00000000f15d0000, 0x00000000f1705180, 0x00000000f1710000)
  to   space 1280K,   0% used [0x00000000f1490000, 0x00000000f1490000, 0x00000000f15d0000)
 tenured generation   total 26584K, used 26070K [0x00000000f5c00000, 0x00000000f75f6000, 0x0000000100000000)
   the space 26584K,  98% used [0x00000000f5c00000, 0x00000000f75758a8, 0x00000000f7575a00, 0x00000000f75f6000)
 Metaspace       used 59863K, capacity 62412K, committed 62720K, reserved 1103872K
  class space    used 8179K, capacity 8650K, committed 8704K, reserved 1048576K
}
Event: 13.176 GC heap before
{Heap before GC invocations=117 (full 3):
 def new generation   total 12096K, used 12052K [0x00000000f0a00000, 0x00000000f1710000, 0x00000000f5c00000)
  eden space 10816K, 100% used [0x00000000f0a00000, 0x00000000f1490000, 0x00000000f1490000)
  from space 1280K,  96% used [0x00000000f15d0000, 0x00000000f1705180, 0x00000000f1710000)
  to   space 1280K,   0% used [0x00000000f1490000, 0x00000000f1490000, 0x00000000f15d0000)
 tenured generation   total 26584K, used 26070K [0x00000000f5c00000, 0x00000000f75f6000, 0x0000000100000000)
   the space 26584K,  98% used [0x00000000f5c00000, 0x00000000f75758a8, 0x00000000f7575a00, 0x00000000f75f6000)
 Metaspace       used 60226K, capacity 62798K, committed 63104K, reserved 1103872K
  class space    used 8246K, capacity 8715K, committed 8832K, reserved 1048576K
Event: 13.276 GC heap after
Heap after GC invocations=118 (full 4):
 def new generation   total 19008K, used 0K [0x00000000f0a00000, 0x00000000f1e90000, 0x00000000f5c00000)
  eden space 16960K,   0% used [0x00000000f0a00000, 0x00000000f0a00000, 0x00000000f1a90000)
  from space 2048K,   0% used [0x00000000f1a90000, 0x00000000f1a90000, 0x00000000f1c90000)
  to   space 2048K,   0% used [0x00000000f1c90000, 0x00000000f1c90000, 0x00000000f1e90000)
 tenured generation   total 41964K, used 25177K [0x00000000f5c00000, 0x00000000f84fb000, 0x0000000100000000)
   the space 41964K,  59% used [0x00000000f5c00000, 0x00000000f7496580, 0x00000000f7496600, 0x00000000f84fb000)
 Metaspace       used 60226K, capacity 62798K, committed 63104K, reserved 1103872K
  class space    used 8246K, capacity 8715K, committed 8832K, reserved 1048576K
}
Event: 13.506 GC heap before
{Heap before GC invocations=118 (full 4):
 def new generation   total 19008K, used 16960K [0x00000000f0a00000, 0x00000000f1e90000, 0x00000000f5c00000)
  eden space 16960K, 100% used [0x00000000f0a00000, 0x00000000f1a90000, 0x00000000f1a90000)
  from space 2048K,   0% used [0x00000000f1a90000, 0x00000000f1a90000, 0x00000000f1c90000)
  to   space 2048K,   0% used [0x00000000f1c90000, 0x00000000f1c90000, 0x00000000f1e90000)
 tenured generation   total 41964K, used 25177K [0x00000000f5c00000, 0x00000000f84fb000, 0x0000000100000000)
   the space 41964K,  59% used [0x00000000f5c00000, 0x00000000f7496580, 0x00000000f7496600, 0x00000000f84fb000)
 Metaspace       used 60570K, capacity 63214K, committed 63360K, reserved 1103872K
  class space    used 8323K, capacity 8795K, committed 8832K, reserved 1048576K
Event: 13.511 GC heap after
Heap after GC invocations=119 (full 4):
 def new generation   total 19008K, used 1152K [0x00000000f0a00000, 0x00000000f1e90000, 0x00000000f5c00000)
  eden space 16960K,   0% used [0x00000000f0a00000, 0x00000000f0a00000, 0x00000000f1a90000)
  from space 2048K,  56% used [0x00000000f1c90000, 0x00000000f1db02b8, 0x00000000f1e90000)
  to   space 2048K,   0% used [0x00000000f1a90000, 0x00000000f1a90000, 0x00000000f1c90000)
 tenured generation   total 41964K, used 25177K [0x00000000f5c00000, 0x00000000f84fb000, 0x0000000100000000)
   the space 41964K,  59% used [0x00000000f5c00000, 0x00000000f7496580, 0x00000000f7496600, 0x00000000f84fb000)
 Metaspace       used 60570K, capacity 63214K, committed 63360K, reserved 1103872K
  class space    used 8323K, capacity 8795K, committed 8832K, reserved 1048576K
}
Event: 13.722 GC heap before
{Heap before GC invocations=119 (full 4):
 def new generation   total 19008K, used 18112K [0x00000000f0a00000, 0x00000000f1e90000, 0x00000000f5c00000)
  eden space 16960K, 100% used [0x00000000f0a00000, 0x00000000f1a90000, 0x00000000f1a90000)
  from space 2048K,  56% used [0x00000000f1c90000, 0x00000000f1db02b8, 0x00000000f1e90000)
  to   space 2048K,   0% used [0x00000000f1a90000, 0x00000000f1a90000, 0x00000000f1c90000)
 tenured generation   total 41964K, used 25177K [0x00000000f5c00000, 0x00000000f84fb000, 0x0000000100000000)
   the space 41964K,  59% used [0x00000000f5c00000, 0x00000000f7496580, 0x00000000f7496600, 0x00000000f84fb000)
 Metaspace       used 60885K, capacity 63536K, committed 63744K, reserved 1103872K
  class space    used 8360K, capacity 8834K, committed 8960K, reserved 1048576K
Event: 13.728 GC heap after
Heap after GC invocations=120 (full 4):
 def new generation   total 19008K, used 811K [0x00000000f0a00000, 0x00000000f1e90000, 0x00000000f5c00000)
  eden space 16960K,   0% used [0x00000000f0a00000, 0x00000000f0a00000, 0x00000000f1a90000)
  from space 2048K,  39% used [0x00000000f1a90000, 0x00000000f1b5af68, 0x00000000f1c90000)
  to   space 2048K,   0% used [0x00000000f1c90000, 0x00000000f1c90000, 0x00000000f1e90000)
 tenured generation   total 41964K, used 25824K [0x00000000f5c00000, 0x00000000f84fb000, 0x0000000100000000)
   the space 41964K,  61% used [0x00000000f5c00000, 0x00000000f7538248, 0x00000000f7538400, 0x00000000f84fb000)
 Metaspace       used 60885K, capacity 63536K, committed 63744K, reserved 1103872K
  class space    used 8360K, capacity 8834K, committed 8960K, reserved 1048576K
}
Event: 13.912 GC heap before
{Heap before GC invocations=120 (full 4):
 def new generation   total 19008K, used 17771K [0x00000000f0a00000, 0x00000000f1e90000, 0x00000000f5c00000)
  eden space 16960K, 100% used [0x00000000f0a00000, 0x00000000f1a90000, 0x00000000f1a90000)
  from space 2048K,  39% used [0x00000000f1a90000, 0x00000000f1b5af68, 0x00000000f1c90000)
  to   space 2048K,   0% used [0x00000000f1c90000, 0x00000000f1c90000, 0x00000000f1e90000)
 tenured generation   total 41964K, used 25824K [0x00000000f5c00000, 0x00000000f84fb000, 0x0000000100000000)
   the space 41964K,  61% used [0x00000000f5c00000, 0x00000000f7538248, 0x00000000f7538400, 0x00000000f84fb000)
 Metaspace       used 61169K, capacity 63880K, committed 64000K, reserved 1103872K
  class space    used 8405K, capacity 8886K, committed 8960K, reserved 1048576K
Event: 13.925 GC heap after
Heap after GC invocations=121 (full 4):
 def new generation   total 19008K, used 1376K [0x00000000f0a00000, 0x00000000f1e90000, 0x00000000f5c00000)
  eden space 16960K,   0% used [0x00000000f0a00000, 0x00000000f0a00000, 0x00000000f1a90000)
  from space 2048K,  67% used [0x00000000f1c90000, 0x00000000f1de8068, 0x00000000f1e90000)
  to   space 2048K,   0% used [0x00000000f1a90000, 0x00000000f1a90000, 0x00000000f1c90000)
 tenured generation   total 41964K, used 25824K [0x00000000f5c00000, 0x00000000f84fb000, 0x0000000100000000)
   the space 41964K,  61% used [0x00000000f5c00000, 0x00000000f7538248, 0x00000000f7538400, 0x00000000f84fb000)
 Metaspace       used 61169K, capacity 63880K, committed 64000K, reserved 1103872K
  class space    used 8405K, capacity 8886K, committed 8960K, reserved 1048576K
}
Event: 14.037 GC heap before
{Heap before GC invocations=121 (full 4):
 def new generation   total 19008K, used 18336K [0x00000000f0a00000, 0x00000000f1e90000, 0x00000000f5c00000)
  eden space 16960K, 100% used [0x00000000f0a00000, 0x00000000f1a90000, 0x00000000f1a90000)
  from space 2048K,  67% used [0x00000000f1c90000, 0x00000000f1de8068, 0x00000000f1e90000)
  to   space 2048K,   0% used [0x00000000f1a90000, 0x00000000f1a90000, 0x00000000f1c90000)
 tenured generation   total 41964K, used 25824K [0x00000000f5c00000, 0x00000000f84fb000, 0x0000000100000000)
   the space 41964K,  61% used [0x00000000f5c00000, 0x00000000f7538248, 0x00000000f7538400, 0x00000000f84fb000)
 Metaspace       used 61244K, capacity 63950K, committed 64256K, reserved 1103872K
  class space    used 8416K, capacity 8887K, committed 8960K, reserved 1048576K
Event: 14.048 GC heap after
Heap after GC invocations=122 (full 4):
 def new generation   total 19008K, used 1051K [0x00000000f0a00000, 0x00000000f1e90000, 0x00000000f5c00000)
  eden space 16960K,   0% used [0x00000000f0a00000, 0x00000000f0a00000, 0x00000000f1a90000)
  from space 2048K,  51% used [0x00000000f1a90000, 0x00000000f1b96c20, 0x00000000f1c90000)
  to   space 2048K,   0% used [0x00000000f1c90000, 0x00000000f1c90000, 0x00000000f1e90000)
 tenured generation   total 41964K, used 26432K [0x00000000f5c00000, 0x00000000f84fb000, 0x0000000100000000)
   the space 41964K,  62% used [0x00000000f5c00000, 0x00000000f75d0290, 0x00000000f75d0400, 0x00000000f84fb000)
 Metaspace       used 61244K, capacity 63950K, committed 64256K, reserved 1103872K
  class space    used 8416K, capacity 8887K, committed 8960K, reserved 1048576K
}
Event: 14.195 GC heap before
{Heap before GC invocations=122 (full 4):
 def new generation   total 19008K, used 18011K [0x00000000f0a00000, 0x00000000f1e90000, 0x00000000f5c00000)
  eden space 16960K, 100% used [0x00000000f0a00000, 0x00000000f1a90000, 0x00000000f1a90000)
  from space 2048K,  51% used [0x00000000f1a90000, 0x00000000f1b96c20, 0x00000000f1c90000)
  to   space 2048K,   0% used [0x00000000f1c90000, 0x00000000f1c90000, 0x00000000f1e90000)
 tenured generation   total 41964K, used 26432K [0x00000000f5c00000, 0x00000000f84fb000, 0x0000000100000000)
   the space 41964K,  62% used [0x00000000f5c00000, 0x00000000f75d0290, 0x00000000f75d0400, 0x00000000f84fb000)
 Metaspace       used 61353K, capacity 64038K, committed 64256K, reserved 1103872K
  class space    used 8427K, capacity 8891K, committed 8960K, reserved 1048576K
Event: 14.203 GC heap after
Heap after GC invocations=123 (full 4):
 def new generation   total 19008K, used 988K [0x00000000f0a00000, 0x00000000f1e90000, 0x00000000f5c00000)
  eden space 16960K,   0% used [0x00000000f0a00000, 0x00000000f0a00000, 0x00000000f1a90000)
  from space 2048K,  48% used [0x00000000f1c90000, 0x00000000f1d87108, 0x00000000f1e90000)
  to   space 2048K,   0% used [0x00000000f1a90000, 0x00000000f1a90000, 0x00000000f1c90000)
 tenured generation   total 41964K, used 27025K [0x00000000f5c00000, 0x00000000f84fb000, 0x0000000100000000)
   the space 41964K,  64% used [0x00000000f5c00000, 0x00000000f7664500, 0x00000000f7664600, 0x00000000f84fb000)
 Metaspace       used 61353K, capacity 64038K, committed 64256K, reserved 1103872K
  class space    used 8427K, capacity 8891K, committed 8960K, reserved 1048576K
}
Event: 14.345 GC heap before
{Heap before GC invocations=123 (full 4):
 def new generation   total 19008K, used 17948K [0x00000000f0a00000, 0x00000000f1e90000, 0x00000000f5c00000)
  eden space 16960K, 100% used [0x00000000f0a00000, 0x00000000f1a90000, 0x00000000f1a90000)
  from space 2048K,  48% used [0x00000000f1c90000, 0x00000000f1d87108, 0x00000000f1e90000)
  to   space 2048K,   0% used [0x00000000f1a90000, 0x00000000f1a90000, 0x00000000f1c90000)
 tenured generation   total 41964K, used 27025K [0x00000000f5c00000, 0x00000000f84fb000, 0x0000000100000000)
   the space 41964K,  64% used [0x00000000f5c00000, 0x00000000f7664500, 0x00000000f7664600, 0x00000000f84fb000)
 Metaspace       used 61450K, capacity 64202K, committed 64256K, reserved 1103872K
  class space    used 8443K, capacity 8925K, committed 8960K, reserved 1048576K
Event: 14.355 GC heap after
Heap after GC invocations=124 (full 4):
 def new generation   total 19008K, used 1821K [0x00000000f0a00000, 0x00000000f1e90000, 0x00000000f5c00000)
  eden space 16960K,   0% used [0x00000000f0a00000, 0x00000000f0a00000, 0x00000000f1a90000)
  from space 2048K,  88% used [0x00000000f1a90000, 0x00000000f1c57410, 0x00000000f1c90000)
  to   space 2048K,   0% used [0x00000000f1c90000, 0x00000000f1c90000, 0x00000000f1e90000)
 tenured generation   total 41964K, used 27025K [0x00000000f5c00000, 0x00000000f84fb000, 0x0000000100000000)
   the space 41964K,  64% used [0x00000000f5c00000, 0x00000000f7664500, 0x00000000f7664600, 0x00000000f84fb000)
 Metaspace       used 61450K, capacity 64202K, committed 64256K, reserved 1103872K
  class space    used 8443K, capacity 8925K, committed 8960K, reserved 1048576K
}
Event: 14.581 GC heap before
{Heap before GC invocations=124 (full 4):
 def new generation   total 19008K, used 18781K [0x00000000f0a00000, 0x00000000f1e90000, 0x00000000f5c00000)
  eden space 16960K, 100% used [0x00000000f0a00000, 0x00000000f1a90000, 0x00000000f1a90000)
  from space 2048K,  88% used [0x00000000f1a90000, 0x00000000f1c57410, 0x00000000f1c90000)
  to   space 2048K,   0% used [0x00000000f1c90000, 0x00000000f1c90000, 0x00000000f1e90000)
 tenured generation   total 41964K, used 27025K [0x00000000f5c00000, 0x00000000f84fb000, 0x0000000100000000)
   the space 41964K,  64% used [0x00000000f5c00000, 0x00000000f7664500, 0x00000000f7664600, 0x00000000f84fb000)
 Metaspace       used 61794K, capacity 64566K, committed 64896K, reserved 1105920K
  class space    used 8485K, capacity 8971K, committed 9088K, reserved 1048576K
Event: 14.596 GC heap after
Heap after GC invocations=125 (full 4):
 def new generation   total 19008K, used 1537K [0x00000000f0a00000, 0x00000000f1e90000, 0x00000000f5c00000)
  eden space 16960K,   0% used [0x00000000f0a00000, 0x00000000f0a00000, 0x00000000f1a90000)
  from space 2048K,  75% used [0x00000000f1c90000, 0x00000000f1e107f0, 0x00000000f1e90000)
  to   space 2048K,   0% used [0x00000000f1a90000, 0x00000000f1a90000, 0x00000000f1c90000)
 tenured generation   total 41964K, used 27987K [0x00000000f5c00000, 0x00000000f84fb000, 0x0000000100000000)
   the space 41964K,  66% used [0x00000000f5c00000, 0x00000000f7754de0, 0x00000000f7754e00, 0x00000000f84fb000)
 Metaspace       used 61794K, capacity 64566K, committed 64896K, reserved 1105920K
  class space    used 8485K, capacity 8971K, committed 9088K, reserved 1048576K
}
Event: 14.834 GC heap before
{Heap before GC invocations=125 (full 4):
 def new generation   total 19008K, used 18497K [0x00000000f0a00000, 0x00000000f1e90000, 0x00000000f5c00000)
  eden space 16960K, 100% used [0x00000000f0a00000, 0x00000000f1a90000, 0x00000000f1a90000)
  from space 2048K,  75% used [0x00000000f1c90000, 0x00000000f1e107f0, 0x00000000f1e90000)
  to   space 2048K,   0% used [0x00000000f1a90000, 0x00000000f1a90000, 0x00000000f1c90000)
 tenured generation   total 41964K, used 27987K [0x00000000f5c00000, 0x00000000f84fb000, 0x0000000100000000)
   the space 41964K,  66% used [0x00000000f5c00000, 0x00000000f7754de0, 0x00000000f7754e00, 0x00000000f84fb000)
 Metaspace       used 62111K, capacity 64930K, committed 65152K, reserved 1105920K
  class space    used 8524K, capacity 9019K, committed 9088K, reserved 1048576K
Event: 14.844 GC heap after
Heap after GC invocations=126 (full 4):
 def new generation   total 19008K, used 944K [0x00000000f0a00000, 0x00000000f1e90000, 0x00000000f5c00000)
  eden space 16960K,   0% used [0x00000000f0a00000, 0x00000000f0a00000, 0x00000000f1a90000)
  from space 2048K,  46% used [0x00000000f1a90000, 0x00000000f1b7c188, 0x00000000f1c90000)
  to   space 2048K,   0% used [0x00000000f1c90000, 0x00000000f1c90000, 0x00000000f1e90000)
 tenured generation   total 41964K, used 28632K [0x00000000f5c00000, 0x00000000f84fb000, 0x0000000100000000)
   the space 41964K,  68% used [0x00000000f5c00000, 0x00000000f77f61f0, 0x00000000f77f6200, 0x00000000f84fb000)
 Metaspace       used 62111K, capacity 64930K, committed 65152K, reserved 1105920K
  class space    used 8524K, capacity 9019K, committed 9088K, reserved 1048576K
}
Event: 15.284 GC heap before
{Heap before GC invocations=126 (full 4):
 def new generation   total 19008K, used 17904K [0x00000000f0a00000, 0x00000000f1e90000, 0x00000000f5c00000)
  eden space 16960K, 100% used [0x00000000f0a00000, 0x00000000f1a90000, 0x00000000f1a90000)
  from space 2048K,  46% used [0x00000000f1a90000, 0x00000000f1b7c188, 0x00000000f1c90000)
  to   space 2048K,   0% used [0x00000000f1c90000, 0x00000000f1c90000, 0x00000000f1e90000)
 tenured generation   total 41964K, used 28632K [0x00000000f5c00000, 0x00000000f84fb000, 0x0000000100000000)
   the space 41964K,  68% used [0x00000000f5c00000, 0x00000000f77f61f0, 0x00000000f77f6200, 0x00000000f84fb000)
 Metaspace       used 63677K, capacity 66684K, committed 66944K, reserved 1107968K
  class space    used 8767K, capacity 9272K, committed 9344K, reserved 1048576K
Event: 15.295 GC heap after
Heap after GC invocations=127 (full 4):
 def new generation   total 19008K, used 2047K [0x00000000f0a00000, 0x00000000f1e90000, 0x00000000f5c00000)
  eden space 16960K,   0% used [0x00000000f0a00000, 0x00000000f0a00000, 0x00000000f1a90000)
  from space 2048K,  99% used [0x00000000f1c90000, 0x00000000f1e8fff8, 0x00000000f1e90000)
  to   space 2048K,   0% used [0x00000000f1a90000, 0x00000000f1a90000, 0x00000000f1c90000)
 tenured generation   total 41964K, used 29095K [0x00000000f5c00000, 0x00000000f84fb000, 0x0000000100000000)
   the space 41964K,  69% used [0x00000000f5c00000, 0x00000000f7869fb8, 0x00000000f786a000, 0x00000000f84fb000)
 Metaspace       used 63677K, capacity 66684K, committed 66944K, reserved 1107968K
  class space    used 8767K, capacity 9272K, committed 9344K, reserved 1048576K
}
Event: 15.587 GC heap before
{Heap before GC invocations=127 (full 4):
 def new generation   total 19008K, used 19007K [0x00000000f0a00000, 0x00000000f1e90000, 0x00000000f5c00000)
  eden space 16960K, 100% used [0x00000000f0a00000, 0x00000000f1a90000, 0x00000000f1a90000)
  from space 2048K,  99% used [0x00000000f1c90000, 0x00000000f1e8fff8, 0x00000000f1e90000)
  to   space 2048K,   0% used [0x00000000f1a90000, 0x00000000f1a90000, 0x00000000f1c90000)
 tenured generation   total 41964K, used 29095K [0x00000000f5c00000, 0x00000000f84fb000, 0x0000000100000000)
   the space 41964K,  69% used [0x00000000f5c00000, 0x00000000f7869fb8, 0x00000000f786a000, 0x00000000f84fb000)
 Metaspace       used 64889K, capacity 67878K, committed 68224K, reserved 1107968K
  class space    used 8978K, capacity 9499K, committed 9600K, reserved 1048576K
Event: 15.642 GC heap after
Heap after GC invocations=128 (full 4):
 def new generation   total 19008K, used 1220K [0x00000000f0a00000, 0x00000000f1e90000, 0x00000000f5c00000)
  eden space 16960K,   0% used [0x00000000f0a00000, 0x00000000f0a00000, 0x00000000f1a90000)
  from space 2048K,  59% used [0x00000000f1a90000, 0x00000000f1bc1038, 0x00000000f1c90000)
  to   space 2048K,   0% used [0x00000000f1c90000, 0x00000000f1c90000, 0x00000000f1e90000)
 tenured generation   total 41964K, used 30536K [0x00000000f5c00000, 0x00000000f84fb000, 0x0000000100000000)
   the space 41964K,  72% used [0x00000000f5c00000, 0x00000000f79d23e8, 0x00000000f79d2400, 0x00000000f84fb000)
 Metaspace       used 64889K, capacity 67878K, committed 68224K, reserved 1107968K
  class space    used 8978K, capacity 9499K, committed 9600K, reserved 1048576K
}

