# JRE version: OpenJDK Runtime Environment (8.0_265-b01) (build 1.8.0_265-b01)
# Java VM: OpenJDK 64-Bit Server VM (25.265-b01 mixed mode linux-amd64 compressed oops)
Heap:
 def new generation   total 19072K, used 12365K [0x00000000f0a00000, 0x00000000f1eb0000, 0x00000000f5c00000)
  eden space 16960K,  65% used [0x00000000f0a00000, 0x00000000f14df2e8, 0x00000000f1a90000)
  from space 2112K,  58% used [0x00000000f1ca0000, 0x00000000f1dd42b0, 0x00000000f1eb0000)
  to   space 2112K,   0% used [0x00000000f1a90000, 0x00000000f1a90000, 0x00000000f1ca0000)
 tenured generation   total 42204K, used 33497K [0x00000000f5c00000, 0x00000000f8537000, 0x0000000100000000)
   the space 42204K,  79% used [0x00000000f5c00000, 0x00000000f7cb6638, 0x00000000f7cb6800, 0x00000000f8537000)
 Metaspace       used 65416K, capacity 68422K, committed 68480K, reserved 1107968K
  class space    used 9033K, capacity 9543K, committed 9600K, reserved 1048576K
GC Heap History (250 events):
Event: 1.462 GC heap before
{Heap before GC invocations=9 (full 0):
 def new generation   total 4928K, used 4788K [0x00000000f0a00000, 0x00000000f0f50000, 0x00000000f5c00000)
  eden space 4416K,  99% used [0x00000000f0a00000, 0x00000000f0e4ca20, 0x00000000f0e50000)
  from space 512K,  75% used [0x00000000f0ed0000, 0x00000000f0f305f0, 0x00000000f0f50000)
  to   space 512K,   0% used [0x00000000f0e50000, 0x00000000f0e50000, 0x00000000f0ed0000)
 tenured generation   total 10944K, used 3877K [0x00000000f5c00000, 0x00000000f66b0000, 0x0000000100000000)
   the space 10944K,  35% used [0x00000000f5c00000, 0x00000000f5fc96b0, 0x00000000f5fc9800, 0x00000000f66b0000)
 Metaspace       used 11831K, capacity 12064K, committed 12288K, reserved 1060864K
  class space    used 1409K, capacity 1518K, committed 1536K, reserved 1048576K
Event: 1.464 GC heap after
Heap after GC invocations=10 (full 0):
 def new generation   total 4928K, used 468K [0x00000000f0a00000, 0x00000000f0f50000, 0x00000000f5c00000)
  eden space 4416K,   0% used [0x00000000f0a00000, 0x00000000f0a00000, 0x00000000f0e50000)
  from space 512K,  91% used [0x00000000f0e50000, 0x00000000f0ec5018, 0x00000000f0ed0000)
  to   space 512K,   0% used [0x00000000f0ed0000, 0x00000000f0ed0000, 0x00000000f0f50000)
 tenured generation   total 10944K, used 3970K [0x00000000f5c00000, 0x00000000f66b0000, 0x0000000100000000)
   the space 10944K,  36% used [0x00000000f5c00000, 0x00000000f5fe09c0, 0x00000000f5fe0a00, 0x00000000f66b0000)
 Metaspace       used 11831K, capacity 12064K, committed 12288K, reserved 1060864K
  class space    used 1409K, capacity 1518K, committed 1536K, reserved 1048576K
}
Event: 1.518 GC heap before
{Heap before GC invocations=10 (full 0):
 def new generation   total 4928K, used 4884K [0x00000000f0a00000, 0x00000000f0f50000, 0x00000000f5c00000)
  eden space 4416K, 100% used [0x00000000f0a00000, 0x00000000f0e50000, 0x00000000f0e50000)
  from space 512K,  91% used [0x00000000f0e50000, 0x00000000f0ec5018, 0x00000000f0ed0000)
  to   space 512K,   0% used [0x00000000f0ed0000, 0x00000000f0ed0000, 0x00000000f0f50000)
 tenured generation   total 10944K, used 3970K [0x00000000f5c00000, 0x00000000f66b0000, 0x0000000100000000)
   the space 10944K,  36% used [0x00000000f5c00000, 0x00000000f5fe09c0, 0x00000000f5fe0a00, 0x00000000f66b0000)
 Metaspace       used 12230K, capacity 12512K, committed 12672K, reserved 1060864K
  class space    used 1467K, capacity 1558K, committed 1664K, reserved 1048576K
Event: 1.519 GC heap after
Heap after GC invocations=11 (full 0):
 def new generation   total 4928K, used 419K [0x00000000f0a00000, 0x00000000f0f50000, 0x00000000f5c00000)
  eden space 4416K,   0% used [0x00000000f0a00000, 0x00000000f0a00000, 0x00000000f0e50000)
  from space 512K,  81% used [0x00000000f0ed0000, 0x00000000f0f38e28, 0x00000000f0f50000)
  to   space 512K,   0% used [0x00000000f0e50000, 0x00000000f0e50000, 0x00000000f0ed0000)
 tenured generation   total 10944K, used 4157K [0x00000000f5c00000, 0x00000000f66b0000, 0x0000000100000000)
   the space 10944K,  37% used [0x00000000f5c00000, 0x00000000f600f6a0, 0x00000000f600f800, 0x00000000f66b0000)
 Metaspace       used 12230K, capacity 12512K, committed 12672K, reserved 1060864K
  class space    used 1467K, capacity 1558K, committed 1664K, reserved 1048576K
}
Event: 1.567 GC heap before
{Heap before GC invocations=11 (full 0):
 def new generation   total 4928K, used 4835K [0x00000000f0a00000, 0x00000000f0f50000, 0x00000000f5c00000)
  eden space 4416K, 100% used [0x00000000f0a00000, 0x00000000f0e50000, 0x00000000f0e50000)
  from space 512K,  81% used [0x00000000f0ed0000, 0x00000000f0f38e28, 0x00000000f0f50000)
  to   space 512K,   0% used [0x00000000f0e50000, 0x00000000f0e50000, 0x00000000f0ed0000)
 tenured generation   total 10944K, used 4157K [0x00000000f5c00000, 0x00000000f66b0000, 0x0000000100000000)
   the space 10944K,  37% used [0x00000000f5c00000, 0x00000000f600f6a0, 0x00000000f600f800, 0x00000000f66b0000)
 Metaspace       used 12809K, capacity 13126K, committed 13184K, reserved 1060864K
  class space    used 1525K, capacity 1655K, committed 1664K, reserved 1048576K
Event: 1.568 GC heap after
Heap after GC invocations=12 (full 0):
 def new generation   total 4928K, used 404K [0x00000000f0a00000, 0x00000000f0f50000, 0x00000000f5c00000)
  eden space 4416K,   0% used [0x00000000f0a00000, 0x00000000f0a00000, 0x00000000f0e50000)
  from space 512K,  78% used [0x00000000f0e50000, 0x00000000f0eb50d8, 0x00000000f0ed0000)
  to   space 512K,   0% used [0x00000000f0ed0000, 0x00000000f0ed0000, 0x00000000f0f50000)
 tenured generation   total 10944K, used 4234K [0x00000000f5c00000, 0x00000000f66b0000, 0x0000000100000000)
   the space 10944K,  38% used [0x00000000f5c00000, 0x00000000f6022a68, 0x00000000f6022c00, 0x00000000f66b0000)
 Metaspace       used 12809K, capacity 13126K, committed 13184K, reserved 1060864K
  class space    used 1525K, capacity 1655K, committed 1664K, reserved 1048576K
}
Event: 1.656 GC heap before
{Heap before GC invocations=12 (full 0):
 def new generation   total 4928K, used 4820K [0x00000000f0a00000, 0x00000000f0f50000, 0x00000000f5c00000)
  eden space 4416K, 100% used [0x00000000f0a00000, 0x00000000f0e50000, 0x00000000f0e50000)
  from space 512K,  78% used [0x00000000f0e50000, 0x00000000f0eb50d8, 0x00000000f0ed0000)
  to   space 512K,   0% used [0x00000000f0ed0000, 0x00000000f0ed0000, 0x00000000f0f50000)
 tenured generation   total 10944K, used 4234K [0x00000000f5c00000, 0x00000000f66b0000, 0x0000000100000000)
   the space 10944K,  38% used [0x00000000f5c00000, 0x00000000f6022a68, 0x00000000f6022c00, 0x00000000f66b0000)
 Metaspace       used 13594K, capacity 13872K, committed 14080K, reserved 1060864K
  class space    used 1617K, capacity 1730K, committed 1792K, reserved 1048576K
Event: 1.657 GC heap after
Heap after GC invocations=13 (full 0):
 def new generation   total 4928K, used 437K [0x00000000f0a00000, 0x00000000f0f50000, 0x00000000f5c00000)
  eden space 4416K,   0% used [0x00000000f0a00000, 0x00000000f0a00000, 0x00000000f0e50000)
  from space 512K,  85% used [0x00000000f0ed0000, 0x00000000f0f3d560, 0x00000000f0f50000)
  to   space 512K,   0% used [0x00000000f0e50000, 0x00000000f0e50000, 0x00000000f0ed0000)
 tenured generation   total 10944K, used 4387K [0x00000000f5c00000, 0x00000000f66b0000, 0x0000000100000000)
   the space 10944K,  40% used [0x00000000f5c00000, 0x00000000f6048fe0, 0x00000000f6049000, 0x00000000f66b0000)
 Metaspace       used 13594K, capacity 13872K, committed 14080K, reserved 1060864K
  class space    used 1617K, capacity 1730K, committed 1792K, reserved 1048576K
}
Event: 1.712 GC heap before
{Heap before GC invocations=13 (full 0):
 def new generation   total 4928K, used 4853K [0x00000000f0a00000, 0x00000000f0f50000, 0x00000000f5c00000)
  eden space 4416K, 100% used [0x00000000f0a00000, 0x00000000f0e50000, 0x00000000f0e50000)
  from space 512K,  85% used [0x00000000f0ed0000, 0x00000000f0f3d560, 0x00000000f0f50000)
  to   space 512K,   0% used [0x00000000f0e50000, 0x00000000f0e50000, 0x00000000f0ed0000)
 tenured generation   total 10944K, used 4387K [0x00000000f5c00000, 0x00000000f66b0000, 0x0000000100000000)
   the space 10944K,  40% used [0x00000000f5c00000, 0x00000000f6048fe0, 0x00000000f6049000, 0x00000000f66b0000)
 Metaspace       used 13954K, capacity 14290K, committed 14336K, reserved 1062912K
  class space    used 1665K, capacity 1763K, committed 1792K, reserved 1048576K
Event: 1.713 GC heap after
Heap after GC invocations=14 (full 0):
 def new generation   total 4928K, used 398K [0x00000000f0a00000, 0x00000000f0f50000, 0x00000000f5c00000)
  eden space 4416K,   0% used [0x00000000f0a00000, 0x00000000f0a00000, 0x00000000f0e50000)
  from space 512K,  77% used [0x00000000f0e50000, 0x00000000f0eb3ad8, 0x00000000f0ed0000)
  to   space 512K,   0% used [0x00000000f0ed0000, 0x00000000f0ed0000, 0x00000000f0f50000)
 tenured generation   total 10944K, used 4553K [0x00000000f5c00000, 0x00000000f66b0000, 0x0000000100000000)
   the space 10944K,  41% used [0x00000000f5c00000, 0x00000000f6072590, 0x00000000f6072600, 0x00000000f66b0000)
 Metaspace       used 13954K, capacity 14290K, committed 14336K, reserved 1062912K
  class space    used 1665K, capacity 1763K, committed 1792K, reserved 1048576K
}
Event: 1.781 GC heap before
{Heap before GC invocations=14 (full 0):
 def new generation   total 4928K, used 4814K [0x00000000f0a00000, 0x00000000f0f50000, 0x00000000f5c00000)
  eden space 4416K, 100% used [0x00000000f0a00000, 0x00000000f0e50000, 0x00000000f0e50000)
  from space 512K,  77% used [0x00000000f0e50000, 0x00000000f0eb3ad8, 0x00000000f0ed0000)
  to   space 512K,   0% used [0x00000000f0ed0000, 0x00000000f0ed0000, 0x00000000f0f50000)
 tenured generation   total 10944K, used 4553K [0x00000000f5c00000, 0x00000000f66b0000, 0x0000000100000000)
   the space 10944K,  41% used [0x00000000f5c00000, 0x00000000f6072590, 0x00000000f6072600, 0x00000000f66b0000)
 Metaspace       used 14511K, capacity 14860K, committed 14976K, reserved 1062912K
  class space    used 1752K, capacity 1866K, committed 1920K, reserved 1048576K
Event: 1.783 GC heap after
Heap after GC invocations=15 (full 0):
 def new generation   total 4928K, used 488K [0x00000000f0a00000, 0x00000000f0f50000, 0x00000000f5c00000)
  eden space 4416K,   0% used [0x00000000f0a00000, 0x00000000f0a00000, 0x00000000f0e50000)
  from space 512K,  95% used [0x00000000f0ed0000, 0x00000000f0f4a1b8, 0x00000000f0f50000)
  to   space 512K,   0% used [0x00000000f0e50000, 0x00000000f0e50000, 0x00000000f0ed0000)
 tenured generation   total 10944K, used 4654K [0x00000000f5c00000, 0x00000000f66b0000, 0x0000000100000000)
   the space 10944K,  42% used [0x00000000f5c00000, 0x00000000f608b990, 0x00000000f608ba00, 0x00000000f66b0000)
 Metaspace       used 14511K, capacity 14860K, committed 14976K, reserved 1062912K
  class space    used 1752K, capacity 1866K, committed 1920K, reserved 1048576K
}
Event: 1.843 GC heap before
{Heap before GC invocations=15 (full 0):
 def new generation   total 4928K, used 4915K [0x00000000f0a00000, 0x00000000f0f50000, 0x00000000f5c00000)
  eden space 4416K, 100% used [0x00000000f0a00000, 0x00000000f0e50000, 0x00000000f0e50000)
  from space 512K,  97% used [0x00000000f0ed0000, 0x00000000f0f4cc20, 0x00000000f0f50000)
  to   space 512K,   0% used [0x00000000f0e50000, 0x00000000f0e50000, 0x00000000f0ed0000)
 tenured generation   total 10944K, used 4654K [0x00000000f5c00000, 0x00000000f66b0000, 0x0000000100000000)
   the space 10944K,  42% used [0x00000000f5c00000, 0x00000000f608b990, 0x00000000f608ba00, 0x00000000f66b0000)
 Metaspace       used 15034K, capacity 15386K, committed 15488K, reserved 1062912K
  class space    used 1814K, capacity 1915K, committed 1920K, reserved 1048576K
Event: 1.845 GC heap after
Heap after GC invocations=16 (full 0):
 def new generation   total 4928K, used 474K [0x00000000f0a00000, 0x00000000f0f50000, 0x00000000f5c00000)
  eden space 4416K,   0% used [0x00000000f0a00000, 0x00000000f0a00000, 0x00000000f0e50000)
  from space 512K,  92% used [0x00000000f0e50000, 0x00000000f0ec69d0, 0x00000000f0ed0000)
  to   space 512K,   0% used [0x00000000f0ed0000, 0x00000000f0ed0000, 0x00000000f0f50000)
 tenured generation   total 10944K, used 4793K [0x00000000f5c00000, 0x00000000f66b0000, 0x0000000100000000)
   the space 10944K,  43% used [0x00000000f5c00000, 0x00000000f60ae720, 0x00000000f60ae800, 0x00000000f66b0000)
 Metaspace       used 15034K, capacity 15386K, committed 15488K, reserved 1062912K
  class space    used 1814K, capacity 1915K, committed 1920K, reserved 1048576K
}
Event: 1.925 GC heap before
{Heap before GC invocations=16 (full 0):
 def new generation   total 4928K, used 4890K [0x00000000f0a00000, 0x00000000f0f50000, 0x00000000f5c00000)
  eden space 4416K, 100% used [0x00000000f0a00000, 0x00000000f0e50000, 0x00000000f0e50000)
  from space 512K,  92% used [0x00000000f0e50000, 0x00000000f0ec69d0, 0x00000000f0ed0000)
  to   space 512K,   0% used [0x00000000f0ed0000, 0x00000000f0ed0000, 0x00000000f0f50000)
 tenured generation   total 10944K, used 4793K [0x00000000f5c00000, 0x00000000f66b0000, 0x0000000100000000)
   the space 10944K,  43% used [0x00000000f5c00000, 0x00000000f60ae720, 0x00000000f60ae800, 0x00000000f66b0000)
 Metaspace       used 15710K, capacity 16110K, committed 16128K, reserved 1062912K
  class space    used 1902K, capacity 2039K, committed 2048K, reserved 1048576K
Event: 1.927 GC heap after
Heap after GC invocations=17 (full 0):
 def new generation   total 4928K, used 347K [0x00000000f0a00000, 0x00000000f0f50000, 0x00000000f5c00000)
  eden space 4416K,   0% used [0x00000000f0a00000, 0x00000000f0a00000, 0x00000000f0e50000)
  from space 512K,  67% used [0x00000000f0ed0000, 0x00000000f0f26c10, 0x00000000f0f50000)
  to   space 512K,   0% used [0x00000000f0e50000, 0x00000000f0e50000, 0x00000000f0ed0000)
 tenured generation   total 10944K, used 4927K [0x00000000f5c00000, 0x00000000f66b0000, 0x0000000100000000)
   the space 10944K,  45% used [0x00000000f5c00000, 0x00000000f60cfff8, 0x00000000f60d0000, 0x00000000f66b0000)
 Metaspace       used 15710K, capacity 16110K, committed 16128K, reserved 1062912K
  class space    used 1902K, capacity 2039K, committed 2048K, reserved 1048576K
}
Event: 1.995 GC heap before
{Heap before GC invocations=17 (full 0):
 def new generation   total 4928K, used 4763K [0x00000000f0a00000, 0x00000000f0f50000, 0x00000000f5c00000)
  eden space 4416K, 100% used [0x00000000f0a00000, 0x00000000f0e50000, 0x00000000f0e50000)
  from space 512K,  67% used [0x00000000f0ed0000, 0x00000000f0f26c10, 0x00000000f0f50000)
  to   space 512K,   0% used [0x00000000f0e50000, 0x00000000f0e50000, 0x00000000f0ed0000)
 tenured generation   total 10944K, used 4927K [0x00000000f5c00000, 0x00000000f66b0000, 0x0000000100000000)
   the space 10944K,  45% used [0x00000000f5c00000, 0x00000000f60cfff8, 0x00000000f60d0000, 0x00000000f66b0000)
 Metaspace       used 16005K, capacity 16446K, committed 16768K, reserved 1064960K
  class space    used 1957K, capacity 2107K, committed 2176K, reserved 1048576K
Event: 1.997 GC heap after
Heap after GC invocations=18 (full 0):
 def new generation   total 4928K, used 304K [0x00000000f0a00000, 0x00000000f0f50000, 0x00000000f5c00000)
  eden space 4416K,   0% used [0x00000000f0a00000, 0x00000000f0a00000, 0x00000000f0e50000)
  from space 512K,  59% used [0x00000000f0e50000, 0x00000000f0e9c0d8, 0x00000000f0ed0000)
  to   space 512K,   0% used [0x00000000f0ed0000, 0x00000000f0ed0000, 0x00000000f0f50000)
 tenured generation   total 10944K, used 5051K [0x00000000f5c00000, 0x00000000f66b0000, 0x0000000100000000)
   the space 10944K,  46% used [0x00000000f5c00000, 0x00000000f60eed70, 0x00000000f60eee00, 0x00000000f66b0000)
 Metaspace       used 16005K, capacity 16446K, committed 16768K, reserved 1064960K
  class space    used 1957K, capacity 2107K, committed 2176K, reserved 1048576K
}
Event: 2.035 GC heap before
{Heap before GC invocations=18 (full 0):
 def new generation   total 4928K, used 4720K [0x00000000f0a00000, 0x00000000f0f50000, 0x00000000f5c00000)
  eden space 4416K, 100% used [0x00000000f0a00000, 0x00000000f0e50000, 0x00000000f0e50000)
  from space 512K,  59% used [0x00000000f0e50000, 0x00000000f0e9c0d8, 0x00000000f0ed0000)
  to   space 512K,   0% used [0x00000000f0ed0000, 0x00000000f0ed0000, 0x00000000f0f50000)
 tenured generation   total 10944K, used 5051K [0x00000000f5c00000, 0x00000000f66b0000, 0x0000000100000000)
   the space 10944K,  46% used [0x00000000f5c00000, 0x00000000f60eed70, 0x00000000f60eee00, 0x00000000f66b0000)
 Metaspace       used 16124K, capacity 16510K, committed 16768K, reserved 1064960K
  class space    used 1979K, capacity 2107K, committed 2176K, reserved 1048576K
Event: 2.036 GC heap after
Heap after GC invocations=19 (full 0):
 def new generation   total 4928K, used 159K [0x00000000f0a00000, 0x00000000f0f50000, 0x00000000f5c00000)
  eden space 4416K,   0% used [0x00000000f0a00000, 0x00000000f0a00000, 0x00000000f0e50000)
  from space 512K,  31% used [0x00000000f0ed0000, 0x00000000f0ef7f38, 0x00000000f0f50000)
  to   space 512K,   0% used [0x00000000f0e50000, 0x00000000f0e50000, 0x00000000f0ed0000)
 tenured generation   total 10944K, used 5171K [0x00000000f5c00000, 0x00000000f66b0000, 0x0000000100000000)
   the space 10944K,  47% used [0x00000000f5c00000, 0x00000000f610ce48, 0x00000000f610d000, 0x00000000f66b0000)
 Metaspace       used 16124K, capacity 16510K, committed 16768K, reserved 1064960K
  class space    used 1979K, capacity 2107K, committed 2176K, reserved 1048576K
}
Event: 2.102 GC heap before
{Heap before GC invocations=19 (full 0):
 def new generation   total 4928K, used 4575K [0x00000000f0a00000, 0x00000000f0f50000, 0x00000000f5c00000)
  eden space 4416K, 100% used [0x00000000f0a00000, 0x00000000f0e50000, 0x00000000f0e50000)
  from space 512K,  31% used [0x00000000f0ed0000, 0x00000000f0ef7f38, 0x00000000f0f50000)
  to   space 512K,   0% used [0x00000000f0e50000, 0x00000000f0e50000, 0x00000000f0ed0000)
 tenured generation   total 10944K, used 5171K [0x00000000f5c00000, 0x00000000f66b0000, 0x0000000100000000)
   the space 10944K,  47% used [0x00000000f5c00000, 0x00000000f610ce48, 0x00000000f610d000, 0x00000000f66b0000)
 Metaspace       used 16559K, capacity 17022K, committed 17408K, reserved 1064960K
  class space    used 2044K, capacity 2187K, committed 2304K, reserved 1048576K
Event: 2.103 GC heap after
Heap after GC invocations=20 (full 0):
 def new generation   total 4928K, used 329K [0x00000000f0a00000, 0x00000000f0f50000, 0x00000000f5c00000)
  eden space 4416K,   0% used [0x00000000f0a00000, 0x00000000f0a00000, 0x00000000f0e50000)
  from space 512K,  64% used [0x00000000f0e50000, 0x00000000f0ea2400, 0x00000000f0ed0000)
  to   space 512K,   0% used [0x00000000f0ed0000, 0x00000000f0ed0000, 0x00000000f0f50000)
 tenured generation   total 10944K, used 5171K [0x00000000f5c00000, 0x00000000f66b0000, 0x0000000100000000)
   the space 10944K,  47% used [0x00000000f5c00000, 0x00000000f610ce48, 0x00000000f610d000, 0x00000000f66b0000)
 Metaspace       used 16559K, capacity 17022K, committed 17408K, reserved 1064960K
  class space    used 2044K, capacity 2187K, committed 2304K, reserved 1048576K
}
Event: 2.167 GC heap before
{Heap before GC invocations=20 (full 0):
 def new generation   total 4928K, used 4744K [0x00000000f0a00000, 0x00000000f0f50000, 0x00000000f5c00000)
  eden space 4416K,  99% used [0x00000000f0a00000, 0x00000000f0e4ff70, 0x00000000f0e50000)
  from space 512K,  64% used [0x00000000f0e50000, 0x00000000f0ea2400, 0x00000000f0ed0000)
  to   space 512K,   0% used [0x00000000f0ed0000, 0x00000000f0ed0000, 0x00000000f0f50000)
 tenured generation   total 10944K, used 5171K [0x00000000f5c00000, 0x00000000f66b0000, 0x0000000100000000)
   the space 10944K,  47% used [0x00000000f5c00000, 0x00000000f610ce48, 0x00000000f610d000, 0x00000000f66b0000)
 Metaspace       used 16984K, capacity 17498K, committed 17664K, reserved 1064960K
  class space    used 2110K, capacity 2259K, committed 2304K, reserved 1048576K
Event: 2.170 GC heap after
Heap after GC invocations=21 (full 0):
 def new generation   total 4928K, used 372K [0x00000000f0a00000, 0x00000000f0f50000, 0x00000000f5c00000)
  eden space 4416K,   0% used [0x00000000f0a00000, 0x00000000f0a00000, 0x00000000f0e50000)
  from space 512K,  72% used [0x00000000f0ed0000, 0x00000000f0f2d140, 0x00000000f0f50000)
  to   space 512K,   0% used [0x00000000f0e50000, 0x00000000f0e50000, 0x00000000f0ed0000)
 tenured generation   total 10944K, used 5321K [0x00000000f5c00000, 0x00000000f66b0000, 0x0000000100000000)
   the space 10944K,  48% used [0x00000000f5c00000, 0x00000000f61324f8, 0x00000000f6132600, 0x00000000f66b0000)
 Metaspace       used 16984K, capacity 17498K, committed 17664K, reserved 1064960K
  class space    used 2110K, capacity 2259K, committed 2304K, reserved 1048576K
}
Event: 2.213 GC heap before
{Heap before GC invocations=21 (full 0):
 def new generation   total 4928K, used 4788K [0x00000000f0a00000, 0x00000000f0f50000, 0x00000000f5c00000)
  eden space 4416K, 100% used [0x00000000f0a00000, 0x00000000f0e50000, 0x00000000f0e50000)
  from space 512K,  72% used [0x00000000f0ed0000, 0x00000000f0f2d140, 0x00000000f0f50000)
  to   space 512K,   0% used [0x00000000f0e50000, 0x00000000f0e50000, 0x00000000f0ed0000)
 tenured generation   total 10944K, used 5321K [0x00000000f5c00000, 0x00000000f66b0000, 0x0000000100000000)
   the space 10944K,  48% used [0x00000000f5c00000, 0x00000000f61324f8, 0x00000000f6132600, 0x00000000f66b0000)
 Metaspace       used 17168K, capacity 17702K, committed 18048K, reserved 1064960K
  class space    used 2165K, capacity 2325K, committed 2432K, reserved 1048576K
Event: 2.214 GC heap after
Heap after GC invocations=22 (full 0):
 def new generation   total 4928K, used 279K [0x00000000f0a00000, 0x00000000f0f50000, 0x00000000f5c00000)
  eden space 4416K,   0% used [0x00000000f0a00000, 0x00000000f0a00000, 0x00000000f0e50000)
  from space 512K,  54% used [0x00000000f0e50000, 0x00000000f0e95e28, 0x00000000f0ed0000)
  to   space 512K,   0% used [0x00000000f0ed0000, 0x00000000f0ed0000, 0x00000000f0f50000)
 tenured generation   total 10944K, used 5428K [0x00000000f5c00000, 0x00000000f66b0000, 0x0000000100000000)
   the space 10944K,  49% used [0x00000000f5c00000, 0x00000000f614d370, 0x00000000f614d400, 0x00000000f66b0000)
 Metaspace       used 17168K, capacity 17702K, committed 18048K, reserved 1064960K
  class space    used 2165K, capacity 2325K, committed 2432K, reserved 1048576K
}
Event: 2.275 GC heap before
{Heap before GC invocations=22 (full 0):
 def new generation   total 4928K, used 4695K [0x00000000f0a00000, 0x00000000f0f50000, 0x00000000f5c00000)
  eden space 4416K, 100% used [0x00000000f0a00000, 0x00000000f0e50000, 0x00000000f0e50000)
  from space 512K,  54% used [0x00000000f0e50000, 0x00000000f0e95e28, 0x00000000f0ed0000)
  to   space 512K,   0% used [0x00000000f0ed0000, 0x00000000f0ed0000, 0x00000000f0f50000)
 tenured generation   total 10944K, used 5428K [0x00000000f5c00000, 0x00000000f66b0000, 0x0000000100000000)
   the space 10944K,  49% used [0x00000000f5c00000, 0x00000000f614d370, 0x00000000f614d400, 0x00000000f66b0000)
 Metaspace       used 17446K, capacity 17952K, committed 18048K, reserved 1064960K
  class space    used 2219K, capacity 2362K, committed 2432K, reserved 1048576K
Event: 2.277 GC heap after
Heap after GC invocations=23 (full 0):
 def new generation   total 4928K, used 335K [0x00000000f0a00000, 0x00000000f0f50000, 0x00000000f5c00000)
  eden space 4416K,   0% used [0x00000000f0a00000, 0x00000000f0a00000, 0x00000000f0e50000)
  from space 512K,  65% used [0x00000000f0ed0000, 0x00000000f0f23d18, 0x00000000f0f50000)
  to   space 512K,   0% used [0x00000000f0e50000, 0x00000000f0e50000, 0x00000000f0ed0000)
 tenured generation   total 10944K, used 5524K [0x00000000f5c00000, 0x00000000f66b0000, 0x0000000100000000)
   the space 10944K,  50% used [0x00000000f5c00000, 0x00000000f6165190, 0x00000000f6165200, 0x00000000f66b0000)
 Metaspace       used 17446K, capacity 17952K, committed 18048K, reserved 1064960K
  class space    used 2219K, capacity 2362K, committed 2432K, reserved 1048576K
}
Event: 2.328 GC heap before
{Heap before GC invocations=23 (full 0):
 def new generation   total 4928K, used 4751K [0x00000000f0a00000, 0x00000000f0f50000, 0x00000000f5c00000)
  eden space 4416K, 100% used [0x00000000f0a00000, 0x00000000f0e50000, 0x00000000f0e50000)
  from space 512K,  65% used [0x00000000f0ed0000, 0x00000000f0f23d18, 0x00000000f0f50000)
  to   space 512K,   0% used [0x00000000f0e50000, 0x00000000f0e50000, 0x00000000f0ed0000)
 tenured generation   total 10944K, used 5524K [0x00000000f5c00000, 0x00000000f66b0000, 0x0000000100000000)
   the space 10944K,  50% used [0x00000000f5c00000, 0x00000000f6165190, 0x00000000f6165200, 0x00000000f66b0000)
 Metaspace       used 17777K, capacity 18272K, committed 18304K, reserved 1064960K
  class space    used 2275K, capacity 2426K, committed 2432K, reserved 1048576K
Event: 2.330 GC heap after
Heap after GC invocations=24 (full 0):
 def new generation   total 4928K, used 413K [0x00000000f0a00000, 0x00000000f0f50000, 0x00000000f5c00000)
  eden space 4416K,   0% used [0x00000000f0a00000, 0x00000000f0a00000, 0x00000000f0e50000)
  from space 512K,  80% used [0x00000000f0e50000, 0x00000000f0eb74a0, 0x00000000f0ed0000)
  to   space 512K,   0% used [0x00000000f0ed0000, 0x00000000f0ed0000, 0x00000000f0f50000)
 tenured generation   total 10944K, used 5686K [0x00000000f5c00000, 0x00000000f66b0000, 0x0000000100000000)
   the space 10944K,  51% used [0x00000000f5c00000, 0x00000000f618dbc0, 0x00000000f618dc00, 0x00000000f66b0000)
 Metaspace       used 17777K, capacity 18272K, committed 18304K, reserved 1064960K
  class space    used 2275K, capacity 2426K, committed 2432K, reserved 1048576K
}
Event: 2.375 GC heap before
{Heap before GC invocations=24 (full 0):
 def new generation   total 4928K, used 4829K [0x00000000f0a00000, 0x00000000f0f50000, 0x00000000f5c00000)
  eden space 4416K, 100% used [0x00000000f0a00000, 0x00000000f0e50000, 0x00000000f0e50000)
  from space 512K,  80% used [0x00000000f0e50000, 0x00000000f0eb74a0, 0x00000000f0ed0000)
  to   space 512K,   0% used [0x00000000f0ed0000, 0x00000000f0ed0000, 0x00000000f0f50000)
 tenured generation   total 10944K, used 5686K [0x00000000f5c00000, 0x00000000f66b0000, 0x0000000100000000)
   the space 10944K,  51% used [0x00000000f5c00000, 0x00000000f618dbc0, 0x00000000f618dc00, 0x00000000f66b0000)
 Metaspace       used 18015K, capacity 18528K, committed 18688K, reserved 1064960K
  class space    used 2327K, capacity 2490K, committed 2560K, reserved 1048576K
Event: 2.377 GC heap after
Heap after GC invocations=25 (full 0):
 def new generation   total 4928K, used 307K [0x00000000f0a00000, 0x00000000f0f50000, 0x00000000f5c00000)
  eden space 4416K,   0% used [0x00000000f0a00000, 0x00000000f0a00000, 0x00000000f0e50000)
  from space 512K,  59% used [0x00000000f0ed0000, 0x00000000f0f1cc68, 0x00000000f0f50000)
  to   space 512K,   0% used [0x00000000f0e50000, 0x00000000f0e50000, 0x00000000f0ed0000)
 tenured generation   total 10944K, used 5767K [0x00000000f5c00000, 0x00000000f66b0000, 0x0000000100000000)
   the space 10944K,  52% used [0x00000000f5c00000, 0x00000000f61a1cd0, 0x00000000f61a1e00, 0x00000000f66b0000)
 Metaspace       used 18015K, capacity 18528K, committed 18688K, reserved 1064960K
  class space    used 2327K, capacity 2490K, committed 2560K, reserved 1048576K
}
Event: 2.425 GC heap before
{Heap before GC invocations=25 (full 0):
 def new generation   total 4928K, used 4723K [0x00000000f0a00000, 0x00000000f0f50000, 0x00000000f5c00000)
  eden space 4416K, 100% used [0x00000000f0a00000, 0x00000000f0e50000, 0x00000000f0e50000)
  from space 512K,  59% used [0x00000000f0ed0000, 0x00000000f0f1cc68, 0x00000000f0f50000)
  to   space 512K,   0% used [0x00000000f0e50000, 0x00000000f0e50000, 0x00000000f0ed0000)
 tenured generation   total 10944K, used 5767K [0x00000000f5c00000, 0x00000000f66b0000, 0x0000000100000000)
   the space 10944K,  52% used [0x00000000f5c00000, 0x00000000f61a1cd0, 0x00000000f61a1e00, 0x00000000f66b0000)
 Metaspace       used 18314K, capacity 18816K, committed 18944K, reserved 1064960K
  class space    used 2380K, capacity 2522K, committed 2560K, reserved 1048576K
Event: 2.427 GC heap after
Heap after GC invocations=26 (full 0):
 def new generation   total 4928K, used 407K [0x00000000f0a00000, 0x00000000f0f50000, 0x00000000f5c00000)
  eden space 4416K,   0% used [0x00000000f0a00000, 0x00000000f0a00000, 0x00000000f0e50000)
  from space 512K,  79% used [0x00000000f0e50000, 0x00000000f0eb5e28, 0x00000000f0ed0000)
  to   space 512K,   0% used [0x00000000f0ed0000, 0x00000000f0ed0000, 0x00000000f0f50000)
 tenured generation   total 10944K, used 5875K [0x00000000f5c00000, 0x00000000f66b0000, 0x0000000100000000)
   the space 10944K,  53% used [0x00000000f5c00000, 0x00000000f61bcc20, 0x00000000f61bce00, 0x00000000f66b0000)
 Metaspace       used 18314K, capacity 18816K, committed 18944K, reserved 1064960K
  class space    used 2380K, capacity 2522K, committed 2560K, reserved 1048576K
}
Event: 2.483 GC heap before
{Heap before GC invocations=26 (full 0):
 def new generation   total 4928K, used 4823K [0x00000000f0a00000, 0x00000000f0f50000, 0x00000000f5c00000)
  eden space 4416K, 100% used [0x00000000f0a00000, 0x00000000f0e50000, 0x00000000f0e50000)
  from space 512K,  79% used [0x00000000f0e50000, 0x00000000f0eb5e28, 0x00000000f0ed0000)
  to   space 512K,   0% used [0x00000000f0ed0000, 0x00000000f0ed0000, 0x00000000f0f50000)
 tenured generation   total 10944K, used 5875K [0x00000000f5c00000, 0x00000000f66b0000, 0x0000000100000000)
   the space 10944K,  53% used [0x00000000f5c00000, 0x00000000f61bcc20, 0x00000000f61bce00, 0x00000000f66b0000)
 Metaspace       used 18686K, capacity 19212K, committed 19328K, reserved 1067008K
  class space    used 2433K, capacity 2588K, committed 2688K, reserved 1048576K
Event: 2.484 GC heap after
Heap after GC invocations=27 (full 0):
 def new generation   total 4928K, used 386K [0x00000000f0a00000, 0x00000000f0f50000, 0x00000000f5c00000)
  eden space 4416K,   0% used [0x00000000f0a00000, 0x00000000f0a00000, 0x00000000f0e50000)
  from space 512K,  75% used [0x00000000f0ed0000, 0x00000000f0f30800, 0x00000000f0f50000)
  to   space 512K,   0% used [0x00000000f0e50000, 0x00000000f0e50000, 0x00000000f0ed0000)
 tenured generation   total 10944K, used 5972K [0x00000000f5c00000, 0x00000000f66b0000, 0x0000000100000000)
   the space 10944K,  54% used [0x00000000f5c00000, 0x00000000f61d5300, 0x00000000f61d5400, 0x00000000f66b0000)
 Metaspace       used 18686K, capacity 19212K, committed 19328K, reserved 1067008K
  class space    used 2433K, capacity 2588K, committed 2688K, reserved 1048576K
}
Event: 2.542 GC heap before
{Heap before GC invocations=27 (full 0):
 def new generation   total 4928K, used 4802K [0x00000000f0a00000, 0x00000000f0f50000, 0x00000000f5c00000)
  eden space 4416K, 100% used [0x00000000f0a00000, 0x00000000f0e50000, 0x00000000f0e50000)
  from space 512K,  75% used [0x00000000f0ed0000, 0x00000000f0f30800, 0x00000000f0f50000)
  to   space 512K,   0% used [0x00000000f0e50000, 0x00000000f0e50000, 0x00000000f0ed0000)
 tenured generation   total 10944K, used 5972K [0x00000000f5c00000, 0x00000000f66b0000, 0x0000000100000000)
   the space 10944K,  54% used [0x00000000f5c00000, 0x00000000f61d5300, 0x00000000f61d5400, 0x00000000f66b0000)
 Metaspace       used 19062K, capacity 19596K, committed 19840K, reserved 1067008K
  class space    used 2481K, capacity 2628K, committed 2688K, reserved 1048576K
Event: 2.544 GC heap after
Heap after GC invocations=28 (full 0):
 def new generation   total 4928K, used 466K [0x00000000f0a00000, 0x00000000f0f50000, 0x00000000f5c00000)
  eden space 4416K,   0% used [0x00000000f0a00000, 0x00000000f0a00000, 0x00000000f0e50000)
  from space 512K,  91% used [0x00000000f0e50000, 0x00000000f0ec4b08, 0x00000000f0ed0000)
  to   space 512K,   0% used [0x00000000f0ed0000, 0x00000000f0ed0000, 0x00000000f0f50000)
 tenured generation   total 10944K, used 6057K [0x00000000f5c00000, 0x00000000f66b0000, 0x0000000100000000)
   the space 10944K,  55% used [0x00000000f5c00000, 0x00000000f61ea790, 0x00000000f61ea800, 0x00000000f66b0000)
 Metaspace       used 19062K, capacity 19596K, committed 19840K, reserved 1067008K
  class space    used 2481K, capacity 2628K, committed 2688K, reserved 1048576K
}
Event: 2.596 GC heap before
{Heap before GC invocations=28 (full 0):
 def new generation   total 4928K, used 4882K [0x00000000f0a00000, 0x00000000f0f50000, 0x00000000f5c00000)
  eden space 4416K, 100% used [0x00000000f0a00000, 0x00000000f0e50000, 0x00000000f0e50000)
  from space 512K,  91% used [0x00000000f0e50000, 0x00000000f0ec4b08, 0x00000000f0ed0000)
  to   space 512K,   0% used [0x00000000f0ed0000, 0x00000000f0ed0000, 0x00000000f0f50000)
 tenured generation   total 10944K, used 6057K [0x00000000f5c00000, 0x00000000f66b0000, 0x0000000100000000)
   the space 10944K,  55% used [0x00000000f5c00000, 0x00000000f61ea790, 0x00000000f61ea800, 0x00000000f66b0000)
 Metaspace       used 19396K, capacity 19936K, committed 20224K, reserved 1067008K
  class space    used 2527K, capacity 2698K, committed 2816K, reserved 1048576K
Event: 2.598 GC heap after
Heap after GC invocations=29 (full 0):
 def new generation   total 4928K, used 399K [0x00000000f0a00000, 0x00000000f0f50000, 0x00000000f5c00000)
  eden space 4416K,   0% used [0x00000000f0a00000, 0x00000000f0a00000, 0x00000000f0e50000)
  from space 512K,  77% used [0x00000000f0ed0000, 0x00000000f0f33c28, 0x00000000f0f50000)
  to   space 512K,   0% used [0x00000000f0e50000, 0x00000000f0e50000, 0x00000000f0ed0000)
 tenured generation   total 10944K, used 6146K [0x00000000f5c00000, 0x00000000f66b0000, 0x0000000100000000)
   the space 10944K,  56% used [0x00000000f5c00000, 0x00000000f6200b98, 0x00000000f6200c00, 0x00000000f66b0000)
 Metaspace       used 19396K, capacity 19936K, committed 20224K, reserved 1067008K
  class space    used 2527K, capacity 2698K, committed 2816K, reserved 1048576K
}
Event: 2.658 GC heap before
{Heap before GC invocations=29 (full 0):
 def new generation   total 4928K, used 4815K [0x00000000f0a00000, 0x00000000f0f50000, 0x00000000f5c00000)
  eden space 4416K, 100% used [0x00000000f0a00000, 0x00000000f0e50000, 0x00000000f0e50000)
  from space 512K,  77% used [0x00000000f0ed0000, 0x00000000f0f33c28, 0x00000000f0f50000)
  to   space 512K,   0% used [0x00000000f0e50000, 0x00000000f0e50000, 0x00000000f0ed0000)
 tenured generation   total 10944K, used 6146K [0x00000000f5c00000, 0x00000000f66b0000, 0x0000000100000000)
   the space 10944K,  56% used [0x00000000f5c00000, 0x00000000f6200b98, 0x00000000f6200c00, 0x00000000f66b0000)
 Metaspace       used 19821K, capacity 20342K, committed 20480K, reserved 1067008K
  class space    used 2588K, capacity 2765K, committed 2816K, reserved 1048576K
Event: 2.661 GC heap after
Heap after GC invocations=30 (full 0):
 def new generation   total 4928K, used 424K [0x00000000f0a00000, 0x00000000f0f50000, 0x00000000f5c00000)
  eden space 4416K,   0% used [0x00000000f0a00000, 0x00000000f0a00000, 0x00000000f0e50000)
  from space 512K,  82% used [0x00000000f0e50000, 0x00000000f0eba188, 0x00000000f0ed0000)
  to   space 512K,   0% used [0x00000000f0ed0000, 0x00000000f0ed0000, 0x00000000f0f50000)
 tenured generation   total 10944K, used 6213K [0x00000000f5c00000, 0x00000000f66b0000, 0x0000000100000000)
   the space 10944K,  56% used [0x00000000f5c00000, 0x00000000f6211430, 0x00000000f6211600, 0x00000000f66b0000)
 Metaspace       used 19821K, capacity 20342K, committed 20480K, reserved 1067008K
  class space    used 2588K, capacity 2765K, committed 2816K, reserved 1048576K
}
Event: 2.732 GC heap before
{Heap before GC invocations=30 (full 0):
 def new generation   total 4928K, used 4840K [0x00000000f0a00000, 0x00000000f0f50000, 0x00000000f5c00000)
  eden space 4416K, 100% used [0x00000000f0a00000, 0x00000000f0e50000, 0x00000000f0e50000)
  from space 512K,  82% used [0x00000000f0e50000, 0x00000000f0eba188, 0x00000000f0ed0000)
  to   space 512K,   0% used [0x00000000f0ed0000, 0x00000000f0ed0000, 0x00000000f0f50000)
 tenured generation   total 10944K, used 6213K [0x00000000f5c00000, 0x00000000f66b0000, 0x0000000100000000)
   the space 10944K,  56% used [0x00000000f5c00000, 0x00000000f6211430, 0x00000000f6211600, 0x00000000f66b0000)
 Metaspace       used 20447K, capacity 21054K, committed 21296K, reserved 1067008K
  class space    used 2672K, capacity 2851K, committed 2944K, reserved 1048576K
Event: 2.734 GC heap after
Heap after GC invocations=31 (full 0):
 def new generation   total 4928K, used 436K [0x00000000f0a00000, 0x00000000f0f50000, 0x00000000f5c00000)
  eden space 4416K,   0% used [0x00000000f0a00000, 0x00000000f0a00000, 0x00000000f0e50000)
  from space 512K,  85% used [0x00000000f0ed0000, 0x00000000f0f3d370, 0x00000000f0f50000)
  to   space 512K,   0% used [0x00000000f0e50000, 0x00000000f0e50000, 0x00000000f0ed0000)
 tenured generation   total 10944K, used 6287K [0x00000000f5c00000, 0x00000000f66b0000, 0x0000000100000000)
   the space 10944K,  57% used [0x00000000f5c00000, 0x00000000f6223d78, 0x00000000f6223e00, 0x00000000f66b0000)
 Metaspace       used 20447K, capacity 21054K, committed 21296K, reserved 1067008K
  class space    used 2672K, capacity 2851K, committed 2944K, reserved 1048576K
}
Event: 2.756 GC heap before
{Heap before GC invocations=31 (full 0):
 def new generation   total 4928K, used 2472K [0x00000000f0a00000, 0x00000000f0f50000, 0x00000000f5c00000)
  eden space 4416K,  46% used [0x00000000f0a00000, 0x00000000f0bfcd88, 0x00000000f0e50000)
  from space 512K,  85% used [0x00000000f0ed0000, 0x00000000f0f3d370, 0x00000000f0f50000)
  to   space 512K,   0% used [0x00000000f0e50000, 0x00000000f0e50000, 0x00000000f0ed0000)
 tenured generation   total 10944K, used 6287K [0x00000000f5c00000, 0x00000000f66b0000, 0x0000000100000000)
   the space 10944K,  57% used [0x00000000f5c00000, 0x00000000f6223d78, 0x00000000f6223e00, 0x00000000f66b0000)
 Metaspace       used 20647K, capacity 21218K, committed 21296K, reserved 1067008K
  class space    used 2693K, capacity 2885K, committed 2944K, reserved 1048576K
Event: 2.782 GC heap after
Heap after GC invocations=32 (full 1):
 def new generation   total 4992K, used 0K [0x00000000f0a00000, 0x00000000f0f60000, 0x00000000f5c00000)
  eden space 4480K,   0% used [0x00000000f0a00000, 0x00000000f0a00000, 0x00000000f0e60000)
  from space 512K,   0% used [0x00000000f0e60000, 0x00000000f0e60000, 0x00000000f0ee0000)
  to   space 512K,   0% used [0x00000000f0ee0000, 0x00000000f0ee0000, 0x00000000f0f60000)
 tenured generation   total 10944K, used 5868K [0x00000000f5c00000, 0x00000000f66b0000, 0x0000000100000000)
   the space 10944K,  53% used [0x00000000f5c00000, 0x00000000f61bb068, 0x00000000f61bb200, 0x00000000f66b0000)
 Metaspace       used 20647K, capacity 21218K, committed 21296K, reserved 1067008K
  class space    used 2693K, capacity 2885K, committed 2944K, reserved 1048576K
}
Event: 2.835 GC heap before
{Heap before GC invocations=32 (full 1):
 def new generation   total 4992K, used 4480K [0x00000000f0a00000, 0x00000000f0f60000, 0x00000000f5c00000)
  eden space 4480K, 100% used [0x00000000f0a00000, 0x00000000f0e60000, 0x00000000f0e60000)
  from space 512K,   0% used [0x00000000f0e60000, 0x00000000f0e60000, 0x00000000f0ee0000)
  to   space 512K,   0% used [0x00000000f0ee0000, 0x00000000f0ee0000, 0x00000000f0f60000)
 tenured generation   total 10944K, used 5868K [0x00000000f5c00000, 0x00000000f66b0000, 0x0000000100000000)
   the space 10944K,  53% used [0x00000000f5c00000, 0x00000000f61bb068, 0x00000000f61bb200, 0x00000000f66b0000)
 Metaspace       used 21257K, capacity 21836K, committed 21888K, reserved 1069056K
  class space    used 2756K, capacity 2920K, committed 2944K, reserved 1048576K
Event: 2.836 GC heap after
Heap after GC invocations=33 (full 1):
 def new generation   total 4992K, used 511K [0x00000000f0a00000, 0x00000000f0f60000, 0x00000000f5c00000)
  eden space 4480K,   0% used [0x00000000f0a00000, 0x00000000f0a00000, 0x00000000f0e60000)
  from space 512K,  99% used [0x00000000f0ee0000, 0x00000000f0f5fef0, 0x00000000f0f60000)
  to   space 512K,   0% used [0x00000000f0e60000, 0x00000000f0e60000, 0x00000000f0ee0000)
 tenured generation   total 10944K, used 5996K [0x00000000f5c00000, 0x00000000f66b0000, 0x0000000100000000)
   the space 10944K,  54% used [0x00000000f5c00000, 0x00000000f61db050, 0x00000000f61db200, 0x00000000f66b0000)
 Metaspace       used 21257K, capacity 21836K, committed 21888K, reserved 1069056K
  class space    used 2756K, capacity 2920K, committed 2944K, reserved 1048576K
}
Event: 2.881 GC heap before
{Heap before GC invocations=33 (full 1):
 def new generation   total 4992K, used 4991K [0x00000000f0a00000, 0x00000000f0f60000, 0x00000000f5c00000)
  eden space 4480K, 100% used [0x00000000f0a00000, 0x00000000f0e60000, 0x00000000f0e60000)
  from space 512K,  99% used [0x00000000f0ee0000, 0x00000000f0f5fef0, 0x00000000f0f60000)
  to   space 512K,   0% used [0x00000000f0e60000, 0x00000000f0e60000, 0x00000000f0ee0000)
 tenured generation   total 10944K, used 5996K [0x00000000f5c00000, 0x00000000f66b0000, 0x0000000100000000)
   the space 10944K,  54% used [0x00000000f5c00000, 0x00000000f61db050, 0x00000000f61db200, 0x00000000f66b0000)
 Metaspace       used 21582K, capacity 22188K, committed 22528K, reserved 1069056K
  class space    used 2791K, capacity 2952K, committed 3072K, reserved 1048576K
Event: 2.883 GC heap after
Heap after GC invocations=34 (full 1):
 def new generation   total 4992K, used 384K [0x00000000f0a00000, 0x00000000f0f60000, 0x00000000f5c00000)
  eden space 4480K,   0% used [0x00000000f0a00000, 0x00000000f0a00000, 0x00000000f0e60000)
  from space 512K,  75% used [0x00000000f0e60000, 0x00000000f0ec0308, 0x00000000f0ee0000)
  to   space 512K,   0% used [0x00000000f0ee0000, 0x00000000f0ee0000, 0x00000000f0f60000)
 tenured generation   total 10944K, used 6063K [0x00000000f5c00000, 0x00000000f66b0000, 0x0000000100000000)
   the space 10944K,  55% used [0x00000000f5c00000, 0x00000000f61ebd88, 0x00000000f61ebe00, 0x00000000f66b0000)
 Metaspace       used 21582K, capacity 22188K, committed 22528K, reserved 1069056K
  class space    used 2791K, capacity 2952K, committed 3072K, reserved 1048576K
}
Event: 2.969 GC heap before
{Heap before GC invocations=34 (full 1):
 def new generation   total 4992K, used 4864K [0x00000000f0a00000, 0x00000000f0f60000, 0x00000000f5c00000)
  eden space 4480K, 100% used [0x00000000f0a00000, 0x00000000f0e60000, 0x00000000f0e60000)
  from space 512K,  75% used [0x00000000f0e60000, 0x00000000f0ec0308, 0x00000000f0ee0000)
  to   space 512K,   0% used [0x00000000f0ee0000, 0x00000000f0ee0000, 0x00000000f0f60000)
 tenured generation   total 10944K, used 6063K [0x00000000f5c00000, 0x00000000f66b0000, 0x0000000100000000)
   the space 10944K,  55% used [0x00000000f5c00000, 0x00000000f61ebd88, 0x00000000f61ebe00, 0x00000000f66b0000)
 Metaspace       used 22032K, capacity 22618K, committed 22784K, reserved 1069056K
  class space    used 2833K, capacity 2987K, committed 3072K, reserved 1048576K
Event: 2.971 GC heap after
Heap after GC invocations=35 (full 1):
 def new generation   total 4992K, used 504K [0x00000000f0a00000, 0x00000000f0f60000, 0x00000000f5c00000)
  eden space 4480K,   0% used [0x00000000f0a00000, 0x00000000f0a00000, 0x00000000f0e60000)
  from space 512K,  98% used [0x00000000f0ee0000, 0x00000000f0f5e3d0, 0x00000000f0f60000)
  to   space 512K,   0% used [0x00000000f0e60000, 0x00000000f0e60000, 0x00000000f0ee0000)
 tenured generation   total 10944K, used 6172K [0x00000000f5c00000, 0x00000000f66b0000, 0x0000000100000000)
   the space 10944K,  56% used [0x00000000f5c00000, 0x00000000f6207370, 0x00000000f6207400, 0x00000000f66b0000)
 Metaspace       used 22032K, capacity 22618K, committed 22784K, reserved 1069056K
  class space    used 2833K, capacity 2987K, committed 3072K, reserved 1048576K
}
Event: 3.035 GC heap before
{Heap before GC invocations=35 (full 1):
 def new generation   total 4992K, used 4984K [0x00000000f0a00000, 0x00000000f0f60000, 0x00000000f5c00000)
  eden space 4480K, 100% used [0x00000000f0a00000, 0x00000000f0e60000, 0x00000000f0e60000)
  from space 512K,  98% used [0x00000000f0ee0000, 0x00000000f0f5e3d0, 0x00000000f0f60000)
  to   space 512K,   0% used [0x00000000f0e60000, 0x00000000f0e60000, 0x00000000f0ee0000)
 tenured generation   total 10944K, used 6172K [0x00000000f5c00000, 0x00000000f66b0000, 0x0000000100000000)
   the space 10944K,  56% used [0x00000000f5c00000, 0x00000000f6207370, 0x00000000f6207400, 0x00000000f66b0000)
 Metaspace       used 22544K, capacity 23136K, committed 23296K, reserved 1069056K
  class space    used 2879K, capacity 3052K, committed 3072K, reserved 1048576K
Event: 3.037 GC heap after
Heap after GC invocations=36 (full 1):
 def new generation   total 4992K, used 497K [0x00000000f0a00000, 0x00000000f0f60000, 0x00000000f5c00000)
  eden space 4480K,   0% used [0x00000000f0a00000, 0x00000000f0a00000, 0x00000000f0e60000)
  from space 512K,  97% used [0x00000000f0e60000, 0x00000000f0edc478, 0x00000000f0ee0000)
  to   space 512K,   0% used [0x00000000f0ee0000, 0x00000000f0ee0000, 0x00000000f0f60000)
 tenured generation   total 10944K, used 6311K [0x00000000f5c00000, 0x00000000f66b0000, 0x0000000100000000)
   the space 10944K,  57% used [0x00000000f5c00000, 0x00000000f6229ee0, 0x00000000f622a000, 0x00000000f66b0000)
 Metaspace       used 22544K, capacity 23136K, committed 23296K, reserved 1069056K
  class space    used 2879K, capacity 3052K, committed 3072K, reserved 1048576K
}
Event: 3.111 GC heap before
{Heap before GC invocations=36 (full 1):
 def new generation   total 4992K, used 4977K [0x00000000f0a00000, 0x00000000f0f60000, 0x00000000f5c00000)
  eden space 4480K, 100% used [0x00000000f0a00000, 0x00000000f0e60000, 0x00000000f0e60000)
  from space 512K,  97% used [0x00000000f0e60000, 0x00000000f0edc478, 0x00000000f0ee0000)
  to   space 512K,   0% used [0x00000000f0ee0000, 0x00000000f0ee0000, 0x00000000f0f60000)
 tenured generation   total 10944K, used 6311K [0x00000000f5c00000, 0x00000000f66b0000, 0x0000000100000000)
   the space 10944K,  57% used [0x00000000f5c00000, 0x00000000f6229ee0, 0x00000000f622a000, 0x00000000f66b0000)
 Metaspace       used 22880K, capacity 23488K, committed 23680K, reserved 1069056K
  class space    used 2929K, capacity 3084K, committed 3200K, reserved 1048576K
Event: 3.113 GC heap after
Heap after GC invocations=37 (full 1):
 def new generation   total 4992K, used 373K [0x00000000f0a00000, 0x00000000f0f60000, 0x00000000f5c00000)
  eden space 4480K,   0% used [0x00000000f0a00000, 0x00000000f0a00000, 0x00000000f0e60000)
  from space 512K,  72% used [0x00000000f0ee0000, 0x00000000f0f3d5c8, 0x00000000f0f60000)
  to   space 512K,   0% used [0x00000000f0e60000, 0x00000000f0e60000, 0x00000000f0ee0000)
 tenured generation   total 10944K, used 6426K [0x00000000f5c00000, 0x00000000f66b0000, 0x0000000100000000)
   the space 10944K,  58% used [0x00000000f5c00000, 0x00000000f6246be8, 0x00000000f6246c00, 0x00000000f66b0000)
 Metaspace       used 22880K, capacity 23488K, committed 23680K, reserved 1069056K
  class space    used 2929K, capacity 3084K, committed 3200K, reserved 1048576K
}
Event: 3.195 GC heap before
{Heap before GC invocations=37 (full 1):
 def new generation   total 4992K, used 4853K [0x00000000f0a00000, 0x00000000f0f60000, 0x00000000f5c00000)
  eden space 4480K, 100% used [0x00000000f0a00000, 0x00000000f0e60000, 0x00000000f0e60000)
  from space 512K,  72% used [0x00000000f0ee0000, 0x00000000f0f3d5c8, 0x00000000f0f60000)
  to   space 512K,   0% used [0x00000000f0e60000, 0x00000000f0e60000, 0x00000000f0ee0000)
 tenured generation   total 10944K, used 6426K [0x00000000f5c00000, 0x00000000f66b0000, 0x0000000100000000)
   the space 10944K,  58% used [0x00000000f5c00000, 0x00000000f6246be8, 0x00000000f6246c00, 0x00000000f66b0000)
 Metaspace       used 23234K, capacity 23878K, committed 24192K, reserved 1071104K
  class space    used 2971K, capacity 3149K, committed 3200K, reserved 1048576K
Event: 3.197 GC heap after
Heap after GC invocations=38 (full 1):
 def new generation   total 4992K, used 511K [0x00000000f0a00000, 0x00000000f0f60000, 0x00000000f5c00000)
  eden space 4480K,   0% used [0x00000000f0a00000, 0x00000000f0a00000, 0x00000000f0e60000)
  from space 512K,  99% used [0x00000000f0e60000, 0x00000000f0edffe8, 0x00000000f0ee0000)
  to   space 512K,   0% used [0x00000000f0ee0000, 0x00000000f0ee0000, 0x00000000f0f60000)
 tenured generation   total 10944K, used 6578K [0x00000000f5c00000, 0x00000000f66b0000, 0x0000000100000000)
   the space 10944K,  60% used [0x00000000f5c00000, 0x00000000f626c858, 0x00000000f626ca00, 0x00000000f66b0000)
 Metaspace       used 23234K, capacity 23878K, committed 24192K, reserved 1071104K
  class space    used 2971K, capacity 3149K, committed 3200K, reserved 1048576K
}
Event: 3.249 GC heap before
{Heap before GC invocations=38 (full 1):
 def new generation   total 4992K, used 4968K [0x00000000f0a00000, 0x00000000f0f60000, 0x00000000f5c00000)
  eden space 4480K,  99% used [0x00000000f0a00000, 0x00000000f0e5a038, 0x00000000f0e60000)
  from space 512K,  99% used [0x00000000f0e60000, 0x00000000f0edffe8, 0x00000000f0ee0000)
  to   space 512K,   0% used [0x00000000f0ee0000, 0x00000000f0ee0000, 0x00000000f0f60000)
 tenured generation   total 10944K, used 6578K [0x00000000f5c00000, 0x00000000f66b0000, 0x0000000100000000)
   the space 10944K,  60% used [0x00000000f5c00000, 0x00000000f626c858, 0x00000000f626ca00, 0x00000000f66b0000)
 Metaspace       used 23510K, capacity 24076K, committed 24192K, reserved 1071104K
  class space    used 3002K, capacity 3150K, committed 3200K, reserved 1048576K
Event: 3.251 GC heap after
Heap after GC invocations=39 (full 1):
 def new generation   total 4992K, used 474K [0x00000000f0a00000, 0x00000000f0f60000, 0x00000000f5c00000)
  eden space 4480K,   0% used [0x00000000f0a00000, 0x00000000f0a00000, 0x00000000f0e60000)
  from space 512K,  92% used [0x00000000f0ee0000, 0x00000000f0f56bd8, 0x00000000f0f60000)
  to   space 512K,   0% used [0x00000000f0e60000, 0x00000000f0e60000, 0x00000000f0ee0000)
 tenured generation   total 10944K, used 6772K [0x00000000f5c00000, 0x00000000f66b0000, 0x0000000100000000)
   the space 10944K,  61% used [0x00000000f5c00000, 0x00000000f629d398, 0x00000000f629d400, 0x00000000f66b0000)
 Metaspace       used 23510K, capacity 24076K, committed 24192K, reserved 1071104K
  class space    used 3002K, capacity 3150K, committed 3200K, reserved 1048576K
}
Event: 3.300 GC heap before
{Heap before GC invocations=39 (full 1):
 def new generation   total 4992K, used 4954K [0x00000000f0a00000, 0x00000000f0f60000, 0x00000000f5c00000)
  eden space 4480K, 100% used [0x00000000f0a00000, 0x00000000f0e60000, 0x00000000f0e60000)
  from space 512K,  92% used [0x00000000f0ee0000, 0x00000000f0f56bd8, 0x00000000f0f60000)
  to   space 512K,   0% used [0x00000000f0e60000, 0x00000000f0e60000, 0x00000000f0ee0000)
 tenured generation   total 10944K, used 6772K [0x00000000f5c00000, 0x00000000f66b0000, 0x0000000100000000)
   the space 10944K,  61% used [0x00000000f5c00000, 0x00000000f629d398, 0x00000000f629d400, 0x00000000f66b0000)
 Metaspace       used 23834K, capacity 24460K, committed 24832K, reserved 1071104K
  class space    used 3036K, capacity 3214K, committed 3328K, reserved 1048576K
Event: 3.302 GC heap after
Heap after GC invocations=40 (full 1):
 def new generation   total 4992K, used 500K [0x00000000f0a00000, 0x00000000f0f60000, 0x00000000f5c00000)
  eden space 4480K,   0% used [0x00000000f0a00000, 0x00000000f0a00000, 0x00000000f0e60000)
  from space 512K,  97% used [0x00000000f0e60000, 0x00000000f0edd300, 0x00000000f0ee0000)
  to   space 512K,   0% used [0x00000000f0ee0000, 0x00000000f0ee0000, 0x00000000f0f60000)
 tenured generation   total 10944K, used 6919K [0x00000000f5c00000, 0x00000000f66b0000, 0x0000000100000000)
   the space 10944K,  63% used [0x00000000f5c00000, 0x00000000f62c1c78, 0x00000000f62c1e00, 0x00000000f66b0000)
 Metaspace       used 23834K, capacity 24460K, committed 24832K, reserved 1071104K
  class space    used 3036K, capacity 3214K, committed 3328K, reserved 1048576K
}
Event: 3.362 GC heap before
{Heap before GC invocations=40 (full 1):
 def new generation   total 4992K, used 4980K [0x00000000f0a00000, 0x00000000f0f60000, 0x00000000f5c00000)
  eden space 4480K, 100% used [0x00000000f0a00000, 0x00000000f0e60000, 0x00000000f0e60000)
  from space 512K,  97% used [0x00000000f0e60000, 0x00000000f0edd300, 0x00000000f0ee0000)
  to   space 512K,   0% used [0x00000000f0ee0000, 0x00000000f0ee0000, 0x00000000f0f60000)
 tenured generation   total 10944K, used 6919K [0x00000000f5c00000, 0x00000000f66b0000, 0x0000000100000000)
   the space 10944K,  63% used [0x00000000f5c00000, 0x00000000f62c1c78, 0x00000000f62c1e00, 0x00000000f66b0000)
 Metaspace       used 24144K, capacity 24828K, committed 25088K, reserved 1071104K
  class space    used 3096K, capacity 3260K, committed 3328K, reserved 1048576K
Event: 3.364 GC heap after
Heap after GC invocations=41 (full 1):
 def new generation   total 4992K, used 512K [0x00000000f0a00000, 0x00000000f0f60000, 0x00000000f5c00000)
  eden space 4480K,   0% used [0x00000000f0a00000, 0x00000000f0a00000, 0x00000000f0e60000)
  from space 512K, 100% used [0x00000000f0ee0000, 0x00000000f0f60000, 0x00000000f0f60000)
  to   space 512K,   0% used [0x00000000f0e60000, 0x00000000f0e60000, 0x00000000f0ee0000)
 tenured generation   total 10944K, used 7163K [0x00000000f5c00000, 0x00000000f66b0000, 0x0000000100000000)
   the space 10944K,  65% used [0x00000000f5c00000, 0x00000000f62fefc0, 0x00000000f62ff000, 0x00000000f66b0000)
 Metaspace       used 24144K, capacity 24828K, committed 25088K, reserved 1071104K
  class space    used 3096K, capacity 3260K, committed 3328K, reserved 1048576K
}
Event: 3.410 GC heap before
{Heap before GC invocations=41 (full 1):
 def new generation   total 4992K, used 4992K [0x00000000f0a00000, 0x00000000f0f60000, 0x00000000f5c00000)
  eden space 4480K, 100% used [0x00000000f0a00000, 0x00000000f0e60000, 0x00000000f0e60000)
  from space 512K, 100% used [0x00000000f0ee0000, 0x00000000f0f60000, 0x00000000f0f60000)
  to   space 512K,   0% used [0x00000000f0e60000, 0x00000000f0e60000, 0x00000000f0ee0000)
 tenured generation   total 10944K, used 7163K [0x00000000f5c00000, 0x00000000f66b0000, 0x0000000100000000)
   the space 10944K,  65% used [0x00000000f5c00000, 0x00000000f62fefc0, 0x00000000f62ff000, 0x00000000f66b0000)
 Metaspace       used 24443K, capacity 25112K, committed 25472K, reserved 1071104K
  class space    used 3145K, capacity 3336K, committed 3456K, reserved 1048576K
Event: 3.413 GC heap after
Heap after GC invocations=42 (full 1):
 def new generation   total 4992K, used 334K [0x00000000f0a00000, 0x00000000f0f60000, 0x00000000f5c00000)
  eden space 4480K,   0% used [0x00000000f0a00000, 0x00000000f0a00000, 0x00000000f0e60000)
  from space 512K,  65% used [0x00000000f0e60000, 0x00000000f0eb3bc8, 0x00000000f0ee0000)
  to   space 512K,   0% used [0x00000000f0ee0000, 0x00000000f0ee0000, 0x00000000f0f60000)
 tenured generation   total 10944K, used 7504K [0x00000000f5c00000, 0x00000000f66b0000, 0x0000000100000000)
   the space 10944K,  68% used [0x00000000f5c00000, 0x00000000f63542c0, 0x00000000f6354400, 0x00000000f66b0000)
 Metaspace       used 24443K, capacity 25112K, committed 25472K, reserved 1071104K
  class space    used 3145K, capacity 3336K, committed 3456K, reserved 1048576K
}
Event: 3.435 GC heap before
{Heap before GC invocations=42 (full 1):
 def new generation   total 4992K, used 4814K [0x00000000f0a00000, 0x00000000f0f60000, 0x00000000f5c00000)
  eden space 4480K, 100% used [0x00000000f0a00000, 0x00000000f0e60000, 0x00000000f0e60000)
  from space 512K,  65% used [0x00000000f0e60000, 0x00000000f0eb3bc8, 0x00000000f0ee0000)
  to   space 512K,   0% used [0x00000000f0ee0000, 0x00000000f0ee0000, 0x00000000f0f60000)
 tenured generation   total 10944K, used 7504K [0x00000000f5c00000, 0x00000000f66b0000, 0x0000000100000000)
   the space 10944K,  68% used [0x00000000f5c00000, 0x00000000f63542c0, 0x00000000f6354400, 0x00000000f66b0000)
 Metaspace       used 24579K, capacity 25274K, committed 25472K, reserved 1071104K
  class space    used 3158K, capacity 3369K, committed 3456K, reserved 1048576K
Event: 3.437 GC heap after
Heap after GC invocations=43 (full 1):
 def new generation   total 4992K, used 194K [0x00000000f0a00000, 0x00000000f0f60000, 0x00000000f5c00000)
  eden space 4480K,   0% used [0x00000000f0a00000, 0x00000000f0a00000, 0x00000000f0e60000)
  from space 512K,  38% used [0x00000000f0ee0000, 0x00000000f0f10ab0, 0x00000000f0f60000)
  to   space 512K,   0% used [0x00000000f0e60000, 0x00000000f0e60000, 0x00000000f0ee0000)
 tenured generation   total 10944K, used 7573K [0x00000000f5c00000, 0x00000000f66b0000, 0x0000000100000000)
   the space 10944K,  69% used [0x00000000f5c00000, 0x00000000f6365428, 0x00000000f6365600, 0x00000000f66b0000)
 Metaspace       used 24579K, capacity 25274K, committed 25472K, reserved 1071104K
  class space    used 3158K, capacity 3369K, committed 3456K, reserved 1048576K
}
Event: 3.443 GC heap before
{Heap before GC invocations=43 (full 1):
 def new generation   total 4992K, used 4674K [0x00000000f0a00000, 0x00000000f0f60000, 0x00000000f5c00000)
  eden space 4480K, 100% used [0x00000000f0a00000, 0x00000000f0e60000, 0x00000000f0e60000)
  from space 512K,  38% used [0x00000000f0ee0000, 0x00000000f0f10ab0, 0x00000000f0f60000)
  to   space 512K,   0% used [0x00000000f0e60000, 0x00000000f0e60000, 0x00000000f0ee0000)
 tenured generation   total 10944K, used 7573K [0x00000000f5c00000, 0x00000000f66b0000, 0x0000000100000000)
   the space 10944K,  69% used [0x00000000f5c00000, 0x00000000f6365428, 0x00000000f6365600, 0x00000000f66b0000)
 Metaspace       used 24600K, capacity 25282K, committed 25472K, reserved 1071104K
  class space    used 3162K, capacity 3373K, committed 3456K, reserved 1048576K
Event: 3.444 GC heap after
Heap after GC invocations=44 (full 1):
 def new generation   total 4992K, used 141K [0x00000000f0a00000, 0x00000000f0f60000, 0x00000000f5c00000)
  eden space 4480K,   0% used [0x00000000f0a00000, 0x00000000f0a00000, 0x00000000f0e60000)
  from space 512K,  27% used [0x00000000f0e60000, 0x00000000f0e83690, 0x00000000f0ee0000)
  to   space 512K,   0% used [0x00000000f0ee0000, 0x00000000f0ee0000, 0x00000000f0f60000)
 tenured generation   total 10944K, used 7573K [0x00000000f5c00000, 0x00000000f66b0000, 0x0000000100000000)
   the space 10944K,  69% used [0x00000000f5c00000, 0x00000000f6365428, 0x00000000f6365600, 0x00000000f66b0000)
 Metaspace       used 24600K, capacity 25282K, committed 25472K, reserved 1071104K
  class space    used 3162K, capacity 3373K, committed 3456K, reserved 1048576K
}
Event: 3.444 GC heap before
{Heap before GC invocations=44 (full 1):
 def new generation   total 4992K, used 4611K [0x00000000f0a00000, 0x00000000f0f60000, 0x00000000f5c00000)
  eden space 4480K,  99% used [0x00000000f0a00000, 0x00000000f0e5d690, 0x00000000f0e60000)
  from space 512K,  27% used [0x00000000f0e60000, 0x00000000f0e83690, 0x00000000f0ee0000)
  to   space 512K,   0% used [0x00000000f0ee0000, 0x00000000f0ee0000, 0x00000000f0f60000)
 tenured generation   total 10944K, used 7573K [0x00000000f5c00000, 0x00000000f66b0000, 0x0000000100000000)
   the space 10944K,  69% used [0x00000000f5c00000, 0x00000000f6365428, 0x00000000f6365600, 0x00000000f66b0000)
 Metaspace       used 24600K, capacity 25282K, committed 25472K, reserved 1071104K
  class space    used 3162K, capacity 3373K, committed 3456K, reserved 1048576K
Event: 3.445 GC heap after
Heap after GC invocations=45 (full 1):
 def new generation   total 4992K, used 145K [0x00000000f0a00000, 0x00000000f0f60000, 0x00000000f5c00000)
  eden space 4480K,   0% used [0x00000000f0a00000, 0x00000000f0a00000, 0x00000000f0e60000)
  from space 512K,  28% used [0x00000000f0ee0000, 0x00000000f0f045a8, 0x00000000f0f60000)
  to   space 512K,   0% used [0x00000000f0e60000, 0x00000000f0e60000, 0x00000000f0ee0000)
 tenured generation   total 10944K, used 7573K [0x00000000f5c00000, 0x00000000f66b0000, 0x0000000100000000)
   the space 10944K,  69% used [0x00000000f5c00000, 0x00000000f6365428, 0x00000000f6365600, 0x00000000f66b0000)
 Metaspace       used 24600K, capacity 25282K, committed 25472K, reserved 1071104K
  class space    used 3162K, capacity 3373K, committed 3456K, reserved 1048576K
}
Event: 3.450 GC heap before
{Heap before GC invocations=45 (full 1):
 def new generation   total 4992K, used 4625K [0x00000000f0a00000, 0x00000000f0f60000, 0x00000000f5c00000)
  eden space 4480K, 100% used [0x00000000f0a00000, 0x00000000f0e60000, 0x00000000f0e60000)
  from space 512K,  28% used [0x00000000f0ee0000, 0x00000000f0f045a8, 0x00000000f0f60000)
  to   space 512K,   0% used [0x00000000f0e60000, 0x00000000f0e60000, 0x00000000f0ee0000)
 tenured generation   total 10944K, used 7573K [0x00000000f5c00000, 0x00000000f66b0000, 0x0000000100000000)
   the space 10944K,  69% used [0x00000000f5c00000, 0x00000000f6365428, 0x00000000f6365600, 0x00000000f66b0000)
 Metaspace       used 24605K, capacity 25346K, committed 25472K, reserved 1071104K
  class space    used 3162K, capacity 3373K, committed 3456K, reserved 1048576K
Event: 3.451 GC heap after
Heap after GC invocations=46 (full 1):
 def new generation   total 4992K, used 157K [0x00000000f0a00000, 0x00000000f0f60000, 0x00000000f5c00000)
  eden space 4480K,   0% used [0x00000000f0a00000, 0x00000000f0a00000, 0x00000000f0e60000)
  from space 512K,  30% used [0x00000000f0e60000, 0x00000000f0e877c0, 0x00000000f0ee0000)
  to   space 512K,   0% used [0x00000000f0ee0000, 0x00000000f0ee0000, 0x00000000f0f60000)
 tenured generation   total 10944K, used 7573K [0x00000000f5c00000, 0x00000000f66b0000, 0x0000000100000000)
   the space 10944K,  69% used [0x00000000f5c00000, 0x00000000f6365428, 0x00000000f6365600, 0x00000000f66b0000)
 Metaspace       used 24605K, capacity 25346K, committed 25472K, reserved 1071104K
  class space    used 3162K, capacity 3373K, committed 3456K, reserved 1048576K
}
Event: 3.456 GC heap before
{Heap before GC invocations=46 (full 1):
 def new generation   total 4992K, used 4637K [0x00000000f0a00000, 0x00000000f0f60000, 0x00000000f5c00000)
  eden space 4480K, 100% used [0x00000000f0a00000, 0x00000000f0e60000, 0x00000000f0e60000)
  from space 512K,  30% used [0x00000000f0e60000, 0x00000000f0e877c0, 0x00000000f0ee0000)
  to   space 512K,   0% used [0x00000000f0ee0000, 0x00000000f0ee0000, 0x00000000f0f60000)
 tenured generation   total 10944K, used 7573K [0x00000000f5c00000, 0x00000000f66b0000, 0x0000000100000000)
   the space 10944K,  69% used [0x00000000f5c00000, 0x00000000f6365428, 0x00000000f6365600, 0x00000000f66b0000)
 Metaspace       used 24615K, capacity 25352K, committed 25472K, reserved 1071104K
  class space    used 3165K, capacity 3376K, committed 3456K, reserved 1048576K
Event: 3.457 GC heap after
Heap after GC invocations=47 (full 1):
 def new generation   total 4992K, used 174K [0x00000000f0a00000, 0x00000000f0f60000, 0x00000000f5c00000)
  eden space 4480K,   0% used [0x00000000f0a00000, 0x00000000f0a00000, 0x00000000f0e60000)
  from space 512K,  34% used [0x00000000f0ee0000, 0x00000000f0f0ba30, 0x00000000f0f60000)
  to   space 512K,   0% used [0x00000000f0e60000, 0x00000000f0e60000, 0x00000000f0ee0000)
 tenured generation   total 10944K, used 7573K [0x00000000f5c00000, 0x00000000f66b0000, 0x0000000100000000)
   the space 10944K,  69% used [0x00000000f5c00000, 0x00000000f6365428, 0x00000000f6365600, 0x00000000f66b0000)
 Metaspace       used 24615K, capacity 25352K, committed 25472K, reserved 1071104K
  class space    used 3165K, capacity 3376K, committed 3456K, reserved 1048576K
}
Event: 3.463 GC heap before
{Heap before GC invocations=47 (full 1):
 def new generation   total 4992K, used 4654K [0x00000000f0a00000, 0x00000000f0f60000, 0x00000000f5c00000)
  eden space 4480K, 100% used [0x00000000f0a00000, 0x00000000f0e60000, 0x00000000f0e60000)
  from space 512K,  34% used [0x00000000f0ee0000, 0x00000000f0f0ba30, 0x00000000f0f60000)
  to   space 512K,   0% used [0x00000000f0e60000, 0x00000000f0e60000, 0x00000000f0ee0000)
 tenured generation   total 10944K, used 7573K [0x00000000f5c00000, 0x00000000f66b0000, 0x0000000100000000)
   the space 10944K,  69% used [0x00000000f5c00000, 0x00000000f6365428, 0x00000000f6365600, 0x00000000f66b0000)
 Metaspace       used 24634K, capacity 25358K, committed 25472K, reserved 1071104K
  class space    used 3166K, capacity 3379K, committed 3456K, reserved 1048576K
Event: 3.464 GC heap after
Heap after GC invocations=48 (full 1):
 def new generation   total 4992K, used 289K [0x00000000f0a00000, 0x00000000f0f60000, 0x00000000f5c00000)
  eden space 4480K,   0% used [0x00000000f0a00000, 0x00000000f0a00000, 0x00000000f0e60000)
  from space 512K,  56% used [0x00000000f0e60000, 0x00000000f0ea8738, 0x00000000f0ee0000)
  to   space 512K,   0% used [0x00000000f0ee0000, 0x00000000f0ee0000, 0x00000000f0f60000)
 tenured generation   total 10944K, used 7573K [0x00000000f5c00000, 0x00000000f66b0000, 0x0000000100000000)
   the space 10944K,  69% used [0x00000000f5c00000, 0x00000000f6365428, 0x00000000f6365600, 0x00000000f66b0000)
 Metaspace       used 24634K, capacity 25358K, committed 25472K, reserved 1071104K
  class space    used 3166K, capacity 3379K, committed 3456K, reserved 1048576K
}
Event: 3.468 GC heap before
{Heap before GC invocations=48 (full 1):
 def new generation   total 4992K, used 4769K [0x00000000f0a00000, 0x00000000f0f60000, 0x00000000f5c00000)
  eden space 4480K, 100% used [0x00000000f0a00000, 0x00000000f0e60000, 0x00000000f0e60000)
  from space 512K,  56% used [0x00000000f0e60000, 0x00000000f0ea8738, 0x00000000f0ee0000)
  to   space 512K,   0% used [0x00000000f0ee0000, 0x00000000f0ee0000, 0x00000000f0f60000)
 tenured generation   total 10944K, used 7573K [0x00000000f5c00000, 0x00000000f66b0000, 0x0000000100000000)
   the space 10944K,  69% used [0x00000000f5c00000, 0x00000000f6365428, 0x00000000f6365600, 0x00000000f66b0000)
 Metaspace       used 24685K, capacity 25422K, committed 25728K, reserved 1071104K
  class space    used 3169K, capacity 3379K, committed 3456K, reserved 1048576K
Event: 3.469 GC heap after
Heap after GC invocations=49 (full 1):
 def new generation   total 4992K, used 110K [0x00000000f0a00000, 0x00000000f0f60000, 0x00000000f5c00000)
  eden space 4480K,   0% used [0x00000000f0a00000, 0x00000000f0a00000, 0x00000000f0e60000)
  from space 512K,  21% used [0x00000000f0ee0000, 0x00000000f0efb818, 0x00000000f0f60000)
  to   space 512K,   0% used [0x00000000f0e60000, 0x00000000f0e60000, 0x00000000f0ee0000)
 tenured generation   total 10944K, used 7664K [0x00000000f5c00000, 0x00000000f66b0000, 0x0000000100000000)
   the space 10944K,  70% used [0x00000000f5c00000, 0x00000000f637c220, 0x00000000f637c400, 0x00000000f66b0000)
 Metaspace       used 24685K, capacity 25422K, committed 25728K, reserved 1071104K
  class space    used 3169K, capacity 3379K, committed 3456K, reserved 1048576K
}
Event: 3.471 GC heap before
{Heap before GC invocations=49 (full 1):
 def new generation   total 4992K, used 4590K [0x00000000f0a00000, 0x00000000f0f60000, 0x00000000f5c00000)
  eden space 4480K, 100% used [0x00000000f0a00000, 0x00000000f0e60000, 0x00000000f0e60000)
  from space 512K,  21% used [0x00000000f0ee0000, 0x00000000f0efb818, 0x00000000f0f60000)
  to   space 512K,   0% used [0x00000000f0e60000, 0x00000000f0e60000, 0x00000000f0ee0000)
 tenured generation   total 10944K, used 7664K [0x00000000f5c00000, 0x00000000f66b0000, 0x0000000100000000)
   the space 10944K,  70% used [0x00000000f5c00000, 0x00000000f637c220, 0x00000000f637c400, 0x00000000f66b0000)
 Metaspace       used 24696K, capacity 25426K, committed 25728K, reserved 1071104K
  class space    used 3171K, capacity 3381K, committed 3456K, reserved 1048576K
Event: 3.472 GC heap after
Heap after GC invocations=50 (full 1):
 def new generation   total 4992K, used 104K [0x00000000f0a00000, 0x00000000f0f60000, 0x00000000f5c00000)
  eden space 4480K,   0% used [0x00000000f0a00000, 0x00000000f0a00000, 0x00000000f0e60000)
  from space 512K,  20% used [0x00000000f0e60000, 0x00000000f0e7a078, 0x00000000f0ee0000)
  to   space 512K,   0% used [0x00000000f0ee0000, 0x00000000f0ee0000, 0x00000000f0f60000)
 tenured generation   total 10944K, used 7664K [0x00000000f5c00000, 0x00000000f66b0000, 0x0000000100000000)
   the space 10944K,  70% used [0x00000000f5c00000, 0x00000000f637c220, 0x00000000f637c400, 0x00000000f66b0000)
 Metaspace       used 24696K, capacity 25426K, committed 25728K, reserved 1071104K
  class space    used 3171K, capacity 3381K, committed 3456K, reserved 1048576K
}
Event: 3.524 GC heap before
{Heap before GC invocations=50 (full 1):
 def new generation   total 4992K, used 4574K [0x00000000f0a00000, 0x00000000f0f60000, 0x00000000f5c00000)
  eden space 4480K,  99% used [0x00000000f0a00000, 0x00000000f0e5d988, 0x00000000f0e60000)
  from space 512K,  20% used [0x00000000f0e60000, 0x00000000f0e7a078, 0x00000000f0ee0000)
  to   space 512K,   0% used [0x00000000f0ee0000, 0x00000000f0ee0000, 0x00000000f0f60000)
 tenured generation   total 10944K, used 7664K [0x00000000f5c00000, 0x00000000f66b0000, 0x0000000100000000)
   the space 10944K,  70% used [0x00000000f5c00000, 0x00000000f637c220, 0x00000000f637c400, 0x00000000f66b0000)
 Metaspace       used 25068K, capacity 25798K, committed 25984K, reserved 1071104K
  class space    used 3217K, capacity 3417K, committed 3456K, reserved 1048576K
Event: 3.526 GC heap after
Heap after GC invocations=51 (full 1):
 def new generation   total 4992K, used 511K [0x00000000f0a00000, 0x00000000f0f60000, 0x00000000f5c00000)
  eden space 4480K,   0% used [0x00000000f0a00000, 0x00000000f0a00000, 0x00000000f0e60000)
  from space 512K,  99% used [0x00000000f0ee0000, 0x00000000f0f5fed0, 0x00000000f0f60000)
  to   space 512K,   0% used [0x00000000f0e60000, 0x00000000f0e60000, 0x00000000f0ee0000)
 tenured generation   total 10944K, used 7714K [0x00000000f5c00000, 0x00000000f66b0000, 0x0000000100000000)
   the space 10944K,  70% used [0x00000000f5c00000, 0x00000000f6388998, 0x00000000f6388a00, 0x00000000f66b0000)
 Metaspace       used 25068K, capacity 25798K, committed 25984K, reserved 1071104K
  class space    used 3217K, capacity 3417K, committed 3456K, reserved 1048576K
}
Event: 3.588 GC heap before
{Heap before GC invocations=51 (full 1):
 def new generation   total 4992K, used 4991K [0x00000000f0a00000, 0x00000000f0f60000, 0x00000000f5c00000)
  eden space 4480K, 100% used [0x00000000f0a00000, 0x00000000f0e60000, 0x00000000f0e60000)
  from space 512K,  99% used [0x00000000f0ee0000, 0x00000000f0f5fed0, 0x00000000f0f60000)
  to   space 512K,   0% used [0x00000000f0e60000, 0x00000000f0e60000, 0x00000000f0ee0000)
 tenured generation   total 10944K, used 7714K [0x00000000f5c00000, 0x00000000f66b0000, 0x0000000100000000)
   the space 10944K,  70% used [0x00000000f5c00000, 0x00000000f6388998, 0x00000000f6388a00, 0x00000000f66b0000)
 Metaspace       used 25406K, capacity 26106K, committed 26368K, reserved 1073152K
  class space    used 3263K, capacity 3457K, committed 3584K, reserved 1048576K
Event: 3.591 GC heap after
Heap after GC invocations=52 (full 1):
 def new generation   total 4992K, used 434K [0x00000000f0a00000, 0x00000000f0f60000, 0x00000000f5c00000)
  eden space 4480K,   0% used [0x00000000f0a00000, 0x00000000f0a00000, 0x00000000f0e60000)
  from space 512K,  84% used [0x00000000f0e60000, 0x00000000f0eccbb8, 0x00000000f0ee0000)
  to   space 512K,   0% used [0x00000000f0ee0000, 0x00000000f0ee0000, 0x00000000f0f60000)
 tenured generation   total 10944K, used 7996K [0x00000000f5c00000, 0x00000000f66b0000, 0x0000000100000000)
   the space 10944K,  73% used [0x00000000f5c00000, 0x00000000f63cf2b0, 0x00000000f63cf400, 0x00000000f66b0000)
 Metaspace       used 25406K, capacity 26106K, committed 26368K, reserved 1073152K
  class space    used 3263K, capacity 3457K, committed 3584K, reserved 1048576K
}
Event: 3.695 GC heap before
{Heap before GC invocations=52 (full 1):
 def new generation   total 4992K, used 4914K [0x00000000f0a00000, 0x00000000f0f60000, 0x00000000f5c00000)
  eden space 4480K, 100% used [0x00000000f0a00000, 0x00000000f0e60000, 0x00000000f0e60000)
  from space 512K,  84% used [0x00000000f0e60000, 0x00000000f0eccbb8, 0x00000000f0ee0000)
  to   space 512K,   0% used [0x00000000f0ee0000, 0x00000000f0ee0000, 0x00000000f0f60000)
 tenured generation   total 10944K, used 7996K [0x00000000f5c00000, 0x00000000f66b0000, 0x0000000100000000)
   the space 10944K,  73% used [0x00000000f5c00000, 0x00000000f63cf2b0, 0x00000000f63cf400, 0x00000000f66b0000)
 Metaspace       used 26446K, capacity 27172K, committed 27520K, reserved 1073152K
  class space    used 3381K, capacity 3590K, committed 3712K, reserved 1048576K
Event: 3.697 GC heap after
Heap after GC invocations=53 (full 1):
 def new generation   total 4992K, used 511K [0x00000000f0a00000, 0x00000000f0f60000, 0x00000000f5c00000)
  eden space 4480K,   0% used [0x00000000f0a00000, 0x00000000f0a00000, 0x00000000f0e60000)
  from space 512K,  99% used [0x00000000f0ee0000, 0x00000000f0f5ff98, 0x00000000f0f60000)
  to   space 512K,   0% used [0x00000000f0e60000, 0x00000000f0e60000, 0x00000000f0ee0000)
 tenured generation   total 10944K, used 8176K [0x00000000f5c00000, 0x00000000f66b0000, 0x0000000100000000)
   the space 10944K,  74% used [0x00000000f5c00000, 0x00000000f63fc238, 0x00000000f63fc400, 0x00000000f66b0000)
 Metaspace       used 26446K, capacity 27172K, committed 27520K, reserved 1073152K
  class space    used 3381K, capacity 3590K, committed 3712K, reserved 1048576K
}
Event: 3.784 GC heap before
{Heap before GC invocations=53 (full 1):
 def new generation   total 4992K, used 4991K [0x00000000f0a00000, 0x00000000f0f60000, 0x00000000f5c00000)
  eden space 4480K, 100% used [0x00000000f0a00000, 0x00000000f0e60000, 0x00000000f0e60000)
  from space 512K,  99% used [0x00000000f0ee0000, 0x00000000f0f5ff98, 0x00000000f0f60000)
  to   space 512K,   0% used [0x00000000f0e60000, 0x00000000f0e60000, 0x00000000f0ee0000)
 tenured generation   total 10944K, used 8176K [0x00000000f5c00000, 0x00000000f66b0000, 0x0000000100000000)
   the space 10944K,  74% used [0x00000000f5c00000, 0x00000000f63fc238, 0x00000000f63fc400, 0x00000000f66b0000)
 Metaspace       used 26741K, capacity 27490K, committed 27776K, reserved 1073152K
  class space    used 3420K, capacity 3601K, committed 3712K, reserved 1048576K
Event: 3.788 GC heap after
Heap after GC invocations=54 (full 1):
 def new generation   total 4992K, used 441K [0x00000000f0a00000, 0x00000000f0f60000, 0x00000000f5c00000)
  eden space 4480K,   0% used [0x00000000f0a00000, 0x00000000f0a00000, 0x00000000f0e60000)
  from space 512K,  86% used [0x00000000f0e60000, 0x00000000f0ece4d8, 0x00000000f0ee0000)
  to   space 512K,   0% used [0x00000000f0ee0000, 0x00000000f0ee0000, 0x00000000f0f60000)
 tenured generation   total 10944K, used 8527K [0x00000000f5c00000, 0x00000000f66b0000, 0x0000000100000000)
   the space 10944K,  77% used [0x00000000f5c00000, 0x00000000f6453fa0, 0x00000000f6454000, 0x00000000f66b0000)
 Metaspace       used 26741K, capacity 27490K, committed 27776K, reserved 1073152K
  class space    used 3420K, capacity 3601K, committed 3712K, reserved 1048576K
}
Event: 3.881 GC heap before
{Heap before GC invocations=54 (full 1):
 def new generation   total 4992K, used 4921K [0x00000000f0a00000, 0x00000000f0f60000, 0x00000000f5c00000)
  eden space 4480K, 100% used [0x00000000f0a00000, 0x00000000f0e60000, 0x00000000f0e60000)
  from space 512K,  86% used [0x00000000f0e60000, 0x00000000f0ece4d8, 0x00000000f0ee0000)
  to   space 512K,   0% used [0x00000000f0ee0000, 0x00000000f0ee0000, 0x00000000f0f60000)
 tenured generation   total 10944K, used 8527K [0x00000000f5c00000, 0x00000000f66b0000, 0x0000000100000000)
   the space 10944K,  77% used [0x00000000f5c00000, 0x00000000f6453fa0, 0x00000000f6454000, 0x00000000f66b0000)
 Metaspace       used 26915K, capacity 27674K, committed 27776K, reserved 1073152K
  class space    used 3436K, capacity 3637K, committed 3712K, reserved 1048576K
Event: 3.884 GC heap after
Heap after GC invocations=55 (full 1):
 def new generation   total 4992K, used 455K [0x00000000f0a00000, 0x00000000f0f60000, 0x00000000f5c00000)
  eden space 4480K,   0% used [0x00000000f0a00000, 0x00000000f0a00000, 0x00000000f0e60000)
  from space 512K,  88% used [0x00000000f0ee0000, 0x00000000f0f51e48, 0x00000000f0f60000)
  to   space 512K,   0% used [0x00000000f0e60000, 0x00000000f0e60000, 0x00000000f0ee0000)
 tenured generation   total 10944K, used 8757K [0x00000000f5c00000, 0x00000000f66b0000, 0x0000000100000000)
   the space 10944K,  80% used [0x00000000f5c00000, 0x00000000f648d798, 0x00000000f648d800, 0x00000000f66b0000)
 Metaspace       used 26915K, capacity 27674K, committed 27776K, reserved 1073152K
  class space    used 3436K, capacity 3637K, committed 3712K, reserved 1048576K
}
Event: 3.980 GC heap before
{Heap before GC invocations=55 (full 1):
 def new generation   total 4992K, used 4935K [0x00000000f0a00000, 0x00000000f0f60000, 0x00000000f5c00000)
  eden space 4480K, 100% used [0x00000000f0a00000, 0x00000000f0e60000, 0x00000000f0e60000)
  from space 512K,  88% used [0x00000000f0ee0000, 0x00000000f0f51e48, 0x00000000f0f60000)
  to   space 512K,   0% used [0x00000000f0e60000, 0x00000000f0e60000, 0x00000000f0ee0000)
 tenured generation   total 10944K, used 8757K [0x00000000f5c00000, 0x00000000f66b0000, 0x0000000100000000)
   the space 10944K,  80% used [0x00000000f5c00000, 0x00000000f648d798, 0x00000000f648d800, 0x00000000f66b0000)
 Metaspace       used 27088K, capacity 27860K, committed 28032K, reserved 1073152K
  class space    used 3450K, capacity 3648K, committed 3712K, reserved 1048576K
Event: 3.983 GC heap after
Heap after GC invocations=56 (full 1):
 def new generation   total 4992K, used 450K [0x00000000f0a00000, 0x00000000f0f60000, 0x00000000f5c00000)
  eden space 4480K,   0% used [0x00000000f0a00000, 0x00000000f0a00000, 0x00000000f0e60000)
  from space 512K,  87% used [0x00000000f0e60000, 0x00000000f0ed0848, 0x00000000f0ee0000)
  to   space 512K,   0% used [0x00000000f0ee0000, 0x00000000f0ee0000, 0x00000000f0f60000)
 tenured generation   total 10944K, used 9022K [0x00000000f5c00000, 0x00000000f66b0000, 0x0000000100000000)
   the space 10944K,  82% used [0x00000000f5c00000, 0x00000000f64cf868, 0x00000000f64cfa00, 0x00000000f66b0000)
 Metaspace       used 27088K, capacity 27860K, committed 28032K, reserved 1073152K
  class space    used 3450K, capacity 3648K, committed 3712K, reserved 1048576K
}
Event: 4.063 GC heap before
{Heap before GC invocations=56 (full 1):
 def new generation   total 4992K, used 4930K [0x00000000f0a00000, 0x00000000f0f60000, 0x00000000f5c00000)
  eden space 4480K, 100% used [0x00000000f0a00000, 0x00000000f0e60000, 0x00000000f0e60000)
  from space 512K,  87% used [0x00000000f0e60000, 0x00000000f0ed0848, 0x00000000f0ee0000)
  to   space 512K,   0% used [0x00000000f0ee0000, 0x00000000f0ee0000, 0x00000000f0f60000)
 tenured generation   total 10944K, used 9022K [0x00000000f5c00000, 0x00000000f66b0000, 0x0000000100000000)
   the space 10944K,  82% used [0x00000000f5c00000, 0x00000000f64cf868, 0x00000000f64cfa00, 0x00000000f66b0000)
 Metaspace       used 27180K, capacity 28012K, committed 28288K, reserved 1073152K
  class space    used 3459K, capacity 3652K, committed 3712K, reserved 1048576K
Event: 4.066 GC heap after
Heap after GC invocations=57 (full 1):
 def new generation   total 4992K, used 415K [0x00000000f0a00000, 0x00000000f0f60000, 0x00000000f5c00000)
  eden space 4480K,   0% used [0x00000000f0a00000, 0x00000000f0a00000, 0x00000000f0e60000)
  from space 512K,  81% used [0x00000000f0ee0000, 0x00000000f0f47fc8, 0x00000000f0f60000)
  to   space 512K,   0% used [0x00000000f0e60000, 0x00000000f0e60000, 0x00000000f0ee0000)
 tenured generation   total 10944K, used 9309K [0x00000000f5c00000, 0x00000000f66b0000, 0x0000000100000000)
   the space 10944K,  85% used [0x00000000f5c00000, 0x00000000f6517400, 0x00000000f6517400, 0x00000000f66b0000)
 Metaspace       used 27180K, capacity 28012K, committed 28288K, reserved 1073152K
  class space    used 3459K, capacity 3652K, committed 3712K, reserved 1048576K
}
Event: 4.141 GC heap before
{Heap before GC invocations=57 (full 1):
 def new generation   total 4992K, used 4895K [0x00000000f0a00000, 0x00000000f0f60000, 0x00000000f5c00000)
  eden space 4480K, 100% used [0x00000000f0a00000, 0x00000000f0e60000, 0x00000000f0e60000)
  from space 512K,  81% used [0x00000000f0ee0000, 0x00000000f0f47fc8, 0x00000000f0f60000)
  to   space 512K,   0% used [0x00000000f0e60000, 0x00000000f0e60000, 0x00000000f0ee0000)
 tenured generation   total 10944K, used 9309K [0x00000000f5c00000, 0x00000000f66b0000, 0x0000000100000000)
   the space 10944K,  85% used [0x00000000f5c00000, 0x00000000f6517400, 0x00000000f6517400, 0x00000000f66b0000)
 Metaspace       used 27446K, capacity 28274K, committed 28416K, reserved 1073152K
  class space    used 3489K, capacity 3717K, committed 3840K, reserved 1048576K
Event: 4.144 GC heap after
Heap after GC invocations=58 (full 1):
 def new generation   total 4992K, used 444K [0x00000000f0a00000, 0x00000000f0f60000, 0x00000000f5c00000)
  eden space 4480K,   0% used [0x00000000f0a00000, 0x00000000f0a00000, 0x00000000f0e60000)
  from space 512K,  86% used [0x00000000f0e60000, 0x00000000f0ecf0a8, 0x00000000f0ee0000)
  to   space 512K,   0% used [0x00000000f0ee0000, 0x00000000f0ee0000, 0x00000000f0f60000)
 tenured generation   total 10944K, used 9535K [0x00000000f5c00000, 0x00000000f66b0000, 0x0000000100000000)
   the space 10944K,  87% used [0x00000000f5c00000, 0x00000000f654ff80, 0x00000000f6550000, 0x00000000f66b0000)
 Metaspace       used 27446K, capacity 28274K, committed 28416K, reserved 1073152K
  class space    used 3489K, capacity 3717K, committed 3840K, reserved 1048576K
}
Event: 4.228 GC heap before
{Heap before GC invocations=58 (full 1):
 def new generation   total 4992K, used 4924K [0x00000000f0a00000, 0x00000000f0f60000, 0x00000000f5c00000)
  eden space 4480K, 100% used [0x00000000f0a00000, 0x00000000f0e60000, 0x00000000f0e60000)
  from space 512K,  86% used [0x00000000f0e60000, 0x00000000f0ecf0a8, 0x00000000f0ee0000)
  to   space 512K,   0% used [0x00000000f0ee0000, 0x00000000f0ee0000, 0x00000000f0f60000)
 tenured generation   total 10944K, used 9535K [0x00000000f5c00000, 0x00000000f66b0000, 0x0000000100000000)
   the space 10944K,  87% used [0x00000000f5c00000, 0x00000000f654ff80, 0x00000000f6550000, 0x00000000f66b0000)
 Metaspace       used 28032K, capacity 28850K, committed 28928K, reserved 1075200K
  class space    used 3562K, capacity 3781K, committed 3840K, reserved 1048576K
Event: 4.231 GC heap after
Heap after GC invocations=59 (full 1):
 def new generation   total 4992K, used 440K [0x00000000f0a00000, 0x00000000f0f60000, 0x00000000f5c00000)
  eden space 4480K,   0% used [0x00000000f0a00000, 0x00000000f0a00000, 0x00000000f0e60000)
  from space 512K,  86% used [0x00000000f0ee0000, 0x00000000f0f4e150, 0x00000000f0f60000)
  to   space 512K,   0% used [0x00000000f0e60000, 0x00000000f0e60000, 0x00000000f0ee0000)
 tenured generation   total 10944K, used 9778K [0x00000000f5c00000, 0x00000000f66b0000, 0x0000000100000000)
   the space 10944K,  89% used [0x00000000f5c00000, 0x00000000f658cbe0, 0x00000000f658cc00, 0x00000000f66b0000)
 Metaspace       used 28032K, capacity 28850K, committed 28928K, reserved 1075200K
  class space    used 3562K, capacity 3781K, committed 3840K, reserved 1048576K
}
Event: 4.326 GC heap before
{Heap before GC invocations=59 (full 1):
 def new generation   total 4992K, used 4920K [0x00000000f0a00000, 0x00000000f0f60000, 0x00000000f5c00000)
  eden space 4480K, 100% used [0x00000000f0a00000, 0x00000000f0e60000, 0x00000000f0e60000)
  from space 512K,  86% used [0x00000000f0ee0000, 0x00000000f0f4e150, 0x00000000f0f60000)
  to   space 512K,   0% used [0x00000000f0e60000, 0x00000000f0e60000, 0x00000000f0ee0000)
 tenured generation   total 10944K, used 9778K [0x00000000f5c00000, 0x00000000f66b0000, 0x0000000100000000)
   the space 10944K,  89% used [0x00000000f5c00000, 0x00000000f658cbe0, 0x00000000f658cc00, 0x00000000f66b0000)
 Metaspace       used 28413K, capacity 29278K, committed 29440K, reserved 1075200K
  class space    used 3616K, capacity 3831K, committed 3840K, reserved 1048576K
Event: 4.329 GC heap after
Heap after GC invocations=60 (full 1):
 def new generation   total 4992K, used 511K [0x00000000f0a00000, 0x00000000f0f60000, 0x00000000f5c00000)
  eden space 4480K,   0% used [0x00000000f0a00000, 0x00000000f0a00000, 0x00000000f0e60000)
  from space 512K,  99% used [0x00000000f0e60000, 0x00000000f0edff58, 0x00000000f0ee0000)
  to   space 512K,   0% used [0x00000000f0ee0000, 0x00000000f0ee0000, 0x00000000f0f60000)
 tenured generation   total 10944K, used 10115K [0x00000000f5c00000, 0x00000000f66b0000, 0x0000000100000000)
   the space 10944K,  92% used [0x00000000f5c00000, 0x00000000f65e0f88, 0x00000000f65e1000, 0x00000000f66b0000)
 Metaspace       used 28413K, capacity 29278K, committed 29440K, reserved 1075200K
  class space    used 3616K, capacity 3831K, committed 3840K, reserved 1048576K
}
Event: 4.412 GC heap before
{Heap before GC invocations=60 (full 1):
 def new generation   total 4992K, used 4991K [0x00000000f0a00000, 0x00000000f0f60000, 0x00000000f5c00000)
  eden space 4480K, 100% used [0x00000000f0a00000, 0x00000000f0e60000, 0x00000000f0e60000)
  from space 512K,  99% used [0x00000000f0e60000, 0x00000000f0edff58, 0x00000000f0ee0000)
  to   space 512K,   0% used [0x00000000f0ee0000, 0x00000000f0ee0000, 0x00000000f0f60000)
 tenured generation   total 10944K, used 10115K [0x00000000f5c00000, 0x00000000f66b0000, 0x0000000100000000)
   the space 10944K,  92% used [0x00000000f5c00000, 0x00000000f65e0f88, 0x00000000f65e1000, 0x00000000f66b0000)
 Metaspace       used 28520K, capacity 29410K, committed 29568K, reserved 1075200K
  class space    used 3634K, capacity 3847K, committed 3968K, reserved 1048576K
Event: 4.415 GC heap after
Heap after GC invocations=61 (full 1):
 def new generation   total 4992K, used 334K [0x00000000f0a00000, 0x00000000f0f60000, 0x00000000f5c00000)
  eden space 4480K,   0% used [0x00000000f0a00000, 0x00000000f0a00000, 0x00000000f0e60000)
  from space 512K,  65% used [0x00000000f0ee0000, 0x00000000f0f339c8, 0x00000000f0f60000)
  to   space 512K,   0% used [0x00000000f0e60000, 0x00000000f0e60000, 0x00000000f0ee0000)
 tenured generation   total 10944K, used 10508K [0x00000000f5c00000, 0x00000000f66b0000, 0x0000000100000000)
   the space 10944K,  96% used [0x00000000f5c00000, 0x00000000f6643118, 0x00000000f6643200, 0x00000000f66b0000)
 Metaspace       used 28520K, capacity 29410K, committed 29568K, reserved 1075200K
  class space    used 3634K, capacity 3847K, committed 3968K, reserved 1048576K
}
Event: 4.488 GC heap before
{Heap before GC invocations=61 (full 1):
 def new generation   total 4992K, used 4814K [0x00000000f0a00000, 0x00000000f0f60000, 0x00000000f5c00000)
  eden space 4480K, 100% used [0x00000000f0a00000, 0x00000000f0e60000, 0x00000000f0e60000)
  from space 512K,  65% used [0x00000000f0ee0000, 0x00000000f0f339c8, 0x00000000f0f60000)
  to   space 512K,   0% used [0x00000000f0e60000, 0x00000000f0e60000, 0x00000000f0ee0000)
 tenured generation   total 10944K, used 10508K [0x00000000f5c00000, 0x00000000f66b0000, 0x0000000100000000)
   the space 10944K,  96% used [0x00000000f5c00000, 0x00000000f6643118, 0x00000000f6643200, 0x00000000f66b0000)
 Metaspace       used 28656K, capacity 29578K, committed 29824K, reserved 1075200K
  class space    used 3659K, capacity 3919K, committed 3968K, reserved 1048576K
Event: 4.491 GC heap after
Heap after GC invocations=62 (full 1):
 def new generation   total 4992K, used 382K [0x00000000f0a00000, 0x00000000f0f60000, 0x00000000f5c00000)
  eden space 4480K,   0% used [0x00000000f0a00000, 0x00000000f0a00000, 0x00000000f0e60000)
  from space 512K,  74% used [0x00000000f0e60000, 0x00000000f0ebf808, 0x00000000f0ee0000)
  to   space 512K,   0% used [0x00000000f0ee0000, 0x00000000f0ee0000, 0x00000000f0f60000)
 tenured generation   total 10944K, used 10718K [0x00000000f5c00000, 0x00000000f66b0000, 0x0000000100000000)
   the space 10944K,  97% used [0x00000000f5c00000, 0x00000000f66779f8, 0x00000000f6677a00, 0x00000000f66b0000)
 Metaspace       used 28656K, capacity 29578K, committed 29824K, reserved 1075200K
  class space    used 3659K, capacity 3919K, committed 3968K, reserved 1048576K
}
Event: 4.571 GC heap before
{Heap before GC invocations=62 (full 1):
 def new generation   total 4992K, used 4862K [0x00000000f0a00000, 0x00000000f0f60000, 0x00000000f5c00000)
  eden space 4480K, 100% used [0x00000000f0a00000, 0x00000000f0e60000, 0x00000000f0e60000)
  from space 512K,  74% used [0x00000000f0e60000, 0x00000000f0ebf808, 0x00000000f0ee0000)
  to   space 512K,   0% used [0x00000000f0ee0000, 0x00000000f0ee0000, 0x00000000f0f60000)
 tenured generation   total 10944K, used 10718K [0x00000000f5c00000, 0x00000000f66b0000, 0x0000000100000000)
   the space 10944K,  97% used [0x00000000f5c00000, 0x00000000f66779f8, 0x00000000f6677a00, 0x00000000f66b0000)
 Metaspace       used 28911K, capacity 29922K, committed 30080K, reserved 1075200K
  class space    used 3702K, capacity 3963K, committed 3968K, reserved 1048576K
Event: 4.611 GC heap after
Heap after GC invocations=63 (full 2):
 def new generation   total 7488K, used 0K [0x00000000f0a00000, 0x00000000f1210000, 0x00000000f5c00000)
  eden space 6720K,   0% used [0x00000000f0a00000, 0x00000000f0a00000, 0x00000000f1090000)
  from space 768K,   0% used [0x00000000f1090000, 0x00000000f1090000, 0x00000000f1150000)
  to   space 768K,   0% used [0x00000000f1150000, 0x00000000f1150000, 0x00000000f1210000)
 tenured generation   total 16420K, used 9851K [0x00000000f5c00000, 0x00000000f6c09000, 0x0000000100000000)
   the space 16420K,  59% used [0x00000000f5c00000, 0x00000000f659ede8, 0x00000000f659ee00, 0x00000000f6c09000)
 Metaspace       used 28911K, capacity 29922K, committed 30080K, reserved 1075200K
  class space    used 3702K, capacity 3963K, committed 3968K, reserved 1048576K
}
Event: 4.753 GC heap before
{Heap before GC invocations=63 (full 2):
 def new generation   total 7488K, used 6720K [0x00000000f0a00000, 0x00000000f1210000, 0x00000000f5c00000)
  eden space 6720K, 100% used [0x00000000f0a00000, 0x00000000f1090000, 0x00000000f1090000)
  from space 768K,   0% used [0x00000000f1090000, 0x00000000f1090000, 0x00000000f1150000)
  to   space 768K,   0% used [0x00000000f1150000, 0x00000000f1150000, 0x00000000f1210000)
 tenured generation   total 16420K, used 9851K [0x00000000f5c00000, 0x00000000f6c09000, 0x0000000100000000)
   the space 16420K,  59% used [0x00000000f5c00000, 0x00000000f659ede8, 0x00000000f659ee00, 0x00000000f6c09000)
 Metaspace       used 29379K, capacity 30410K, committed 30720K, reserved 1075200K
  class space    used 3770K, capacity 4037K, committed 4096K, reserved 1048576K
Event: 4.756 GC heap after
Heap after GC invocations=64 (full 2):
 def new generation   total 7488K, used 727K [0x00000000f0a00000, 0x00000000f1210000, 0x00000000f5c00000)
  eden space 6720K,   0% used [0x00000000f0a00000, 0x00000000f0a00000, 0x00000000f1090000)
  from space 768K,  94% used [0x00000000f1150000, 0x00000000f1205db0, 0x00000000f1210000)
  to   space 768K,   0% used [0x00000000f1090000, 0x00000000f1090000, 0x00000000f1150000)
 tenured generation   total 16420K, used 9851K [0x00000000f5c00000, 0x00000000f6c09000, 0x0000000100000000)
   the space 16420K,  59% used [0x00000000f5c00000, 0x00000000f659ede8, 0x00000000f659ee00, 0x00000000f6c09000)
 Metaspace       used 29379K, capacity 30410K, committed 30720K, reserved 1075200K
  class space    used 3770K, capacity 4037K, committed 4096K, reserved 1048576K
}
Event: 4.916 GC heap before
{Heap before GC invocations=64 (full 2):
 def new generation   total 7488K, used 7447K [0x00000000f0a00000, 0x00000000f1210000, 0x00000000f5c00000)
  eden space 6720K, 100% used [0x00000000f0a00000, 0x00000000f1090000, 0x00000000f1090000)
  from space 768K,  94% used [0x00000000f1150000, 0x00000000f1205db0, 0x00000000f1210000)
  to   space 768K,   0% used [0x00000000f1090000, 0x00000000f1090000, 0x00000000f1150000)
 tenured generation   total 16420K, used 9851K [0x00000000f5c00000, 0x00000000f6c09000, 0x0000000100000000)
   the space 16420K,  59% used [0x00000000f5c00000, 0x00000000f659ede8, 0x00000000f659ee00, 0x00000000f6c09000)
 Metaspace       used 29914K, capacity 30954K, committed 31360K, reserved 1077248K
  class space    used 3842K, capacity 4105K, committed 4224K, reserved 1048576K
Event: 4.919 GC heap after
Heap after GC invocations=65 (full 2):
 def new generation   total 7488K, used 767K [0x00000000f0a00000, 0x00000000f1210000, 0x00000000f5c00000)
  eden space 6720K,   0% used [0x00000000f0a00000, 0x00000000f0a00000, 0x00000000f1090000)
  from space 768K,  99% used [0x00000000f1090000, 0x00000000f114fff0, 0x00000000f1150000)
  to   space 768K,   0% used [0x00000000f1150000, 0x00000000f1150000, 0x00000000f1210000)
 tenured generation   total 16420K, used 10169K [0x00000000f5c00000, 0x00000000f6c09000, 0x0000000100000000)
   the space 16420K,  61% used [0x00000000f5c00000, 0x00000000f65ee568, 0x00000000f65ee600, 0x00000000f6c09000)
 Metaspace       used 29914K, capacity 30954K, committed 31360K, reserved 1077248K
  class space    used 3842K, capacity 4105K, committed 4224K, reserved 1048576K
}
Event: 5.076 GC heap before
{Heap before GC invocations=65 (full 2):
 def new generation   total 7488K, used 7487K [0x00000000f0a00000, 0x00000000f1210000, 0x00000000f5c00000)
  eden space 6720K,  99% used [0x00000000f0a00000, 0x00000000f108ff00, 0x00000000f1090000)
  from space 768K,  99% used [0x00000000f1090000, 0x00000000f114fff0, 0x00000000f1150000)
  to   space 768K,   0% used [0x00000000f1150000, 0x00000000f1150000, 0x00000000f1210000)
 tenured generation   total 16420K, used 10169K [0x00000000f5c00000, 0x00000000f6c09000, 0x0000000100000000)
   the space 16420K,  61% used [0x00000000f5c00000, 0x00000000f65ee568, 0x00000000f65ee600, 0x00000000f6c09000)
 Metaspace       used 30402K, capacity 31446K, committed 31616K, reserved 1077248K
  class space    used 3914K, capacity 4169K, committed 4224K, reserved 1048576K
Event: 5.079 GC heap after
Heap after GC invocations=66 (full 2):
 def new generation   total 7488K, used 586K [0x00000000f0a00000, 0x00000000f1210000, 0x00000000f5c00000)
  eden space 6720K,   0% used [0x00000000f0a00000, 0x00000000f0a00000, 0x00000000f1090000)
  from space 768K,  76% used [0x00000000f1150000, 0x00000000f11e2aa8, 0x00000000f1210000)
  to   space 768K,   0% used [0x00000000f1090000, 0x00000000f1090000, 0x00000000f1150000)
 tenured generation   total 16420K, used 10440K [0x00000000f5c00000, 0x00000000f6c09000, 0x0000000100000000)
   the space 16420K,  63% used [0x00000000f5c00000, 0x00000000f66321a8, 0x00000000f6632200, 0x00000000f6c09000)
 Metaspace       used 30402K, capacity 31446K, committed 31616K, reserved 1077248K
  class space    used 3914K, capacity 4169K, committed 4224K, reserved 1048576K
}
Event: 5.235 GC heap before
{Heap before GC invocations=66 (full 2):
 def new generation   total 7488K, used 7306K [0x00000000f0a00000, 0x00000000f1210000, 0x00000000f5c00000)
  eden space 6720K, 100% used [0x00000000f0a00000, 0x00000000f1090000, 0x00000000f1090000)
  from space 768K,  76% used [0x00000000f1150000, 0x00000000f11e2aa8, 0x00000000f1210000)
  to   space 768K,   0% used [0x00000000f1090000, 0x00000000f1090000, 0x00000000f1150000)
 tenured generation   total 16420K, used 10440K [0x00000000f5c00000, 0x00000000f6c09000, 0x0000000100000000)
   the space 16420K,  63% used [0x00000000f5c00000, 0x00000000f66321a8, 0x00000000f6632200, 0x00000000f6c09000)
 Metaspace       used 30752K, capacity 31904K, committed 32000K, reserved 1077248K
  class space    used 3977K, capacity 4262K, committed 4352K, reserved 1048576K
Event: 5.238 GC heap after
Heap after GC invocations=67 (full 2):
 def new generation   total 7488K, used 557K [0x00000000f0a00000, 0x00000000f1210000, 0x00000000f5c00000)
  eden space 6720K,   0% used [0x00000000f0a00000, 0x00000000f0a00000, 0x00000000f1090000)
  from space 768K,  72% used [0x00000000f1090000, 0x00000000f111b738, 0x00000000f1150000)
  to   space 768K,   0% used [0x00000000f1150000, 0x00000000f1150000, 0x00000000f1210000)
 tenured generation   total 16420K, used 10602K [0x00000000f5c00000, 0x00000000f6c09000, 0x0000000100000000)
   the space 16420K,  64% used [0x00000000f5c00000, 0x00000000f665a9b8, 0x00000000f665aa00, 0x00000000f6c09000)
 Metaspace       used 30752K, capacity 31904K, committed 32000K, reserved 1077248K
  class space    used 3977K, capacity 4262K, committed 4352K, reserved 1048576K
}
Event: 5.361 GC heap before
{Heap before GC invocations=67 (full 2):
 def new generation   total 7488K, used 7277K [0x00000000f0a00000, 0x00000000f1210000, 0x00000000f5c00000)
  eden space 6720K, 100% used [0x00000000f0a00000, 0x00000000f1090000, 0x00000000f1090000)
  from space 768K,  72% used [0x00000000f1090000, 0x00000000f111b738, 0x00000000f1150000)
  to   space 768K,   0% used [0x00000000f1150000, 0x00000000f1150000, 0x00000000f1210000)
 tenured generation   total 16420K, used 10602K [0x00000000f5c00000, 0x00000000f6c09000, 0x0000000100000000)
   the space 16420K,  64% used [0x00000000f5c00000, 0x00000000f665a9b8, 0x00000000f665aa00, 0x00000000f6c09000)
 Metaspace       used 31049K, capacity 32222K, committed 32512K, reserved 1077248K
  class space    used 4027K, capacity 4299K, committed 4352K, reserved 1048576K
Event: 5.364 GC heap after
Heap after GC invocations=68 (full 2):
 def new generation   total 7488K, used 565K [0x00000000f0a00000, 0x00000000f1210000, 0x00000000f5c00000)
  eden space 6720K,   0% used [0x00000000f0a00000, 0x00000000f0a00000, 0x00000000f1090000)
  from space 768K,  73% used [0x00000000f1150000, 0x00000000f11dd620, 0x00000000f1210000)
  to   space 768K,   0% used [0x00000000f1090000, 0x00000000f1090000, 0x00000000f1150000)
 tenured generation   total 16420K, used 10887K [0x00000000f5c00000, 0x00000000f6c09000, 0x0000000100000000)
   the space 16420K,  66% used [0x00000000f5c00000, 0x00000000f66a1db8, 0x00000000f66a1e00, 0x00000000f6c09000)
 Metaspace       used 31049K, capacity 32222K, committed 32512K, reserved 1077248K
  class space    used 4027K, capacity 4299K, committed 4352K, reserved 1048576K
}
Event: 5.462 GC heap before
{Heap before GC invocations=68 (full 2):
 def new generation   total 7488K, used 7285K [0x00000000f0a00000, 0x00000000f1210000, 0x00000000f5c00000)
  eden space 6720K, 100% used [0x00000000f0a00000, 0x00000000f1090000, 0x00000000f1090000)
  from space 768K,  73% used [0x00000000f1150000, 0x00000000f11dd620, 0x00000000f1210000)
  to   space 768K,   0% used [0x00000000f1090000, 0x00000000f1090000, 0x00000000f1150000)
 tenured generation   total 16420K, used 10887K [0x00000000f5c00000, 0x00000000f6c09000, 0x0000000100000000)
   the space 16420K,  66% used [0x00000000f5c00000, 0x00000000f66a1db8, 0x00000000f66a1e00, 0x00000000f6c09000)
 Metaspace       used 31540K, capacity 32670K, committed 32896K, reserved 1077248K
  class space    used 4100K, capacity 4363K, committed 4480K, reserved 1048576K
Event: 5.466 GC heap after
Heap after GC invocations=69 (full 2):
 def new generation   total 7488K, used 642K [0x00000000f0a00000, 0x00000000f1210000, 0x00000000f5c00000)
  eden space 6720K,   0% used [0x00000000f0a00000, 0x00000000f0a00000, 0x00000000f1090000)
  from space 768K,  83% used [0x00000000f1090000, 0x00000000f11308d0, 0x00000000f1150000)
  to   space 768K,   0% used [0x00000000f1150000, 0x00000000f1150000, 0x00000000f1210000)
 tenured generation   total 16420K, used 11109K [0x00000000f5c00000, 0x00000000f6c09000, 0x0000000100000000)
   the space 16420K,  67% used [0x00000000f5c00000, 0x00000000f66d94c0, 0x00000000f66d9600, 0x00000000f6c09000)
 Metaspace       used 31540K, capacity 32670K, committed 32896K, reserved 1077248K
  class space    used 4100K, capacity 4363K, committed 4480K, reserved 1048576K
}
Event: 5.643 GC heap before
{Heap before GC invocations=69 (full 2):
 def new generation   total 7488K, used 7362K [0x00000000f0a00000, 0x00000000f1210000, 0x00000000f5c00000)
  eden space 6720K, 100% used [0x00000000f0a00000, 0x00000000f1090000, 0x00000000f1090000)
  from space 768K,  83% used [0x00000000f1090000, 0x00000000f11308d0, 0x00000000f1150000)
  to   space 768K,   0% used [0x00000000f1150000, 0x00000000f1150000, 0x00000000f1210000)
 tenured generation   total 16420K, used 11109K [0x00000000f5c00000, 0x00000000f6c09000, 0x0000000100000000)
   the space 16420K,  67% used [0x00000000f5c00000, 0x00000000f66d94c0, 0x00000000f66d9600, 0x00000000f6c09000)
 Metaspace       used 32186K, capacity 33374K, committed 33664K, reserved 1079296K
  class space    used 4172K, capacity 4427K, committed 4480K, reserved 1048576K
Event: 5.646 GC heap after
Heap after GC invocations=70 (full 2):
 def new generation   total 7488K, used 685K [0x00000000f0a00000, 0x00000000f1210000, 0x00000000f5c00000)
  eden space 6720K,   0% used [0x00000000f0a00000, 0x00000000f0a00000, 0x00000000f1090000)
  from space 768K,  89% used [0x00000000f1150000, 0x00000000f11fb5a8, 0x00000000f1210000)
  to   space 768K,   0% used [0x00000000f1090000, 0x00000000f1090000, 0x00000000f1150000)
 tenured generation   total 16420K, used 11338K [0x00000000f5c00000, 0x00000000f6c09000, 0x0000000100000000)
   the space 16420K,  69% used [0x00000000f5c00000, 0x00000000f6712ba0, 0x00000000f6712c00, 0x00000000f6c09000)
 Metaspace       used 32186K, capacity 33374K, committed 33664K, reserved 1079296K
  class space    used 4172K, capacity 4427K, committed 4480K, reserved 1048576K
}
Event: 5.815 GC heap before
{Heap before GC invocations=70 (full 2):
 def new generation   total 7488K, used 7405K [0x00000000f0a00000, 0x00000000f1210000, 0x00000000f5c00000)
  eden space 6720K, 100% used [0x00000000f0a00000, 0x00000000f1090000, 0x00000000f1090000)
  from space 768K,  89% used [0x00000000f1150000, 0x00000000f11fb5a8, 0x00000000f1210000)
  to   space 768K,   0% used [0x00000000f1090000, 0x00000000f1090000, 0x00000000f1150000)
 tenured generation   total 16420K, used 11338K [0x00000000f5c00000, 0x00000000f6c09000, 0x0000000100000000)
   the space 16420K,  69% used [0x00000000f5c00000, 0x00000000f6712ba0, 0x00000000f6712c00, 0x00000000f6c09000)
 Metaspace       used 32544K, capacity 33738K, committed 33920K, reserved 1079296K
  class space    used 4201K, capacity 4461K, committed 4480K, reserved 1048576K
Event: 5.817 GC heap after
Heap after GC invocations=71 (full 2):
 def new generation   total 7488K, used 329K [0x00000000f0a00000, 0x00000000f1210000, 0x00000000f5c00000)
  eden space 6720K,   0% used [0x00000000f0a00000, 0x00000000f0a00000, 0x00000000f1090000)
  from space 768K,  42% used [0x00000000f1090000, 0x00000000f10e2510, 0x00000000f1150000)
  to   space 768K,   0% used [0x00000000f1150000, 0x00000000f1150000, 0x00000000f1210000)
 tenured generation   total 16420K, used 11535K [0x00000000f5c00000, 0x00000000f6c09000, 0x0000000100000000)
   the space 16420K,  70% used [0x00000000f5c00000, 0x00000000f6743ce8, 0x00000000f6743e00, 0x00000000f6c09000)
 Metaspace       used 32544K, capacity 33738K, committed 33920K, reserved 1079296K
  class space    used 4201K, capacity 4461K, committed 4480K, reserved 1048576K
}
Event: 5.976 GC heap before
{Heap before GC invocations=71 (full 2):
 def new generation   total 7488K, used 7049K [0x00000000f0a00000, 0x00000000f1210000, 0x00000000f5c00000)
  eden space 6720K, 100% used [0x00000000f0a00000, 0x00000000f1090000, 0x00000000f1090000)
  from space 768K,  42% used [0x00000000f1090000, 0x00000000f10e2510, 0x00000000f1150000)
  to   space 768K,   0% used [0x00000000f1150000, 0x00000000f1150000, 0x00000000f1210000)
 tenured generation   total 16420K, used 11535K [0x00000000f5c00000, 0x00000000f6c09000, 0x0000000100000000)
   the space 16420K,  70% used [0x00000000f5c00000, 0x00000000f6743ce8, 0x00000000f6743e00, 0x00000000f6c09000)
 Metaspace       used 32934K, capacity 34130K, committed 34304K, reserved 1079296K
  class space    used 4241K, capacity 4499K, committed 4608K, reserved 1048576K
Event: 5.979 GC heap after
Heap after GC invocations=72 (full 2):
 def new generation   total 7488K, used 767K [0x00000000f0a00000, 0x00000000f1210000, 0x00000000f5c00000)
  eden space 6720K,   0% used [0x00000000f0a00000, 0x00000000f0a00000, 0x00000000f1090000)
  from space 768K,  99% used [0x00000000f1150000, 0x00000000f120ff68, 0x00000000f1210000)
  to   space 768K,   0% used [0x00000000f1090000, 0x00000000f1090000, 0x00000000f1150000)
 tenured generation   total 16420K, used 11548K [0x00000000f5c00000, 0x00000000f6c09000, 0x0000000100000000)
   the space 16420K,  70% used [0x00000000f5c00000, 0x00000000f6747318, 0x00000000f6747400, 0x00000000f6c09000)
 Metaspace       used 32934K, capacity 34130K, committed 34304K, reserved 1079296K
  class space    used 4241K, capacity 4499K, committed 4608K, reserved 1048576K
}
Event: 6.108 GC heap before
{Heap before GC invocations=72 (full 2):
 def new generation   total 7488K, used 7487K [0x00000000f0a00000, 0x00000000f1210000, 0x00000000f5c00000)
  eden space 6720K, 100% used [0x00000000f0a00000, 0x00000000f1090000, 0x00000000f1090000)
  from space 768K,  99% used [0x00000000f1150000, 0x00000000f120ff68, 0x00000000f1210000)
  to   space 768K,   0% used [0x00000000f1090000, 0x00000000f1090000, 0x00000000f1150000)
 tenured generation   total 16420K, used 11548K [0x00000000f5c00000, 0x00000000f6c09000, 0x0000000100000000)
   the space 16420K,  70% used [0x00000000f5c00000, 0x00000000f6747318, 0x00000000f6747400, 0x00000000f6c09000)
 Metaspace       used 33248K, capacity 34512K, committed 34560K, reserved 1079296K
  class space    used 4283K, capacity 4572K, committed 4608K, reserved 1048576K
Event: 6.117 GC heap after
Heap after GC invocations=73 (full 2):
 def new generation   total 7488K, used 767K [0x00000000f0a00000, 0x00000000f1210000, 0x00000000f5c00000)
  eden space 6720K,   0% used [0x00000000f0a00000, 0x00000000f0a00000, 0x00000000f1090000)
  from space 768K,  99% used [0x00000000f1090000, 0x00000000f114fff0, 0x00000000f1150000)
  to   space 768K,   0% used [0x00000000f1150000, 0x00000000f1150000, 0x00000000f1210000)
 tenured generation   total 16420K, used 12295K [0x00000000f5c00000, 0x00000000f6c09000, 0x0000000100000000)
   the space 16420K,  74% used [0x00000000f5c00000, 0x00000000f6801ea0, 0x00000000f6802000, 0x00000000f6c09000)
 Metaspace       used 33248K, capacity 34512K, committed 34560K, reserved 1079296K
  class space    used 4283K, capacity 4572K, committed 4608K, reserved 1048576K
}
Event: 6.211 GC heap before
{Heap before GC invocations=73 (full 2):
 def new generation   total 7488K, used 7487K [0x00000000f0a00000, 0x00000000f1210000, 0x00000000f5c00000)
  eden space 6720K, 100% used [0x00000000f0a00000, 0x00000000f1090000, 0x00000000f1090000)
  from space 768K,  99% used [0x00000000f1090000, 0x00000000f114fff0, 0x00000000f1150000)
  to   space 768K,   0% used [0x00000000f1150000, 0x00000000f1150000, 0x00000000f1210000)
 tenured generation   total 16420K, used 12295K [0x00000000f5c00000, 0x00000000f6c09000, 0x0000000100000000)
   the space 16420K,  74% used [0x00000000f5c00000, 0x00000000f6801ea0, 0x00000000f6802000, 0x00000000f6c09000)
 Metaspace       used 33428K, capacity 34690K, committed 34816K, reserved 1079296K
  class space    used 4315K, capacity 4581K, committed 4608K, reserved 1048576K
Event: 6.215 GC heap after
Heap after GC invocations=74 (full 2):
 def new generation   total 7488K, used 347K [0x00000000f0a00000, 0x00000000f1210000, 0x00000000f5c00000)
  eden space 6720K,   0% used [0x00000000f0a00000, 0x00000000f0a00000, 0x00000000f1090000)
  from space 768K,  45% used [0x00000000f1150000, 0x00000000f11a6fc8, 0x00000000f1210000)
  to   space 768K,   0% used [0x00000000f1090000, 0x00000000f1090000, 0x00000000f1150000)
 tenured generation   total 16420K, used 12966K [0x00000000f5c00000, 0x00000000f6c09000, 0x0000000100000000)
   the space 16420K,  78% used [0x00000000f5c00000, 0x00000000f68a9a28, 0x00000000f68a9c00, 0x00000000f6c09000)
 Metaspace       used 33428K, capacity 34690K, committed 34816K, reserved 1079296K
  class space    used 4315K, capacity 4581K, committed 4608K, reserved 1048576K
}
Event: 6.310 GC heap before
{Heap before GC invocations=74 (full 2):
 def new generation   total 7488K, used 7067K [0x00000000f0a00000, 0x00000000f1210000, 0x00000000f5c00000)
  eden space 6720K,  99% used [0x00000000f0a00000, 0x00000000f108ff90, 0x00000000f1090000)
  from space 768K,  45% used [0x00000000f1150000, 0x00000000f11a6fc8, 0x00000000f1210000)
  to   space 768K,   0% used [0x00000000f1090000, 0x00000000f1090000, 0x00000000f1150000)
 tenured generation   total 16420K, used 12966K [0x00000000f5c00000, 0x00000000f6c09000, 0x0000000100000000)
   the space 16420K,  78% used [0x00000000f5c00000, 0x00000000f68a9a28, 0x00000000f68a9c00, 0x00000000f6c09000)
 Metaspace       used 33565K, capacity 34796K, committed 34944K, reserved 1079296K
  class space    used 4337K, capacity 4616K, committed 4736K, reserved 1048576K
Event: 6.312 GC heap after
Heap after GC invocations=75 (full 2):
 def new generation   total 7488K, used 458K [0x00000000f0a00000, 0x00000000f1210000, 0x00000000f5c00000)
  eden space 6720K,   0% used [0x00000000f0a00000, 0x00000000f0a00000, 0x00000000f1090000)
  from space 768K,  59% used [0x00000000f1090000, 0x00000000f1102b70, 0x00000000f1150000)
  to   space 768K,   0% used [0x00000000f1150000, 0x00000000f1150000, 0x00000000f1210000)
 tenured generation   total 16420K, used 12966K [0x00000000f5c00000, 0x00000000f6c09000, 0x0000000100000000)
   the space 16420K,  78% used [0x00000000f5c00000, 0x00000000f68a9a28, 0x00000000f68a9c00, 0x00000000f6c09000)
 Metaspace       used 33565K, capacity 34796K, committed 34944K, reserved 1079296K
  class space    used 4337K, capacity 4616K, committed 4736K, reserved 1048576K
}
Event: 6.422 GC heap before
{Heap before GC invocations=75 (full 2):
 def new generation   total 7488K, used 7178K [0x00000000f0a00000, 0x00000000f1210000, 0x00000000f5c00000)
  eden space 6720K, 100% used [0x00000000f0a00000, 0x00000000f1090000, 0x00000000f1090000)
  from space 768K,  59% used [0x00000000f1090000, 0x00000000f1102b70, 0x00000000f1150000)
  to   space 768K,   0% used [0x00000000f1150000, 0x00000000f1150000, 0x00000000f1210000)
 tenured generation   total 16420K, used 12966K [0x00000000f5c00000, 0x00000000f6c09000, 0x0000000100000000)
   the space 16420K,  78% used [0x00000000f5c00000, 0x00000000f68a9a28, 0x00000000f68a9c00, 0x00000000f6c09000)
 Metaspace       used 33700K, capacity 34956K, committed 35200K, reserved 1079296K
  class space    used 4357K, capacity 4622K, committed 4736K, reserved 1048576K
Event: 6.426 GC heap after
Heap after GC invocations=76 (full 2):
 def new generation   total 7488K, used 483K [0x00000000f0a00000, 0x00000000f1210000, 0x00000000f5c00000)
  eden space 6720K,   0% used [0x00000000f0a00000, 0x00000000f0a00000, 0x00000000f1090000)
  from space 768K,  62% used [0x00000000f1150000, 0x00000000f11c8e50, 0x00000000f1210000)
  to   space 768K,   0% used [0x00000000f1090000, 0x00000000f1090000, 0x00000000f1150000)
 tenured generation   total 16420K, used 13181K [0x00000000f5c00000, 0x00000000f6c09000, 0x0000000100000000)
   the space 16420K,  80% used [0x00000000f5c00000, 0x00000000f68df510, 0x00000000f68df600, 0x00000000f6c09000)
 Metaspace       used 33700K, capacity 34956K, committed 35200K, reserved 1079296K
  class space    used 4357K, capacity 4622K, committed 4736K, reserved 1048576K
}
Event: 6.521 GC heap before
{Heap before GC invocations=76 (full 2):
 def new generation   total 7488K, used 7203K [0x00000000f0a00000, 0x00000000f1210000, 0x00000000f5c00000)
  eden space 6720K, 100% used [0x00000000f0a00000, 0x00000000f1090000, 0x00000000f1090000)
  from space 768K,  62% used [0x00000000f1150000, 0x00000000f11c8e50, 0x00000000f1210000)
  to   space 768K,   0% used [0x00000000f1090000, 0x00000000f1090000, 0x00000000f1150000)
 tenured generation   total 16420K, used 13181K [0x00000000f5c00000, 0x00000000f6c09000, 0x0000000100000000)
   the space 16420K,  80% used [0x00000000f5c00000, 0x00000000f68df510, 0x00000000f68df600, 0x00000000f6c09000)
 Metaspace       used 33860K, capacity 35124K, committed 35456K, reserved 1079296K
  class space    used 4382K, capacity 4654K, committed 4736K, reserved 1048576K
Event: 6.525 GC heap after
Heap after GC invocations=77 (full 2):
 def new generation   total 7488K, used 608K [0x00000000f0a00000, 0x00000000f1210000, 0x00000000f5c00000)
  eden space 6720K,   0% used [0x00000000f0a00000, 0x00000000f0a00000, 0x00000000f1090000)
  from space 768K,  79% used [0x00000000f1090000, 0x00000000f11281b0, 0x00000000f1150000)
  to   space 768K,   0% used [0x00000000f1150000, 0x00000000f1150000, 0x00000000f1210000)
 tenured generation   total 16420K, used 13334K [0x00000000f5c00000, 0x00000000f6c09000, 0x0000000100000000)
   the space 16420K,  81% used [0x00000000f5c00000, 0x00000000f6905b60, 0x00000000f6905c00, 0x00000000f6c09000)
 Metaspace       used 33860K, capacity 35124K, committed 35456K, reserved 1079296K
  class space    used 4382K, capacity 4654K, committed 4736K, reserved 1048576K
}
Event: 6.691 GC heap before
{Heap before GC invocations=77 (full 2):
 def new generation   total 7488K, used 7328K [0x00000000f0a00000, 0x00000000f1210000, 0x00000000f5c00000)
  eden space 6720K, 100% used [0x00000000f0a00000, 0x00000000f1090000, 0x00000000f1090000)
  from space 768K,  79% used [0x00000000f1090000, 0x00000000f11281b0, 0x00000000f1150000)
  to   space 768K,   0% used [0x00000000f1150000, 0x00000000f1150000, 0x00000000f1210000)
 tenured generation   total 16420K, used 13334K [0x00000000f5c00000, 0x00000000f6c09000, 0x0000000100000000)
   the space 16420K,  81% used [0x00000000f5c00000, 0x00000000f6905b60, 0x00000000f6905c00, 0x00000000f6c09000)
 Metaspace       used 34122K, capacity 35424K, committed 35456K, reserved 1079296K
  class space    used 4418K, capacity 4728K, committed 4736K, reserved 1048576K
Event: 6.696 GC heap after
Heap after GC invocations=78 (full 2):
 def new generation   total 7488K, used 767K [0x00000000f0a00000, 0x00000000f1210000, 0x00000000f5c00000)
  eden space 6720K,   0% used [0x00000000f0a00000, 0x00000000f0a00000, 0x00000000f1090000)
  from space 768K,  99% used [0x00000000f1150000, 0x00000000f120ffe0, 0x00000000f1210000)
  to   space 768K,   0% used [0x00000000f1090000, 0x00000000f1090000, 0x00000000f1150000)
 tenured generation   total 16420K, used 13642K [0x00000000f5c00000, 0x00000000f6c09000, 0x0000000100000000)
   the space 16420K,  83% used [0x00000000f5c00000, 0x00000000f69528c8, 0x00000000f6952a00, 0x00000000f6c09000)
 Metaspace       used 34122K, capacity 35424K, committed 35456K, reserved 1079296K
  class space    used 4418K, capacity 4728K, committed 4736K, reserved 1048576K
}
Event: 6.851 GC heap before
{Heap before GC invocations=78 (full 2):
 def new generation   total 7488K, used 7487K [0x00000000f0a00000, 0x00000000f1210000, 0x00000000f5c00000)
  eden space 6720K, 100% used [0x00000000f0a00000, 0x00000000f1090000, 0x00000000f1090000)
  from space 768K,  99% used [0x00000000f1150000, 0x00000000f120ffe0, 0x00000000f1210000)
  to   space 768K,   0% used [0x00000000f1090000, 0x00000000f1090000, 0x00000000f1150000)
 tenured generation   total 16420K, used 13642K [0x00000000f5c00000, 0x00000000f6c09000, 0x0000000100000000)
   the space 16420K,  83% used [0x00000000f5c00000, 0x00000000f69528c8, 0x00000000f6952a00, 0x00000000f6c09000)
 Metaspace       used 34378K, capacity 35724K, committed 35968K, reserved 1081344K
  class space    used 4439K, capacity 4736K, committed 4736K, reserved 1048576K
Event: 6.855 GC heap after
Heap after GC invocations=79 (full 2):
 def new generation   total 7488K, used 257K [0x00000000f0a00000, 0x00000000f1210000, 0x00000000f5c00000)
  eden space 6720K,   0% used [0x00000000f0a00000, 0x00000000f0a00000, 0x00000000f1090000)
  from space 768K,  33% used [0x00000000f1090000, 0x00000000f10d06e0, 0x00000000f1150000)
  to   space 768K,   0% used [0x00000000f1150000, 0x00000000f1150000, 0x00000000f1210000)
 tenured generation   total 16420K, used 14296K [0x00000000f5c00000, 0x00000000f6c09000, 0x0000000100000000)
   the space 16420K,  87% used [0x00000000f5c00000, 0x00000000f69f61e8, 0x00000000f69f6200, 0x00000000f6c09000)
 Metaspace       used 34378K, capacity 35724K, committed 35968K, reserved 1081344K
  class space    used 4439K, capacity 4736K, committed 4736K, reserved 1048576K
}
Event: 6.994 GC heap before
{Heap before GC invocations=79 (full 2):
 def new generation   total 7488K, used 6977K [0x00000000f0a00000, 0x00000000f1210000, 0x00000000f5c00000)
  eden space 6720K, 100% used [0x00000000f0a00000, 0x00000000f1090000, 0x00000000f1090000)
  from space 768K,  33% used [0x00000000f1090000, 0x00000000f10d06e0, 0x00000000f1150000)
  to   space 768K,   0% used [0x00000000f1150000, 0x00000000f1150000, 0x00000000f1210000)
 tenured generation   total 16420K, used 14296K [0x00000000f5c00000, 0x00000000f6c09000, 0x0000000100000000)
   the space 16420K,  87% used [0x00000000f5c00000, 0x00000000f69f61e8, 0x00000000f69f6200, 0x00000000f6c09000)
 Metaspace       used 35467K, capacity 36884K, committed 37248K, reserved 1081344K
  class space    used 4550K, capacity 4866K, committed 4992K, reserved 1048576K
Event: 6.998 GC heap after
Heap after GC invocations=80 (full 2):
 def new generation   total 7488K, used 767K [0x00000000f0a00000, 0x00000000f1210000, 0x00000000f5c00000)
  eden space 6720K,   0% used [0x00000000f0a00000, 0x00000000f0a00000, 0x00000000f1090000)
  from space 768K,  99% used [0x00000000f1150000, 0x00000000f120fff8, 0x00000000f1210000)
  to   space 768K,   0% used [0x00000000f1090000, 0x00000000f1090000, 0x00000000f1150000)
 tenured generation   total 16420K, used 14638K [0x00000000f5c00000, 0x00000000f6c09000, 0x0000000100000000)
   the space 16420K,  89% used [0x00000000f5c00000, 0x00000000f6a4b998, 0x00000000f6a4ba00, 0x00000000f6c09000)
 Metaspace       used 35467K, capacity 36884K, committed 37248K, reserved 1081344K
  class space    used 4550K, capacity 4866K, committed 4992K, reserved 1048576K
}
Event: 7.173 GC heap before
{Heap before GC invocations=80 (full 2):
 def new generation   total 7488K, used 7487K [0x00000000f0a00000, 0x00000000f1210000, 0x00000000f5c00000)
  eden space 6720K, 100% used [0x00000000f0a00000, 0x00000000f1090000, 0x00000000f1090000)
  from space 768K,  99% used [0x00000000f1150000, 0x00000000f120fff8, 0x00000000f1210000)
  to   space 768K,   0% used [0x00000000f1090000, 0x00000000f1090000, 0x00000000f1150000)
 tenured generation   total 16420K, used 14638K [0x00000000f5c00000, 0x00000000f6c09000, 0x0000000100000000)
   the space 16420K,  89% used [0x00000000f5c00000, 0x00000000f6a4b998, 0x00000000f6a4ba00, 0x00000000f6c09000)
 Metaspace       used 36943K, capacity 38292K, committed 38656K, reserved 1083392K
  class space    used 4707K, capacity 4994K, committed 5120K, reserved 1048576K
Event: 7.178 GC heap after
Heap after GC invocations=81 (full 2):
 def new generation   total 7488K, used 768K [0x00000000f0a00000, 0x00000000f1210000, 0x00000000f5c00000)
  eden space 6720K,   0% used [0x00000000f0a00000, 0x00000000f0a00000, 0x00000000f1090000)
  from space 768K, 100% used [0x00000000f1090000, 0x00000000f1150000, 0x00000000f1150000)
  to   space 768K,   0% used [0x00000000f1150000, 0x00000000f1150000, 0x00000000f1210000)
 tenured generation   total 16420K, used 15924K [0x00000000f5c00000, 0x00000000f6c09000, 0x0000000100000000)
   the space 16420K,  96% used [0x00000000f5c00000, 0x00000000f6b8d008, 0x00000000f6b8d200, 0x00000000f6c09000)
 Metaspace       used 36943K, capacity 38292K, committed 38656K, reserved 1083392K
  class space    used 4707K, capacity 4994K, committed 5120K, reserved 1048576K
}
Event: 7.360 GC heap before
{Heap before GC invocations=81 (full 2):
 def new generation   total 7488K, used 7488K [0x00000000f0a00000, 0x00000000f1210000, 0x00000000f5c00000)
  eden space 6720K, 100% used [0x00000000f0a00000, 0x00000000f1090000, 0x00000000f1090000)
  from space 768K, 100% used [0x00000000f1090000, 0x00000000f1150000, 0x00000000f1150000)
  to   space 768K,   0% used [0x00000000f1150000, 0x00000000f1150000, 0x00000000f1210000)
 tenured generation   total 16420K, used 15924K [0x00000000f5c00000, 0x00000000f6c09000, 0x0000000100000000)
   the space 16420K,  96% used [0x00000000f5c00000, 0x00000000f6b8d008, 0x00000000f6b8d200, 0x00000000f6c09000)
 Metaspace       used 38015K, capacity 39408K, committed 39808K, reserved 1083392K
  class space    used 4830K, capacity 5128K, committed 5248K, reserved 1048576K
Event: 7.419 GC heap after
Heap after GC invocations=82 (full 3):
 def new generation   total 11968K, used 0K [0x00000000f0a00000, 0x00000000f16f0000, 0x00000000f5c00000)
  eden space 10688K,   0% used [0x00000000f0a00000, 0x00000000f0a00000, 0x00000000f1470000)
  from space 1280K,   0% used [0x00000000f1470000, 0x00000000f1470000, 0x00000000f15b0000)
  to   space 1280K,   0% used [0x00000000f15b0000, 0x00000000f15b0000, 0x00000000f16f0000)
 tenured generation   total 26436K, used 15860K [0x00000000f5c00000, 0x00000000f75d1000, 0x0000000100000000)
   the space 26436K,  59% used [0x00000000f5c00000, 0x00000000f6b7d1f8, 0x00000000f6b7d200, 0x00000000f75d1000)
 Metaspace       used 38015K, capacity 39408K, committed 39808K, reserved 1083392K
  class space    used 4830K, capacity 5128K, committed 5248K, reserved 1048576K
}
Event: 7.631 GC heap before
{Heap before GC invocations=82 (full 3):
 def new generation   total 11968K, used 10688K [0x00000000f0a00000, 0x00000000f16f0000, 0x00000000f5c00000)
  eden space 10688K, 100% used [0x00000000f0a00000, 0x00000000f1470000, 0x00000000f1470000)
  from space 1280K,   0% used [0x00000000f1470000, 0x00000000f1470000, 0x00000000f15b0000)
  to   space 1280K,   0% used [0x00000000f15b0000, 0x00000000f15b0000, 0x00000000f16f0000)
 tenured generation   total 26436K, used 15860K [0x00000000f5c00000, 0x00000000f75d1000, 0x0000000100000000)
   the space 26436K,  59% used [0x00000000f5c00000, 0x00000000f6b7d1f8, 0x00000000f6b7d200, 0x00000000f75d1000)
 Metaspace       used 38934K, capacity 40366K, committed 40576K, reserved 1085440K
  class space    used 4922K, capacity 5229K, committed 5248K, reserved 1048576K
Event: 7.635 GC heap after
Heap after GC invocations=83 (full 3):
 def new generation   total 11968K, used 883K [0x00000000f0a00000, 0x00000000f16f0000, 0x00000000f5c00000)
  eden space 10688K,   0% used [0x00000000f0a00000, 0x00000000f0a00000, 0x00000000f1470000)
  from space 1280K,  69% used [0x00000000f15b0000, 0x00000000f168cdf0, 0x00000000f16f0000)
  to   space 1280K,   0% used [0x00000000f1470000, 0x00000000f1470000, 0x00000000f15b0000)
 tenured generation   total 26436K, used 15860K [0x00000000f5c00000, 0x00000000f75d1000, 0x0000000100000000)
   the space 26436K,  59% used [0x00000000f5c00000, 0x00000000f6b7d1f8, 0x00000000f6b7d200, 0x00000000f75d1000)
 Metaspace       used 38934K, capacity 40366K, committed 40576K, reserved 1085440K
  class space    used 4922K, capacity 5229K, committed 5248K, reserved 1048576K
}
Event: 7.797 GC heap before
{Heap before GC invocations=83 (full 3):
 def new generation   total 11968K, used 11571K [0x00000000f0a00000, 0x00000000f16f0000, 0x00000000f5c00000)
  eden space 10688K, 100% used [0x00000000f0a00000, 0x00000000f1470000, 0x00000000f1470000)
  from space 1280K,  69% used [0x00000000f15b0000, 0x00000000f168cdf0, 0x00000000f16f0000)
  to   space 1280K,   0% used [0x00000000f1470000, 0x00000000f1470000, 0x00000000f15b0000)
 tenured generation   total 26436K, used 15860K [0x00000000f5c00000, 0x00000000f75d1000, 0x0000000100000000)
   the space 26436K,  59% used [0x00000000f5c00000, 0x00000000f6b7d1f8, 0x00000000f6b7d200, 0x00000000f75d1000)
 Metaspace       used 39853K, capacity 41264K, committed 41600K, reserved 1085440K
  class space    used 5121K, capacity 5422K, committed 5504K, reserved 1048576K
Event: 7.801 GC heap after
Heap after GC invocations=84 (full 3):
 def new generation   total 11968K, used 1012K [0x00000000f0a00000, 0x00000000f16f0000, 0x00000000f5c00000)
  eden space 10688K,   0% used [0x00000000f0a00000, 0x00000000f0a00000, 0x00000000f1470000)
  from space 1280K,  79% used [0x00000000f1470000, 0x00000000f156d2f0, 0x00000000f15b0000)
  to   space 1280K,   0% used [0x00000000f15b0000, 0x00000000f15b0000, 0x00000000f16f0000)
 tenured generation   total 26436K, used 16255K [0x00000000f5c00000, 0x00000000f75d1000, 0x0000000100000000)
   the space 26436K,  61% used [0x00000000f5c00000, 0x00000000f6bdfd00, 0x00000000f6bdfe00, 0x00000000f75d1000)
 Metaspace       used 39853K, capacity 41264K, committed 41600K, reserved 1085440K
  class space    used 5121K, capacity 5422K, committed 5504K, reserved 1048576K
}
Event: 7.941 GC heap before
{Heap before GC invocations=84 (full 3):
 def new generation   total 11968K, used 11700K [0x00000000f0a00000, 0x00000000f16f0000, 0x00000000f5c00000)
  eden space 10688K, 100% used [0x00000000f0a00000, 0x00000000f1470000, 0x00000000f1470000)
  from space 1280K,  79% used [0x00000000f1470000, 0x00000000f156d2f0, 0x00000000f15b0000)
  to   space 1280K,   0% used [0x00000000f15b0000, 0x00000000f15b0000, 0x00000000f16f0000)
 tenured generation   total 26436K, used 16255K [0x00000000f5c00000, 0x00000000f75d1000, 0x0000000100000000)
   the space 26436K,  61% used [0x00000000f5c00000, 0x00000000f6bdfd00, 0x00000000f6bdfe00, 0x00000000f75d1000)
 Metaspace       used 40607K, capacity 42034K, committed 42240K, reserved 1085440K
  class space    used 5264K, capacity 5551K, committed 5632K, reserved 1048576K
Event: 7.944 GC heap after
Heap after GC invocations=85 (full 3):
 def new generation   total 11968K, used 772K [0x00000000f0a00000, 0x00000000f16f0000, 0x00000000f5c00000)
  eden space 10688K,   0% used [0x00000000f0a00000, 0x00000000f0a00000, 0x00000000f1470000)
  from space 1280K,  60% used [0x00000000f15b0000, 0x00000000f1671110, 0x00000000f16f0000)
  to   space 1280K,   0% used [0x00000000f1470000, 0x00000000f1470000, 0x00000000f15b0000)
 tenured generation   total 26436K, used 16405K [0x00000000f5c00000, 0x00000000f75d1000, 0x0000000100000000)
   the space 26436K,  62% used [0x00000000f5c00000, 0x00000000f6c05650, 0x00000000f6c05800, 0x00000000f75d1000)
 Metaspace       used 40607K, capacity 42034K, committed 42240K, reserved 1085440K
  class space    used 5264K, capacity 5551K, committed 5632K, reserved 1048576K
}
Event: 8.086 GC heap before
{Heap before GC invocations=85 (full 3):
 def new generation   total 11968K, used 11460K [0x00000000f0a00000, 0x00000000f16f0000, 0x00000000f5c00000)
  eden space 10688K, 100% used [0x00000000f0a00000, 0x00000000f1470000, 0x00000000f1470000)
  from space 1280K,  60% used [0x00000000f15b0000, 0x00000000f1671110, 0x00000000f16f0000)
  to   space 1280K,   0% used [0x00000000f1470000, 0x00000000f1470000, 0x00000000f15b0000)
 tenured generation   total 26436K, used 16405K [0x00000000f5c00000, 0x00000000f75d1000, 0x0000000100000000)
   the space 26436K,  62% used [0x00000000f5c00000, 0x00000000f6c05650, 0x00000000f6c05800, 0x00000000f75d1000)
 Metaspace       used 41302K, capacity 42686K, committed 42880K, reserved 1087488K
  class space    used 5387K, capacity 5681K, committed 5760K, reserved 1048576K
Event: 8.089 GC heap after
Heap after GC invocations=86 (full 3):
 def new generation   total 11968K, used 760K [0x00000000f0a00000, 0x00000000f16f0000, 0x00000000f5c00000)
  eden space 10688K,   0% used [0x00000000f0a00000, 0x00000000f0a00000, 0x00000000f1470000)
  from space 1280K,  59% used [0x00000000f1470000, 0x00000000f152e3a8, 0x00000000f15b0000)
  to   space 1280K,   0% used [0x00000000f15b0000, 0x00000000f15b0000, 0x00000000f16f0000)
 tenured generation   total 26436K, used 16500K [0x00000000f5c00000, 0x00000000f75d1000, 0x0000000100000000)
   the space 26436K,  62% used [0x00000000f5c00000, 0x00000000f6c1d268, 0x00000000f6c1d400, 0x00000000f75d1000)
 Metaspace       used 41302K, capacity 42686K, committed 42880K, reserved 1087488K
  class space    used 5387K, capacity 5681K, committed 5760K, reserved 1048576K
}
Event: 8.283 GC heap before
{Heap before GC invocations=86 (full 3):
 def new generation   total 11968K, used 11448K [0x00000000f0a00000, 0x00000000f16f0000, 0x00000000f5c00000)
  eden space 10688K, 100% used [0x00000000f0a00000, 0x00000000f1470000, 0x00000000f1470000)
  from space 1280K,  59% used [0x00000000f1470000, 0x00000000f152e3a8, 0x00000000f15b0000)
  to   space 1280K,   0% used [0x00000000f15b0000, 0x00000000f15b0000, 0x00000000f16f0000)
 tenured generation   total 26436K, used 16500K [0x00000000f5c00000, 0x00000000f75d1000, 0x0000000100000000)
   the space 26436K,  62% used [0x00000000f5c00000, 0x00000000f6c1d268, 0x00000000f6c1d400, 0x00000000f75d1000)
 Metaspace       used 42446K, capacity 43794K, committed 44160K, reserved 1087488K
  class space    used 5643K, capacity 5945K, committed 6016K, reserved 1048576K
Event: 8.287 GC heap after
Heap after GC invocations=87 (full 3):
 def new generation   total 11968K, used 1182K [0x00000000f0a00000, 0x00000000f16f0000, 0x00000000f5c00000)
  eden space 10688K,   0% used [0x00000000f0a00000, 0x00000000f0a00000, 0x00000000f1470000)
  from space 1280K,  92% used [0x00000000f15b0000, 0x00000000f16d7908, 0x00000000f16f0000)
  to   space 1280K,   0% used [0x00000000f1470000, 0x00000000f1470000, 0x00000000f15b0000)
 tenured generation   total 26436K, used 16646K [0x00000000f5c00000, 0x00000000f75d1000, 0x0000000100000000)
   the space 26436K,  62% used [0x00000000f5c00000, 0x00000000f6c419d0, 0x00000000f6c41a00, 0x00000000f75d1000)
 Metaspace       used 42446K, capacity 43794K, committed 44160K, reserved 1087488K
  class space    used 5643K, capacity 5945K, committed 6016K, reserved 1048576K
}
Event: 8.470 GC heap before
{Heap before GC invocations=87 (full 3):
 def new generation   total 11968K, used 11870K [0x00000000f0a00000, 0x00000000f16f0000, 0x00000000f5c00000)
  eden space 10688K, 100% used [0x00000000f0a00000, 0x00000000f1470000, 0x00000000f1470000)
  from space 1280K,  92% used [0x00000000f15b0000, 0x00000000f16d7908, 0x00000000f16f0000)
  to   space 1280K,   0% used [0x00000000f1470000, 0x00000000f1470000, 0x00000000f15b0000)
 tenured generation   total 26436K, used 16646K [0x00000000f5c00000, 0x00000000f75d1000, 0x0000000100000000)
   the space 26436K,  62% used [0x00000000f5c00000, 0x00000000f6c419d0, 0x00000000f6c41a00, 0x00000000f75d1000)
 Metaspace       used 43388K, capacity 44832K, committed 45056K, reserved 1087488K
  class space    used 5775K, capacity 6076K, committed 6144K, reserved 1048576K
Event: 8.474 GC heap after
Heap after GC invocations=88 (full 3):
 def new generation   total 11968K, used 913K [0x00000000f0a00000, 0x00000000f16f0000, 0x00000000f5c00000)
  eden space 10688K,   0% used [0x00000000f0a00000, 0x00000000f0a00000, 0x00000000f1470000)
  from space 1280K,  71% used [0x00000000f1470000, 0x00000000f1554740, 0x00000000f15b0000)
  to   space 1280K,   0% used [0x00000000f15b0000, 0x00000000f15b0000, 0x00000000f16f0000)
 tenured generation   total 26436K, used 16935K [0x00000000f5c00000, 0x00000000f75d1000, 0x0000000100000000)
   the space 26436K,  64% used [0x00000000f5c00000, 0x00000000f6c89f30, 0x00000000f6c8a000, 0x00000000f75d1000)
 Metaspace       used 43388K, capacity 44832K, committed 45056K, reserved 1087488K
  class space    used 5775K, capacity 6076K, committed 6144K, reserved 1048576K
}
Event: 8.704 GC heap before
{Heap before GC invocations=88 (full 3):
 def new generation   total 11968K, used 11601K [0x00000000f0a00000, 0x00000000f16f0000, 0x00000000f5c00000)
  eden space 10688K, 100% used [0x00000000f0a00000, 0x00000000f1470000, 0x00000000f1470000)
  from space 1280K,  71% used [0x00000000f1470000, 0x00000000f1554740, 0x00000000f15b0000)
  to   space 1280K,   0% used [0x00000000f15b0000, 0x00000000f15b0000, 0x00000000f16f0000)
 tenured generation   total 26436K, used 16935K [0x00000000f5c00000, 0x00000000f75d1000, 0x0000000100000000)
   the space 26436K,  64% used [0x00000000f5c00000, 0x00000000f6c89f30, 0x00000000f6c8a000, 0x00000000f75d1000)
 Metaspace       used 44878K, capacity 46278K, committed 46464K, reserved 1089536K
  class space    used 5950K, capacity 6237K, committed 6272K, reserved 1048576K
Event: 8.708 GC heap after
Heap after GC invocations=89 (full 3):
 def new generation   total 11968K, used 1279K [0x00000000f0a00000, 0x00000000f16f0000, 0x00000000f5c00000)
  eden space 10688K,   0% used [0x00000000f0a00000, 0x00000000f0a00000, 0x00000000f1470000)
  from space 1280K,  99% used [0x00000000f15b0000, 0x00000000f16efff0, 0x00000000f16f0000)
  to   space 1280K,   0% used [0x00000000f1470000, 0x00000000f1470000, 0x00000000f15b0000)
 tenured generation   total 26436K, used 17189K [0x00000000f5c00000, 0x00000000f75d1000, 0x0000000100000000)
   the space 26436K,  65% used [0x00000000f5c00000, 0x00000000f6cc9620, 0x00000000f6cc9800, 0x00000000f75d1000)
 Metaspace       used 44878K, capacity 46278K, committed 46464K, reserved 1089536K
  class space    used 5950K, capacity 6237K, committed 6272K, reserved 1048576K
}
Event: 8.908 GC heap before
{Heap before GC invocations=89 (full 3):
 def new generation   total 11968K, used 11967K [0x00000000f0a00000, 0x00000000f16f0000, 0x00000000f5c00000)
  eden space 10688K, 100% used [0x00000000f0a00000, 0x00000000f1470000, 0x00000000f1470000)
  from space 1280K,  99% used [0x00000000f15b0000, 0x00000000f16efff0, 0x00000000f16f0000)
  to   space 1280K,   0% used [0x00000000f1470000, 0x00000000f1470000, 0x00000000f15b0000)
 tenured generation   total 26436K, used 17189K [0x00000000f5c00000, 0x00000000f75d1000, 0x0000000100000000)
   the space 26436K,  65% used [0x00000000f5c00000, 0x00000000f6cc9620, 0x00000000f6cc9800, 0x00000000f75d1000)
 Metaspace       used 45800K, capacity 47180K, committed 47360K, reserved 1089536K
  class space    used 6085K, capacity 6366K, committed 6400K, reserved 1048576K
Event: 8.912 GC heap after
Heap after GC invocations=90 (full 3):
 def new generation   total 11968K, used 929K [0x00000000f0a00000, 0x00000000f16f0000, 0x00000000f5c00000)
  eden space 10688K,   0% used [0x00000000f0a00000, 0x00000000f0a00000, 0x00000000f1470000)
  from space 1280K,  72% used [0x00000000f1470000, 0x00000000f1558758, 0x00000000f15b0000)
  to   space 1280K,   0% used [0x00000000f15b0000, 0x00000000f15b0000, 0x00000000f16f0000)
 tenured generation   total 26436K, used 17595K [0x00000000f5c00000, 0x00000000f75d1000, 0x0000000100000000)
   the space 26436K,  66% used [0x00000000f5c00000, 0x00000000f6d2ec20, 0x00000000f6d2ee00, 0x00000000f75d1000)
 Metaspace       used 45800K, capacity 47180K, committed 47360K, reserved 1089536K
  class space    used 6085K, capacity 6366K, committed 6400K, reserved 1048576K
}
Event: 9.052 GC heap before
{Heap before GC invocations=90 (full 3):
 def new generation   total 11968K, used 11617K [0x00000000f0a00000, 0x00000000f16f0000, 0x00000000f5c00000)
  eden space 10688K, 100% used [0x00000000f0a00000, 0x00000000f1470000, 0x00000000f1470000)
  from space 1280K,  72% used [0x00000000f1470000, 0x00000000f1558758, 0x00000000f15b0000)
  to   space 1280K,   0% used [0x00000000f15b0000, 0x00000000f15b0000, 0x00000000f16f0000)
 tenured generation   total 26436K, used 17595K [0x00000000f5c00000, 0x00000000f75d1000, 0x0000000100000000)
   the space 26436K,  66% used [0x00000000f5c00000, 0x00000000f6d2ec20, 0x00000000f6d2ee00, 0x00000000f75d1000)
 Metaspace       used 46638K, capacity 48050K, committed 48256K, reserved 1091584K
  class space    used 6214K, capacity 6527K, committed 6528K, reserved 1048576K
Event: 9.056 GC heap after
Heap after GC invocations=91 (full 3):
 def new generation   total 11968K, used 947K [0x00000000f0a00000, 0x00000000f16f0000, 0x00000000f5c00000)
  eden space 10688K,   0% used [0x00000000f0a00000, 0x00000000f0a00000, 0x00000000f1470000)
  from space 1280K,  74% used [0x00000000f15b0000, 0x00000000f169ce38, 0x00000000f16f0000)
  to   space 1280K,   0% used [0x00000000f1470000, 0x00000000f1470000, 0x00000000f15b0000)
 tenured generation   total 26436K, used 17750K [0x00000000f5c00000, 0x00000000f75d1000, 0x0000000100000000)
   the space 26436K,  67% used [0x00000000f5c00000, 0x00000000f6d55970, 0x00000000f6d55a00, 0x00000000f75d1000)
 Metaspace       used 46638K, capacity 48050K, committed 48256K, reserved 1091584K
  class space    used 6214K, capacity 6527K, committed 6528K, reserved 1048576K
}
Event: 9.259 GC heap before
{Heap before GC invocations=91 (full 3):
 def new generation   total 11968K, used 11635K [0x00000000f0a00000, 0x00000000f16f0000, 0x00000000f5c00000)
  eden space 10688K, 100% used [0x00000000f0a00000, 0x00000000f1470000, 0x00000000f1470000)
  from space 1280K,  74% used [0x00000000f15b0000, 0x00000000f169ce38, 0x00000000f16f0000)
  to   space 1280K,   0% used [0x00000000f1470000, 0x00000000f1470000, 0x00000000f15b0000)
 tenured generation   total 26436K, used 17750K [0x00000000f5c00000, 0x00000000f75d1000, 0x0000000100000000)
   the space 26436K,  67% used [0x00000000f5c00000, 0x00000000f6d55970, 0x00000000f6d55a00, 0x00000000f75d1000)
 Metaspace       used 47503K, capacity 48964K, committed 49152K, reserved 1091584K
  class space    used 6328K, capacity 6636K, committed 6656K, reserved 1048576K
Event: 9.263 GC heap after
Heap after GC invocations=92 (full 3):
 def new generation   total 11968K, used 1004K [0x00000000f0a00000, 0x00000000f16f0000, 0x00000000f5c00000)
  eden space 10688K,   0% used [0x00000000f0a00000, 0x00000000f0a00000, 0x00000000f1470000)
  from space 1280K,  78% used [0x00000000f1470000, 0x00000000f156b2f0, 0x00000000f15b0000)
  to   space 1280K,   0% used [0x00000000f15b0000, 0x00000000f15b0000, 0x00000000f16f0000)
 tenured generation   total 26436K, used 17937K [0x00000000f5c00000, 0x00000000f75d1000, 0x0000000100000000)
   the space 26436K,  67% used [0x00000000f5c00000, 0x00000000f6d846e8, 0x00000000f6d84800, 0x00000000f75d1000)
 Metaspace       used 47503K, capacity 48964K, committed 49152K, reserved 1091584K
  class space    used 6328K, capacity 6636K, committed 6656K, reserved 1048576K
}
Event: 9.394 GC heap before
{Heap before GC invocations=92 (full 3):
 def new generation   total 11968K, used 11692K [0x00000000f0a00000, 0x00000000f16f0000, 0x00000000f5c00000)
  eden space 10688K, 100% used [0x00000000f0a00000, 0x00000000f1470000, 0x00000000f1470000)
  from space 1280K,  78% used [0x00000000f1470000, 0x00000000f156b2f0, 0x00000000f15b0000)
  to   space 1280K,   0% used [0x00000000f15b0000, 0x00000000f15b0000, 0x00000000f16f0000)
 tenured generation   total 26436K, used 17937K [0x00000000f5c00000, 0x00000000f75d1000, 0x0000000100000000)
   the space 26436K,  67% used [0x00000000f5c00000, 0x00000000f6d846e8, 0x00000000f6d84800, 0x00000000f75d1000)
 Metaspace       used 48389K, capacity 49840K, committed 50176K, reserved 1093632K
  class space    used 6497K, capacity 6798K, committed 6912K, reserved 1048576K
Event: 9.399 GC heap after
Heap after GC invocations=93 (full 3):
 def new generation   total 11968K, used 789K [0x00000000f0a00000, 0x00000000f16f0000, 0x00000000f5c00000)
  eden space 10688K,   0% used [0x00000000f0a00000, 0x00000000f0a00000, 0x00000000f1470000)
  from space 1280K,  61% used [0x00000000f15b0000, 0x00000000f1675560, 0x00000000f16f0000)
  to   space 1280K,   0% used [0x00000000f1470000, 0x00000000f1470000, 0x00000000f15b0000)
 tenured generation   total 26436K, used 18228K [0x00000000f5c00000, 0x00000000f75d1000, 0x0000000100000000)
   the space 26436K,  68% used [0x00000000f5c00000, 0x00000000f6dcd220, 0x00000000f6dcd400, 0x00000000f75d1000)
 Metaspace       used 48389K, capacity 49840K, committed 50176K, reserved 1093632K
  class space    used 6497K, capacity 6798K, committed 6912K, reserved 1048576K
}
Event: 9.500 GC heap before
{Heap before GC invocations=93 (full 3):
 def new generation   total 11968K, used 11477K [0x00000000f0a00000, 0x00000000f16f0000, 0x00000000f5c00000)
  eden space 10688K, 100% used [0x00000000f0a00000, 0x00000000f1470000, 0x00000000f1470000)
  from space 1280K,  61% used [0x00000000f15b0000, 0x00000000f1675560, 0x00000000f16f0000)
  to   space 1280K,   0% used [0x00000000f1470000, 0x00000000f1470000, 0x00000000f15b0000)
 tenured generation   total 26436K, used 18228K [0x00000000f5c00000, 0x00000000f75d1000, 0x0000000100000000)
   the space 26436K,  68% used [0x00000000f5c00000, 0x00000000f6dcd220, 0x00000000f6dcd400, 0x00000000f75d1000)
 Metaspace       used 49053K, capacity 50566K, committed 50816K, reserved 1093632K
  class space    used 6649K, capacity 6967K, committed 7040K, reserved 1048576K
Event: 9.503 GC heap after
Heap after GC invocations=94 (full 3):
 def new generation   total 11968K, used 738K [0x00000000f0a00000, 0x00000000f16f0000, 0x00000000f5c00000)
  eden space 10688K,   0% used [0x00000000f0a00000, 0x00000000f0a00000, 0x00000000f1470000)
  from space 1280K,  57% used [0x00000000f1470000, 0x00000000f1528a10, 0x00000000f15b0000)
  to   space 1280K,   0% used [0x00000000f15b0000, 0x00000000f15b0000, 0x00000000f16f0000)
 tenured generation   total 26436K, used 18335K [0x00000000f5c00000, 0x00000000f75d1000, 0x0000000100000000)
   the space 26436K,  69% used [0x00000000f5c00000, 0x00000000f6de7dd0, 0x00000000f6de7e00, 0x00000000f75d1000)
 Metaspace       used 49053K, capacity 50566K, committed 50816K, reserved 1093632K
  class space    used 6649K, capacity 6967K, committed 7040K, reserved 1048576K
}
Event: 9.611 GC heap before
{Heap before GC invocations=94 (full 3):
 def new generation   total 11968K, used 11426K [0x00000000f0a00000, 0x00000000f16f0000, 0x00000000f5c00000)
  eden space 10688K, 100% used [0x00000000f0a00000, 0x00000000f1470000, 0x00000000f1470000)
  from space 1280K,  57% used [0x00000000f1470000, 0x00000000f1528a10, 0x00000000f15b0000)
  to   space 1280K,   0% used [0x00000000f15b0000, 0x00000000f15b0000, 0x00000000f16f0000)
 tenured generation   total 26436K, used 18335K [0x00000000f5c00000, 0x00000000f75d1000, 0x0000000100000000)
   the space 26436K,  69% used [0x00000000f5c00000, 0x00000000f6de7dd0, 0x00000000f6de7e00, 0x00000000f75d1000)
 Metaspace       used 49867K, capacity 51340K, committed 51712K, reserved 1093632K
  class space    used 6782K, capacity 7096K, committed 7168K, reserved 1048576K
Event: 9.614 GC heap after
Heap after GC invocations=95 (full 3):
 def new generation   total 11968K, used 879K [0x00000000f0a00000, 0x00000000f16f0000, 0x00000000f5c00000)
  eden space 10688K,   0% used [0x00000000f0a00000, 0x00000000f0a00000, 0x00000000f1470000)
  from space 1280K,  68% used [0x00000000f15b0000, 0x00000000f168bfa0, 0x00000000f16f0000)
  to   space 1280K,   0% used [0x00000000f1470000, 0x00000000f1470000, 0x00000000f15b0000)
 tenured generation   total 26436K, used 18425K [0x00000000f5c00000, 0x00000000f75d1000, 0x0000000100000000)
   the space 26436K,  69% used [0x00000000f5c00000, 0x00000000f6dfe430, 0x00000000f6dfe600, 0x00000000f75d1000)
 Metaspace       used 49867K, capacity 51340K, committed 51712K, reserved 1093632K
  class space    used 6782K, capacity 7096K, committed 7168K, reserved 1048576K
}
Event: 9.763 GC heap before
{Heap before GC invocations=95 (full 3):
 def new generation   total 11968K, used 11567K [0x00000000f0a00000, 0x00000000f16f0000, 0x00000000f5c00000)
  eden space 10688K, 100% used [0x00000000f0a00000, 0x00000000f1470000, 0x00000000f1470000)
  from space 1280K,  68% used [0x00000000f15b0000, 0x00000000f168bfa0, 0x00000000f16f0000)
  to   space 1280K,   0% used [0x00000000f1470000, 0x00000000f1470000, 0x00000000f15b0000)
 tenured generation   total 26436K, used 18425K [0x00000000f5c00000, 0x00000000f75d1000, 0x0000000100000000)
   the space 26436K,  69% used [0x00000000f5c00000, 0x00000000f6dfe430, 0x00000000f6dfe600, 0x00000000f75d1000)
 Metaspace       used 50758K, capacity 52242K, committed 52608K, reserved 1095680K
  class space    used 6917K, capacity 7227K, committed 7296K, reserved 1048576K
Event: 9.767 GC heap after
Heap after GC invocations=96 (full 3):
 def new generation   total 11968K, used 942K [0x00000000f0a00000, 0x00000000f16f0000, 0x00000000f5c00000)
  eden space 10688K,   0% used [0x00000000f0a00000, 0x00000000f0a00000, 0x00000000f1470000)
  from space 1280K,  73% used [0x00000000f1470000, 0x00000000f155baf8, 0x00000000f15b0000)
  to   space 1280K,   0% used [0x00000000f15b0000, 0x00000000f15b0000, 0x00000000f16f0000)
 tenured generation   total 26436K, used 18578K [0x00000000f5c00000, 0x00000000f75d1000, 0x0000000100000000)
   the space 26436K,  70% used [0x00000000f5c00000, 0x00000000f6e24b18, 0x00000000f6e24c00, 0x00000000f75d1000)
 Metaspace       used 50758K, capacity 52242K, committed 52608K, reserved 1095680K
  class space    used 6917K, capacity 7227K, committed 7296K, reserved 1048576K
}
Event: 9.912 GC heap before
{Heap before GC invocations=96 (full 3):
 def new generation   total 11968K, used 11630K [0x00000000f0a00000, 0x00000000f16f0000, 0x00000000f5c00000)
  eden space 10688K, 100% used [0x00000000f0a00000, 0x00000000f1470000, 0x00000000f1470000)
  from space 1280K,  73% used [0x00000000f1470000, 0x00000000f155baf8, 0x00000000f15b0000)
  to   space 1280K,   0% used [0x00000000f15b0000, 0x00000000f15b0000, 0x00000000f16f0000)
 tenured generation   total 26436K, used 18578K [0x00000000f5c00000, 0x00000000f75d1000, 0x0000000100000000)
   the space 26436K,  70% used [0x00000000f5c00000, 0x00000000f6e24b18, 0x00000000f6e24c00, 0x00000000f75d1000)
 Metaspace       used 51187K, capacity 52704K, committed 53120K, reserved 1095680K
  class space    used 6977K, capacity 7294K, committed 7296K, reserved 1048576K
Event: 9.918 GC heap after
Heap after GC invocations=97 (full 3):
 def new generation   total 11968K, used 633K [0x00000000f0a00000, 0x00000000f16f0000, 0x00000000f5c00000)
  eden space 10688K,   0% used [0x00000000f0a00000, 0x00000000f0a00000, 0x00000000f1470000)
  from space 1280K,  49% used [0x00000000f15b0000, 0x00000000f164e420, 0x00000000f16f0000)
  to   space 1280K,   0% used [0x00000000f1470000, 0x00000000f1470000, 0x00000000f15b0000)
 tenured generation   total 26436K, used 18729K [0x00000000f5c00000, 0x00000000f75d1000, 0x0000000100000000)
   the space 26436K,  70% used [0x00000000f5c00000, 0x00000000f6e4a748, 0x00000000f6e4a800, 0x00000000f75d1000)
 Metaspace       used 51187K, capacity 52704K, committed 53120K, reserved 1095680K
  class space    used 6977K, capacity 7294K, committed 7296K, reserved 1048576K
}
Event: 10.071 GC heap before
{Heap before GC invocations=97 (full 3):
 def new generation   total 11968K, used 11321K [0x00000000f0a00000, 0x00000000f16f0000, 0x00000000f5c00000)
  eden space 10688K, 100% used [0x00000000f0a00000, 0x00000000f1470000, 0x00000000f1470000)
  from space 1280K,  49% used [0x00000000f15b0000, 0x00000000f164e420, 0x00000000f16f0000)
  to   space 1280K,   0% used [0x00000000f1470000, 0x00000000f1470000, 0x00000000f15b0000)
 tenured generation   total 26436K, used 18729K [0x00000000f5c00000, 0x00000000f75d1000, 0x0000000100000000)
   the space 26436K,  70% used [0x00000000f5c00000, 0x00000000f6e4a748, 0x00000000f6e4a800, 0x00000000f75d1000)
 Metaspace       used 51535K, capacity 53044K, committed 53504K, reserved 1095680K
  class space    used 7020K, capacity 7336K, committed 7424K, reserved 1048576K
Event: 10.076 GC heap after
Heap after GC invocations=98 (full 3):
 def new generation   total 11968K, used 1259K [0x00000000f0a00000, 0x00000000f16f0000, 0x00000000f5c00000)
  eden space 10688K,   0% used [0x00000000f0a00000, 0x00000000f0a00000, 0x00000000f1470000)
  from space 1280K,  98% used [0x00000000f1470000, 0x00000000f15aaea0, 0x00000000f15b0000)
  to   space 1280K,   0% used [0x00000000f15b0000, 0x00000000f15b0000, 0x00000000f16f0000)
 tenured generation   total 26436K, used 18729K [0x00000000f5c00000, 0x00000000f75d1000, 0x0000000100000000)
   the space 26436K,  70% used [0x00000000f5c00000, 0x00000000f6e4a748, 0x00000000f6e4a800, 0x00000000f75d1000)
 Metaspace       used 51535K, capacity 53044K, committed 53504K, reserved 1095680K
  class space    used 7020K, capacity 7336K, committed 7424K, reserved 1048576K
}
Event: 10.329 GC heap before
{Heap before GC invocations=98 (full 3):
 def new generation   total 11968K, used 11947K [0x00000000f0a00000, 0x00000000f16f0000, 0x00000000f5c00000)
  eden space 10688K, 100% used [0x00000000f0a00000, 0x00000000f1470000, 0x00000000f1470000)
  from space 1280K,  98% used [0x00000000f1470000, 0x00000000f15aaea0, 0x00000000f15b0000)
  to   space 1280K,   0% used [0x00000000f15b0000, 0x00000000f15b0000, 0x00000000f16f0000)
 tenured generation   total 26436K, used 18729K [0x00000000f5c00000, 0x00000000f75d1000, 0x0000000100000000)
   the space 26436K,  70% used [0x00000000f5c00000, 0x00000000f6e4a748, 0x00000000f6e4a800, 0x00000000f75d1000)
 Metaspace       used 52868K, capacity 54714K, committed 55040K, reserved 1097728K
  class space    used 7208K, capacity 7557K, committed 7680K, reserved 1048576K
Event: 10.337 GC heap after
Heap after GC invocations=99 (full 3):
 def new generation   total 11968K, used 1091K [0x00000000f0a00000, 0x00000000f16f0000, 0x00000000f5c00000)
  eden space 10688K,   0% used [0x00000000f0a00000, 0x00000000f0a00000, 0x00000000f1470000)
  from space 1280K,  85% used [0x00000000f15b0000, 0x00000000f16c0cd8, 0x00000000f16f0000)
  to   space 1280K,   0% used [0x00000000f1470000, 0x00000000f1470000, 0x00000000f15b0000)
 tenured generation   total 26436K, used 19727K [0x00000000f5c00000, 0x00000000f75d1000, 0x0000000100000000)
   the space 26436K,  74% used [0x00000000f5c00000, 0x00000000f6f43ca8, 0x00000000f6f43e00, 0x00000000f75d1000)
 Metaspace       used 52868K, capacity 54714K, committed 55040K, reserved 1097728K
  class space    used 7208K, capacity 7557K, committed 7680K, reserved 1048576K
}
Event: 10.582 GC heap before
{Heap before GC invocations=99 (full 3):
 def new generation   total 11968K, used 11779K [0x00000000f0a00000, 0x00000000f16f0000, 0x00000000f5c00000)
  eden space 10688K, 100% used [0x00000000f0a00000, 0x00000000f1470000, 0x00000000f1470000)
  from space 1280K,  85% used [0x00000000f15b0000, 0x00000000f16c0cd8, 0x00000000f16f0000)
  to   space 1280K,   0% used [0x00000000f1470000, 0x00000000f1470000, 0x00000000f15b0000)
 tenured generation   total 26436K, used 19727K [0x00000000f5c00000, 0x00000000f75d1000, 0x0000000100000000)
   the space 26436K,  74% used [0x00000000f5c00000, 0x00000000f6f43ca8, 0x00000000f6f43e00, 0x00000000f75d1000)
 Metaspace       used 54187K, capacity 56148K, committed 56192K, reserved 1097728K
  class space    used 7391K, capacity 7772K, committed 7808K, reserved 1048576K
Event: 10.587 GC heap after
Heap after GC invocations=100 (full 3):
 def new generation   total 11968K, used 1207K [0x00000000f0a00000, 0x00000000f16f0000, 0x00000000f5c00000)
  eden space 10688K,   0% used [0x00000000f0a00000, 0x00000000f0a00000, 0x00000000f1470000)
  from space 1280K,  94% used [0x00000000f1470000, 0x00000000f159dde0, 0x00000000f15b0000)
  to   space 1280K,   0% used [0x00000000f15b0000, 0x00000000f15b0000, 0x00000000f16f0000)
 tenured generation   total 26436K, used 20028K [0x00000000f5c00000, 0x00000000f75d1000, 0x0000000100000000)
   the space 26436K,  75% used [0x00000000f5c00000, 0x00000000f6f8f250, 0x00000000f6f8f400, 0x00000000f75d1000)
 Metaspace       used 54187K, capacity 56148K, committed 56192K, reserved 1097728K
  class space    used 7391K, capacity 7772K, committed 7808K, reserved 1048576K
}
Event: 10.738 GC heap before
{Heap before GC invocations=100 (full 3):
 def new generation   total 11968K, used 11895K [0x00000000f0a00000, 0x00000000f16f0000, 0x00000000f5c00000)
  eden space 10688K, 100% used [0x00000000f0a00000, 0x00000000f1470000, 0x00000000f1470000)
  from space 1280K,  94% used [0x00000000f1470000, 0x00000000f159dde0, 0x00000000f15b0000)
  to   space 1280K,   0% used [0x00000000f15b0000, 0x00000000f15b0000, 0x00000000f16f0000)
 tenured generation   total 26436K, used 20028K [0x00000000f5c00000, 0x00000000f75d1000, 0x0000000100000000)
   the space 26436K,  75% used [0x00000000f5c00000, 0x00000000f6f8f250, 0x00000000f6f8f400, 0x00000000f75d1000)
 Metaspace       used 54573K, capacity 56574K, committed 56832K, reserved 1097728K
  class space    used 7458K, capacity 7819K, committed 7936K, reserved 1048576K
Event: 10.744 GC heap after
Heap after GC invocations=101 (full 3):
 def new generation   total 11968K, used 768K [0x00000000f0a00000, 0x00000000f16f0000, 0x00000000f5c00000)
  eden space 10688K,   0% used [0x00000000f0a00000, 0x00000000f0a00000, 0x00000000f1470000)
  from space 1280K,  60% used [0x00000000f15b0000, 0x00000000f1670300, 0x00000000f16f0000)
  to   space 1280K,   0% used [0x00000000f1470000, 0x00000000f1470000, 0x00000000f15b0000)
 tenured generation   total 26436K, used 20429K [0x00000000f5c00000, 0x00000000f75d1000, 0x0000000100000000)
   the space 26436K,  77% used [0x00000000f5c00000, 0x00000000f6ff36b0, 0x00000000f6ff3800, 0x00000000f75d1000)
 Metaspace       used 54573K, capacity 56574K, committed 56832K, reserved 1097728K
  class space    used 7458K, capacity 7819K, committed 7936K, reserved 1048576K
}
Event: 10.885 GC heap before
{Heap before GC invocations=101 (full 3):
 def new generation   total 11968K, used 11456K [0x00000000f0a00000, 0x00000000f16f0000, 0x00000000f5c00000)
  eden space 10688K, 100% used [0x00000000f0a00000, 0x00000000f1470000, 0x00000000f1470000)
  from space 1280K,  60% used [0x00000000f15b0000, 0x00000000f1670300, 0x00000000f16f0000)
  to   space 1280K,   0% used [0x00000000f1470000, 0x00000000f1470000, 0x00000000f15b0000)
 tenured generation   total 26436K, used 20429K [0x00000000f5c00000, 0x00000000f75d1000, 0x0000000100000000)
   the space 26436K,  77% used [0x00000000f5c00000, 0x00000000f6ff36b0, 0x00000000f6ff3800, 0x00000000f75d1000)
 Metaspace       used 54796K, capacity 56938K, committed 57088K, reserved 1097728K
  class space    used 7492K, capacity 7881K, committed 7936K, reserved 1048576K
Event: 10.890 GC heap after
Heap after GC invocations=102 (full 3):
 def new generation   total 11968K, used 410K [0x00000000f0a00000, 0x00000000f16f0000, 0x00000000f5c00000)
  eden space 10688K,   0% used [0x00000000f0a00000, 0x00000000f0a00000, 0x00000000f1470000)
  from space 1280K,  32% used [0x00000000f1470000, 0x00000000f14d6a10, 0x00000000f15b0000)
  to   space 1280K,   0% used [0x00000000f15b0000, 0x00000000f15b0000, 0x00000000f16f0000)
 tenured generation   total 26436K, used 20891K [0x00000000f5c00000, 0x00000000f75d1000, 0x0000000100000000)
   the space 26436K,  79% used [0x00000000f5c00000, 0x00000000f7066d58, 0x00000000f7066e00, 0x00000000f75d1000)
 Metaspace       used 54796K, capacity 56938K, committed 57088K, reserved 1097728K
  class space    used 7492K, capacity 7881K, committed 7936K, reserved 1048576K
}
Event: 10.997 GC heap before
{Heap before GC invocations=102 (full 3):
 def new generation   total 11968K, used 11098K [0x00000000f0a00000, 0x00000000f16f0000, 0x00000000f5c00000)
  eden space 10688K, 100% used [0x00000000f0a00000, 0x00000000f1470000, 0x00000000f1470000)
  from space 1280K,  32% used [0x00000000f1470000, 0x00000000f14d6a10, 0x00000000f15b0000)
  to   space 1280K,   0% used [0x00000000f15b0000, 0x00000000f15b0000, 0x00000000f16f0000)
 tenured generation   total 26436K, used 20891K [0x00000000f5c00000, 0x00000000f75d1000, 0x0000000100000000)
   the space 26436K,  79% used [0x00000000f5c00000, 0x00000000f7066d58, 0x00000000f7066e00, 0x00000000f75d1000)
 Metaspace       used 54915K, capacity 57094K, committed 57344K, reserved 1099776K
  class space    used 7506K, capacity 7923K, committed 7936K, reserved 1048576K
Event: 11.001 GC heap after
Heap after GC invocations=103 (full 3):
 def new generation   total 11968K, used 624K [0x00000000f0a00000, 0x00000000f16f0000, 0x00000000f5c00000)
  eden space 10688K,   0% used [0x00000000f0a00000, 0x00000000f0a00000, 0x00000000f1470000)
  from space 1280K,  48% used [0x00000000f15b0000, 0x00000000f164c3a8, 0x00000000f16f0000)
  to   space 1280K,   0% used [0x00000000f1470000, 0x00000000f1470000, 0x00000000f15b0000)
 tenured generation   total 26436K, used 20891K [0x00000000f5c00000, 0x00000000f75d1000, 0x0000000100000000)
   the space 26436K,  79% used [0x00000000f5c00000, 0x00000000f7066d58, 0x00000000f7066e00, 0x00000000f75d1000)
 Metaspace       used 54915K, capacity 57094K, committed 57344K, reserved 1099776K
  class space    used 7506K, capacity 7923K, committed 7936K, reserved 1048576K
}
Event: 11.278 GC heap before
{Heap before GC invocations=103 (full 3):
 def new generation   total 11968K, used 11312K [0x00000000f0a00000, 0x00000000f16f0000, 0x00000000f5c00000)
  eden space 10688K, 100% used [0x00000000f0a00000, 0x00000000f1470000, 0x00000000f1470000)
  from space 1280K,  48% used [0x00000000f15b0000, 0x00000000f164c3a8, 0x00000000f16f0000)
  to   space 1280K,   0% used [0x00000000f1470000, 0x00000000f1470000, 0x00000000f15b0000)
 tenured generation   total 26436K, used 20891K [0x00000000f5c00000, 0x00000000f75d1000, 0x0000000100000000)
   the space 26436K,  79% used [0x00000000f5c00000, 0x00000000f7066d58, 0x00000000f7066e00, 0x00000000f75d1000)
 Metaspace       used 55888K, capacity 58058K, committed 58240K, reserved 1099776K
  class space    used 7612K, capacity 8025K, committed 8064K, reserved 1048576K
Event: 11.283 GC heap after
Heap after GC invocations=104 (full 3):
 def new generation   total 11968K, used 1280K [0x00000000f0a00000, 0x00000000f16f0000, 0x00000000f5c00000)
  eden space 10688K,   0% used [0x00000000f0a00000, 0x00000000f0a00000, 0x00000000f1470000)
  from space 1280K, 100% used [0x00000000f1470000, 0x00000000f15b0000, 0x00000000f15b0000)
  to   space 1280K,   0% used [0x00000000f15b0000, 0x00000000f15b0000, 0x00000000f16f0000)
 tenured generation   total 26436K, used 21105K [0x00000000f5c00000, 0x00000000f75d1000, 0x0000000100000000)
   the space 26436K,  79% used [0x00000000f5c00000, 0x00000000f709c6f0, 0x00000000f709c800, 0x00000000f75d1000)
 Metaspace       used 55888K, capacity 58058K, committed 58240K, reserved 1099776K
  class space    used 7612K, capacity 8025K, committed 8064K, reserved 1048576K
}
Event: 11.494 GC heap before
{Heap before GC invocations=104 (full 3):
 def new generation   total 11968K, used 11968K [0x00000000f0a00000, 0x00000000f16f0000, 0x00000000f5c00000)
  eden space 10688K, 100% used [0x00000000f0a00000, 0x00000000f1470000, 0x00000000f1470000)
  from space 1280K, 100% used [0x00000000f1470000, 0x00000000f15b0000, 0x00000000f15b0000)
  to   space 1280K,   0% used [0x00000000f15b0000, 0x00000000f15b0000, 0x00000000f16f0000)
 tenured generation   total 26436K, used 21105K [0x00000000f5c00000, 0x00000000f75d1000, 0x0000000100000000)
   the space 26436K,  79% used [0x00000000f5c00000, 0x00000000f709c6f0, 0x00000000f709c800, 0x00000000f75d1000)
 Metaspace       used 56548K, capacity 58742K, committed 58880K, reserved 1099776K
  class space    used 7694K, capacity 8123K, committed 8192K, reserved 1048576K
Event: 11.503 GC heap after
Heap after GC invocations=105 (full 3):
 def new generation   total 11968K, used 797K [0x00000000f0a00000, 0x00000000f16f0000, 0x00000000f5c00000)
  eden space 10688K,   0% used [0x00000000f0a00000, 0x00000000f0a00000, 0x00000000f1470000)
  from space 1280K,  62% used [0x00000000f15b0000, 0x00000000f16777c8, 0x00000000f16f0000)
  to   space 1280K,   0% used [0x00000000f1470000, 0x00000000f1470000, 0x00000000f15b0000)
 tenured generation   total 26436K, used 22102K [0x00000000f5c00000, 0x00000000f75d1000, 0x0000000100000000)
   the space 26436K,  83% used [0x00000000f5c00000, 0x00000000f7195870, 0x00000000f7195a00, 0x00000000f75d1000)
 Metaspace       used 56548K, capacity 58742K, committed 58880K, reserved 1099776K
  class space    used 7694K, capacity 8123K, committed 8192K, reserved 1048576K
}
Event: 11.655 GC heap before
{Heap before GC invocations=105 (full 3):
 def new generation   total 11968K, used 11485K [0x00000000f0a00000, 0x00000000f16f0000, 0x00000000f5c00000)
  eden space 10688K, 100% used [0x00000000f0a00000, 0x00000000f1470000, 0x00000000f1470000)
  from space 1280K,  62% used [0x00000000f15b0000, 0x00000000f16777c8, 0x00000000f16f0000)
  to   space 1280K,   0% used [0x00000000f1470000, 0x00000000f1470000, 0x00000000f15b0000)
 tenured generation   total 26436K, used 22102K [0x00000000f5c00000, 0x00000000f75d1000, 0x0000000100000000)
   the space 26436K,  83% used [0x00000000f5c00000, 0x00000000f7195870, 0x00000000f7195a00, 0x00000000f75d1000)
 Metaspace       used 57014K, capacity 59262K, committed 59392K, reserved 1099776K
  class space    used 7758K, capacity 8189K, committed 8192K, reserved 1048576K
Event: 11.661 GC heap after
Heap after GC invocations=106 (full 3):
 def new generation   total 11968K, used 839K [0x00000000f0a00000, 0x00000000f16f0000, 0x00000000f5c00000)
  eden space 10688K,   0% used [0x00000000f0a00000, 0x00000000f0a00000, 0x00000000f1470000)
  from space 1280K,  65% used [0x00000000f1470000, 0x00000000f1541dc8, 0x00000000f15b0000)
  to   space 1280K,   0% used [0x00000000f15b0000, 0x00000000f15b0000, 0x00000000f16f0000)
 tenured generation   total 26436K, used 22390K [0x00000000f5c00000, 0x00000000f75d1000, 0x0000000100000000)
   the space 26436K,  84% used [0x00000000f5c00000, 0x00000000f71ddb68, 0x00000000f71ddc00, 0x00000000f75d1000)
 Metaspace       used 57014K, capacity 59262K, committed 59392K, reserved 1099776K
  class space    used 7758K, capacity 8189K, committed 8192K, reserved 1048576K
}
Event: 11.834 GC heap before
{Heap before GC invocations=106 (full 3):
 def new generation   total 11968K, used 11527K [0x00000000f0a00000, 0x00000000f16f0000, 0x00000000f5c00000)
  eden space 10688K, 100% used [0x00000000f0a00000, 0x00000000f1470000, 0x00000000f1470000)
  from space 1280K,  65% used [0x00000000f1470000, 0x00000000f1541dc8, 0x00000000f15b0000)
  to   space 1280K,   0% used [0x00000000f15b0000, 0x00000000f15b0000, 0x00000000f16f0000)
 tenured generation   total 26436K, used 22390K [0x00000000f5c00000, 0x00000000f75d1000, 0x0000000100000000)
   the space 26436K,  84% used [0x00000000f5c00000, 0x00000000f71ddb68, 0x00000000f71ddc00, 0x00000000f75d1000)
 Metaspace       used 57751K, capacity 59940K, committed 60032K, reserved 1101824K
  class space    used 7874K, capacity 8288K, committed 8320K, reserved 1048576K
Event: 11.839 GC heap after
Heap after GC invocations=107 (full 3):
 def new generation   total 11968K, used 1045K [0x00000000f0a00000, 0x00000000f16f0000, 0x00000000f5c00000)
  eden space 10688K,   0% used [0x00000000f0a00000, 0x00000000f0a00000, 0x00000000f1470000)
  from space 1280K,  81% used [0x00000000f15b0000, 0x00000000f16b55c8, 0x00000000f16f0000)
  to   space 1280K,   0% used [0x00000000f1470000, 0x00000000f1470000, 0x00000000f15b0000)
 tenured generation   total 26436K, used 22711K [0x00000000f5c00000, 0x00000000f75d1000, 0x0000000100000000)
   the space 26436K,  85% used [0x00000000f5c00000, 0x00000000f722dcf8, 0x00000000f722de00, 0x00000000f75d1000)
 Metaspace       used 57751K, capacity 59940K, committed 60032K, reserved 1101824K
  class space    used 7874K, capacity 8288K, committed 8320K, reserved 1048576K
}
Event: 11.956 GC heap before
{Heap before GC invocations=107 (full 3):
 def new generation   total 11968K, used 11733K [0x00000000f0a00000, 0x00000000f16f0000, 0x00000000f5c00000)
  eden space 10688K, 100% used [0x00000000f0a00000, 0x00000000f1470000, 0x00000000f1470000)
  from space 1280K,  81% used [0x00000000f15b0000, 0x00000000f16b55c8, 0x00000000f16f0000)
  to   space 1280K,   0% used [0x00000000f1470000, 0x00000000f1470000, 0x00000000f15b0000)
 tenured generation   total 26436K, used 22711K [0x00000000f5c00000, 0x00000000f75d1000, 0x0000000100000000)
   the space 26436K,  85% used [0x00000000f5c00000, 0x00000000f722dcf8, 0x00000000f722de00, 0x00000000f75d1000)
 Metaspace       used 58010K, capacity 60214K, committed 60416K, reserved 1101824K
  class space    used 7922K, capacity 8357K, committed 8448K, reserved 1048576K
Event: 11.961 GC heap after
Heap after GC invocations=108 (full 3):
 def new generation   total 11968K, used 548K [0x00000000f0a00000, 0x00000000f16f0000, 0x00000000f5c00000)
  eden space 10688K,   0% used [0x00000000f0a00000, 0x00000000f0a00000, 0x00000000f1470000)
  from space 1280K,  42% used [0x00000000f1470000, 0x00000000f14f9350, 0x00000000f15b0000)
  to   space 1280K,   0% used [0x00000000f15b0000, 0x00000000f15b0000, 0x00000000f16f0000)
 tenured generation   total 26436K, used 22917K [0x00000000f5c00000, 0x00000000f75d1000, 0x0000000100000000)
   the space 26436K,  86% used [0x00000000f5c00000, 0x00000000f7261748, 0x00000000f7261800, 0x00000000f75d1000)
 Metaspace       used 58010K, capacity 60214K, committed 60416K, reserved 1101824K
  class space    used 7922K, capacity 8357K, committed 8448K, reserved 1048576K
}
Event: 12.035 GC heap before
{Heap before GC invocations=108 (full 3):
 def new generation   total 11968K, used 11236K [0x00000000f0a00000, 0x00000000f16f0000, 0x00000000f5c00000)
  eden space 10688K, 100% used [0x00000000f0a00000, 0x00000000f1470000, 0x00000000f1470000)
  from space 1280K,  42% used [0x00000000f1470000, 0x00000000f14f9350, 0x00000000f15b0000)
  to   space 1280K,   0% used [0x00000000f15b0000, 0x00000000f15b0000, 0x00000000f16f0000)
 tenured generation   total 26436K, used 22917K [0x00000000f5c00000, 0x00000000f75d1000, 0x0000000100000000)
   the space 26436K,  86% used [0x00000000f5c00000, 0x00000000f7261748, 0x00000000f7261800, 0x00000000f75d1000)
 Metaspace       used 58047K, capacity 60278K, committed 60672K, reserved 1101824K
  class space    used 7927K, capacity 8357K, committed 8448K, reserved 1048576K
Event: 12.039 GC heap after
Heap after GC invocations=109 (full 3):
 def new generation   total 11968K, used 559K [0x00000000f0a00000, 0x00000000f16f0000, 0x00000000f5c00000)
  eden space 10688K,   0% used [0x00000000f0a00000, 0x00000000f0a00000, 0x00000000f1470000)
  from space 1280K,  43% used [0x00000000f15b0000, 0x00000000f163bdc8, 0x00000000f16f0000)
  to   space 1280K,   0% used [0x00000000f1470000, 0x00000000f1470000, 0x00000000f15b0000)
 tenured generation   total 26436K, used 22917K [0x00000000f5c00000, 0x00000000f75d1000, 0x0000000100000000)
   the space 26436K,  86% used [0x00000000f5c00000, 0x00000000f7261748, 0x00000000f7261800, 0x00000000f75d1000)
 Metaspace       used 58047K, capacity 60278K, committed 60672K, reserved 1101824K
  class space    used 7927K, capacity 8357K, committed 8448K, reserved 1048576K
}
Event: 12.132 GC heap before
{Heap before GC invocations=109 (full 3):
 def new generation   total 11968K, used 11247K [0x00000000f0a00000, 0x00000000f16f0000, 0x00000000f5c00000)
  eden space 10688K, 100% used [0x00000000f0a00000, 0x00000000f1470000, 0x00000000f1470000)
  from space 1280K,  43% used [0x00000000f15b0000, 0x00000000f163bdc8, 0x00000000f16f0000)
  to   space 1280K,   0% used [0x00000000f1470000, 0x00000000f1470000, 0x00000000f15b0000)
 tenured generation   total 26436K, used 22917K [0x00000000f5c00000, 0x00000000f75d1000, 0x0000000100000000)
   the space 26436K,  86% used [0x00000000f5c00000, 0x00000000f7261748, 0x00000000f7261800, 0x00000000f75d1000)
 Metaspace       used 58214K, capacity 60464K, committed 60672K, reserved 1101824K
  class space    used 7961K, capacity 8394K, committed 8448K, reserved 1048576K
Event: 12.136 GC heap after
Heap after GC invocations=110 (full 3):
 def new generation   total 11968K, used 976K [0x00000000f0a00000, 0x00000000f16f0000, 0x00000000f5c00000)
  eden space 10688K,   0% used [0x00000000f0a00000, 0x00000000f0a00000, 0x00000000f1470000)
  from space 1280K,  76% used [0x00000000f1470000, 0x00000000f15640a0, 0x00000000f15b0000)
  to   space 1280K,   0% used [0x00000000f15b0000, 0x00000000f15b0000, 0x00000000f16f0000)
 tenured generation   total 26436K, used 22917K [0x00000000f5c00000, 0x00000000f75d1000, 0x0000000100000000)
   the space 26436K,  86% used [0x00000000f5c00000, 0x00000000f7261748, 0x00000000f7261800, 0x00000000f75d1000)
 Metaspace       used 58214K, capacity 60464K, committed 60672K, reserved 1101824K
  class space    used 7961K, capacity 8394K, committed 8448K, reserved 1048576K
}
Event: 12.269 GC heap before
{Heap before GC invocations=110 (full 3):
 def new generation   total 11968K, used 11664K [0x00000000f0a00000, 0x00000000f16f0000, 0x00000000f5c00000)
  eden space 10688K, 100% used [0x00000000f0a00000, 0x00000000f1470000, 0x00000000f1470000)
  from space 1280K,  76% used [0x00000000f1470000, 0x00000000f15640a0, 0x00000000f15b0000)
  to   space 1280K,   0% used [0x00000000f15b0000, 0x00000000f15b0000, 0x00000000f16f0000)
 tenured generation   total 26436K, used 22917K [0x00000000f5c00000, 0x00000000f75d1000, 0x0000000100000000)
   the space 26436K,  86% used [0x00000000f5c00000, 0x00000000f7261748, 0x00000000f7261800, 0x00000000f75d1000)
 Metaspace       used 58642K, capacity 60880K, committed 61184K, reserved 1101824K
  class space    used 8003K, capacity 8426K, committed 8448K, reserved 1048576K
Event: 12.274 GC heap after
Heap after GC invocations=111 (full 3):
 def new generation   total 11968K, used 1024K [0x00000000f0a00000, 0x00000000f16f0000, 0x00000000f5c00000)
  eden space 10688K,   0% used [0x00000000f0a00000, 0x00000000f0a00000, 0x00000000f1470000)
  from space 1280K,  80% used [0x00000000f15b0000, 0x00000000f16b00f0, 0x00000000f16f0000)
  to   space 1280K,   0% used [0x00000000f1470000, 0x00000000f1470000, 0x00000000f15b0000)
 tenured generation   total 26436K, used 23445K [0x00000000f5c00000, 0x00000000f75d1000, 0x0000000100000000)
   the space 26436K,  88% used [0x00000000f5c00000, 0x00000000f72e5498, 0x00000000f72e5600, 0x00000000f75d1000)
 Metaspace       used 58642K, capacity 60880K, committed 61184K, reserved 1101824K
  class space    used 8003K, capacity 8426K, committed 8448K, reserved 1048576K
}
Event: 12.418 GC heap before
{Heap before GC invocations=111 (full 3):
 def new generation   total 11968K, used 11712K [0x00000000f0a00000, 0x00000000f16f0000, 0x00000000f5c00000)
  eden space 10688K, 100% used [0x00000000f0a00000, 0x00000000f1470000, 0x00000000f1470000)
  from space 1280K,  80% used [0x00000000f15b0000, 0x00000000f16b00f0, 0x00000000f16f0000)
  to   space 1280K,   0% used [0x00000000f1470000, 0x00000000f1470000, 0x00000000f15b0000)
 tenured generation   total 26436K, used 23445K [0x00000000f5c00000, 0x00000000f75d1000, 0x0000000100000000)
   the space 26436K,  88% used [0x00000000f5c00000, 0x00000000f72e5498, 0x00000000f72e5600, 0x00000000f75d1000)
 Metaspace       used 58905K, capacity 61316K, committed 61568K, reserved 1101824K
  class space    used 8049K, capacity 8484K, committed 8576K, reserved 1048576K
Event: 12.423 GC heap after
Heap after GC invocations=112 (full 3):
 def new generation   total 11968K, used 399K [0x00000000f0a00000, 0x00000000f16f0000, 0x00000000f5c00000)
  eden space 10688K,   0% used [0x00000000f0a00000, 0x00000000f0a00000, 0x00000000f1470000)
  from space 1280K,  31% used [0x00000000f1470000, 0x00000000f14d3f28, 0x00000000f15b0000)
  to   space 1280K,   0% used [0x00000000f15b0000, 0x00000000f15b0000, 0x00000000f16f0000)
 tenured generation   total 26436K, used 24231K [0x00000000f5c00000, 0x00000000f75d1000, 0x0000000100000000)
   the space 26436K,  91% used [0x00000000f5c00000, 0x00000000f73a9e40, 0x00000000f73aa000, 0x00000000f75d1000)
 Metaspace       used 58905K, capacity 61316K, committed 61568K, reserved 1101824K
  class space    used 8049K, capacity 8484K, committed 8576K, reserved 1048576K
}
Event: 12.540 GC heap before
{Heap before GC invocations=112 (full 3):
 def new generation   total 11968K, used 11087K [0x00000000f0a00000, 0x00000000f16f0000, 0x00000000f5c00000)
  eden space 10688K, 100% used [0x00000000f0a00000, 0x00000000f1470000, 0x00000000f1470000)
  from space 1280K,  31% used [0x00000000f1470000, 0x00000000f14d3f28, 0x00000000f15b0000)
  to   space 1280K,   0% used [0x00000000f15b0000, 0x00000000f15b0000, 0x00000000f16f0000)
 tenured generation   total 26436K, used 24231K [0x00000000f5c00000, 0x00000000f75d1000, 0x0000000100000000)
   the space 26436K,  91% used [0x00000000f5c00000, 0x00000000f73a9e40, 0x00000000f73aa000, 0x00000000f75d1000)
 Metaspace       used 59099K, capacity 61608K, committed 61824K, reserved 1101824K
  class space    used 8089K, capacity 8540K, committed 8576K, reserved 1048576K
Event: 12.545 GC heap after
Heap after GC invocations=113 (full 3):
 def new generation   total 11968K, used 872K [0x00000000f0a00000, 0x00000000f16f0000, 0x00000000f5c00000)
  eden space 10688K,   0% used [0x00000000f0a00000, 0x00000000f0a00000, 0x00000000f1470000)
  from space 1280K,  68% used [0x00000000f15b0000, 0x00000000f168a2f8, 0x00000000f16f0000)
  to   space 1280K,   0% used [0x00000000f1470000, 0x00000000f1470000, 0x00000000f15b0000)
 tenured generation   total 26436K, used 24231K [0x00000000f5c00000, 0x00000000f75d1000, 0x0000000100000000)
   the space 26436K,  91% used [0x00000000f5c00000, 0x00000000f73a9e40, 0x00000000f73aa000, 0x00000000f75d1000)
 Metaspace       used 59099K, capacity 61608K, committed 61824K, reserved 1101824K
  class space    used 8089K, capacity 8540K, committed 8576K, reserved 1048576K
}
Event: 12.656 GC heap before
{Heap before GC invocations=113 (full 3):
 def new generation   total 11968K, used 11560K [0x00000000f0a00000, 0x00000000f16f0000, 0x00000000f5c00000)
  eden space 10688K, 100% used [0x00000000f0a00000, 0x00000000f1470000, 0x00000000f1470000)
  from space 1280K,  68% used [0x00000000f15b0000, 0x00000000f168a2f8, 0x00000000f16f0000)
  to   space 1280K,   0% used [0x00000000f1470000, 0x00000000f1470000, 0x00000000f15b0000)
 tenured generation   total 26436K, used 24231K [0x00000000f5c00000, 0x00000000f75d1000, 0x0000000100000000)
   the space 26436K,  91% used [0x00000000f5c00000, 0x00000000f73a9e40, 0x00000000f73aa000, 0x00000000f75d1000)
 Metaspace       used 59218K, capacity 61782K, committed 61824K, reserved 1101824K
  class space    used 8104K, capacity 8575K, committed 8576K, reserved 1048576K
Event: 12.663 GC heap after
Heap after GC invocations=114 (full 3):
 def new generation   total 11968K, used 845K [0x00000000f0a00000, 0x00000000f16f0000, 0x00000000f5c00000)
  eden space 10688K,   0% used [0x00000000f0a00000, 0x00000000f0a00000, 0x00000000f1470000)
  from space 1280K,  66% used [0x00000000f1470000, 0x00000000f15434f0, 0x00000000f15b0000)
  to   space 1280K,   0% used [0x00000000f15b0000, 0x00000000f15b0000, 0x00000000f16f0000)
 tenured generation   total 26436K, used 24583K [0x00000000f5c00000, 0x00000000f75d1000, 0x0000000100000000)
   the space 26436K,  92% used [0x00000000f5c00000, 0x00000000f7401e30, 0x00000000f7402000, 0x00000000f75d1000)
 Metaspace       used 59218K, capacity 61782K, committed 61824K, reserved 1101824K
  class space    used 8104K, capacity 8575K, committed 8576K, reserved 1048576K
}
Event: 12.775 GC heap before
{Heap before GC invocations=114 (full 3):
 def new generation   total 11968K, used 11533K [0x00000000f0a00000, 0x00000000f16f0000, 0x00000000f5c00000)
  eden space 10688K, 100% used [0x00000000f0a00000, 0x00000000f1470000, 0x00000000f1470000)
  from space 1280K,  66% used [0x00000000f1470000, 0x00000000f15434f0, 0x00000000f15b0000)
  to   space 1280K,   0% used [0x00000000f15b0000, 0x00000000f15b0000, 0x00000000f16f0000)
 tenured generation   total 26436K, used 24583K [0x00000000f5c00000, 0x00000000f75d1000, 0x0000000100000000)
   the space 26436K,  92% used [0x00000000f5c00000, 0x00000000f7401e30, 0x00000000f7402000, 0x00000000f75d1000)
 Metaspace       used 59375K, capacity 61922K, committed 62208K, reserved 1103872K
  class space    used 8120K, capacity 8577K, committed 8704K, reserved 1048576K
Event: 12.781 GC heap after
Heap after GC invocations=115 (full 3):
 def new generation   total 11968K, used 842K [0x00000000f0a00000, 0x00000000f16f0000, 0x00000000f5c00000)
  eden space 10688K,   0% used [0x00000000f0a00000, 0x00000000f0a00000, 0x00000000f1470000)
  from space 1280K,  65% used [0x00000000f15b0000, 0x00000000f16828d0, 0x00000000f16f0000)
  to   space 1280K,   0% used [0x00000000f1470000, 0x00000000f1470000, 0x00000000f15b0000)
 tenured generation   total 26436K, used 25009K [0x00000000f5c00000, 0x00000000f75d1000, 0x0000000100000000)
   the space 26436K,  94% used [0x00000000f5c00000, 0x00000000f746c5e0, 0x00000000f746c600, 0x00000000f75d1000)
 Metaspace       used 59375K, capacity 61922K, committed 62208K, reserved 1103872K
  class space    used 8120K, capacity 8577K, committed 8704K, reserved 1048576K
}
Event: 12.879 GC heap before
{Heap before GC invocations=115 (full 3):
 def new generation   total 11968K, used 11530K [0x00000000f0a00000, 0x00000000f16f0000, 0x00000000f5c00000)
  eden space 10688K, 100% used [0x00000000f0a00000, 0x00000000f1470000, 0x00000000f1470000)
  from space 1280K,  65% used [0x00000000f15b0000, 0x00000000f16828d0, 0x00000000f16f0000)
  to   space 1280K,   0% used [0x00000000f1470000, 0x00000000f1470000, 0x00000000f15b0000)
 tenured generation   total 26436K, used 25009K [0x00000000f5c00000, 0x00000000f75d1000, 0x0000000100000000)
   the space 26436K,  94% used [0x00000000f5c00000, 0x00000000f746c5e0, 0x00000000f746c600, 0x00000000f75d1000)
 Metaspace       used 59519K, capacity 62104K, committed 62464K, reserved 1103872K
  class space    used 8137K, capacity 8614K, committed 8704K, reserved 1048576K
Event: 12.889 GC heap after
Heap after GC invocations=116 (full 3):
 def new generation   total 11968K, used 819K [0x00000000f0a00000, 0x00000000f16f0000, 0x00000000f5c00000)
  eden space 10688K,   0% used [0x00000000f0a00000, 0x00000000f0a00000, 0x00000000f1470000)
  from space 1280K,  64% used [0x00000000f1470000, 0x00000000f153cde8, 0x00000000f15b0000)
  to   space 1280K,   0% used [0x00000000f15b0000, 0x00000000f15b0000, 0x00000000f16f0000)
 tenured generation   total 26436K, used 25377K [0x00000000f5c00000, 0x00000000f75d1000, 0x0000000100000000)
   the space 26436K,  95% used [0x00000000f5c00000, 0x00000000f74c8600, 0x00000000f74c8600, 0x00000000f75d1000)
 Metaspace       used 59519K, capacity 62104K, committed 62464K, reserved 1103872K
  class space    used 8137K, capacity 8614K, committed 8704K, reserved 1048576K
}
Event: 13.010 GC heap before
{Heap before GC invocations=116 (full 3):
 def new generation   total 11968K, used 11507K [0x00000000f0a00000, 0x00000000f16f0000, 0x00000000f5c00000)
  eden space 10688K, 100% used [0x00000000f0a00000, 0x00000000f1470000, 0x00000000f1470000)
  from space 1280K,  64% used [0x00000000f1470000, 0x00000000f153cde8, 0x00000000f15b0000)
  to   space 1280K,   0% used [0x00000000f15b0000, 0x00000000f15b0000, 0x00000000f16f0000)
 tenured generation   total 26436K, used 25377K [0x00000000f5c00000, 0x00000000f75d1000, 0x0000000100000000)
   the space 26436K,  95% used [0x00000000f5c00000, 0x00000000f74c8600, 0x00000000f74c8600, 0x00000000f75d1000)
 Metaspace       used 59752K, capacity 62252K, committed 62464K, reserved 1103872K
  class space    used 8172K, capacity 8618K, committed 8704K, reserved 1048576K
Event: 13.021 GC heap after
Heap after GC invocations=117 (full 3):
 def new generation   total 11968K, used 904K [0x00000000f0a00000, 0x00000000f16f0000, 0x00000000f5c00000)
  eden space 10688K,   0% used [0x00000000f0a00000, 0x00000000f0a00000, 0x00000000f1470000)
  from space 1280K,  70% used [0x00000000f15b0000, 0x00000000f16920b0, 0x00000000f16f0000)
  to   space 1280K,   0% used [0x00000000f1470000, 0x00000000f1470000, 0x00000000f15b0000)
 tenured generation   total 26436K, used 25760K [0x00000000f5c00000, 0x00000000f75d1000, 0x0000000100000000)
   the space 26436K,  97% used [0x00000000f5c00000, 0x00000000f7528290, 0x00000000f7528400, 0x00000000f75d1000)
 Metaspace       used 59752K, capacity 62252K, committed 62464K, reserved 1103872K
  class space    used 8172K, capacity 8618K, committed 8704K, reserved 1048576K
}
Event: 13.132 GC heap before
{Heap before GC invocations=117 (full 3):
 def new generation   total 11968K, used 11592K [0x00000000f0a00000, 0x00000000f16f0000, 0x00000000f5c00000)
  eden space 10688K, 100% used [0x00000000f0a00000, 0x00000000f1470000, 0x00000000f1470000)
  from space 1280K,  70% used [0x00000000f15b0000, 0x00000000f16920b0, 0x00000000f16f0000)
  to   space 1280K,   0% used [0x00000000f1470000, 0x00000000f1470000, 0x00000000f15b0000)
 tenured generation   total 26436K, used 25760K [0x00000000f5c00000, 0x00000000f75d1000, 0x0000000100000000)
   the space 26436K,  97% used [0x00000000f5c00000, 0x00000000f7528290, 0x00000000f7528400, 0x00000000f75d1000)
 Metaspace       used 59920K, capacity 62478K, committed 62720K, reserved 1103872K
  class space    used 8196K, capacity 8651K, committed 8704K, reserved 1048576K
Event: 13.138 GC heap after
Heap after GC invocations=118 (full 3):
 def new generation   total 11968K, used 1241K [0x00000000f0a00000, 0x00000000f16f0000, 0x00000000f5c00000)
  eden space 10688K,   0% used [0x00000000f0a00000, 0x00000000f0a00000, 0x00000000f1470000)
  from space 1280K,  96% used [0x00000000f1470000, 0x00000000f15a6540, 0x00000000f15b0000)
  to   space 1280K,   0% used [0x00000000f15b0000, 0x00000000f15b0000, 0x00000000f16f0000)
 tenured generation   total 26436K, used 26074K [0x00000000f5c00000, 0x00000000f75d1000, 0x0000000100000000)
   the space 26436K,  98% used [0x00000000f5c00000, 0x00000000f7576a40, 0x00000000f7576c00, 0x00000000f75d1000)
 Metaspace       used 59920K, capacity 62478K, committed 62720K, reserved 1103872K
  class space    used 8196K, capacity 8651K, committed 8704K, reserved 1048576K
}
Event: 13.291 GC heap before
{Heap before GC invocations=118 (full 3):
 def new generation   total 11968K, used 11929K [0x00000000f0a00000, 0x00000000f16f0000, 0x00000000f5c00000)
  eden space 10688K, 100% used [0x00000000f0a00000, 0x00000000f1470000, 0x00000000f1470000)
  from space 1280K,  96% used [0x00000000f1470000, 0x00000000f15a6540, 0x00000000f15b0000)
  to   space 1280K,   0% used [0x00000000f15b0000, 0x00000000f15b0000, 0x00000000f16f0000)
 tenured generation   total 26436K, used 26074K [0x00000000f5c00000, 0x00000000f75d1000, 0x0000000100000000)
   the space 26436K,  98% used [0x00000000f5c00000, 0x00000000f7576a40, 0x00000000f7576c00, 0x00000000f75d1000)
 Metaspace       used 60344K, capacity 62894K, committed 63104K, reserved 1103872K
  class space    used 8269K, capacity 8719K, committed 8832K, reserved 1048576K
Event: 13.412 GC heap after
Heap after GC invocations=119 (full 4):
 def new generation   total 19072K, used 0K [0x00000000f0a00000, 0x00000000f1eb0000, 0x00000000f5c00000)
  eden space 16960K,   0% used [0x00000000f0a00000, 0x00000000f0a00000, 0x00000000f1a90000)
  from space 2112K,   0% used [0x00000000f1a90000, 0x00000000f1a90000, 0x00000000f1ca0000)
  to   space 2112K,   0% used [0x00000000f1ca0000, 0x00000000f1ca0000, 0x00000000f1eb0000)
 tenured generation   total 42204K, used 25320K [0x00000000f5c00000, 0x00000000f8537000, 0x0000000100000000)
   the space 42204K,  59% used [0x00000000f5c00000, 0x00000000f74ba0b8, 0x00000000f74ba200, 0x00000000f8537000)
 Metaspace       used 60344K, capacity 62894K, committed 63104K, reserved 1103872K
  class space    used 8269K, capacity 8719K, committed 8832K, reserved 1048576K
}
Event: 13.642 GC heap before
{Heap before GC invocations=119 (full 4):
 def new generation   total 19072K, used 16960K [0x00000000f0a00000, 0x00000000f1eb0000, 0x00000000f5c00000)
  eden space 16960K, 100% used [0x00000000f0a00000, 0x00000000f1a90000, 0x00000000f1a90000)
  from space 2112K,   0% used [0x00000000f1a90000, 0x00000000f1a90000, 0x00000000f1ca0000)
  to   space 2112K,   0% used [0x00000000f1ca0000, 0x00000000f1ca0000, 0x00000000f1eb0000)
 tenured generation   total 42204K, used 25320K [0x00000000f5c00000, 0x00000000f8537000, 0x0000000100000000)
   the space 42204K,  59% used [0x00000000f5c00000, 0x00000000f74ba0b8, 0x00000000f74ba200, 0x00000000f8537000)
 Metaspace       used 60710K, capacity 63288K, committed 63360K, reserved 1103872K
  class space    used 8347K, capacity 8798K, committed 8832K, reserved 1048576K
Event: 13.647 GC heap after
Heap after GC invocations=120 (full 4):
 def new generation   total 19072K, used 1181K [0x00000000f0a00000, 0x00000000f1eb0000, 0x00000000f5c00000)
  eden space 16960K,   0% used [0x00000000f0a00000, 0x00000000f0a00000, 0x00000000f1a90000)
  from space 2112K,  55% used [0x00000000f1ca0000, 0x00000000f1dc76e0, 0x00000000f1eb0000)
  to   space 2112K,   0% used [0x00000000f1a90000, 0x00000000f1a90000, 0x00000000f1ca0000)
 tenured generation   total 42204K, used 25320K [0x00000000f5c00000, 0x00000000f8537000, 0x0000000100000000)
   the space 42204K,  59% used [0x00000000f5c00000, 0x00000000f74ba0b8, 0x00000000f74ba200, 0x00000000f8537000)
 Metaspace       used 60710K, capacity 63288K, committed 63360K, reserved 1103872K
  class space    used 8347K, capacity 8798K, committed 8832K, reserved 1048576K
}
Event: 13.862 GC heap before
{Heap before GC invocations=120 (full 4):
 def new generation   total 19072K, used 18141K [0x00000000f0a00000, 0x00000000f1eb0000, 0x00000000f5c00000)
  eden space 16960K, 100% used [0x00000000f0a00000, 0x00000000f1a90000, 0x00000000f1a90000)
  from space 2112K,  55% used [0x00000000f1ca0000, 0x00000000f1dc76e0, 0x00000000f1eb0000)
  to   space 2112K,   0% used [0x00000000f1a90000, 0x00000000f1a90000, 0x00000000f1ca0000)
 tenured generation   total 42204K, used 25320K [0x00000000f5c00000, 0x00000000f8537000, 0x0000000100000000)
   the space 42204K,  59% used [0x00000000f5c00000, 0x00000000f74ba0b8, 0x00000000f74ba200, 0x00000000f8537000)
 Metaspace       used 61042K, capacity 63714K, committed 64000K, reserved 1103872K
  class space    used 8387K, capacity 8853K, committed 8960K, reserved 1048576K
Event: 13.872 GC heap after
Heap after GC invocations=121 (full 4):
 def new generation   total 19072K, used 763K [0x00000000f0a00000, 0x00000000f1eb0000, 0x00000000f5c00000)
  eden space 16960K,   0% used [0x00000000f0a00000, 0x00000000f0a00000, 0x00000000f1a90000)
  from space 2112K,  36% used [0x00000000f1a90000, 0x00000000f1b4ec28, 0x00000000f1ca0000)
  to   space 2112K,   0% used [0x00000000f1ca0000, 0x00000000f1ca0000, 0x00000000f1eb0000)
 tenured generation   total 42204K, used 25990K [0x00000000f5c00000, 0x00000000f8537000, 0x0000000100000000)
   the space 42204K,  61% used [0x00000000f5c00000, 0x00000000f7561948, 0x00000000f7561a00, 0x00000000f8537000)
 Metaspace       used 61042K, capacity 63714K, committed 64000K, reserved 1103872K
  class space    used 8387K, capacity 8853K, committed 8960K, reserved 1048576K
}
Event: 14.025 GC heap before
{Heap before GC invocations=121 (full 4):
 def new generation   total 19072K, used 17723K [0x00000000f0a00000, 0x00000000f1eb0000, 0x00000000f5c00000)
  eden space 16960K, 100% used [0x00000000f0a00000, 0x00000000f1a90000, 0x00000000f1a90000)
  from space 2112K,  36% used [0x00000000f1a90000, 0x00000000f1b4ec28, 0x00000000f1ca0000)
  to   space 2112K,   0% used [0x00000000f1ca0000, 0x00000000f1ca0000, 0x00000000f1eb0000)
 tenured generation   total 42204K, used 25990K [0x00000000f5c00000, 0x00000000f8537000, 0x0000000100000000)
   the space 42204K,  61% used [0x00000000f5c00000, 0x00000000f7561948, 0x00000000f7561a00, 0x00000000f8537000)
 Metaspace       used 61168K, capacity 63880K, committed 64000K, reserved 1103872K
  class space    used 8410K, capacity 8886K, committed 8960K, reserved 1048576K
Event: 14.030 GC heap after
Heap after GC invocations=122 (full 4):
 def new generation   total 19072K, used 1115K [0x00000000f0a00000, 0x00000000f1eb0000, 0x00000000f5c00000)
  eden space 16960K,   0% used [0x00000000f0a00000, 0x00000000f0a00000, 0x00000000f1a90000)
  from space 2112K,  52% used [0x00000000f1ca0000, 0x00000000f1db6cd0, 0x00000000f1eb0000)
  to   space 2112K,   0% used [0x00000000f1a90000, 0x00000000f1a90000, 0x00000000f1ca0000)
 tenured generation   total 42204K, used 25990K [0x00000000f5c00000, 0x00000000f8537000, 0x0000000100000000)
   the space 42204K,  61% used [0x00000000f5c00000, 0x00000000f7561948, 0x00000000f7561a00, 0x00000000f8537000)
 Metaspace       used 61168K, capacity 63880K, committed 64000K, reserved 1103872K
  class space    used 8410K, capacity 8886K, committed 8960K, reserved 1048576K
}
Event: 14.147 GC heap before
{Heap before GC invocations=122 (full 4):
 def new generation   total 19072K, used 18075K [0x00000000f0a00000, 0x00000000f1eb0000, 0x00000000f5c00000)
  eden space 16960K, 100% used [0x00000000f0a00000, 0x00000000f1a90000, 0x00000000f1a90000)
  from space 2112K,  52% used [0x00000000f1ca0000, 0x00000000f1db6cd0, 0x00000000f1eb0000)
  to   space 2112K,   0% used [0x00000000f1a90000, 0x00000000f1a90000, 0x00000000f1ca0000)
 tenured generation   total 42204K, used 25990K [0x00000000f5c00000, 0x00000000f8537000, 0x0000000100000000)
   the space 42204K,  61% used [0x00000000f5c00000, 0x00000000f7561948, 0x00000000f7561a00, 0x00000000f8537000)
 Metaspace       used 61242K, capacity 63950K, committed 64256K, reserved 1103872K
  class space    used 8421K, capacity 8887K, committed 8960K, reserved 1048576K
Event: 14.153 GC heap after
Heap after GC invocations=123 (full 4):
 def new generation   total 19072K, used 966K [0x00000000f0a00000, 0x00000000f1eb0000, 0x00000000f5c00000)
  eden space 16960K,   0% used [0x00000000f0a00000, 0x00000000f0a00000, 0x00000000f1a90000)
  from space 2112K,  45% used [0x00000000f1a90000, 0x00000000f1b81b80, 0x00000000f1ca0000)
  to   space 2112K,   0% used [0x00000000f1ca0000, 0x00000000f1ca0000, 0x00000000f1eb0000)
 tenured generation   total 42204K, used 26563K [0x00000000f5c00000, 0x00000000f8537000, 0x0000000100000000)
   the space 42204K,  62% used [0x00000000f5c00000, 0x00000000f75f0d10, 0x00000000f75f0e00, 0x00000000f8537000)
 Metaspace       used 61242K, capacity 63950K, committed 64256K, reserved 1103872K
  class space    used 8421K, capacity 8887K, committed 8960K, reserved 1048576K
}
Event: 14.289 GC heap before
{Heap before GC invocations=123 (full 4):
 def new generation   total 19072K, used 17926K [0x00000000f0a00000, 0x00000000f1eb0000, 0x00000000f5c00000)
  eden space 16960K, 100% used [0x00000000f0a00000, 0x00000000f1a90000, 0x00000000f1a90000)
  from space 2112K,  45% used [0x00000000f1a90000, 0x00000000f1b81b80, 0x00000000f1ca0000)
  to   space 2112K,   0% used [0x00000000f1ca0000, 0x00000000f1ca0000, 0x00000000f1eb0000)
 tenured generation   total 42204K, used 26563K [0x00000000f5c00000, 0x00000000f8537000, 0x0000000100000000)
   the space 42204K,  62% used [0x00000000f5c00000, 0x00000000f75f0d10, 0x00000000f75f0e00, 0x00000000f8537000)
 Metaspace       used 61372K, capacity 64070K, committed 64256K, reserved 1103872K
  class space    used 8435K, capacity 8923K, committed 8960K, reserved 1048576K
Event: 14.296 GC heap after
Heap after GC invocations=124 (full 4):
 def new generation   total 19072K, used 1783K [0x00000000f0a00000, 0x00000000f1eb0000, 0x00000000f5c00000)
  eden space 16960K,   0% used [0x00000000f0a00000, 0x00000000f0a00000, 0x00000000f1a90000)
  from space 2112K,  84% used [0x00000000f1ca0000, 0x00000000f1e5dfa8, 0x00000000f1eb0000)
  to   space 2112K,   0% used [0x00000000f1a90000, 0x00000000f1a90000, 0x00000000f1ca0000)
 tenured generation   total 42204K, used 26563K [0x00000000f5c00000, 0x00000000f8537000, 0x0000000100000000)
   the space 42204K,  62% used [0x00000000f5c00000, 0x00000000f75f0d10, 0x00000000f75f0e00, 0x00000000f8537000)
 Metaspace       used 61372K, capacity 64070K, committed 64256K, reserved 1103872K
  class space    used 8435K, capacity 8923K, committed 8960K, reserved 1048576K
}
Event: 14.471 GC heap before
{Heap before GC invocations=124 (full 4):
 def new generation   total 19072K, used 18743K [0x00000000f0a00000, 0x00000000f1eb0000, 0x00000000f5c00000)
  eden space 16960K, 100% used [0x00000000f0a00000, 0x00000000f1a90000, 0x00000000f1a90000)
  from space 2112K,  84% used [0x00000000f1ca0000, 0x00000000f1e5dfa8, 0x00000000f1eb0000)
  to   space 2112K,   0% used [0x00000000f1a90000, 0x00000000f1a90000, 0x00000000f1ca0000)
 tenured generation   total 42204K, used 26563K [0x00000000f5c00000, 0x00000000f8537000, 0x0000000100000000)
   the space 42204K,  62% used [0x00000000f5c00000, 0x00000000f75f0d10, 0x00000000f75f0e00, 0x00000000f8537000)
 Metaspace       used 61540K, capacity 64274K, committed 64512K, reserved 1105920K
  class space    used 8462K, capacity 8937K, committed 8960K, reserved 1048576K
Event: 14.482 GC heap after
Heap after GC invocations=125 (full 4):
 def new generation   total 19072K, used 1439K [0x00000000f0a00000, 0x00000000f1eb0000, 0x00000000f5c00000)
  eden space 16960K,   0% used [0x00000000f0a00000, 0x00000000f0a00000, 0x00000000f1a90000)
  from space 2112K,  68% used [0x00000000f1a90000, 0x00000000f1bf7ec0, 0x00000000f1ca0000)
  to   space 2112K,   0% used [0x00000000f1ca0000, 0x00000000f1ca0000, 0x00000000f1eb0000)
 tenured generation   total 42204K, used 27468K [0x00000000f5c00000, 0x00000000f8537000, 0x0000000100000000)
   the space 42204K,  65% used [0x00000000f5c00000, 0x00000000f76d30a0, 0x00000000f76d3200, 0x00000000f8537000)
 Metaspace       used 61540K, capacity 64274K, committed 64512K, reserved 1105920K
  class space    used 8462K, capacity 8937K, committed 8960K, reserved 1048576K
}
Event: 14.676 GC heap before
{Heap before GC invocations=125 (full 4):
 def new generation   total 19072K, used 18399K [0x00000000f0a00000, 0x00000000f1eb0000, 0x00000000f5c00000)
  eden space 16960K, 100% used [0x00000000f0a00000, 0x00000000f1a90000, 0x00000000f1a90000)
  from space 2112K,  68% used [0x00000000f1a90000, 0x00000000f1bf7ec0, 0x00000000f1ca0000)
  to   space 2112K,   0% used [0x00000000f1ca0000, 0x00000000f1ca0000, 0x00000000f1eb0000)
 tenured generation   total 42204K, used 27468K [0x00000000f5c00000, 0x00000000f8537000, 0x0000000100000000)
   the space 42204K,  65% used [0x00000000f5c00000, 0x00000000f76d30a0, 0x00000000f76d3200, 0x00000000f8537000)
 Metaspace       used 61810K, capacity 64572K, committed 64896K, reserved 1105920K
  class space    used 8491K, capacity 8972K, committed 9088K, reserved 1048576K
Event: 14.685 GC heap after
Heap after GC invocations=126 (full 4):
 def new generation   total 19072K, used 1282K [0x00000000f0a00000, 0x00000000f1eb0000, 0x00000000f5c00000)
  eden space 16960K,   0% used [0x00000000f0a00000, 0x00000000f0a00000, 0x00000000f1a90000)
  from space 2112K,  60% used [0x00000000f1ca0000, 0x00000000f1de0ab0, 0x00000000f1eb0000)
  to   space 2112K,   0% used [0x00000000f1a90000, 0x00000000f1a90000, 0x00000000f1ca0000)
 tenured generation   total 42204K, used 28320K [0x00000000f5c00000, 0x00000000f8537000, 0x0000000100000000)
   the space 42204K,  67% used [0x00000000f5c00000, 0x00000000f77a82e8, 0x00000000f77a8400, 0x00000000f8537000)
 Metaspace       used 61810K, capacity 64572K, committed 64896K, reserved 1105920K
  class space    used 8491K, capacity 8972K, committed 9088K, reserved 1048576K
}
Event: 14.970 GC heap before
{Heap before GC invocations=126 (full 4):
 def new generation   total 19072K, used 18242K [0x00000000f0a00000, 0x00000000f1eb0000, 0x00000000f5c00000)
  eden space 16960K, 100% used [0x00000000f0a00000, 0x00000000f1a90000, 0x00000000f1a90000)
  from space 2112K,  60% used [0x00000000f1ca0000, 0x00000000f1de0ab0, 0x00000000f1eb0000)
  to   space 2112K,   0% used [0x00000000f1a90000, 0x00000000f1a90000, 0x00000000f1ca0000)
 tenured generation   total 42204K, used 28320K [0x00000000f5c00000, 0x00000000f8537000, 0x0000000100000000)
   the space 42204K,  67% used [0x00000000f5c00000, 0x00000000f77a82e8, 0x00000000f77a8400, 0x00000000f8537000)
 Metaspace       used 62458K, capacity 65322K, committed 65408K, reserved 1105920K
  class space    used 8594K, capacity 9085K, committed 9088K, reserved 1048576K
Event: 14.980 GC heap after
Heap after GC invocations=127 (full 4):
 def new generation   total 19072K, used 1264K [0x00000000f0a00000, 0x00000000f1eb0000, 0x00000000f5c00000)
  eden space 16960K,   0% used [0x00000000f0a00000, 0x00000000f0a00000, 0x00000000f1a90000)
  from space 2112K,  59% used [0x00000000f1a90000, 0x00000000f1bcc020, 0x00000000f1ca0000)
  to   space 2112K,   0% used [0x00000000f1ca0000, 0x00000000f1ca0000, 0x00000000f1eb0000)
 tenured generation   total 42204K, used 28733K [0x00000000f5c00000, 0x00000000f8537000, 0x0000000100000000)
   the space 42204K,  68% used [0x00000000f5c00000, 0x00000000f780f658, 0x00000000f780f800, 0x00000000f8537000)
 Metaspace       used 62458K, capacity 65322K, committed 65408K, reserved 1105920K
  class space    used 8594K, capacity 9085K, committed 9088K, reserved 1048576K
}
Event: 15.351 GC heap before
{Heap before GC invocations=127 (full 4):
 def new generation   total 19072K, used 18224K [0x00000000f0a00000, 0x00000000f1eb0000, 0x00000000f5c00000)
  eden space 16960K, 100% used [0x00000000f0a00000, 0x00000000f1a90000, 0x00000000f1a90000)
  from space 2112K,  59% used [0x00000000f1a90000, 0x00000000f1bcc020, 0x00000000f1ca0000)
  to   space 2112K,   0% used [0x00000000f1ca0000, 0x00000000f1ca0000, 0x00000000f1eb0000)
 tenured generation   total 42204K, used 28733K [0x00000000f5c00000, 0x00000000f8537000, 0x0000000100000000)
   the space 42204K,  68% used [0x00000000f5c00000, 0x00000000f780f658, 0x00000000f780f800, 0x00000000f8537000)
 Metaspace       used 64160K, capacity 67174K, committed 67328K, reserved 1107968K
  class space    used 8875K, capacity 9371K, committed 9472K, reserved 1048576K
Event: 15.362 GC heap after
Heap after GC invocations=128 (full 4):
 def new generation   total 19072K, used 2112K [0x00000000f0a00000, 0x00000000f1eb0000, 0x00000000f5c00000)
  eden space 16960K,   0% used [0x00000000f0a00000, 0x00000000f0a00000, 0x00000000f1a90000)
  from space 2112K, 100% used [0x00000000f1ca0000, 0x00000000f1eb0000, 0x00000000f1eb0000)
  to   space 2112K,   0% used [0x00000000f1a90000, 0x00000000f1a90000, 0x00000000f1ca0000)
 tenured generation   total 42204K, used 29196K [0x00000000f5c00000, 0x00000000f8537000, 0x0000000100000000)
   the space 42204K,  69% used [0x00000000f5c00000, 0x00000000f7883290, 0x00000000f7883400, 0x00000000f8537000)
 Metaspace       used 64160K, capacity 67174K, committed 67328K, reserved 1107968K
  class space    used 8875K, capacity 9371K, committed 9472K, reserved 1048576K
}
Event: 15.736 GC heap before
{Heap before GC invocations=128 (full 4):
 def new generation   total 19072K, used 19072K [0x00000000f0a00000, 0x00000000f1eb0000, 0x00000000f5c00000)
  eden space 16960K, 100% used [0x00000000f0a00000, 0x00000000f1a90000, 0x00000000f1a90000)
  from space 2112K, 100% used [0x00000000f1ca0000, 0x00000000f1eb0000, 0x00000000f1eb0000)
  to   space 2112K,   0% used [0x00000000f1a90000, 0x00000000f1a90000, 0x00000000f1ca0000)
 tenured generation   total 42204K, used 29196K [0x00000000f5c00000, 0x00000000f8537000, 0x0000000100000000)
   the space 42204K,  69% used [0x00000000f5c00000, 0x00000000f7883290, 0x00000000f7883400, 0x00000000f8537000)
 Metaspace       used 64946K, capacity 67988K, committed 68224K, reserved 1107968K
  class space    used 9000K, capacity 9508K, committed 9600K, reserved 1048576K
Event: 15.752 GC heap after
Heap after GC invocations=129 (full 4):
 def new generation   total 19072K, used 966K [0x00000000f0a00000, 0x00000000f1eb0000, 0x00000000f5c00000)
  eden space 16960K,   0% used [0x00000000f0a00000, 0x00000000f0a00000, 0x00000000f1a90000)
  from space 2112K,  45% used [0x00000000f1a90000, 0x00000000f1b81bf0, 0x00000000f1ca0000)
  to   space 2112K,   0% used [0x00000000f1ca0000, 0x00000000f1ca0000, 0x00000000f1eb0000)
 tenured generation   total 42204K, used 30239K [0x00000000f5c00000, 0x00000000f8537000, 0x0000000100000000)
   the space 42204K,  71% used [0x00000000f5c00000, 0x00000000f7987c38, 0x00000000f7987e00, 0x00000000f8537000)
 Metaspace       used 64946K, capacity 67988K, committed 68224K, reserved 1107968K
  class space    used 9000K, capacity 9508K, committed 9600K, reserved 1048576K
}
Event: 15.947 GC heap before
{Heap before GC invocations=129 (full 4):
 def new generation   total 19072K, used 17926K [0x00000000f0a00000, 0x00000000f1eb0000, 0x00000000f5c00000)
  eden space 16960K, 100% used [0x00000000f0a00000, 0x00000000f1a90000, 0x00000000f1a90000)
  from space 2112K,  45% used [0x00000000f1a90000, 0x00000000f1b81bf0, 0x00000000f1ca0000)
  to   space 2112K,   0% used [0x00000000f1ca0000, 0x00000000f1ca0000, 0x00000000f1eb0000)
 tenured generation   total 42204K, used 30239K [0x00000000f5c00000, 0x00000000f8537000, 0x0000000100000000)
   the space 42204K,  71% used [0x00000000f5c00000, 0x00000000f7987c38, 0x00000000f7987e00, 0x00000000f8537000)
 Metaspace       used 64990K, capacity 67988K, committed 68224K, reserved 1107968K
  class space    used 9000K, capacity 9508K, committed 9600K, reserved 1048576K
Event: 15.953 GC heap after
Heap after GC invocations=130 (full 4):
 def new generation   total 19072K, used 1699K [0x00000000f0a00000, 0x00000000f1eb0000, 0x00000000f5c00000)
  eden space 16960K,   0% used [0x00000000f0a00000, 0x00000000f0a00000, 0x00000000f1a90000)
  from space 2112K,  80% used [0x00000000f1ca0000, 0x00000000f1e48ff0, 0x00000000f1eb0000)
  to   space 2112K,   0% used [0x00000000f1a90000, 0x00000000f1a90000, 0x00000000f1ca0000)
 tenured generation   total 42204K, used 30239K [0x00000000f5c00000, 0x00000000f8537000, 0x0000000100000000)
   the space 42204K,  71% used [0x00000000f5c00000, 0x00000000f7987c38, 0x00000000f7987e00, 0x00000000f8537000)
 Metaspace       used 64990K, capacity 67988K, committed 68224K, reserved 1107968K
  class space    used 9000K, capacity 9508K, committed 9600K, reserved 1048576K
}
Event: 16.111 GC heap before
{Heap before GC invocations=130 (full 4):
 def new generation   total 19072K, used 18659K [0x00000000f0a00000, 0x00000000f1eb0000, 0x00000000f5c00000)
  eden space 16960K, 100% used [0x00000000f0a00000, 0x00000000f1a90000, 0x00000000f1a90000)
  from space 2112K,  80% used [0x00000000f1ca0000, 0x00000000f1e48ff0, 0x00000000f1eb0000)
  to   space 2112K,   0% used [0x00000000f1a90000, 0x00000000f1a90000, 0x00000000f1ca0000)
 tenured generation   total 42204K, used 30239K [0x00000000f5c00000, 0x00000000f8537000, 0x0000000100000000)
   the space 42204K,  71% used [0x00000000f5c00000, 0x00000000f7987c38, 0x00000000f7987e00, 0x00000000f8537000)
 Metaspace       used 65011K, capacity 67994K, committed 68224K, reserved 1107968K
  class space    used 9000K, capacity 9509K, committed 9600K, reserved 1048576K
Event: 16.149 GC heap after
Heap after GC invocations=131 (full 4):
 def new generation   total 19072K, used 1330K [0x00000000f0a00000, 0x00000000f1eb0000, 0x00000000f5c00000)
  eden space 16960K,   0% used [0x00000000f0a00000, 0x00000000f0a00000, 0x00000000f1a90000)
  from space 2112K,  63% used [0x00000000f1a90000, 0x00000000f1bdca78, 0x00000000f1ca0000)
  to   space 2112K,   0% used [0x00000000f1ca0000, 0x00000000f1ca0000, 0x00000000f1eb0000)
 tenured generation   total 42204K, used 31554K [0x00000000f5c00000, 0x00000000f8537000, 0x0000000100000000)
   the space 42204K,  74% used [0x00000000f5c00000, 0x00000000f7ad0be0, 0x00000000f7ad0c00, 0x00000000f8537000)
 Metaspace       used 65011K, capacity 67994K, committed 68224K, reserved 1107968K
  class space    used 9000K, capacity 9509K, committed 9600K, reserved 1048576K
}
Event: 16.489 GC heap before
{Heap before GC invocations=131 (full 4):
 def new generation   total 19072K, used 18290K [0x00000000f0a00000, 0x00000000f1eb0000, 0x00000000f5c00000)
  eden space 16960K, 100% used [0x00000000f0a00000, 0x00000000f1a90000, 0x00000000f1a90000)
  from space 2112K,  63% used [0x00000000f1a90000, 0x00000000f1bdca78, 0x00000000f1ca0000)
  to   space 2112K,   0% used [0x00000000f1ca0000, 0x00000000f1ca0000, 0x00000000f1eb0000)
 tenured generation   total 42204K, used 31554K [0x00000000f5c00000, 0x00000000f8537000, 0x0000000100000000)
   the space 42204K,  74% used [0x00000000f5c00000, 0x00000000f7ad0be0, 0x00000000f7ad0c00, 0x00000000f8537000)
 Metaspace       used 65087K, capacity 68058K, committed 68224K, reserved 1107968K
  class space    used 9001K, capacity 9509K, committed 9600K, reserved 1048576K
Event: 16.505 GC heap after
Heap after GC invocations=132 (full 4):
 def new generation   total 19072K, used 1249K [0x00000000f0a00000, 0x00000000f1eb0000, 0x00000000f5c00000)
  eden space 16960K,   0% used [0x00000000f0a00000, 0x00000000f0a00000, 0x00000000f1a90000)
  from space 2112K,  59% used [0x00000000f1ca0000, 0x00000000f1dd84c0, 0x00000000f1eb0000)
  to   space 2112K,   0% used [0x00000000f1a90000, 0x00000000f1a90000, 0x00000000f1ca0000)
 tenured generation   total 42204K, used 32435K [0x00000000f5c00000, 0x00000000f8537000, 0x0000000100000000)
   the space 42204K,  76% used [0x00000000f5c00000, 0x00000000f7bacd80, 0x00000000f7bace00, 0x00000000f8537000)
 Metaspace       used 65087K, capacity 68058K, committed 68224K, reserved 1107968K
  class space    used 9001K, capacity 9509K, committed 9600K, reserved 1048576K
}
Event: 16.622 GC heap before
{Heap before GC invocations=132 (full 4):
 def new generation   total 19072K, used 18209K [0x00000000f0a00000, 0x00000000f1eb0000, 0x00000000f5c00000)
  eden space 16960K, 100% used [0x00000000f0a00000, 0x00000000f1a90000, 0x00000000f1a90000)
  from space 2112K,  59% used [0x00000000f1ca0000, 0x00000000f1dd84c0, 0x00000000f1eb0000)
  to   space 2112K,   0% used [0x00000000f1a90000, 0x00000000f1a90000, 0x00000000f1ca0000)
 tenured generation   total 42204K, used 32435K [0x00000000f5c00000, 0x00000000f8537000, 0x0000000100000000)
   the space 42204K,  76% used [0x00000000f5c00000, 0x00000000f7bacd80, 0x00000000f7bace00, 0x00000000f8537000)
 Metaspace       used 65095K, capacity 68058K, committed 68224K, reserved 1107968K
  class space    used 9002K, capacity 9509K, committed 9600K, reserved 1048576K
Event: 16.632 GC heap after
Heap after GC invocations=133 (full 4):
 def new generation   total 19072K, used 617K [0x00000000f0a00000, 0x00000000f1eb0000, 0x00000000f5c00000)
  eden space 16960K,   0% used [0x00000000f0a00000, 0x00000000f0a00000, 0x00000000f1a90000)
  from space 2112K,  29% used [0x00000000f1a90000, 0x00000000f1b2a6c8, 0x00000000f1ca0000)
  to   space 2112K,   0% used [0x00000000f1ca0000, 0x00000000f1ca0000, 0x00000000f1eb0000)
 tenured generation   total 42204K, used 33497K [0x00000000f5c00000, 0x00000000f8537000, 0x0000000100000000)
   the space 42204K,  79% used [0x00000000f5c00000, 0x00000000f7cb6638, 0x00000000f7cb6800, 0x00000000f8537000)
 Metaspace       used 65095K, capacity 68058K, committed 68224K, reserved 1107968K
  class space    used 9002K, capacity 9509K, committed 9600K, reserved 1048576K
}
Event: 16.779 GC heap before
{Heap before GC invocations=133 (full 4):
 def new generation   total 19072K, used 17577K [0x00000000f0a00000, 0x00000000f1eb0000, 0x00000000f5c00000)
  eden space 16960K, 100% used [0x00000000f0a00000, 0x00000000f1a90000, 0x00000000f1a90000)
  from space 2112K,  29% used [0x00000000f1a90000, 0x00000000f1b2a6c8, 0x00000000f1ca0000)
  to   space 2112K,   0% used [0x00000000f1ca0000, 0x00000000f1ca0000, 0x00000000f1eb0000)
 tenured generation   total 42204K, used 33497K [0x00000000f5c00000, 0x00000000f8537000, 0x0000000100000000)
   the space 42204K,  79% used [0x00000000f5c00000, 0x00000000f7cb6638, 0x00000000f7cb6800, 0x00000000f8537000)
 Metaspace       used 65106K, capacity 68058K, committed 68224K, reserved 1107968K
  class space    used 9002K, capacity 9509K, committed 9600K, reserved 1048576K
Event: 16.784 GC heap after
Heap after GC invocations=134 (full 4):
 def new generation   total 19072K, used 1232K [0x00000000f0a00000, 0x00000000f1eb0000, 0x00000000f5c00000)
  eden space 16960K,   0% used [0x00000000f0a00000, 0x00000000f0a00000, 0x00000000f1a90000)
  from space 2112K,  58% used [0x00000000f1ca0000, 0x00000000f1dd42b0, 0x00000000f1eb0000)
  to   space 2112K,   0% used [0x00000000f1a90000, 0x00000000f1a90000, 0x00000000f1ca0000)
 tenured generation   total 42204K, used 33497K [0x00000000f5c00000, 0x00000000f8537000, 0x0000000100000000)
   the space 42204K,  79% used [0x00000000f5c00000, 0x00000000f7cb6638, 0x00000000f7cb6800, 0x00000000f8537000)
 Metaspace       used 65106K, capacity 68058K, committed 68224K, reserved 1107968K
  class space    used 9002K, capacity 9509K, committed 9600K, reserved 1048576K
}

